#
# There is insufficient memory for the Java Runtime Environment to continue.
# Native memory allocation (mmap) failed to map 100663296 bytes for G1 virtual space
# Possible reasons:
#   The system is out of physical RAM or swap space
#   The process is running with CompressedOops enabled, and the Java Heap may be blocking the growth of the native heap
# Possible solutions:
#   Reduce memory load on the system
#   Increase physical memory or swap space
#   Check if swap backing store is full
#   Decrease Java heap size (-Xmx/-Xms)
#   Decrease number of Java threads
#   Decrease Java thread stack sizes (-Xss)
#   Set larger code cache with -XX:ReservedCodeCacheSize=
#   JVM is running with Unscaled Compressed Oops mode in which the Java heap is
#     placed in the first 4GB address space. The Java Heap base address is the
#     maximum limit for the native heap growth. Please use -XX:HeapBaseMinAddress
#     to set the Java Heap base and to place the Java Heap above 4GB virtual address.
# This output file may be truncated or incomplete.
#
#  Out of Memory Error (os_windows.cpp:3825), pid=8324, tid=9432
#
# JRE version:  (17.0.10) (build )
# Java VM: OpenJDK 64-Bit Server VM (17.0.10+0--11572160, mixed mode, sharing, tiered, compressed oops, compressed class ptrs, g1 gc, windows-amd64)
# No core dump will be written. Minidumps are not enabled by default on client versions of Windows
#

---------------  S U M M A R Y ------------

Command Line: 

Host: Intel(R) Core(TM) i5-2410M CPU @ 2.30GHz, 4 cores, 5G,  Windows 10 , 64 bit Build 19041 (10.0.19041.4842)
Time: Mon Sep 16 11:25:36 2024 Egypt Daylight Time elapsed time: 0.020259 seconds (0d 0h 0m 0s)

---------------  T H R E A D  ---------------

Current thread (0x0000028d8632df30):  JavaThread "Unknown thread" [_thread_in_vm, id=9432, stack(0x000000fa82100000,0x000000fa82200000)]

Stack: [0x000000fa82100000,0x000000fa82200000]
Native frames: (J=compiled Java code, j=interpreted, Vv=VM code, C=native code)
V  [jvm.dll+0x688e89]
V  [jvm.dll+0x84247a]
V  [jvm.dll+0x8440be]
V  [jvm.dll+0x844723]
V  [jvm.dll+0x24be0f]
V  [jvm.dll+0x685c59]
V  [jvm.dll+0x67a50a]
V  [jvm.dll+0x30cbab]
V  [jvm.dll+0x314056]
V  [jvm.dll+0x363dce]
V  [jvm.dll+0x363fff]
V  [jvm.dll+0x2e2978]
V  [jvm.dll+0x2e38e4]
V  [jvm.dll+0x813011]
V  [jvm.dll+0x371c81]
V  [jvm.dll+0x7f1b66]
V  [jvm.dll+0x3f58df]
V  [jvm.dll+0x3f7511]
C  [jli.dll+0x528f]
C  [ucrtbase.dll+0x21bb2]
C  [KERNEL32.DLL+0x17374]
C  [ntdll.dll+0x4cc91]


---------------  P R O C E S S  ---------------

Threads class SMR info:
_java_thread_list=0x00007ffc3168ef58, length=0, elements={
}

Java Threads: ( => current thread )

Other Threads:
  0x0000028d86378c80 GCTaskThread "GC Thread#0" [stack: 0x000000fa82200000,0x000000fa82300000] [id=7436]
  0x0000028d86385910 ConcurrentGCThread "G1 Main Marker" [stack: 0x000000fa82300000,0x000000fa82400000] [id=7764]
  0x0000028d863872e0 ConcurrentGCThread "G1 Conc#0" [stack: 0x000000fa82400000,0x000000fa82500000] [id=3948]

[error occurred during error reporting (printing all threads), id 0xc0000005, EXCEPTION_ACCESS_VIOLATION (0xc0000005) at pc=0x00007ffc30e43547]

VM state: not at safepoint (not fully initialized)

VM Mutex/Monitor currently owned by a thread:  ([mutex/lock_event])
[0x0000028d86329e50] Heap_lock - owner thread: 0x0000028d8632df30

Heap address: 0x00000000a1600000, size: 1514 MB, Compressed Oops mode: 32-bit

CDS archive(s) mapped at: [0x0000000000000000-0x0000000000000000-0x0000000000000000), size 0, SharedBaseAddress: 0x0000000800000000, ArchiveRelocationMode: 1.
Narrow klass base: 0x0000000000000000, Narrow klass shift: 0, Narrow klass range: 0x0

GC Precious Log:
<Empty>

Heap:
 garbage-first heap   total 0K, used 0K [0x00000000a1600000, 0x0000000100000000)
  region size 1024K, 0 young (0K), 0 survivors (0K)
 Metaspace       used 0K, committed 0K, reserved 0K
  class space    used 0K, committed 0K, reserved 0K

Heap Regions: E=young(eden), S=young(survivor), O=old, HS=humongous(starts), HC=humongous(continues), CS=collection set, F=free, OA=open archive, CA=closed archive, TAMS=top-at-mark-start (previous, next)

Card table byte_map: [0x0000028d9a910000,0x0000028d9ac10000] _byte_map_base: 0x0000028d9a405000

Marking Bits (Prev, Next): (CMBitMap*) 0x0000028d863792a0, (CMBitMap*) 0x0000028d863792e0
 Prev Bits: [0x0000028d9af10000, 0x0000028d9c6b8000)
 Next Bits: [0x0000028d9c6c0000, 0x0000028d9de68000)

GC Heap History (0 events):
No events

Dll operation events (1 events):
Event: 0.011 Loaded shared library C:\Program Files\Android\Android Studio\jbr\bin\java.dll

Deoptimization events (0 events):
No events

Classes unloaded (0 events):
No events

Classes redefined (0 events):
No events

Internal exceptions (0 events):
No events

VM Operations (0 events):
No events

Events (0 events):
No events


Dynamic libraries:
0x00007ff6df240000 - 0x00007ff6df24a000 	C:\Program Files\Android\Android Studio\jbr\bin\java.EXE
0x00007ffc87350000 - 0x00007ffc87548000 	C:\Windows\SYSTEM32\ntdll.dll
0x00007ffc860f0000 - 0x00007ffc861b1000 	C:\Windows\System32\KERNEL32.DLL
0x00007ffc84e30000 - 0x00007ffc8512d000 	C:\Windows\System32\KERNELBASE.dll
0x00007ffc85280000 - 0x00007ffc85380000 	C:\Windows\System32\ucrtbase.dll
0x00007ffc803b0000 - 0x00007ffc803c7000 	C:\Program Files\Android\Android Studio\jbr\bin\jli.dll
0x00007ffc7e040000 - 0x00007ffc7e05b000 	C:\Program Files\Android\Android Studio\jbr\bin\VCRUNTIME140.dll
0x00007ffc863c0000 - 0x00007ffc8655d000 	C:\Windows\System32\USER32.dll
0x00007ffc84a00000 - 0x00007ffc84a22000 	C:\Windows\System32\win32u.dll
0x00007ffc861c0000 - 0x00007ffc861eb000 	C:\Windows\System32\GDI32.dll
0x00007ffc6cee0000 - 0x00007ffc6d17a000 	C:\Windows\WinSxS\amd64_microsoft.windows.common-controls_6595b64144ccf1df_6.0.19041.4355_none_60b8b9eb71f62e16\COMCTL32.dll
0x00007ffc86690000 - 0x00007ffc8672e000 	C:\Windows\System32\msvcrt.dll
0x00007ffc84ce0000 - 0x00007ffc84df7000 	C:\Windows\System32\gdi32full.dll
0x00007ffc851e0000 - 0x00007ffc8527d000 	C:\Windows\System32\msvcp_win.dll
0x00007ffc85650000 - 0x00007ffc8567f000 	C:\Windows\System32\IMM32.DLL
0x00007ffc7f010000 - 0x00007ffc7f01c000 	C:\Program Files\Android\Android Studio\jbr\bin\vcruntime140_1.dll
0x00007ffc79fc0000 - 0x00007ffc7a04d000 	C:\Program Files\Android\Android Studio\jbr\bin\msvcp140.dll
0x00007ffc30b50000 - 0x00007ffc317d3000 	C:\Program Files\Android\Android Studio\jbr\bin\server\jvm.dll
0x00007ffc87200000 - 0x00007ffc872b0000 	C:\Windows\System32\ADVAPI32.dll
0x00007ffc86020000 - 0x00007ffc860c0000 	C:\Windows\System32\sechost.dll
0x00007ffc85ee0000 - 0x00007ffc86003000 	C:\Windows\System32\RPCRT4.dll
0x00007ffc84e00000 - 0x00007ffc84e27000 	C:\Windows\System32\bcrypt.dll
0x00007ffc7db20000 - 0x00007ffc7db29000 	C:\Windows\SYSTEM32\WSOCK32.dll
0x00007ffc84860000 - 0x00007ffc848ab000 	C:\Windows\SYSTEM32\POWRPROF.dll
0x00007ffc85680000 - 0x00007ffc856eb000 	C:\Windows\System32\WS2_32.dll
0x00007ffc755b0000 - 0x00007ffc755d7000 	C:\Windows\SYSTEM32\WINMM.dll
0x00007ffc761a0000 - 0x00007ffc761aa000 	C:\Windows\SYSTEM32\VERSION.dll
0x00007ffc84840000 - 0x00007ffc84852000 	C:\Windows\SYSTEM32\UMPDC.dll
0x00007ffc82880000 - 0x00007ffc82892000 	C:\Windows\SYSTEM32\kernel.appcore.dll
0x00007ffc79fb0000 - 0x00007ffc79fba000 	C:\Program Files\Android\Android Studio\jbr\bin\jimage.dll
0x00007ffc69b30000 - 0x00007ffc69d14000 	C:\Windows\SYSTEM32\DBGHELP.DLL
0x00007ffc69ac0000 - 0x00007ffc69af4000 	C:\Windows\SYSTEM32\dbgcore.DLL
0x00007ffc84af0000 - 0x00007ffc84b72000 	C:\Windows\System32\bcryptPrimitives.dll
0x00007ffc79f80000 - 0x00007ffc79fa5000 	C:\Program Files\Android\Android Studio\jbr\bin\java.dll

dbghelp: loaded successfully - version: 4.0.5 - missing functions: none
symbol engine: initialized successfully - sym options: 0x614 - pdb path: .;C:\Program Files\Android\Android Studio\jbr\bin;C:\Windows\SYSTEM32;C:\Windows\WinSxS\amd64_microsoft.windows.common-controls_6595b64144ccf1df_6.0.19041.4355_none_60b8b9eb71f62e16;C:\Program Files\Android\Android Studio\jbr\bin\server

VM Arguments:
java_command: <unknown>
java_class_path (initial): <not set>
Launcher Type: SUN_STANDARD

[Global flags]
     intx CICompilerCount                          = 3                                         {product} {ergonomic}
     uint ConcGCThreads                            = 1                                         {product} {ergonomic}
     uint G1ConcRefinementThreads                  = 4                                         {product} {ergonomic}
   size_t G1HeapRegionSize                         = 1048576                                   {product} {ergonomic}
    uintx GCDrainStackTargetSize                   = 64                                        {product} {ergonomic}
   size_t InitialHeapSize                          = 100663296                                 {product} {ergonomic}
   size_t MarkStackSize                            = 4194304                                   {product} {ergonomic}
   size_t MaxHeapSize                              = 1587544064                                {product} {ergonomic}
   size_t MinHeapDeltaBytes                        = 1048576                                   {product} {ergonomic}
   size_t MinHeapSize                              = 8388608                                   {product} {ergonomic}
    uintx NonNMethodCodeHeapSize                   = 5832780                                {pd product} {ergonomic}
    uintx NonProfiledCodeHeapSize                  = 122912730                              {pd product} {ergonomic}
    uintx ProfiledCodeHeapSize                     = 122912730                              {pd product} {ergonomic}
    uintx ReservedCodeCacheSize                    = 251658240                              {pd product} {ergonomic}
     bool SegmentedCodeCache                       = true                                      {product} {ergonomic}
   size_t SoftMaxHeapSize                          = 1587544064                             {manageable} {ergonomic}
     bool UseCompressedClassPointers               = true                           {product lp64_product} {ergonomic}
     bool UseCompressedOops                        = true                           {product lp64_product} {ergonomic}
     bool UseG1GC                                  = true                                      {product} {ergonomic}
     bool UseLargePagesIndividualAllocation        = false                                  {pd product} {ergonomic}

Logging:
Log output configuration:
 #0: stdout all=warning uptime,level,tags
 #1: stderr all=off uptime,level,tags

Environment Variables:
JAVA_HOME=C:\Program Files\Java\jdk-17
PATH=C:\Program Files\Common Files\Oracle\Java\javapath;C:\Windows\system32;C:\Windows;C:\Windows\System32\Wbem;C:\Windows\System32\WindowsPowerShell\v1.0\;C:\Windows\System32\OpenSSH\;C:\Program Files\Git\cmd;C:\Program Files\nodejs\;C:\Users\maged\AppData\Local\Microsoft\WindowsApps;C:\src\flutter\bin;C:\src\flutter\bin;C:\Users\maged\AppData\Local\GitHubDesktop\bin;C:\Users\maged\AppData\Local\Pub\Cache\bin;C:\Users\maged\AppData\Roaming\npm;C:\Users\maged\AppData\Local\Programs\Microsoft VS Code\bin;C:\src\flutter\bin\mingit\cmd;C:\src\flutter\bin\mingit\cmd
USERNAME=maged
OS=Windows_NT
PROCESSOR_IDENTIFIER=Intel64 Family 6 Model 42 Stepping 7, GenuineIntel
TMP=C:\Users\maged\AppData\Local\Temp
TEMP=C:\Users\maged\AppData\Local\Temp



Periodic native trim disabled

JNI global refs:
JNI global refs: 0, weak refs: 0

JNI global refs memory usage: 0, weak refs: 0

OOME stack traces (most recent first):
Classloader memory used:


---------------  S Y S T E M  ---------------

OS:
 Windows 10 , 64 bit Build 19041 (10.0.19041.4842)
OS uptime: 0 days 1:21 hours

CPU: total 4 (initial active 4) (2 cores per cpu, 2 threads per core) family 6 model 42 stepping 7 microcode 0x2f, cx8, cmov, fxsr, ht, mmx, sse, sse2, sse3, ssse3, sse4.1, sse4.2, popcnt, tsc, tscinvbit, avx, aes, clmul, vzeroupper, clflush
Processor Information for all 4 processors :
  Max Mhz: 2301, Current Mhz: 2301, Mhz Limit: 2301

Memory: 4k page, system-wide physical 6051M (482M free)
TotalPageFile size 8099M (AvailPageFile size 27M)
current process WorkingSet (physical memory assigned to process): 10M, peak: 10M
current process commit charge ("private bytes"): 51M, peak: 147M

vm_info: OpenJDK 64-Bit Server VM (17.0.10+0--11572160) for windows-amd64 JRE (17.0.10+0--11572160), built on Mar 13 2024 23:56:38 by "androidbuild" with MS VC++ 16.10 / 16.11 (VS2019)

END.
