#
# There is insufficient memory for the Java Runtime Environment to continue.
# Native memory allocation (mmap) failed to map 100663296 bytes for G1 virtual space
# Possible reasons:
#   The system is out of physical RAM or swap space
#   The process is running with CompressedOops enabled, and the Java Heap may be blocking the growth of the native heap
# Possible solutions:
#   Reduce memory load on the system
#   Increase physical memory or swap space
#   Check if swap backing store is full
#   Decrease Java heap size (-Xmx/-Xms)
#   Decrease number of Java threads
#   Decrease Java thread stack sizes (-Xss)
#   Set larger code cache with -XX:ReservedCodeCacheSize=
#   JVM is running with Unscaled Compressed Oops mode in which the Java heap is
#     placed in the first 4GB address space. The Java Heap base address is the
#     maximum limit for the native heap growth. Please use -XX:HeapBaseMinAddress
#     to set the Java Heap base and to place the Java Heap above 4GB virtual address.
# This output file may be truncated or incomplete.
#
#  Out of Memory Error (os_windows.cpp:3825), pid=11992, tid=5712
#
# JRE version:  (17.0.10) (build )
# Java VM: OpenJDK 64-Bit Server VM (17.0.10+0--11572160, mixed mode, sharing, tiered, compressed oops, compressed class ptrs, g1 gc, windows-amd64)
# No core dump will be written. Minidumps are not enabled by default on client versions of Windows
#

---------------  S U M M A R Y ------------

Command Line: 

Host: Intel(R) Core(TM) i5-2410M CPU @ 2.30GHz, 4 cores, 5G,  Windows 10 , 64 bit Build 19041 (10.0.19041.4717)
Time: Sat Aug 31 21:29:42 2024 Egypt Daylight Time elapsed time: 0.027336 seconds (0d 0h 0m 0s)

---------------  T H R E A D  ---------------

Current thread (0x000002dfa65bdf70):  JavaThread "Unknown thread" [_thread_in_vm, id=5712, stack(0x000000e975b00000,0x000000e975c00000)]

Stack: [0x000000e975b00000,0x000000e975c00000]
Native frames: (J=compiled Java code, j=interpreted, Vv=VM code, C=native code)
V  [jvm.dll+0x688e89]
V  [jvm.dll+0x84247a]
V  [jvm.dll+0x8440be]
V  [jvm.dll+0x844723]
V  [jvm.dll+0x24be0f]
V  [jvm.dll+0x685c59]
V  [jvm.dll+0x67a50a]
V  [jvm.dll+0x30cbab]
V  [jvm.dll+0x314056]
V  [jvm.dll+0x363dce]
V  [jvm.dll+0x363fff]
V  [jvm.dll+0x2e2978]
V  [jvm.dll+0x2e38e4]
V  [jvm.dll+0x813011]
V  [jvm.dll+0x371c81]
V  [jvm.dll+0x7f1b66]
V  [jvm.dll+0x3f58df]
V  [jvm.dll+0x3f7511]
C  [jli.dll+0x528f]
C  [ucrtbase.dll+0x21bb2]
C  [KERNEL32.DLL+0x17374]
C  [ntdll.dll+0x4cc91]


---------------  P R O C E S S  ---------------

Threads class SMR info:
_java_thread_list=0x00007ffa739eef58, length=0, elements={
}

Java Threads: ( => current thread )

Other Threads:
  0x000002dfa6609330 GCTaskThread "GC Thread#0" [stack: 0x000000e975c00000,0x000000e975d00000] [id=10196]
  0x000002dfa6615fc0 ConcurrentGCThread "G1 Main Marker" [stack: 0x000000e975d00000,0x000000e975e00000] [id=9936]
  0x000002dfa6617180 ConcurrentGCThread "G1 Conc#0" [stack: 0x000000e975e00000,0x000000e975f00000] [id=6192]

[error occurred during error reporting (printing all threads), id 0xc0000005, EXCEPTION_ACCESS_VIOLATION (0xc0000005) at pc=0x00007ffa731a3547]

VM state: not at safepoint (not fully initialized)

VM Mutex/Monitor currently owned by a thread:  ([mutex/lock_event])
[0x000002dfa65ba550] Heap_lock - owner thread: 0x000002dfa65bdf70

Heap address: 0x00000000a1600000, size: 1514 MB, Compressed Oops mode: 32-bit

CDS archive(s) mapped at: [0x0000000000000000-0x0000000000000000-0x0000000000000000), size 0, SharedBaseAddress: 0x0000000800000000, ArchiveRelocationMode: 1.
Narrow klass base: 0x0000000000000000, Narrow klass shift: 0, Narrow klass range: 0x0

GC Precious Log:
<Empty>

Heap:
 garbage-first heap   total 0K, used 0K [0x00000000a1600000, 0x0000000100000000)
  region size 1024K, 0 young (0K), 0 survivors (0K)
 Metaspace       used 0K, committed 0K, reserved 0K
  class space    used 0K, committed 0K, reserved 0K

Heap Regions: E=young(eden), S=young(survivor), O=old, HS=humongous(starts), HC=humongous(continues), CS=collection set, F=free, OA=open archive, CA=closed archive, TAMS=top-at-mark-start (previous, next)

Card table byte_map: [0x000002dfb8da0000,0x000002dfb90a0000] _byte_map_base: 0x000002dfb8895000

Marking Bits (Prev, Next): (CMBitMap*) 0x000002dfa6609950, (CMBitMap*) 0x000002dfa6609990
 Prev Bits: [0x000002dfb93a0000, 0x000002dfbab48000)
 Next Bits: [0x000002dfbab50000, 0x000002dfbc2f8000)

GC Heap History (0 events):
No events

Dll operation events (1 events):
Event: 0.014 Loaded shared library C:\Program Files\Android\Android Studio\jbr\bin\java.dll

Deoptimization events (0 events):
No events

Classes unloaded (0 events):
No events

Classes redefined (0 events):
No events

Internal exceptions (0 events):
No events

VM Operations (0 events):
No events

Events (0 events):
No events


Dynamic libraries:
0x00007ff6a8040000 - 0x00007ff6a804a000 	C:\Program Files\Android\Android Studio\jbr\bin\java.EXE
0x00007ffaa8810000 - 0x00007ffaa8a08000 	C:\Windows\SYSTEM32\ntdll.dll
0x00007ffaa6840000 - 0x00007ffaa6901000 	C:\Windows\System32\KERNEL32.DLL
0x00007ffaa62a0000 - 0x00007ffaa659d000 	C:\Windows\System32\KERNELBASE.dll
0x00007ffaa6690000 - 0x00007ffaa6790000 	C:\Windows\System32\ucrtbase.dll
0x00007ffa97700000 - 0x00007ffa9771b000 	C:\Program Files\Android\Android Studio\jbr\bin\VCRUNTIME140.dll
0x00007ffa9b920000 - 0x00007ffa9b937000 	C:\Program Files\Android\Android Studio\jbr\bin\jli.dll
0x00007ffaa77e0000 - 0x00007ffaa797d000 	C:\Windows\System32\USER32.dll
0x00007ffaa65f0000 - 0x00007ffaa6612000 	C:\Windows\System32\win32u.dll
0x00007ffaa7280000 - 0x00007ffaa72ab000 	C:\Windows\System32\GDI32.dll
0x00007ffaa6020000 - 0x00007ffaa6137000 	C:\Windows\System32\gdi32full.dll
0x00007ffaa61d0000 - 0x00007ffaa626d000 	C:\Windows\System32\msvcp_win.dll
0x00007ffa8e320000 - 0x00007ffa8e5ba000 	C:\Windows\WinSxS\amd64_microsoft.windows.common-controls_6595b64144ccf1df_6.0.19041.4355_none_60b8b9eb71f62e16\COMCTL32.dll
0x00007ffaa7cc0000 - 0x00007ffaa7d5e000 	C:\Windows\System32\msvcrt.dll
0x00007ffaa7b50000 - 0x00007ffaa7b7f000 	C:\Windows\System32\IMM32.DLL
0x00007ffa9c1b0000 - 0x00007ffa9c1bc000 	C:\Program Files\Android\Android Studio\jbr\bin\vcruntime140_1.dll
0x00007ffa836d0000 - 0x00007ffa8375d000 	C:\Program Files\Android\Android Studio\jbr\bin\msvcp140.dll
0x00007ffa72eb0000 - 0x00007ffa73b33000 	C:\Program Files\Android\Android Studio\jbr\bin\server\jvm.dll
0x00007ffaa8250000 - 0x00007ffaa8300000 	C:\Windows\System32\ADVAPI32.dll
0x00007ffaa72b0000 - 0x00007ffaa7350000 	C:\Windows\System32\sechost.dll
0x00007ffaa7140000 - 0x00007ffaa7263000 	C:\Windows\System32\RPCRT4.dll
0x00007ffaa6270000 - 0x00007ffaa6297000 	C:\Windows\System32\bcrypt.dll
0x00007ffa9f2a0000 - 0x00007ffa9f2a9000 	C:\Windows\SYSTEM32\WSOCK32.dll
0x00007ffaa8300000 - 0x00007ffaa836b000 	C:\Windows\System32\WS2_32.dll
0x00007ffa969b0000 - 0x00007ffa969d7000 	C:\Windows\SYSTEM32\WINMM.dll
0x00007ffaa5d10000 - 0x00007ffaa5d5b000 	C:\Windows\SYSTEM32\POWRPROF.dll
0x00007ffa96590000 - 0x00007ffa9659a000 	C:\Windows\SYSTEM32\VERSION.dll
0x00007ffaa5cf0000 - 0x00007ffaa5d02000 	C:\Windows\SYSTEM32\UMPDC.dll
0x00007ffaa3d40000 - 0x00007ffaa3d52000 	C:\Windows\SYSTEM32\kernel.appcore.dll
0x00007ffa9c150000 - 0x00007ffa9c15a000 	C:\Program Files\Android\Android Studio\jbr\bin\jimage.dll
0x00007ffa8af30000 - 0x00007ffa8b114000 	C:\Windows\SYSTEM32\DBGHELP.DLL
0x00007ffa8aef0000 - 0x00007ffa8af24000 	C:\Windows\SYSTEM32\dbgcore.DLL
0x00007ffaa6140000 - 0x00007ffaa61c2000 	C:\Windows\System32\bcryptPrimitives.dll
0x00007ffa948d0000 - 0x00007ffa948f5000 	C:\Program Files\Android\Android Studio\jbr\bin\java.dll

dbghelp: loaded successfully - version: 4.0.5 - missing functions: none
symbol engine: initialized successfully - sym options: 0x614 - pdb path: .;C:\Program Files\Android\Android Studio\jbr\bin;C:\Windows\SYSTEM32;C:\Windows\WinSxS\amd64_microsoft.windows.common-controls_6595b64144ccf1df_6.0.19041.4355_none_60b8b9eb71f62e16;C:\Program Files\Android\Android Studio\jbr\bin\server

VM Arguments:
java_command: <unknown>
java_class_path (initial): <not set>
Launcher Type: SUN_STANDARD

[Global flags]
     intx CICompilerCount                          = 3                                         {product} {ergonomic}
     uint ConcGCThreads                            = 1                                         {product} {ergonomic}
     uint G1ConcRefinementThreads                  = 4                                         {product} {ergonomic}
   size_t G1HeapRegionSize                         = 1048576                                   {product} {ergonomic}
    uintx GCDrainStackTargetSize                   = 64                                        {product} {ergonomic}
   size_t InitialHeapSize                          = 100663296                                 {product} {ergonomic}
   size_t MarkStackSize                            = 4194304                                   {product} {ergonomic}
   size_t MaxHeapSize                              = 1587544064                                {product} {ergonomic}
   size_t MinHeapDeltaBytes                        = 1048576                                   {product} {ergonomic}
   size_t MinHeapSize                              = 8388608                                   {product} {ergonomic}
    uintx NonNMethodCodeHeapSize                   = 5832780                                {pd product} {ergonomic}
    uintx NonProfiledCodeHeapSize                  = 122912730                              {pd product} {ergonomic}
    uintx ProfiledCodeHeapSize                     = 122912730                              {pd product} {ergonomic}
    uintx ReservedCodeCacheSize                    = 251658240                              {pd product} {ergonomic}
     bool SegmentedCodeCache                       = true                                      {product} {ergonomic}
   size_t SoftMaxHeapSize                          = 1587544064                             {manageable} {ergonomic}
     bool UseCompressedClassPointers               = true                           {product lp64_product} {ergonomic}
     bool UseCompressedOops                        = true                           {product lp64_product} {ergonomic}
     bool UseG1GC                                  = true                                      {product} {ergonomic}
     bool UseLargePagesIndividualAllocation        = false                                  {pd product} {ergonomic}

Logging:
Log output configuration:
 #0: stdout all=warning uptime,level,tags
 #1: stderr all=off uptime,level,tags

Environment Variables:
JAVA_HOME=C:\Program Files\Android\Android Studio\jbr
PATH=C:\Program Files\Android\Android Studio\jbr\bin;C:\Program Files\Common Files\Oracle\Java\javapath;C:\Windows\system32;C:\Windows;C:\Windows\System32\Wbem;C:\Windows\System32\WindowsPowerShell\v1.0\;C:\Windows\System32\OpenSSH\;C:\Program Files\Git\cmd;C:\Program Files\nodejs\;C:\Users\maged\AppData\Local\Microsoft\WindowsApps;C:\src\flutter\bin;C:\src\flutter\bin;C:\Users\maged\AppData\Local\GitHubDesktop\bin;C:\Users\maged\AppData\Local\Pub\Cache\bin;C:\Users\maged\AppData\Roaming\npm;C:\Users\maged\AppData\Local\Programs\Microsoft VS Code\bin;C:\src\flutter\bin\mingit\cmd;C:\src\flutter\bin\mingit\cmd
USERNAME=maged
OS=Windows_NT
PROCESSOR_IDENTIFIER=Intel64 Family 6 Model 42 Stepping 7, GenuineIntel
TMP=C:\Users\maged\AppData\Local\Temp
TEMP=C:\Users\maged\AppData\Local\Temp



Periodic native trim disabled

JNI global refs:
JNI global refs: 0, weak refs: 0

JNI global refs memory usage: 0, weak refs: 0

OOME stack traces (most recent first):
Classloader memory used:


---------------  S Y S T E M  ---------------

OS:
 Windows 10 , 64 bit Build 19041 (10.0.19041.4717)
OS uptime: 12 days 5:20 hours

CPU: total 4 (initial active 4) (2 cores per cpu, 2 threads per core) family 6 model 42 stepping 7 microcode 0x2f, cx8, cmov, fxsr, ht, mmx, sse, sse2, sse3, ssse3, sse4.1, sse4.2, popcnt, tsc, tscinvbit, avx, aes, clmul, vzeroupper, clflush
Processor Information for all 4 processors :
  Max Mhz: 2301, Current Mhz: 2301, Mhz Limit: 2301

Memory: 4k page, system-wide physical 6051M (728M free)
TotalPageFile size 8099M (AvailPageFile size 48M)
current process WorkingSet (physical memory assigned to process): 10M, peak: 10M
current process commit charge ("private bytes"): 51M, peak: 147M

vm_info: OpenJDK 64-Bit Server VM (17.0.10+0--11572160) for windows-amd64 JRE (17.0.10+0--11572160), built on Mar 13 2024 23:56:38 by "androidbuild" with MS VC++ 16.10 / 16.11 (VS2019)

END.
