#
# There is insufficient memory for the Java Runtime Environment to continue.
# Native memory allocation (malloc) failed to allocate 1048576 bytes for AllocateHeap
# Possible reasons:
#   The system is out of physical RAM or swap space
#   The process is running with CompressedOops enabled, and the Java Heap may be blocking the growth of the native heap
# Possible solutions:
#   Reduce memory load on the system
#   Increase physical memory or swap space
#   Check if swap backing store is full
#   Decrease Java heap size (-Xmx/-Xms)
#   Decrease number of Java threads
#   Decrease Java thread stack sizes (-Xss)
#   Set larger code cache with -XX:ReservedCodeCacheSize=
#   JVM is running with Unscaled Compressed Oops mode in which the Java heap is
#     placed in the first 4GB address space. The Java Heap base address is the
#     maximum limit for the native heap growth. Please use -XX:HeapBaseMinAddress
#     to set the Java Heap base and to place the Java Heap above 4GB virtual address.
# This output file may be truncated or incomplete.
#
#  Out of Memory Error (allocation.cpp:44), pid=13184, tid=14952
#
# JRE version:  (17.0.10) (build )
# Java VM: OpenJDK 64-Bit Server VM (17.0.10+0--11572160, mixed mode, sharing, tiered, compressed oops, compressed class ptrs, g1 gc, windows-amd64)
# No core dump will be written. Minidumps are not enabled by default on client versions of Windows
#

---------------  S U M M A R Y ------------

Command Line: 

Host: Intel(R) Core(TM) i5-2410M CPU @ 2.30GHz, 4 cores, 5G,  Windows 10 , 64 bit Build 19041 (10.0.19041.4842)
Time: Thu Sep 26 03:09:16 2024 Egypt Daylight Time elapsed time: 0.041145 seconds (0d 0h 0m 0s)

---------------  T H R E A D  ---------------

Current thread (0x0000022fbb23d120):  JavaThread "Unknown thread" [_thread_in_vm, id=14952, stack(0x00000045bdc00000,0x00000045bdd00000)]

Stack: [0x00000045bdc00000,0x00000045bdd00000]
Native frames: (J=compiled Java code, j=interpreted, Vv=VM code, C=native code)
V  [jvm.dll+0x688e89]
V  [jvm.dll+0x84247a]
V  [jvm.dll+0x8440be]
V  [jvm.dll+0x844723]
V  [jvm.dll+0x24be0f]
V  [jvm.dll+0xa6ca3]
V  [jvm.dll+0x2de534]
V  [jvm.dll+0x812fdc]
V  [jvm.dll+0x371c81]
V  [jvm.dll+0x7f1b66]
V  [jvm.dll+0x3f58df]
V  [jvm.dll+0x3f7511]
C  [jli.dll+0x528f]
C  [ucrtbase.dll+0x21bb2]
C  [KERNEL32.DLL+0x17374]
C  [ntdll.dll+0x4cc91]


---------------  P R O C E S S  ---------------

Threads class SMR info:
_java_thread_list=0x00007ffe8c36ef58, length=0, elements={
}

Java Threads: ( => current thread )

Other Threads:

=>0x0000022fbb23d120 (exited) JavaThread "Unknown thread" [_thread_in_vm, id=14952, stack(0x00000045bdc00000,0x00000045bdd00000)]

Threads with active compile tasks:

VM state: not at safepoint (not fully initialized)

VM Mutex/Monitor currently owned by a thread: None

Heap address: 0x0000000000000000, size: 0 MB, Compressed Oops mode: 32-bit

CDS archive(s) mapped at: [0x0000000000000000-0x0000000000000000-0x0000000000000000), size 0, SharedBaseAddress: 0x0000000800000000, ArchiveRelocationMode: 1.
Narrow klass base: 0x0000000000000000, Narrow klass shift: 0, Narrow klass range: 0x0

GC Precious Log:
<Empty>

GC Heap History (0 events):
No events

Dll operation events (1 events):
Event: 0.015 Loaded shared library C:\Program Files\Android\Android Studio\jbr\bin\java.dll

Deoptimization events (0 events):
No events

Classes unloaded (0 events):
No events

Classes redefined (0 events):
No events

Internal exceptions (0 events):
No events

VM Operations (0 events):
No events

Events (0 events):
No events


Dynamic libraries:
0x00007ff642080000 - 0x00007ff64208a000 	C:\Program Files\Android\Android Studio\jbr\bin\java.EXE
0x00007ffec2d90000 - 0x00007ffec2f88000 	C:\Windows\SYSTEM32\ntdll.dll
0x00007ffec1490000 - 0x00007ffec1551000 	C:\Windows\System32\KERNEL32.DLL
0x00007ffec0910000 - 0x00007ffec0c0d000 	C:\Windows\System32\KERNELBASE.dll
0x00007ffec0790000 - 0x00007ffec0890000 	C:\Windows\System32\ucrtbase.dll
0x00007ffeb4ee0000 - 0x00007ffeb4efb000 	C:\Program Files\Android\Android Studio\jbr\bin\VCRUNTIME140.dll
0x00007ffeb4f30000 - 0x00007ffeb4f47000 	C:\Program Files\Android\Android Studio\jbr\bin\jli.dll
0x00007ffec20a0000 - 0x00007ffec223d000 	C:\Windows\System32\USER32.dll
0x00007ffeb6730000 - 0x00007ffeb69ca000 	C:\Windows\WinSxS\amd64_microsoft.windows.common-controls_6595b64144ccf1df_6.0.19041.4355_none_60b8b9eb71f62e16\COMCTL32.dll
0x00007ffec0560000 - 0x00007ffec0582000 	C:\Windows\System32\win32u.dll
0x00007ffec0e70000 - 0x00007ffec0f0e000 	C:\Windows\System32\msvcrt.dll
0x00007ffec2c60000 - 0x00007ffec2c8b000 	C:\Windows\System32\GDI32.dll
0x00007ffec0c10000 - 0x00007ffec0d27000 	C:\Windows\System32\gdi32full.dll
0x00007ffec06f0000 - 0x00007ffec078d000 	C:\Windows\System32\msvcp_win.dll
0x00007ffec26a0000 - 0x00007ffec26cf000 	C:\Windows\System32\IMM32.DLL
0x00007ffebda90000 - 0x00007ffebda9c000 	C:\Program Files\Android\Android Studio\jbr\bin\vcruntime140_1.dll
0x00007ffea4ec0000 - 0x00007ffea4f4d000 	C:\Program Files\Android\Android Studio\jbr\bin\msvcp140.dll
0x00007ffe8b830000 - 0x00007ffe8c4b3000 	C:\Program Files\Android\Android Studio\jbr\bin\server\jvm.dll
0x00007ffec0dc0000 - 0x00007ffec0e70000 	C:\Windows\System32\ADVAPI32.dll
0x00007ffec1e40000 - 0x00007ffec1ee0000 	C:\Windows\System32\sechost.dll
0x00007ffec2570000 - 0x00007ffec2693000 	C:\Windows\System32\RPCRT4.dll
0x00007ffec0890000 - 0x00007ffec08b7000 	C:\Windows\System32\bcrypt.dll
0x00007ffec02a0000 - 0x00007ffec02eb000 	C:\Windows\SYSTEM32\POWRPROF.dll
0x00007ffeb1050000 - 0x00007ffeb1077000 	C:\Windows\SYSTEM32\WINMM.dll
0x00007ffeb09e0000 - 0x00007ffeb09ea000 	C:\Windows\SYSTEM32\VERSION.dll
0x00007ffeb9e70000 - 0x00007ffeb9e79000 	C:\Windows\SYSTEM32\WSOCK32.dll
0x00007ffec1420000 - 0x00007ffec148b000 	C:\Windows\System32\WS2_32.dll
0x00007ffec0280000 - 0x00007ffec0292000 	C:\Windows\SYSTEM32\UMPDC.dll
0x00007ffebe2c0000 - 0x00007ffebe2d2000 	C:\Windows\SYSTEM32\kernel.appcore.dll
0x00007ffebd690000 - 0x00007ffebd69a000 	C:\Program Files\Android\Android Studio\jbr\bin\jimage.dll
0x00007ffea5370000 - 0x00007ffea5554000 	C:\Windows\SYSTEM32\DBGHELP.DLL
0x00007ffea5330000 - 0x00007ffea5364000 	C:\Windows\SYSTEM32\dbgcore.DLL
0x00007ffec0d30000 - 0x00007ffec0db2000 	C:\Windows\System32\bcryptPrimitives.dll
0x00007ffeb4eb0000 - 0x00007ffeb4ed5000 	C:\Program Files\Android\Android Studio\jbr\bin\java.dll

dbghelp: loaded successfully - version: 4.0.5 - missing functions: none
symbol engine: initialized successfully - sym options: 0x614 - pdb path: .;C:\Program Files\Android\Android Studio\jbr\bin;C:\Windows\SYSTEM32;C:\Windows\WinSxS\amd64_microsoft.windows.common-controls_6595b64144ccf1df_6.0.19041.4355_none_60b8b9eb71f62e16;C:\Program Files\Android\Android Studio\jbr\bin\server

VM Arguments:
java_command: <unknown>
java_class_path (initial): <not set>
Launcher Type: SUN_STANDARD

[Global flags]
     intx CICompilerCount                          = 3                                         {product} {ergonomic}
     uint ConcGCThreads                            = 1                                         {product} {ergonomic}
     uint G1ConcRefinementThreads                  = 4                                         {product} {ergonomic}
   size_t G1HeapRegionSize                         = 1048576                                   {product} {ergonomic}
    uintx GCDrainStackTargetSize                   = 64                                        {product} {ergonomic}
   size_t InitialHeapSize                          = 100663296                                 {product} {ergonomic}
   size_t MarkStackSize                            = 4194304                                   {product} {ergonomic}
   size_t MaxHeapSize                              = 1587544064                                {product} {ergonomic}
   size_t MinHeapDeltaBytes                        = 1048576                                   {product} {ergonomic}
   size_t MinHeapSize                              = 8388608                                   {product} {ergonomic}
    uintx NonNMethodCodeHeapSize                   = 5832780                                {pd product} {ergonomic}
    uintx NonProfiledCodeHeapSize                  = 122912730                              {pd product} {ergonomic}
    uintx ProfiledCodeHeapSize                     = 122912730                              {pd product} {ergonomic}
    uintx ReservedCodeCacheSize                    = 251658240                              {pd product} {ergonomic}
     bool SegmentedCodeCache                       = true                                      {product} {ergonomic}
   size_t SoftMaxHeapSize                          = 1587544064                             {manageable} {ergonomic}
     bool UseCompressedClassPointers               = true                           {product lp64_product} {ergonomic}
     bool UseCompressedOops                        = true                           {product lp64_product} {ergonomic}
     bool UseG1GC                                  = true                                      {product} {ergonomic}
     bool UseLargePagesIndividualAllocation        = false                                  {pd product} {ergonomic}

Logging:
Log output configuration:
 #0: stdout all=warning uptime,level,tags
 #1: stderr all=off uptime,level,tags

Environment Variables:
JAVA_HOME=C:\Program Files\Java\jdk-17
PATH=C:\Program Files\Common Files\Oracle\Java\javapath;C:\Windows\system32;C:\Windows;C:\Windows\System32\Wbem;C:\Windows\System32\WindowsPowerShell\v1.0\;C:\Windows\System32\OpenSSH\;C:\Program Files\Git\cmd;C:\Program Files\nodejs\;C:\Users\maged\AppData\Local\Microsoft\WindowsApps;C:\src\flutter\bin;C:\src\flutter\bin;C:\Users\maged\AppData\Local\GitHubDesktop\bin;C:\Users\maged\AppData\Local\Pub\Cache\bin;C:\Users\maged\AppData\Roaming\npm;C:\Users\maged\AppData\Local\Programs\Microsoft VS Code\bin;C:\src\flutter\bin\mingit\cmd;C:\src\flutter\bin\mingit\cmd
USERNAME=maged
OS=Windows_NT
PROCESSOR_IDENTIFIER=Intel64 Family 6 Model 42 Stepping 7, GenuineIntel
TMP=C:\Users\maged\AppData\Local\Temp
TEMP=C:\Users\maged\AppData\Local\Temp



Periodic native trim disabled

JNI global refs:
JNI global refs: 0, weak refs: 0

JNI global refs memory usage: 0, weak refs: 0

OOME stack traces (most recent first):
Classloader memory used:


---------------  S Y S T E M  ---------------

OS:
 Windows 10 , 64 bit Build 19041 (10.0.19041.4842)
OS uptime: 6 days 13:12 hours

CPU: total 4 (initial active 4) (2 cores per cpu, 2 threads per core) family 6 model 42 stepping 7 microcode 0x2f, cx8, cmov, fxsr, ht, mmx, sse, sse2, sse3, ssse3, sse4.1, sse4.2, popcnt, tsc, tscinvbit, avx, aes, clmul, vzeroupper, clflush
Processor Information for all 4 processors :
  Max Mhz: 2301, Current Mhz: 2301, Mhz Limit: 2301

Memory: 4k page, system-wide physical 6051M (448M free)
TotalPageFile size 8099M (AvailPageFile size 2M)
current process WorkingSet (physical memory assigned to process): 9M, peak: 9M
current process commit charge ("private bytes"): 11M, peak: 11M

vm_info: OpenJDK 64-Bit Server VM (17.0.10+0--11572160) for windows-amd64 JRE (17.0.10+0--11572160), built on Mar 13 2024 23:56:38 by "androidbuild" with MS VC++ 16.10 / 16.11 (VS2019)

END.
