#
# There is insufficient memory for the Java Runtime Environment to continue.
# Native memory allocation (malloc) failed to allocate 859376 bytes for Chunk::new
# Possible reasons:
#   The system is out of physical RAM or swap space
#   The process is running with CompressedOops enabled, and the Java Heap may be blocking the growth of the native heap
# Possible solutions:
#   Reduce memory load on the system
#   Increase physical memory or swap space
#   Check if swap backing store is full
#   Decrease Java heap size (-Xmx/-Xms)
#   Decrease number of Java threads
#   Decrease Java thread stack sizes (-Xss)
#   Set larger code cache with -XX:ReservedCodeCacheSize=
#   JVM is running with Zero Based Compressed Oops mode in which the Java heap is
#     placed in the first 32GB address space. The Java Heap base address is the
#     maximum limit for the native heap growth. Please use -XX:HeapBaseMinAddress
#     to set the Java Heap base and to place the Java Heap above 32GB virtual address.
# This output file may be truncated or incomplete.
#
#  Out of Memory Error (arena.cpp:191), pid=10912, tid=6896
#
# JRE version: OpenJDK Runtime Environment (17.0.10) (build 17.0.10+0--11572160)
# Java VM: OpenJDK 64-Bit Server VM (17.0.10+0--11572160, mixed mode, tiered, compressed oops, compressed class ptrs, g1 gc, windows-amd64)
# No core dump will be written. Minidumps are not enabled by default on client versions of Windows
#

---------------  S U M M A R Y ------------

Command Line: -XX:+HeapDumpOnOutOfMemoryError --add-opens=java.base/java.util=ALL-UNNAMED --add-opens=java.base/java.lang=ALL-UNNAMED --add-opens=java.base/java.lang.invoke=ALL-UNNAMED --add-opens=java.prefs/java.util.prefs=ALL-UNNAMED --add-opens=java.base/java.nio.charset=ALL-UNNAMED --add-opens=java.base/java.net=ALL-UNNAMED --add-opens=java.base/java.util.concurrent.atomic=ALL-UNNAMED -Xmx4G -Dfile.encoding=windows-1252 -Duser.country=US -Duser.language=en -Duser.variant org.gradle.launcher.daemon.bootstrap.GradleDaemon 7.6.3

Host: Intel(R) Core(TM) i5-2410M CPU @ 2.30GHz, 4 cores, 5G,  Windows 10 , 64 bit Build 19041 (10.0.19041.4717)
Time: Mon Sep  2 02:46:25 2024 Egypt Daylight Time elapsed time: 14.461542 seconds (0d 0h 0m 14s)

---------------  T H R E A D  ---------------

Current thread (0x0000018850c8b040):  JavaThread "C2 CompilerThread1" daemon [_thread_in_native, id=6896, stack(0x0000000c92900000,0x0000000c92a00000)]


Current CompileTask:
C2:  14461 5003   !   4       java.net.URLClassLoader::findClass (47 bytes)

Stack: [0x0000000c92900000,0x0000000c92a00000]
Native frames: (J=compiled Java code, j=interpreted, Vv=VM code, C=native code)
V  [jvm.dll+0x688e89]
V  [jvm.dll+0x84247a]
V  [jvm.dll+0x8440be]
V  [jvm.dll+0x844723]
V  [jvm.dll+0x24be0f]
V  [jvm.dll+0xac524]
V  [jvm.dll+0xacb6c]
V  [jvm.dll+0x2b342f]
V  [jvm.dll+0x5902b7]
V  [jvm.dll+0x226452]
V  [jvm.dll+0x22683f]
V  [jvm.dll+0x21f966]
V  [jvm.dll+0x21cdb1]
V  [jvm.dll+0x1a60ad]
V  [jvm.dll+0x22cd78]
V  [jvm.dll+0x22aeb0]
V  [jvm.dll+0x7f6917]
V  [jvm.dll+0x7f0d1a]
V  [jvm.dll+0x687d05]
C  [ucrtbase.dll+0x21bb2]
C  [KERNEL32.DLL+0x17374]
C  [ntdll.dll+0x4cc91]


---------------  P R O C E S S  ---------------

Threads class SMR info:
_java_thread_list=0x0000018851485cc0, length=41, elements={
0x000001882ae8f520, 0x0000018848e74cc0, 0x0000018848e75a50, 0x0000018849227900,
0x000001884922b800, 0x000001884922c2e0, 0x000001884922f1d0, 0x0000018849245060,
0x000001884924de40, 0x0000018849253360, 0x00000188493b59d0, 0x00000188493b66d0,
0x000001884f355d60, 0x000001884f3576b0, 0x000001884f358af0, 0x000001884f357bc0,
0x000001884f356c90, 0x000001884f3580d0, 0x000001884f3571a0, 0x000001884f3585e0,
0x000001884f359000, 0x000001884f355850, 0x000001884f356780, 0x000001884f7eb830,
0x000001884f7ebd40, 0x000001884f7e94c0, 0x000001884f7ec250, 0x000001884f7e8fb0,
0x000001884f7e8080, 0x000001884f7ec760, 0x000001884f7ecc70, 0x000001884f7eb320,
0x000001884f7ed180, 0x000001884f7eefe0, 0x000001884f7edba0, 0x000001884f7ee0b0,
0x000001884f7ef4f0, 0x000001884f7efa00, 0x000001884f7eae10, 0x000001884f7eead0,
0x0000018850c8b040
}

Java Threads: ( => current thread )
  0x000001882ae8f520 JavaThread "main" [_thread_blocked, id=5040, stack(0x0000000c8fe00000,0x0000000c8ff00000)]
  0x0000018848e74cc0 JavaThread "Reference Handler" daemon [_thread_blocked, id=5680, stack(0x0000000c90500000,0x0000000c90600000)]
  0x0000018848e75a50 JavaThread "Finalizer" daemon [_thread_blocked, id=11232, stack(0x0000000c90600000,0x0000000c90700000)]
  0x0000018849227900 JavaThread "Signal Dispatcher" daemon [_thread_blocked, id=7688, stack(0x0000000c90700000,0x0000000c90800000)]
  0x000001884922b800 JavaThread "Attach Listener" daemon [_thread_blocked, id=5748, stack(0x0000000c90800000,0x0000000c90900000)]
  0x000001884922c2e0 JavaThread "Service Thread" daemon [_thread_blocked, id=5712, stack(0x0000000c90900000,0x0000000c90a00000)]
  0x000001884922f1d0 JavaThread "Monitor Deflation Thread" daemon [_thread_blocked, id=10584, stack(0x0000000c90a00000,0x0000000c90b00000)]
  0x0000018849245060 JavaThread "C2 CompilerThread0" daemon [_thread_in_native, id=5888, stack(0x0000000c90b00000,0x0000000c90c00000)]
  0x000001884924de40 JavaThread "C1 CompilerThread0" daemon [_thread_blocked, id=5700, stack(0x0000000c90c00000,0x0000000c90d00000)]
  0x0000018849253360 JavaThread "Sweeper thread" daemon [_thread_blocked, id=2732, stack(0x0000000c90d00000,0x0000000c90e00000)]
  0x00000188493b59d0 JavaThread "Common-Cleaner" daemon [_thread_blocked, id=3096, stack(0x0000000c90e00000,0x0000000c90f00000)]
  0x00000188493b66d0 JavaThread "Notification Thread" daemon [_thread_blocked, id=10392, stack(0x0000000c90f00000,0x0000000c91000000)]
  0x000001884f355d60 JavaThread "Daemon health stats" [_thread_blocked, id=9024, stack(0x0000000c91500000,0x0000000c91600000)]
  0x000001884f3576b0 JavaThread "Incoming local TCP Connector on port 53387" [_thread_in_native, id=1172, stack(0x0000000c91600000,0x0000000c91700000)]
  0x000001884f358af0 JavaThread "Daemon periodic checks" [_thread_blocked, id=7072, stack(0x0000000c91700000,0x0000000c91800000)]
  0x000001884f357bc0 JavaThread "Daemon" [_thread_blocked, id=2660, stack(0x0000000c91800000,0x0000000c91900000)]
  0x000001884f356c90 JavaThread "Handler for socket connection from /127.0.0.1:53387 to /127.0.0.1:53388" [_thread_in_native, id=8040, stack(0x0000000c91900000,0x0000000c91a00000)]
  0x000001884f3580d0 JavaThread "Cancel handler" [_thread_blocked, id=4184, stack(0x0000000c91100000,0x0000000c91200000)]
  0x000001884f3571a0 JavaThread "Daemon worker" [_thread_in_vm, id=2532, stack(0x0000000c91a00000,0x0000000c91b00000)]
  0x000001884f3585e0 JavaThread "Asynchronous log dispatcher for DefaultDaemonConnection: socket connection from /127.0.0.1:53387 to /127.0.0.1:53388" [_thread_blocked, id=7960, stack(0x0000000c91b00000,0x0000000c91c00000)]
  0x000001884f359000 JavaThread "Stdin handler" [_thread_blocked, id=5060, stack(0x0000000c91c00000,0x0000000c91d00000)]
  0x000001884f355850 JavaThread "Daemon client event forwarder" [_thread_blocked, id=4148, stack(0x0000000c91d00000,0x0000000c91e00000)]
  0x000001884f356780 JavaThread "Cache worker for journal cache (C:\Users\maged\.gradle\caches\journal-1)" [_thread_blocked, id=4852, stack(0x0000000c91e00000,0x0000000c91f00000)]
  0x000001884f7eb830 JavaThread "File lock request listener" [_thread_in_native, id=8208, stack(0x0000000c91f00000,0x0000000c92000000)]
  0x000001884f7ebd40 JavaThread "Cache worker for file hash cache (C:\Users\maged\.gradle\caches\7.6.3\fileHashes)" [_thread_blocked, id=4972, stack(0x0000000c92000000,0x0000000c92100000)]
  0x000001884f7e94c0 JavaThread "File watcher server" daemon [_thread_in_native, id=4268, stack(0x0000000c92200000,0x0000000c92300000)]
  0x000001884f7ec250 JavaThread "File watcher consumer" daemon [_thread_blocked, id=1712, stack(0x0000000c92300000,0x0000000c92400000)]
  0x000001884f7e8fb0 JavaThread "Cache worker for checksums cache (D:\flutterApps\training\UIS_Personal-main\android\.gradle\7.6.3\checksums)" [_thread_blocked, id=9380, stack(0x0000000c92400000,0x0000000c92500000)]
  0x000001884f7e8080 JavaThread "Cache worker for cache directory md-rule (C:\Users\maged\.gradle\caches\7.6.3\md-rule)" [_thread_blocked, id=8196, stack(0x0000000c92500000,0x0000000c92600000)]
  0x000001884f7ec760 JavaThread "Cache worker for file content cache (C:\Users\maged\.gradle\caches\7.6.3\fileContent)" [_thread_blocked, id=6432, stack(0x0000000c92600000,0x0000000c92700000)]
  0x000001884f7ecc70 JavaThread "Cache worker for file hash cache (D:\flutterApps\training\UIS_Personal-main\android\.gradle\7.6.3\fileHashes)" [_thread_blocked, id=6264, stack(0x0000000c92100000,0x0000000c92200000)]
  0x000001884f7eb320 JavaThread "Cache worker for cache directory md-supplier (C:\Users\maged\.gradle\caches\7.6.3\md-supplier)" [_thread_blocked, id=5184, stack(0x0000000c92700000,0x0000000c92800000)]
  0x000001884f7ed180 JavaThread "Cache worker for execution history cache (C:\Users\maged\.gradle\caches\7.6.3\executionHistory)" [_thread_blocked, id=10724, stack(0x0000000c92800000,0x0000000c92900000)]
  0x000001884f7eefe0 JavaThread "jar transforms" [_thread_blocked, id=2160, stack(0x0000000c92a00000,0x0000000c92b00000)]
  0x000001884f7edba0 JavaThread "Cache worker for kotlin-dsl (C:\Users\maged\.gradle\caches\7.6.3\kotlin-dsl)" [_thread_blocked, id=9976, stack(0x0000000c92b00000,0x0000000c92c00000)]
  0x000001884f7ee0b0 JavaThread "jar transforms Thread 2" [_thread_blocked, id=5228, stack(0x0000000c92c00000,0x0000000c92d00000)]
  0x000001884f7ef4f0 JavaThread "Cache worker for dependencies-accessors (D:\flutterApps\training\UIS_Personal-main\android\.gradle\7.6.3\dependencies-accessors)" [_thread_blocked, id=9724, stack(0x0000000c92d00000,0x0000000c92e00000)]
  0x000001884f7efa00 JavaThread "Cache worker for Build Output Cleanup Cache (C:\src\flutter\packages\flutter_tools\gradle\.gradle\buildOutputCleanup)" [_thread_blocked, id=2852, stack(0x0000000c92e00000,0x0000000c92f00000)]
  0x000001884f7eae10 JavaThread "jar transforms Thread 3" [_thread_blocked, id=4672, stack(0x0000000c92f00000,0x0000000c93000000)]
  0x000001884f7eead0 JavaThread "Memory manager" [_thread_blocked, id=10024, stack(0x0000000c93000000,0x0000000c93100000)]
=>0x0000018850c8b040 JavaThread "C2 CompilerThread1" daemon [_thread_in_native, id=6896, stack(0x0000000c92900000,0x0000000c92a00000)]

Other Threads:
  0x00000188491f0630 VMThread "VM Thread" [stack: 0x0000000c90400000,0x0000000c90500000] [id=2044]
  0x00000188493b2690 WatcherThread [stack: 0x0000000c91000000,0x0000000c91100000] [id=9008]
  0x000001882aefd000 GCTaskThread "GC Thread#0" [stack: 0x0000000c8ff00000,0x0000000c90000000] [id=4356]
  0x0000018849718920 GCTaskThread "GC Thread#1" [stack: 0x0000000c91200000,0x0000000c91300000] [id=8520]
  0x0000018849aeffb0 GCTaskThread "GC Thread#2" [stack: 0x0000000c91300000,0x0000000c91400000] [id=7828]
  0x000001884e052990 GCTaskThread "GC Thread#3" [stack: 0x0000000c91400000,0x0000000c91500000] [id=684]
  0x000001882af0ee70 ConcurrentGCThread "G1 Main Marker" [stack: 0x0000000c90000000,0x0000000c90100000] [id=1296]
  0x000001882af0ff40 ConcurrentGCThread "G1 Conc#0" [stack: 0x0000000c90100000,0x0000000c90200000] [id=6960]
  0x0000018848ce3f60 ConcurrentGCThread "G1 Refine#0" [stack: 0x0000000c90200000,0x0000000c90300000] [id=6380]
  0x0000018848ce48a0 ConcurrentGCThread "G1 Service" [stack: 0x0000000c90300000,0x0000000c90400000] [id=11012]

Threads with active compile tasks:
C2 CompilerThread0    14527 4861   !   4       java.lang.ClassLoader::loadClass (121 bytes)
C2 CompilerThread1    14527 5003   !   4       java.net.URLClassLoader::findClass (47 bytes)

VM state: not at safepoint (normal execution)

VM Mutex/Monitor currently owned by a thread: None

Heap address: 0x0000000700000000, size: 4096 MB, Compressed Oops mode: Zero based, Oop shift amount: 3

CDS archive(s) not mapped
Compressed class space mapped at: 0x0000000800000000-0x0000000840000000, reserved size: 1073741824
Narrow klass base: 0x0000000800000000, Narrow klass shift: 0, Narrow klass range: 0x40000000

GC Precious Log:
 CPUs: 4 total, 4 available
 Memory: 6051M
 Large Page Support: Disabled
 NUMA Support: Disabled
 Compressed Oops: Enabled (Zero based)
 Heap Region Size: 2M
 Heap Min Capacity: 8M
 Heap Initial Capacity: 96M
 Heap Max Capacity: 4G
 Pre-touch: Disabled
 Parallel Workers: 4
 Concurrent Workers: 1
 Concurrent Refinement Workers: 4
 Periodic GC: Disabled

Heap:
 garbage-first heap   total 92160K, used 65349K [0x0000000700000000, 0x0000000800000000)
  region size 2048K, 19 young (38912K), 3 survivors (6144K)
 Metaspace       used 57341K, committed 57792K, reserved 1114112K
  class space    used 7712K, committed 7872K, reserved 1048576K

Heap Regions: E=young(eden), S=young(survivor), O=old, HS=humongous(starts), HC=humongous(continues), CS=collection set, F=free, OA=open archive, CA=closed archive, TAMS=top-at-mark-start (previous, next)
|   0|0x0000000700000000, 0x0000000700200000, 0x0000000700200000|100%| O|  |TAMS 0x0000000700200000, 0x0000000700000000| Untracked 
|   1|0x0000000700200000, 0x0000000700400000, 0x0000000700400000|100%|HS|  |TAMS 0x0000000700400000, 0x0000000700200000| Complete 
|   2|0x0000000700400000, 0x0000000700600000, 0x0000000700600000|100%|HC|  |TAMS 0x0000000700600000, 0x0000000700400000| Complete 
|   3|0x0000000700600000, 0x0000000700800000, 0x0000000700800000|100%| O|  |TAMS 0x0000000700800000, 0x0000000700600000| Untracked 
|   4|0x0000000700800000, 0x0000000700a00000, 0x0000000700a00000|100%| O|  |TAMS 0x0000000700a00000, 0x0000000700800000| Untracked 
|   5|0x0000000700a00000, 0x0000000700c00000, 0x0000000700c00000|100%| O|  |TAMS 0x0000000700a00000, 0x0000000700a00000| Untracked 
|   6|0x0000000700c00000, 0x0000000700e00000, 0x0000000700e00000|100%| O|  |TAMS 0x0000000700e00000, 0x0000000700c00000| Untracked 
|   7|0x0000000700e00000, 0x0000000701000000, 0x0000000701000000|100%| O|  |TAMS 0x0000000701000000, 0x0000000700e00000| Untracked 
|   8|0x0000000701000000, 0x0000000701200000, 0x0000000701200000|100%| O|  |TAMS 0x0000000701200000, 0x0000000701000000| Untracked 
|   9|0x0000000701200000, 0x0000000701400000, 0x0000000701400000|100%| O|  |TAMS 0x0000000701400000, 0x0000000701200000| Untracked 
|  10|0x0000000701400000, 0x0000000701600000, 0x0000000701600000|100%| O|  |TAMS 0x0000000701600000, 0x0000000701400000| Untracked 
|  11|0x0000000701600000, 0x0000000701800000, 0x0000000701800000|100%| O|  |TAMS 0x000000070168a400, 0x0000000701600000| Untracked 
|  12|0x0000000701800000, 0x0000000701a00000, 0x0000000701a00000|100%| O|  |TAMS 0x0000000701800000, 0x0000000701800000| Untracked 
|  13|0x0000000701a00000, 0x0000000701c00000, 0x0000000701c00000|100%| O|  |TAMS 0x0000000701a00000, 0x0000000701a00000| Untracked 
|  14|0x0000000701c00000, 0x0000000701d40c00, 0x0000000701e00000| 62%| O|  |TAMS 0x0000000701c00000, 0x0000000701c00000| Untracked 
|  15|0x0000000701e00000, 0x0000000701e00000, 0x0000000702000000|  0%| F|  |TAMS 0x0000000701e00000, 0x0000000701e00000| Untracked 
|  16|0x0000000702000000, 0x0000000702000000, 0x0000000702200000|  0%| F|  |TAMS 0x0000000702000000, 0x0000000702000000| Untracked 
|  17|0x0000000702200000, 0x0000000702200000, 0x0000000702400000|  0%| F|  |TAMS 0x0000000702200000, 0x0000000702200000| Untracked 
|  18|0x0000000702400000, 0x0000000702400000, 0x0000000702600000|  0%| F|  |TAMS 0x0000000702400000, 0x0000000702400000| Untracked 
|  19|0x0000000702600000, 0x0000000702600000, 0x0000000702800000|  0%| F|  |TAMS 0x0000000702600000, 0x0000000702600000| Untracked 
|  20|0x0000000702800000, 0x0000000702800000, 0x0000000702a00000|  0%| F|  |TAMS 0x0000000702800000, 0x0000000702800000| Untracked 
|  21|0x0000000702a00000, 0x0000000702a00000, 0x0000000702c00000|  0%| F|  |TAMS 0x0000000702a00000, 0x0000000702a00000| Untracked 
|  22|0x0000000702c00000, 0x0000000702c00000, 0x0000000702e00000|  0%| F|  |TAMS 0x0000000702c00000, 0x0000000702c00000| Untracked 
|  23|0x0000000702e00000, 0x0000000702e00000, 0x0000000703000000|  0%| F|  |TAMS 0x0000000702e00000, 0x0000000702e00000| Untracked 
|  24|0x0000000703000000, 0x0000000703090860, 0x0000000703200000| 28%| S|CS|TAMS 0x0000000703000000, 0x0000000703000000| Complete 
|  25|0x0000000703200000, 0x0000000703400000, 0x0000000703400000|100%| S|CS|TAMS 0x0000000703200000, 0x0000000703200000| Complete 
|  26|0x0000000703400000, 0x0000000703600000, 0x0000000703600000|100%| S|CS|TAMS 0x0000000703400000, 0x0000000703400000| Complete 
|  27|0x0000000703600000, 0x0000000703600000, 0x0000000703800000|  0%| F|  |TAMS 0x0000000703600000, 0x0000000703600000| Untracked 
|  28|0x0000000703800000, 0x0000000703800000, 0x0000000703a00000|  0%| F|  |TAMS 0x0000000703800000, 0x0000000703800000| Untracked 
|  29|0x0000000703a00000, 0x0000000703ab4018, 0x0000000703c00000| 35%| E|  |TAMS 0x0000000703a00000, 0x0000000703a00000| Complete 
|  30|0x0000000703c00000, 0x0000000703e00000, 0x0000000703e00000|100%| E|CS|TAMS 0x0000000703c00000, 0x0000000703c00000| Complete 
|  31|0x0000000703e00000, 0x0000000704000000, 0x0000000704000000|100%| E|CS|TAMS 0x0000000703e00000, 0x0000000703e00000| Complete 
|  32|0x0000000704000000, 0x0000000704200000, 0x0000000704200000|100%| E|CS|TAMS 0x0000000704000000, 0x0000000704000000| Complete 
|  33|0x0000000704200000, 0x0000000704400000, 0x0000000704400000|100%| E|CS|TAMS 0x0000000704200000, 0x0000000704200000| Complete 
|  34|0x0000000704400000, 0x0000000704600000, 0x0000000704600000|100%| E|CS|TAMS 0x0000000704400000, 0x0000000704400000| Complete 
|  35|0x0000000704600000, 0x0000000704800000, 0x0000000704800000|100%| E|CS|TAMS 0x0000000704600000, 0x0000000704600000| Complete 
|  36|0x0000000704800000, 0x0000000704a00000, 0x0000000704a00000|100%| E|CS|TAMS 0x0000000704800000, 0x0000000704800000| Complete 
|  37|0x0000000704a00000, 0x0000000704c00000, 0x0000000704c00000|100%| E|CS|TAMS 0x0000000704a00000, 0x0000000704a00000| Complete 
|  38|0x0000000704c00000, 0x0000000704e00000, 0x0000000704e00000|100%| E|CS|TAMS 0x0000000704c00000, 0x0000000704c00000| Complete 
|  39|0x0000000704e00000, 0x0000000705000000, 0x0000000705000000|100%| E|CS|TAMS 0x0000000704e00000, 0x0000000704e00000| Complete 
|  40|0x0000000705000000, 0x0000000705200000, 0x0000000705200000|100%| E|CS|TAMS 0x0000000705000000, 0x0000000705000000| Complete 
|  41|0x0000000705200000, 0x0000000705400000, 0x0000000705400000|100%| E|CS|TAMS 0x0000000705200000, 0x0000000705200000| Complete 
|  42|0x0000000705400000, 0x0000000705600000, 0x0000000705600000|100%| E|CS|TAMS 0x0000000705400000, 0x0000000705400000| Complete 
|  43|0x0000000705600000, 0x0000000705800000, 0x0000000705800000|100%| E|CS|TAMS 0x0000000705600000, 0x0000000705600000| Complete 
|  47|0x0000000705e00000, 0x0000000706000000, 0x0000000706000000|100%| E|CS|TAMS 0x0000000705e00000, 0x0000000705e00000| Complete 

Card table byte_map: [0x000001883db70000,0x000001883e370000] _byte_map_base: 0x000001883a370000

Marking Bits (Prev, Next): (CMBitMap*) 0x000001882aefe540, (CMBitMap*) 0x000001882aefe580
 Prev Bits: [0x000001883eb70000, 0x0000018842b70000)
 Next Bits: [0x0000018842b70000, 0x0000018846b70000)

Polling page: 0x0000018828d50000

Metaspace:

Usage:
  Non-class:     48.47 MB used.
      Class:      7.53 MB used.
       Both:     56.00 MB used.

Virtual space:
  Non-class space:       64.00 MB reserved,      48.75 MB ( 76%) committed,  1 nodes.
      Class space:        1.00 GB reserved,       7.69 MB ( <1%) committed,  1 nodes.
             Both:        1.06 GB reserved,      56.44 MB (  5%) committed. 

Chunk freelists:
   Non-Class:  14.34 MB
       Class:  8.31 MB
        Both:  22.66 MB

MaxMetaspaceSize: unlimited
CompressedClassSpaceSize: 1.00 GB
Initial GC threshold: 21.00 MB
Current GC threshold: 58.88 MB
CDS: off
MetaspaceReclaimPolicy: balanced
 - commit_granule_bytes: 65536.
 - commit_granule_words: 8192.
 - virtual_space_node_default_size: 8388608.
 - enlarge_chunks_in_place: 1.
 - new_chunks_are_fully_committed: 0.
 - uncommit_free_chunks: 1.
 - use_allocation_guard: 0.
 - handle_deallocations: 1.


Internal statistics:

num_allocs_failed_limit: 6.
num_arena_births: 572.
num_arena_deaths: 0.
num_vsnodes_births: 2.
num_vsnodes_deaths: 0.
num_space_committed: 903.
num_space_uncommitted: 0.
num_chunks_returned_to_freelist: 6.
num_chunks_taken_from_freelist: 2356.
num_chunk_merges: 3.
num_chunk_splits: 1605.
num_chunks_enlarged: 1148.
num_inconsistent_stats: 0.

CodeHeap 'non-profiled nmethods': size=120000Kb used=2231Kb max_used=2895Kb free=117769Kb
 bounds [0x0000018835e40000, 0x0000018836120000, 0x000001883d370000]
CodeHeap 'profiled nmethods': size=120000Kb used=8503Kb max_used=10166Kb free=111497Kb
 bounds [0x000001882e370000, 0x000001882ed60000, 0x00000188358a0000]
CodeHeap 'non-nmethods': size=5760Kb used=2330Kb max_used=2387Kb free=3430Kb
 bounds [0x00000188358a0000, 0x0000018835b10000, 0x0000018835e40000]
 total_blobs=5085 nmethods=4237 adapters=760
 compilation: enabled
              stopped_count=0, restarted_count=0
 full_count=0

Compilation events (20 events):
Event: 14.170 Thread 0x000001884924de40 4996       3       kotlin.reflect.jvm.internal.impl.protobuf.CodedOutputStream::writeRawByte (43 bytes)
Event: 14.170 Thread 0x000001884924de40 nmethod 4996 0x000001882e974790 code [0x000001882e974940, 0x000001882e974b08]
Event: 14.170 Thread 0x000001884924de40 4997       3       kotlin.reflect.jvm.internal.impl.protobuf.CodedOutputStream::computeRawVarint32Size (39 bytes)
Event: 14.170 Thread 0x000001884924de40 nmethod 4997 0x000001882e974290 code [0x000001882e974440, 0x000001882e9746f8]
Event: 14.179 Thread 0x000001884924de40 4998       3       kotlin.reflect.jvm.internal.impl.protobuf.WireFormat::makeTag (6 bytes)
Event: 14.179 Thread 0x000001884924de40 nmethod 4998 0x000001882e4fce10 code [0x000001882e4fcfa0, 0x000001882e4fd098]
Event: 14.179 Thread 0x000001884924de40 4999       3       kotlin.reflect.jvm.internal.impl.protobuf.SmallSortedMap::getArrayEntryAt (14 bytes)
Event: 14.179 Thread 0x000001884924de40 nmethod 4999 0x000001882e3a4910 code [0x000001882e3a4ac0, 0x000001882e3a4da8]
Event: 14.179 Thread 0x000001884924de40 5000       3       kotlin.reflect.jvm.internal.impl.protobuf.CodedOutputStream::writeRawVarint32 (33 bytes)
Event: 14.179 Thread 0x000001884924de40 nmethod 5000 0x000001882e3a4110 code [0x000001882e3a42e0, 0x000001882e3a45d8]
Event: 14.219 Thread 0x0000018850c8b040 nmethod 4992 0x0000018835e64190 code [0x0000018835e64440, 0x0000018835e65cc0]
Event: 14.247 Thread 0x0000018850c8b040 5001   !   4       java.lang.ClassLoader::addClass (27 bytes)
Event: 14.262 Thread 0x0000018850c8b040 nmethod 5001 0x0000018835e68610 code [0x0000018835e687a0, 0x0000018835e69258]
Event: 14.292 Thread 0x000001884924de40 5002       1       kotlin.reflect.jvm.internal.impl.protobuf.GeneratedMessageLite$ExtensionDescriptor::getNumber (5 bytes)
Event: 14.292 Thread 0x000001884924de40 nmethod 5002 0x0000018835e63e90 code [0x0000018835e64020, 0x0000018835e640f8]
Event: 14.292 Thread 0x0000018850c8b040 5003   !   4       java.net.URLClassLoader::findClass (47 bytes)
Event: 14.334 Thread 0x000001884924de40 5004       3       kotlin.reflect.jvm.internal.ReflectProperties::lazy (17 bytes)
Event: 14.334 Thread 0x000001884924de40 nmethod 5004 0x000001882e56fd90 code [0x000001882e56ff60, 0x000001882e570398]
Event: 14.334 Thread 0x000001884924de40 5005       3       kotlin.reflect.jvm.internal.ReflectProperties$LazyVal::<init> (23 bytes)
Event: 14.335 Thread 0x000001884924de40 nmethod 5005 0x000001882e56f790 code [0x000001882e56f940, 0x000001882e56fc68]

GC Heap History (20 events):
Event: 4.502 GC heap before
{Heap before GC invocations=3 (full 0):
 garbage-first heap   total 98304K, used 59902K [0x0000000700000000, 0x0000000800000000)
  region size 2048K, 27 young (55296K), 2 survivors (4096K)
 Metaspace       used 21229K, committed 21504K, reserved 1114112K
  class space    used 2529K, committed 2688K, reserved 1048576K
}
Event: 4.514 GC heap after
{Heap after GC invocations=4 (full 0):
 garbage-first heap   total 98304K, used 18510K [0x0000000700000000, 0x0000000800000000)
  region size 2048K, 4 young (8192K), 4 survivors (8192K)
 Metaspace       used 21229K, committed 21504K, reserved 1114112K
  class space    used 2529K, committed 2688K, reserved 1048576K
}
Event: 6.016 GC heap before
{Heap before GC invocations=5 (full 0):
 garbage-first heap   total 75776K, used 55374K [0x0000000700000000, 0x0000000800000000)
  region size 2048K, 22 young (45056K), 4 survivors (8192K)
 Metaspace       used 27410K, committed 27648K, reserved 1114112K
  class space    used 3573K, committed 3648K, reserved 1048576K
}
Event: 6.031 GC heap after
{Heap after GC invocations=6 (full 0):
 garbage-first heap   total 75776K, used 21057K [0x0000000700000000, 0x0000000800000000)
  region size 2048K, 2 young (4096K), 2 survivors (4096K)
 Metaspace       used 27410K, committed 27648K, reserved 1114112K
  class space    used 3573K, committed 3648K, reserved 1048576K
}
Event: 6.115 GC heap before
{Heap before GC invocations=6 (full 0):
 garbage-first heap   total 75776K, used 23105K [0x0000000700000000, 0x0000000800000000)
  region size 2048K, 3 young (6144K), 2 survivors (4096K)
 Metaspace       used 27774K, committed 28032K, reserved 1114112K
  class space    used 3641K, committed 3776K, reserved 1048576K
}
Event: 6.120 GC heap after
{Heap after GC invocations=7 (full 0):
 garbage-first heap   total 75776K, used 21539K [0x0000000700000000, 0x0000000800000000)
  region size 2048K, 1 young (2048K), 1 survivors (2048K)
 Metaspace       used 27774K, committed 28032K, reserved 1114112K
  class space    used 3641K, committed 3776K, reserved 1048576K
}
Event: 7.192 GC heap before
{Heap before GC invocations=7 (full 0):
 garbage-first heap   total 75776K, used 50211K [0x0000000700000000, 0x0000000800000000)
  region size 2048K, 15 young (30720K), 1 survivors (2048K)
 Metaspace       used 31963K, committed 32256K, reserved 1114112K
  class space    used 4326K, committed 4480K, reserved 1048576K
}
Event: 7.197 GC heap after
{Heap after GC invocations=8 (full 0):
 garbage-first heap   total 75776K, used 22468K [0x0000000700000000, 0x0000000800000000)
  region size 2048K, 1 young (2048K), 1 survivors (2048K)
 Metaspace       used 31963K, committed 32256K, reserved 1114112K
  class space    used 4326K, committed 4480K, reserved 1048576K
}
Event: 7.922 GC heap before
{Heap before GC invocations=8 (full 0):
 garbage-first heap   total 75776K, used 38852K [0x0000000700000000, 0x0000000800000000)
  region size 2048K, 10 young (20480K), 1 survivors (2048K)
 Metaspace       used 35691K, committed 35968K, reserved 1114112K
  class space    used 4760K, committed 4864K, reserved 1048576K
}
Event: 7.931 GC heap after
{Heap after GC invocations=9 (full 0):
 garbage-first heap   total 75776K, used 24121K [0x0000000700000000, 0x0000000800000000)
  region size 2048K, 2 young (4096K), 2 survivors (4096K)
 Metaspace       used 35691K, committed 35968K, reserved 1114112K
  class space    used 4760K, committed 4864K, reserved 1048576K
}
Event: 9.087 GC heap before
{Heap before GC invocations=10 (full 0):
 garbage-first heap   total 75776K, used 52793K [0x0000000700000000, 0x0000000800000000)
  region size 2048K, 17 young (34816K), 2 survivors (4096K)
 Metaspace       used 40131K, committed 40512K, reserved 1114112K
  class space    used 5273K, committed 5440K, reserved 1048576K
}
Event: 9.097 GC heap after
{Heap after GC invocations=11 (full 0):
 garbage-first heap   total 75776K, used 27649K [0x0000000700000000, 0x0000000800000000)
  region size 2048K, 3 young (6144K), 3 survivors (6144K)
 Metaspace       used 40131K, committed 40512K, reserved 1114112K
  class space    used 5273K, committed 5440K, reserved 1048576K
}
Event: 10.005 GC heap before
{Heap before GC invocations=11 (full 0):
 garbage-first heap   total 75776K, used 58369K [0x0000000700000000, 0x0000000800000000)
  region size 2048K, 17 young (34816K), 3 survivors (6144K)
 Metaspace       used 42078K, committed 42432K, reserved 1114112K
  class space    used 5461K, committed 5568K, reserved 1048576K
}
Event: 10.018 GC heap after
{Heap after GC invocations=12 (full 0):
 garbage-first heap   total 75776K, used 29794K [0x0000000700000000, 0x0000000800000000)
  region size 2048K, 3 young (6144K), 3 survivors (6144K)
 Metaspace       used 42078K, committed 42432K, reserved 1114112K
  class space    used 5461K, committed 5568K, reserved 1048576K
}
Event: 10.895 GC heap before
{Heap before GC invocations=12 (full 0):
 garbage-first heap   total 75776K, used 56418K [0x0000000700000000, 0x0000000800000000)
  region size 2048K, 17 young (34816K), 3 survivors (6144K)
 Metaspace       used 44770K, committed 45248K, reserved 1114112K
  class space    used 5788K, committed 6016K, reserved 1048576K
}
Event: 10.905 GC heap after
{Heap after GC invocations=13 (full 0):
 garbage-first heap   total 75776K, used 31309K [0x0000000700000000, 0x0000000800000000)
  region size 2048K, 2 young (4096K), 2 survivors (4096K)
 Metaspace       used 44770K, committed 45248K, reserved 1114112K
  class space    used 5788K, committed 6016K, reserved 1048576K
}
Event: 11.874 GC heap before
{Heap before GC invocations=13 (full 0):
 garbage-first heap   total 75776K, used 57933K [0x0000000700000000, 0x0000000800000000)
  region size 2048K, 15 young (30720K), 2 survivors (4096K)
 Metaspace       used 48032K, committed 48448K, reserved 1114112K
  class space    used 6342K, committed 6528K, reserved 1048576K
}
Event: 11.883 GC heap after
{Heap after GC invocations=14 (full 0):
 garbage-first heap   total 92160K, used 32938K [0x0000000700000000, 0x0000000800000000)
  region size 2048K, 2 young (4096K), 2 survivors (4096K)
 Metaspace       used 48032K, committed 48448K, reserved 1114112K
  class space    used 6342K, committed 6528K, reserved 1048576K
}
Event: 13.392 GC heap before
{Heap before GC invocations=14 (full 0):
 garbage-first heap   total 92160K, used 69802K [0x0000000700000000, 0x0000000800000000)
  region size 2048K, 20 young (40960K), 2 survivors (4096K)
 Metaspace       used 53165K, committed 53632K, reserved 1114112K
  class space    used 7159K, committed 7360K, reserved 1048576K
}
Event: 13.402 GC heap after
{Heap after GC invocations=15 (full 0):
 garbage-first heap   total 92160K, used 34629K [0x0000000700000000, 0x0000000800000000)
  region size 2048K, 3 young (6144K), 3 survivors (6144K)
 Metaspace       used 53165K, committed 53632K, reserved 1114112K
  class space    used 7159K, committed 7360K, reserved 1048576K
}

Dll operation events (2 events):
Event: 0.012 Loaded shared library C:\Program Files\Android\Android Studio\jbr\bin\java.dll
Event: 0.754 Loaded shared library C:\Program Files\Android\Android Studio\jbr\bin\verify.dll

Deoptimization events (20 events):
Event: 13.283 Thread 0x000001884f3571a0 Uncommon trap: trap_request=0xffffffc6 fr.pc=0x00000188360ee380 relative=0x00000000000035e0
Event: 13.283 Thread 0x000001884f3571a0 Uncommon trap: reason=bimorphic_or_optimized_type_check action=maybe_recompile pc=0x00000188360ee380 method=java.util.AbstractCollection.addAll(Ljava/util/Collection;)Z @ 29 c2
Event: 13.283 Thread 0x000001884f3571a0 DEOPT PACKING pc=0x00000188360ee380 sp=0x0000000c91af4db0
Event: 13.283 Thread 0x000001884f3571a0 DEOPT UNPACKING pc=0x00000188358f69a3 sp=0x0000000c91af4da0 mode 2
Event: 13.579 Thread 0x000001884f3571a0 Uncommon trap: trap_request=0xffffff54 fr.pc=0x0000018835f82b8c relative=0x000000000000082c
Event: 13.579 Thread 0x000001884f3571a0 Uncommon trap: reason=speculate_null_assert action=make_not_entrant pc=0x0000018835f82b8c method=java.util.jar.JarFile.getVersionedEntry(Ljava/lang/String;Ljava/util/jar/JarEntry;)Ljava/util/jar/JarEntry; @ 115 c2
Event: 13.579 Thread 0x000001884f3571a0 DEOPT PACKING pc=0x0000018835f82b8c sp=0x0000000c91af59b0
Event: 13.579 Thread 0x000001884f3571a0 DEOPT UNPACKING pc=0x00000188358f69a3 sp=0x0000000c91af5978 mode 2
Event: 13.910 Thread 0x000001884f3571a0 Uncommon trap: trap_request=0xffffff45 fr.pc=0x0000018836005df0 relative=0x0000000000000a10
Event: 13.910 Thread 0x000001884f3571a0 Uncommon trap: reason=unstable_if action=reinterpret pc=0x0000018836005df0 method=java.util.jar.JarFile.getVersionedEntry(Ljava/lang/String;Ljava/util/jar/JarEntry;)Ljava/util/jar/JarEntry; @ 26 c2
Event: 13.911 Thread 0x000001884f3571a0 DEOPT PACKING pc=0x0000018836005df0 sp=0x0000000c91af2870
Event: 13.911 Thread 0x000001884f3571a0 DEOPT UNPACKING pc=0x00000188358f69a3 sp=0x0000000c91af2830 mode 2
Event: 13.916 Thread 0x000001884f3571a0 Uncommon trap: trap_request=0xffffff45 fr.pc=0x0000018835f390a0 relative=0x00000000000012e0
Event: 13.916 Thread 0x000001884f3571a0 Uncommon trap: reason=unstable_if action=reinterpret pc=0x0000018835f390a0 method=java.util.concurrent.ConcurrentHashMap.putVal(Ljava/lang/Object;Ljava/lang/Object;Z)Ljava/lang/Object; @ 245 c2
Event: 13.916 Thread 0x000001884f3571a0 DEOPT PACKING pc=0x0000018835f390a0 sp=0x0000000c91af1f90
Event: 13.917 Thread 0x000001884f3571a0 DEOPT UNPACKING pc=0x00000188358f69a3 sp=0x0000000c91af1f18 mode 2
Event: 14.108 Thread 0x000001884f3571a0 Uncommon trap: trap_request=0xffffff45 fr.pc=0x0000018835e8dda0 relative=0x0000000000000200
Event: 14.108 Thread 0x000001884f3571a0 Uncommon trap: reason=unstable_if action=reinterpret pc=0x0000018835e8dda0 method=kotlin.reflect.jvm.internal.impl.protobuf.CodedInputStream.readRawVarint32()I @ 69 c2
Event: 14.108 Thread 0x000001884f3571a0 DEOPT PACKING pc=0x0000018835e8dda0 sp=0x0000000c91af20a0
Event: 14.108 Thread 0x000001884f3571a0 DEOPT UNPACKING pc=0x00000188358f69a3 sp=0x0000000c91af2028 mode 2

Classes unloaded (0 events):
No events

Classes redefined (0 events):
No events

Internal exceptions (20 events):
Event: 10.385 Thread 0x000001884f3571a0 Exception <a 'java/lang/NoSuchMethodError'{0x00000007040dca90}: 'java.lang.Object java.lang.invoke.DirectMethodHandle$Holder.invokeStatic(java.lang.Object, java.lang.Object, java.lang.Object, java.lang.Object, java.lang.Object, java.lang.Object, java.lang.Object, java.lang.Object, java.lang.Object, java.lang.Object, java.lang.Object, java.lang.Object, java.lang.Object, java.lang.Object, java.lang.Object, java.lang.Object, java.lang.Object)'> (0x00000007040dca90) 
thrown [s\src\hotspot\share\interpreter\lin
Event: 10.389 Thread 0x000001884f3571a0 Exception <a 'java/lang/NoSuchMethodError'{0x0000000704104e18}: 'java.lang.Object java.lang.invoke.DirectMethodHandle$Holder.invokeStatic(java.lang.Object, java.lang.Object, java.lang.Object, java.lang.Object, java.lang.Object, java.lang.Object, java.lang.Object, java.lang.Object, java.lang.Object, java.lang.Object, java.lang.Object, java.lang.Object, java.lang.Object, java.lang.Object, java.lang.Object, java.lang.Object, java.lang.Object, java.lang.Object)'> (0x0000000704104e18) 
thrown [s\src\hotspot\sha
Event: 10.401 Thread 0x000001884f3571a0 Exception <a 'java/lang/NoSuchMethodError'{0x000000070412dc28}: 'java.lang.Object java.lang.invoke.DirectMethodHandle$Holder.invokeStatic(java.lang.Object, java.lang.Object, java.lang.Object, java.lang.Object, java.lang.Object, java.lang.Object, java.lang.Object, java.lang.Object, java.lang.Object, java.lang.Object, java.lang.Object, java.lang.Object, java.lang.Object, java.lang.Object, java.lang.Object, java.lang.Object, java.lang.Object, java.lang.Object, java.lang.Object)'> (0x000000070412dc28) 
thrown 
Event: 10.410 Thread 0x000001884f3571a0 Exception <a 'java/lang/NoSuchMethodError'{0x0000000704157a80}: 'java.lang.Object java.lang.invoke.DirectMethodHandle$Holder.invokeStatic(java.lang.Object, java.lang.Object, java.lang.Object, java.lang.Object, java.lang.Object, java.lang.Object, java.lang.Object, java.lang.Object, java.lang.Object, java.lang.Object, java.lang.Object, java.lang.Object, java.lang.Object, java.lang.Object, java.lang.Object, java.lang.Object, java.lang.Object, java.lang.Object, java.lang.Object, java.lang.Object)'> (0x00000007
Event: 10.419 Thread 0x000001884f3571a0 Exception <a 'java/lang/NoSuchMethodError'{0x0000000704182938}: 'java.lang.Object java.lang.invoke.DirectMethodHandle$Holder.invokeStatic(java.lang.Object, java.lang.Object, java.lang.Object, java.lang.Object, java.lang.Object, java.lang.Object, java.lang.Object, java.lang.Object, java.lang.Object, java.lang.Object, java.lang.Object, java.lang.Object, java.lang.Object, java.lang.Object, java.lang.Object, java.lang.Object, java.lang.Object, java.lang.Object, java.lang.Object, java.lang.Object, java.lang.Obj
Event: 10.423 Thread 0x000001884f3571a0 Exception <a 'java/lang/NoSuchMethodError'{0x00000007041af028}: 'java.lang.Object java.lang.invoke.DirectMethodHandle$Holder.invokeStatic(java.lang.Object, java.lang.Object, java.lang.Object, java.lang.Object, java.lang.Object, java.lang.Object, java.lang.Object, java.lang.Object, java.lang.Object, java.lang.Object, java.lang.Object, java.lang.Object, java.lang.Object, java.lang.Object, java.lang.Object, java.lang.Object, java.lang.Object, java.lang.Object, java.lang.Object, java.lang.Object, java.lang.Obj
Event: 10.427 Thread 0x000001884f3571a0 Exception <a 'java/lang/NoSuchMethodError'{0x00000007041dc318}: 'java.lang.Object java.lang.invoke.DirectMethodHandle$Holder.invokeStatic(java.lang.Object, java.lang.Object, java.lang.Object, java.lang.Object, java.lang.Object, java.lang.Object, java.lang.Object, java.lang.Object, java.lang.Object, java.lang.Object, java.lang.Object, java.lang.Object, java.lang.Object, java.lang.Object, java.lang.Object, java.lang.Object, java.lang.Object, java.lang.Object, java.lang.Object, java.lang.Object, java.lang.Obj
Event: 10.431 Thread 0x000001884f3571a0 Exception <a 'java/lang/NoSuchMethodError'{0x0000000703e0b340}: 'java.lang.Object java.lang.invoke.DirectMethodHandle$Holder.invokeStatic(java.lang.Object, java.lang.Object, java.lang.Object, java.lang.Object, java.lang.Object, java.lang.Object, java.lang.Object, java.lang.Object, java.lang.Object, java.lang.Object, java.lang.Object, java.lang.Object, java.lang.Object, java.lang.Object, java.lang.Object, java.lang.Object, java.lang.Object, java.lang.Object, java.lang.Object, java.lang.Object, java.lang.Obj
Event: 10.677 Thread 0x000001884f3571a0 Exception <a 'java/lang/IncompatibleClassChangeError'{0x0000000703224458}: Found class java.lang.Object, but interface was expected> (0x0000000703224458) 
thrown [s\src\hotspot\share\interpreter\linkResolver.cpp, line 838]
Event: 10.919 Thread 0x000001884f3571a0 Exception <a 'java/lang/IncompatibleClassChangeError'{0x0000000705e224e8}: Found class java.lang.Object, but interface was expected> (0x0000000705e224e8) 
thrown [s\src\hotspot\share\interpreter\linkResolver.cpp, line 838]
Event: 10.966 Thread 0x000001884f3571a0 Exception <a 'java/lang/NoSuchMethodError'{0x0000000705fa6350}: 'int java.lang.invoke.DirectMethodHandle$Holder.invokeStaticInit(java.lang.Object, java.lang.Object, java.lang.Object, java.lang.Object, java.lang.Object)'> (0x0000000705fa6350) 
thrown [s\src\hotspot\share\interpreter\linkResolver.cpp, line 771]
Event: 11.052 Thread 0x000001884f3571a0 Implicit null exception at 0x0000018835fc8cec to 0x0000018835fc8d94
Event: 12.228 Thread 0x000001884f3571a0 Exception <a 'java/lang/NoSuchMethodError'{0x0000000705076778}: 'java.lang.Object java.lang.invoke.DirectMethodHandle$Holder.newInvokeSpecial(java.lang.Object, int, java.lang.Object)'> (0x0000000705076778) 
thrown [s\src\hotspot\share\interpreter\linkResolver.cpp, line 771]
Event: 12.517 Thread 0x000001884f3571a0 Exception <a 'java/lang/NoSuchMethodError'{0x0000000704945718}: 'java.lang.Object java.lang.invoke.DirectMethodHandle$Holder.newInvokeSpecial(java.lang.Object, java.lang.Object, java.lang.Object, java.lang.Object, int)'> (0x0000000704945718) 
thrown [s\src\hotspot\share\interpreter\linkResolver.cpp, line 771]
Event: 12.518 Thread 0x000001884f3571a0 Exception <a 'java/lang/NoSuchMethodError'{0x000000070494ba30}: 'java.lang.Object java.lang.invoke.DirectMethodHandle$Holder.invokeSpecial(java.lang.Object, java.lang.Object, java.lang.Object, java.lang.Object, java.lang.Object, int)'> (0x000000070494ba30) 
thrown [s\src\hotspot\share\interpreter\linkResolver.cpp, line 771]
Event: 12.519 Thread 0x000001884f3571a0 Exception <a 'java/lang/NoSuchMethodError'{0x00000007049516f8}: 'java.lang.Object java.lang.invoke.Invokers$Holder.linkToTargetMethod(java.lang.Object, java.lang.Object, java.lang.Object, int, java.lang.Object)'> (0x00000007049516f8) 
thrown [s\src\hotspot\share\interpreter\linkResolver.cpp, line 771]
Event: 12.642 Thread 0x000001884f3571a0 Exception <a 'java/lang/IncompatibleClassChangeError'{0x0000000704731f50}: Found class java.lang.Object, but interface was expected> (0x0000000704731f50) 
thrown [s\src\hotspot\share\interpreter\linkResolver.cpp, line 838]
Event: 12.765 Thread 0x000001884f3571a0 Implicit null exception at 0x00000188360996d9 to 0x0000018836099884
Event: 12.765 Thread 0x000001884f3571a0 Implicit null exception at 0x000001883606ae24 to 0x000001883606c998
Event: 13.107 Thread 0x000001884f3571a0 Exception <a 'java/lang/NoSuchMethodError'{0x0000000703d03550}: 'java.lang.Object java.lang.invoke.DirectMethodHandle$Holder.invokeSpecial(java.lang.Object, java.lang.Object, int, java.lang.Object, java.lang.Object, java.lang.Object)'> (0x0000000703d03550) 
thrown [s\src\hotspot\share\interpreter\linkResolver.cpp, line 771]

VM Operations (20 events):
Event: 11.168 Executing VM operation: HandshakeAllThreads
Event: 11.168 Executing VM operation: HandshakeAllThreads done
Event: 11.551 Executing VM operation: HandshakeAllThreads
Event: 11.551 Executing VM operation: HandshakeAllThreads done
Event: 11.874 Executing VM operation: G1CollectForAllocation
Event: 11.886 Executing VM operation: G1CollectForAllocation done
Event: 12.888 Executing VM operation: Cleanup
Event: 12.888 Executing VM operation: Cleanup done
Event: 13.180 Executing VM operation: HandshakeAllThreads
Event: 13.190 Executing VM operation: HandshakeAllThreads done
Event: 13.203 Executing VM operation: HandshakeAllThreads
Event: 13.203 Executing VM operation: HandshakeAllThreads done
Event: 13.237 Executing VM operation: HandshakeAllThreads
Event: 13.253 Executing VM operation: HandshakeAllThreads done
Event: 13.391 Executing VM operation: ICBufferFull
Event: 13.391 Executing VM operation: ICBufferFull done
Event: 13.392 Executing VM operation: G1CollectForAllocation
Event: 13.402 Executing VM operation: G1CollectForAllocation done
Event: 13.844 Executing VM operation: HandshakeAllThreads
Event: 13.844 Executing VM operation: HandshakeAllThreads done

Events (20 events):
Event: 13.262 Thread 0x0000018849253360 flushing nmethod 0x000001882eb77b90
Event: 13.262 Thread 0x0000018849253360 flushing nmethod 0x000001882eb90410
Event: 13.262 Thread 0x0000018849253360 flushing nmethod 0x000001882eb9e810
Event: 13.262 Thread 0x0000018849253360 flushing nmethod 0x000001882eb9ec90
Event: 13.262 Thread 0x0000018849253360 flushing nmethod 0x000001882ebb7c10
Event: 13.262 Thread 0x0000018849253360 flushing nmethod 0x000001882ebbf410
Event: 13.262 Thread 0x0000018849253360 flushing nmethod 0x000001882ebc8990
Event: 13.262 Thread 0x0000018849253360 flushing nmethod 0x000001882ebd9610
Event: 13.262 Thread 0x0000018849253360 flushing nmethod 0x000001882ec1e210
Event: 13.263 Thread 0x0000018849253360 flushing nmethod 0x000001882ec32f10
Event: 13.263 Thread 0x0000018849253360 flushing nmethod 0x000001882ec36190
Event: 13.263 Thread 0x0000018849253360 flushing nmethod 0x000001882ec39610
Event: 13.263 Thread 0x0000018849253360 flushing nmethod 0x000001882ec3af90
Event: 13.263 Thread 0x0000018849253360 flushing nmethod 0x000001882ec41a90
Event: 13.777 Thread 0x0000018850c8b040 Thread exited: 0x0000018850c8b040
Event: 13.833 loading class java/util/concurrent/LinkedBlockingDeque$Itr
Event: 13.833 loading class java/util/concurrent/LinkedBlockingDeque$AbstractItr
Event: 13.833 loading class java/util/concurrent/LinkedBlockingDeque$AbstractItr done
Event: 13.833 loading class java/util/concurrent/LinkedBlockingDeque$Itr done
Event: 14.048 Thread 0x0000018850c8b040 Thread added: 0x0000018850c8b040


Dynamic libraries:
0x00007ff700110000 - 0x00007ff70011a000 	C:\Program Files\Android\Android Studio\jbr\bin\java.exe
0x00007ff8c52f0000 - 0x00007ff8c54e8000 	C:\Windows\SYSTEM32\ntdll.dll
0x00007ff8c49f0000 - 0x00007ff8c4ab1000 	C:\Windows\System32\KERNEL32.DLL
0x00007ff8c2ef0000 - 0x00007ff8c31ed000 	C:\Windows\System32\KERNELBASE.dll
0x00007ff8c2c30000 - 0x00007ff8c2d30000 	C:\Windows\System32\ucrtbase.dll
0x00007ff8bf190000 - 0x00007ff8bf1a7000 	C:\Program Files\Android\Android Studio\jbr\bin\jli.dll
0x00007ff8bf170000 - 0x00007ff8bf18b000 	C:\Program Files\Android\Android Studio\jbr\bin\VCRUNTIME140.dll
0x00007ff8c47b0000 - 0x00007ff8c494d000 	C:\Windows\System32\USER32.dll
0x00007ff8c29a0000 - 0x00007ff8c29c2000 	C:\Windows\System32\win32u.dll
0x00007ff8aad70000 - 0x00007ff8ab00a000 	C:\Windows\WinSxS\amd64_microsoft.windows.common-controls_6595b64144ccf1df_6.0.19041.4355_none_60b8b9eb71f62e16\COMCTL32.dll
0x00007ff8c4b30000 - 0x00007ff8c4b5b000 	C:\Windows\System32\GDI32.dll
0x00007ff8c4950000 - 0x00007ff8c49ee000 	C:\Windows\System32\msvcrt.dll
0x00007ff8c2d30000 - 0x00007ff8c2e47000 	C:\Windows\System32\gdi32full.dll
0x00007ff8c3280000 - 0x00007ff8c331d000 	C:\Windows\System32\msvcp_win.dll
0x00007ff8c4bc0000 - 0x00007ff8c4bef000 	C:\Windows\System32\IMM32.DLL
0x00007ff8bf550000 - 0x00007ff8bf55c000 	C:\Program Files\Android\Android Studio\jbr\bin\vcruntime140_1.dll
0x00007ff8abe10000 - 0x00007ff8abe9d000 	C:\Program Files\Android\Android Studio\jbr\bin\msvcp140.dll
0x00007ff870c50000 - 0x00007ff8718d3000 	C:\Program Files\Android\Android Studio\jbr\bin\server\jvm.dll
0x00007ff8c3320000 - 0x00007ff8c33d0000 	C:\Windows\System32\ADVAPI32.dll
0x00007ff8c3be0000 - 0x00007ff8c3c80000 	C:\Windows\System32\sechost.dll
0x00007ff8c4bf0000 - 0x00007ff8c4d13000 	C:\Windows\System32\RPCRT4.dll
0x00007ff8c2ec0000 - 0x00007ff8c2ee7000 	C:\Windows\System32\bcrypt.dll
0x00007ff8c27f0000 - 0x00007ff8c283b000 	C:\Windows\SYSTEM32\POWRPROF.dll
0x00007ff8bfe10000 - 0x00007ff8bfe19000 	C:\Windows\SYSTEM32\WSOCK32.dll
0x00007ff8c4ac0000 - 0x00007ff8c4b2b000 	C:\Windows\System32\WS2_32.dll
0x00007ff8b2dc0000 - 0x00007ff8b2de7000 	C:\Windows\SYSTEM32\WINMM.dll
0x00007ff8b2c10000 - 0x00007ff8b2c1a000 	C:\Windows\SYSTEM32\VERSION.dll
0x00007ff8c27d0000 - 0x00007ff8c27e2000 	C:\Windows\SYSTEM32\UMPDC.dll
0x00007ff8c0820000 - 0x00007ff8c0832000 	C:\Windows\SYSTEM32\kernel.appcore.dll
0x00007ff8bf140000 - 0x00007ff8bf14a000 	C:\Program Files\Android\Android Studio\jbr\bin\jimage.dll
0x00007ff8a78b0000 - 0x00007ff8a7a94000 	C:\Windows\SYSTEM32\DBGHELP.DLL
0x00007ff8a8e70000 - 0x00007ff8a8ea4000 	C:\Windows\SYSTEM32\dbgcore.DLL
0x00007ff8c31f0000 - 0x00007ff8c3272000 	C:\Windows\System32\bcryptPrimitives.dll
0x00007ff8bc060000 - 0x00007ff8bc085000 	C:\Program Files\Android\Android Studio\jbr\bin\java.dll
0x00007ff8b7fd0000 - 0x00007ff8b7fe8000 	C:\Program Files\Android\Android Studio\jbr\bin\zip.dll
0x00007ff8c3ce0000 - 0x00007ff8c444f000 	C:\Windows\System32\SHELL32.dll
0x00007ff8c0a20000 - 0x00007ff8c11bf000 	C:\Windows\SYSTEM32\windows.storage.dll
0x00007ff8c4450000 - 0x00007ff8c47a3000 	C:\Windows\System32\combase.dll
0x00007ff8c22f0000 - 0x00007ff8c231e000 	C:\Windows\SYSTEM32\Wldp.dll
0x00007ff8c3920000 - 0x00007ff8c39ed000 	C:\Windows\System32\OLEAUT32.dll
0x00007ff8c3b30000 - 0x00007ff8c3bdd000 	C:\Windows\System32\SHCORE.dll
0x00007ff8c33d0000 - 0x00007ff8c3425000 	C:\Windows\System32\shlwapi.dll
0x00007ff8c28d0000 - 0x00007ff8c28f4000 	C:\Windows\SYSTEM32\profapi.dll
0x00007ff8b1d10000 - 0x00007ff8b1d29000 	C:\Program Files\Android\Android Studio\jbr\bin\net.dll
0x00007ff8bad10000 - 0x00007ff8bae1d000 	C:\Windows\SYSTEM32\WINHTTP.dll
0x00007ff8c2050000 - 0x00007ff8c20ba000 	C:\Windows\system32\mswsock.dll
0x00007ff8b17a0000 - 0x00007ff8b17b6000 	C:\Program Files\Android\Android Studio\jbr\bin\nio.dll
0x00007ff8bce20000 - 0x00007ff8bce30000 	C:\Program Files\Android\Android Studio\jbr\bin\verify.dll
0x00007ff8b02d0000 - 0x00007ff8b02f7000 	C:\Users\maged\.gradle\native\c067742578af261105cb4f569cf0c3c89f3d7b1fecec35dd04571415982c5e48\windows-amd64\native-platform.dll
0x00007ff8a6b80000 - 0x00007ff8a6cc4000 	C:\Users\maged\.gradle\native\38dada09dfb8b06ba9b0570ebf7e218e3eb74d4ef43ca46872605cf95ebc2f47\windows-amd64\native-platform-file-events.dll
0x00007ff8bc960000 - 0x00007ff8bc969000 	C:\Program Files\Android\Android Studio\jbr\bin\management.dll
0x00007ff8bc3a0000 - 0x00007ff8bc3ab000 	C:\Program Files\Android\Android Studio\jbr\bin\management_ext.dll
0x00007ff8c3b20000 - 0x00007ff8c3b28000 	C:\Windows\System32\PSAPI.DLL
0x00007ff8c2250000 - 0x00007ff8c2268000 	C:\Windows\SYSTEM32\CRYPTSP.dll
0x00007ff8c1970000 - 0x00007ff8c19a4000 	C:\Windows\system32\rsaenh.dll
0x00007ff8c2840000 - 0x00007ff8c286e000 	C:\Windows\SYSTEM32\USERENV.dll
0x00007ff8c2240000 - 0x00007ff8c224c000 	C:\Windows\SYSTEM32\CRYPTBASE.dll
0x00007ff8c1d30000 - 0x00007ff8c1d6b000 	C:\Windows\SYSTEM32\IPHLPAPI.DLL
0x00007ff8c3a00000 - 0x00007ff8c3a08000 	C:\Windows\System32\NSI.dll
0x00007ff8bb600000 - 0x00007ff8bb617000 	C:\Windows\SYSTEM32\dhcpcsvc6.DLL
0x00007ff8bb8c0000 - 0x00007ff8bb8dd000 	C:\Windows\SYSTEM32\dhcpcsvc.DLL
0x00007ff8c1d70000 - 0x00007ff8c1e3a000 	C:\Windows\SYSTEM32\DNSAPI.dll
0x00007ff8bbd70000 - 0x00007ff8bbd79000 	C:\Program Files\Android\Android Studio\jbr\bin\extnet.dll
0x00007ff8bf150000 - 0x00007ff8bf157000 	C:\Windows\system32\wshunix.dll

dbghelp: loaded successfully - version: 4.0.5 - missing functions: none
symbol engine: initialized successfully - sym options: 0x614 - pdb path: .;C:\Program Files\Android\Android Studio\jbr\bin;C:\Windows\SYSTEM32;C:\Windows\WinSxS\amd64_microsoft.windows.common-controls_6595b64144ccf1df_6.0.19041.4355_none_60b8b9eb71f62e16;C:\Program Files\Android\Android Studio\jbr\bin\server;C:\Users\maged\.gradle\native\c067742578af261105cb4f569cf0c3c89f3d7b1fecec35dd04571415982c5e48\windows-amd64;C:\Users\maged\.gradle\native\38dada09dfb8b06ba9b0570ebf7e218e3eb74d4ef43ca46872605cf95ebc2f47\windows-amd64

VM Arguments:
jvm_args: -XX:+HeapDumpOnOutOfMemoryError --add-opens=java.base/java.util=ALL-UNNAMED --add-opens=java.base/java.lang=ALL-UNNAMED --add-opens=java.base/java.lang.invoke=ALL-UNNAMED --add-opens=java.prefs/java.util.prefs=ALL-UNNAMED --add-opens=java.base/java.nio.charset=ALL-UNNAMED --add-opens=java.base/java.net=ALL-UNNAMED --add-opens=java.base/java.util.concurrent.atomic=ALL-UNNAMED -Xmx4G -Dfile.encoding=windows-1252 -Duser.country=US -Duser.language=en -Duser.variant 
java_command: org.gradle.launcher.daemon.bootstrap.GradleDaemon 7.6.3
java_class_path (initial): C:\Users\maged\.gradle\wrapper\dists\gradle-7.6.3-all\aocdy2d2z8kodnny3rsumj8i8\gradle-7.6.3\lib\gradle-launcher-7.6.3.jar
Launcher Type: SUN_STANDARD

[Global flags]
     intx CICompilerCount                          = 3                                         {product} {ergonomic}
     uint ConcGCThreads                            = 1                                         {product} {ergonomic}
     uint G1ConcRefinementThreads                  = 4                                         {product} {ergonomic}
   size_t G1HeapRegionSize                         = 2097152                                   {product} {ergonomic}
    uintx GCDrainStackTargetSize                   = 64                                        {product} {ergonomic}
     bool HeapDumpOnOutOfMemoryError               = true                                   {manageable} {command line}
   size_t InitialHeapSize                          = 100663296                                 {product} {ergonomic}
   size_t MarkStackSize                            = 4194304                                   {product} {ergonomic}
   size_t MaxHeapSize                              = 4294967296                                {product} {command line}
   size_t MaxNewSize                               = 2575302656                                {product} {ergonomic}
   size_t MinHeapDeltaBytes                        = 2097152                                   {product} {ergonomic}
   size_t MinHeapSize                              = 8388608                                   {product} {ergonomic}
    uintx NonNMethodCodeHeapSize                   = 5832780                                {pd product} {ergonomic}
    uintx NonProfiledCodeHeapSize                  = 122912730                              {pd product} {ergonomic}
    uintx ProfiledCodeHeapSize                     = 122912730                              {pd product} {ergonomic}
    uintx ReservedCodeCacheSize                    = 251658240                              {pd product} {ergonomic}
     bool SegmentedCodeCache                       = true                                      {product} {ergonomic}
   size_t SoftMaxHeapSize                          = 4294967296                             {manageable} {ergonomic}
     bool UseCompressedClassPointers               = true                           {product lp64_product} {ergonomic}
     bool UseCompressedOops                        = true                           {product lp64_product} {ergonomic}
     bool UseG1GC                                  = true                                      {product} {ergonomic}
     bool UseLargePagesIndividualAllocation        = false                                  {pd product} {ergonomic}

Logging:
Log output configuration:
 #0: stdout all=warning uptime,level,tags
 #1: stderr all=off uptime,level,tags

Environment Variables:
JAVA_HOME=C:\Program Files\Android\Android Studio\jbr
CLASSPATH=D:\flutterApps\training\UIS_Personal-main\android\\gradle\wrapper\gradle-wrapper.jar
PATH=C:\Program Files\Android\Android Studio\jbr\bin;C:\Program Files\Common Files\Oracle\Java\javapath;C:\Windows\system32;C:\Windows;C:\Windows\System32\Wbem;C:\Windows\System32\WindowsPowerShell\v1.0\;C:\Windows\System32\OpenSSH\;C:\Program Files\Git\cmd;C:\Program Files\nodejs\;C:\Users\maged\AppData\Local\Microsoft\WindowsApps;C:\src\flutter\bin;C:\src\flutter\bin;C:\Users\maged\AppData\Local\GitHubDesktop\bin;C:\Users\maged\AppData\Local\Pub\Cache\bin;C:\Users\maged\AppData\Roaming\npm;C:\Users\maged\AppData\Local\Programs\Microsoft VS Code\bin;C:\src\flutter\bin\mingit\cmd;C:\src\flutter\bin\mingit\cmd
USERNAME=maged
OS=Windows_NT
PROCESSOR_IDENTIFIER=Intel64 Family 6 Model 42 Stepping 7, GenuineIntel
TMP=C:\Users\maged\AppData\Local\Temp
TEMP=C:\Users\maged\AppData\Local\Temp



Periodic native trim disabled

JNI global refs:
JNI global refs: 22, weak refs: 0

JNI global refs memory usage: 843, weak refs: 841

OOME stack traces (most recent first):
Classloader memory used:
Loader org.gradle.internal.classloader.VisitableURLClassLoader                         : 3715K
Loader bootstrap                                                                       : 2546K
Loader org.gradle.initialization.MixInLegacyTypesClassLoader                           : 801K
Loader jdk.internal.loader.ClassLoaders$PlatformClassLoader                            : 66792B
Loader jdk.internal.loader.ClassLoaders$AppClassLoader                                 : 26016B
Loader jdk.internal.reflect.DelegatingClassLoader                                      : 9150B
Loader org.gradle.groovy.scripts.internal.DefaultScriptCompilationHandler$ScriptClassLoader: 5071B
Loader org.gradle.internal.classloader.VisitableURLClassLoader                         : 2063B
Loader org.codehaus.groovy.runtime.callsite.CallSiteClassLoader                        : 1883B
Loader sun.reflect.misc.MethodUtil                                                     : 373B

Classes loaded by more than one classloader:
Class org.gradle.internal.installation.GradleInstallation                             : loaded 2 times (x 73B)
Class org.gradle.internal.classpath.ClassPath                                         : loaded 2 times (x 68B)
Class org.gradle.api.internal.classpath.DefaultModuleRegistry                         : loaded 2 times (x 84B)
Class org.gradle.api.Action                                                           : loaded 2 times (x 68B)
Class org.gradle.api.internal.DefaultClassPathProvider                                : loaded 2 times (x 74B)
Class org.gradle.internal.installation.GradleInstallation$1                           : loaded 2 times (x 73B)
Class org.gradle.internal.classloader.FilteringClassLoader                            : loaded 2 times (x 103B)
Class org.gradle.internal.classpath.DefaultClassPath$ImmutableUniqueList$Builder      : loaded 2 times (x 73B)
Class org.gradle.internal.classloader.ClassLoaderVisitor                              : loaded 2 times (x 74B)
Class org.gradle.internal.service.DefaultServiceLocator                               : loaded 2 times (x 81B)
Class org.gradle.internal.service.UnknownServiceException                             : loaded 2 times (x 81B)
Class org.gradle.internal.classloader.DefaultClassLoaderFactory                       : loaded 2 times (x 80B)
Class org.gradle.internal.classloader.VisitableURLClassLoader$Spec                    : loaded 2 times (x 72B)
Class org.gradle.api.GradleException                                                  : loaded 2 times (x 80B)
Class org.gradle.api.internal.classpath.ModuleRegistry                                : loaded 2 times (x 68B)
Class org.gradle.api.internal.ClassPathProvider                                       : loaded 2 times (x 68B)
Class org.gradle.internal.classloader.ClasspathUtil$1                                 : loaded 2 times (x 74B)
Class org.gradle.internal.classloader.ClassLoaderFactory                              : loaded 2 times (x 68B)
Class org.gradle.api.internal.classpath.ManifestUtil                                  : loaded 2 times (x 69B)
Class org.gradle.api.specs.Spec                                                       : loaded 2 times (x 68B)
Class org.gradle.internal.IoActions                                                   : loaded 2 times (x 69B)
Class org.gradle.api.internal.classpath.EffectiveClassPath                            : loaded 2 times (x 88B)
Class org.gradle.internal.installation.CurrentGradleInstallation                      : loaded 2 times (x 71B)
Class org.gradle.internal.installation.CurrentGradleInstallationLocator               : loaded 2 times (x 69B)
Class org.gradle.api.internal.classpath.Module                                        : loaded 2 times (x 68B)
Class org.gradle.internal.service.CachingServiceLocator                               : loaded 2 times (x 80B)
Class org.gradle.internal.classpath.DefaultClassPath                                  : loaded 2 times (x 88B)
Class org.gradle.api.Transformer                                                      : loaded 2 times (x 68B)
Class org.gradle.internal.classloader.SystemClassLoaderSpec                           : loaded 2 times (x 69B)
Class org.gradle.api.UncheckedIOException                                             : loaded 2 times (x 80B)
Class Program                                                                         : loaded 2 times (x 72B)
Class org.gradle.internal.classloader.ClasspathUtil                                   : loaded 2 times (x 69B)
Class org.gradle.api.internal.DefaultClassPathRegistry                                : loaded 2 times (x 74B)
Class org.gradle.api.internal.classpath.DefaultModuleRegistry$DefaultModule           : loaded 2 times (x 84B)
Class org.gradle.api.internal.classpath.UnknownModuleException                        : loaded 2 times (x 80B)
Class org.gradle.internal.service.ServiceLookupException                              : loaded 2 times (x 80B)
Class org.gradle.cache.GlobalCache                                                    : loaded 2 times (x 68B)
Class [Lorg.gradle.api.internal.ClassPathProvider;                                    : loaded 2 times (x 67B)
Class org.gradle.util.internal.GUtil                                                  : loaded 2 times (x 69B)
Class org.gradle.internal.classloader.ClassLoaderSpec                                 : loaded 2 times (x 69B)
Class org.gradle.internal.classloader.VisitableURLClassLoader                         : loaded 2 times (x 115B)
Class org.gradle.internal.Cast                                                        : loaded 2 times (x 69B)
Class org.gradle.api.internal.ClassPathRegistry                                       : loaded 2 times (x 68B)
Class org.gradle.internal.classloader.ClassLoaderHierarchy                            : loaded 2 times (x 68B)
Class org.gradle.internal.service.ServiceLocator                                      : loaded 2 times (x 68B)
Class org.gradle.internal.classpath.DefaultClassPath$ImmutableUniqueList              : loaded 2 times (x 159B)


---------------  S Y S T E M  ---------------

OS:
 Windows 10 , 64 bit Build 19041 (10.0.19041.4717)
OS uptime: 0 days 1:36 hours

CPU: total 4 (initial active 4) (2 cores per cpu, 2 threads per core) family 6 model 42 stepping 7 microcode 0x2f, cx8, cmov, fxsr, ht, mmx, sse, sse2, sse3, ssse3, sse4.1, sse4.2, popcnt, tsc, tscinvbit, avx, aes, clmul, vzeroupper, clflush
Processor Information for all 4 processors :
  Max Mhz: 2301, Current Mhz: 2301, Mhz Limit: 2301

Memory: 4k page, system-wide physical 6051M (540M free)
TotalPageFile size 8099M (AvailPageFile size 40M)
current process WorkingSet (physical memory assigned to process): 269M, peak: 269M
current process commit charge ("private bytes"): 294M, peak: 295M

vm_info: OpenJDK 64-Bit Server VM (17.0.10+0--11572160) for windows-amd64 JRE (17.0.10+0--11572160), built on Mar 13 2024 23:56:38 by "androidbuild" with MS VC++ 16.10 / 16.11 (VS2019)

END.
