#
# There is insufficient memory for the Java Runtime Environment to continue.
# Native memory allocation (malloc) failed to allocate 32744 bytes for ChunkPool::allocate
# Possible reasons:
#   The system is out of physical RAM or swap space
#   The process is running with CompressedOops enabled, and the Java Heap may be blocking the growth of the native heap
# Possible solutions:
#   Reduce memory load on the system
#   Increase physical memory or swap space
#   Check if swap backing store is full
#   Decrease Java heap size (-Xmx/-Xms)
#   Decrease number of Java threads
#   Decrease Java thread stack sizes (-Xss)
#   Set larger code cache with -XX:ReservedCodeCacheSize=
#   JVM is running with Unscaled Compressed Oops mode in which the Java heap is
#     placed in the first 4GB address space. The Java Heap base address is the
#     maximum limit for the native heap growth. Please use -XX:HeapBaseMinAddress
#     to set the Java Heap base and to place the Java Heap above 4GB virtual address.
# This output file may be truncated or incomplete.
#
#  Out of Memory Error (arena.cpp:79), pid=3672, tid=5448
#
# JRE version: OpenJDK Runtime Environment (17.0.10) (build 17.0.10+0--11572160)
# Java VM: OpenJDK 64-Bit Server VM (17.0.10+0--11572160, mixed mode, tiered, compressed oops, compressed class ptrs, g1 gc, windows-amd64)
# No core dump will be written. Minidumps are not enabled by default on client versions of Windows
#

---------------  S U M M A R Y ------------

Command Line: -Dorg.gradle.appname=gradlew org.gradle.wrapper.GradleWrapperMain -q -Ptarget-platform=android-arm64 -Ptarget=D:\flutterApps\training\UIS_Personal-main\lib\main.dart -Pbase-application-name=android.app.Application -Pdart-defines=RkxVVFRFUl9XRUJfQ0FOVkFTS0lUX1VSTD1odHRwczovL3d3dy5nc3RhdGljLmNvbS9mbHV0dGVyLWNhbnZhc2tpdC9mNjM0NGI3NWRjZjg2MWQ4YmYxZjEzMjI3ODBiODgxMWY5ODJlMzFhLw== -Pdart-obfuscation=false -Ptrack-widget-creation=true -Ptree-shake-icons=false -Pfilesystem-scheme=org-dartlang-root assembleDebug

Host: Intel(R) Core(TM) i5-2410M CPU @ 2.30GHz, 4 cores, 5G,  Windows 10 , 64 bit Build 19041 (10.0.19041.4717)
Time: Sat Aug 31 21:27:35 2024 Egypt Daylight Time elapsed time: 1.293139 seconds (0d 0h 0m 1s)

---------------  T H R E A D  ---------------

Current thread (0x000002112d1b60a0):  JavaThread "C1 CompilerThread0" daemon [_thread_in_native, id=5448, stack(0x00000046fe300000,0x00000046fe400000)]


Current CompileTask:
C1:   1293  452       3       java.util.regex.Pattern::compile (500 bytes)

Stack: [0x00000046fe300000,0x00000046fe400000]
Native frames: (J=compiled Java code, j=interpreted, Vv=VM code, C=native code)
V  [jvm.dll+0x688e89]
V  [jvm.dll+0x84247a]
V  [jvm.dll+0x8440be]
V  [jvm.dll+0x844723]
V  [jvm.dll+0x24be0f]
V  [jvm.dll+0xac721]
V  [jvm.dll+0xacb6c]
V  [jvm.dll+0x16604e]
V  [jvm.dll+0x16063e]
V  [jvm.dll+0x14e7e0]
V  [jvm.dll+0x137307]
V  [jvm.dll+0x136c9f]
V  [jvm.dll+0x136ed6]
V  [jvm.dll+0x13636a]
V  [jvm.dll+0x138021]
V  [jvm.dll+0x22cd78]
V  [jvm.dll+0x22aeb0]
V  [jvm.dll+0x7f6917]
V  [jvm.dll+0x7f0d1a]
V  [jvm.dll+0x687d05]
C  [ucrtbase.dll+0x21bb2]
C  [KERNEL32.DLL+0x17374]
C  [ntdll.dll+0x4cc91]


---------------  P R O C E S S  ---------------

Threads class SMR info:
_java_thread_list=0x000002112d2cff50, length=12, elements={
0x0000021112d71880, 0x000002112cee8610, 0x000002112cee9620, 0x000002112cf1e110,
0x000002112cf1e9e0, 0x000002112d159470, 0x000002112d159d40, 0x000002112d15b0e0,
0x000002112d1b60a0, 0x000002112d1d3150, 0x000002112d2bfbe0, 0x000002112d2d2bb0
}

Java Threads: ( => current thread )
  0x0000021112d71880 JavaThread "main" [_thread_in_Java, id=6328, stack(0x00000046fd500000,0x00000046fd600000)]
  0x000002112cee8610 JavaThread "Reference Handler" daemon [_thread_blocked, id=10364, stack(0x00000046fdc00000,0x00000046fdd00000)]
  0x000002112cee9620 JavaThread "Finalizer" daemon [_thread_blocked, id=6692, stack(0x00000046fdd00000,0x00000046fde00000)]
  0x000002112cf1e110 JavaThread "Signal Dispatcher" daemon [_thread_blocked, id=3052, stack(0x00000046fde00000,0x00000046fdf00000)]
  0x000002112cf1e9e0 JavaThread "Attach Listener" daemon [_thread_blocked, id=10344, stack(0x00000046fdf00000,0x00000046fe000000)]
  0x000002112d159470 JavaThread "Service Thread" daemon [_thread_blocked, id=3720, stack(0x00000046fe000000,0x00000046fe100000)]
  0x000002112d159d40 JavaThread "Monitor Deflation Thread" daemon [_thread_blocked, id=11660, stack(0x00000046fe100000,0x00000046fe200000)]
  0x000002112d15b0e0 JavaThread "C2 CompilerThread0" daemon [_thread_in_native, id=2276, stack(0x00000046fe200000,0x00000046fe300000)]
=>0x000002112d1b60a0 JavaThread "C1 CompilerThread0" daemon [_thread_in_native, id=5448, stack(0x00000046fe300000,0x00000046fe400000)]
  0x000002112d1d3150 JavaThread "Sweeper thread" daemon [_thread_blocked, id=1148, stack(0x00000046fe400000,0x00000046fe500000)]
  0x000002112d2bfbe0 JavaThread "Notification Thread" daemon [_thread_blocked, id=9176, stack(0x00000046fe500000,0x00000046fe600000)]
  0x000002112d2d2bb0 JavaThread "Common-Cleaner" daemon [_thread_blocked, id=9052, stack(0x00000046fe700000,0x00000046fe800000)]

Other Threads:
  0x000002112cec6010 VMThread "VM Thread" [stack: 0x00000046fdb00000,0x00000046fdc00000] [id=4224]
  0x000002112d2c60e0 WatcherThread [stack: 0x00000046fe600000,0x00000046fe700000] [id=1888]
  0x0000021112dbc6a0 GCTaskThread "GC Thread#0" [stack: 0x00000046fd600000,0x00000046fd700000] [id=12448]
  0x0000021112dc9240 ConcurrentGCThread "G1 Main Marker" [stack: 0x00000046fd700000,0x00000046fd800000] [id=9168]
  0x0000021112dc9b70 ConcurrentGCThread "G1 Conc#0" [stack: 0x00000046fd800000,0x00000046fd900000] [id=4852]
  0x0000021112e28df0 ConcurrentGCThread "G1 Refine#0" [stack: 0x00000046fd900000,0x00000046fda00000] [id=12252]
  0x0000021112e29730 ConcurrentGCThread "G1 Service" [stack: 0x00000046fda00000,0x00000046fdb00000] [id=3320]

Threads with active compile tasks:
C2 CompilerThread0     1352  445       4       java.lang.String::<init> (10 bytes)
C1 CompilerThread0     1352  452       3       java.util.regex.Pattern::compile (500 bytes)

VM state: not at safepoint (normal execution)

VM Mutex/Monitor currently owned by a thread: None

Heap address: 0x00000000a1600000, size: 1514 MB, Compressed Oops mode: 32-bit

CDS archive(s) not mapped
Compressed class space mapped at: 0x0000000100000000-0x0000000140000000, reserved size: 1073741824
Narrow klass base: 0x0000000000000000, Narrow klass shift: 3, Narrow klass range: 0x140000000

GC Precious Log:
 CPUs: 4 total, 4 available
 Memory: 6051M
 Large Page Support: Disabled
 NUMA Support: Disabled
 Compressed Oops: Enabled (32-bit)
 Heap Region Size: 1M
 Heap Min Capacity: 8M
 Heap Initial Capacity: 96M
 Heap Max Capacity: 1514M
 Pre-touch: Disabled
 Parallel Workers: 4
 Concurrent Workers: 1
 Concurrent Refinement Workers: 4
 Periodic GC: Disabled

Heap:
 garbage-first heap   total 98304K, used 10240K [0x00000000a1600000, 0x0000000100000000)
  region size 1024K, 11 young (11264K), 0 survivors (0K)
 Metaspace       used 8203K, committed 8320K, reserved 1114112K
  class space    used 724K, committed 768K, reserved 1048576K

Heap Regions: E=young(eden), S=young(survivor), O=old, HS=humongous(starts), HC=humongous(continues), CS=collection set, F=free, OA=open archive, CA=closed archive, TAMS=top-at-mark-start (previous, next)
|   0|0x00000000a1600000, 0x00000000a1600000, 0x00000000a1700000|  0%| F|  |TAMS 0x00000000a1600000, 0x00000000a1600000| Untracked 
|   1|0x00000000a1700000, 0x00000000a1700000, 0x00000000a1800000|  0%| F|  |TAMS 0x00000000a1700000, 0x00000000a1700000| Untracked 
|   2|0x00000000a1800000, 0x00000000a1800000, 0x00000000a1900000|  0%| F|  |TAMS 0x00000000a1800000, 0x00000000a1800000| Untracked 
|   3|0x00000000a1900000, 0x00000000a1900000, 0x00000000a1a00000|  0%| F|  |TAMS 0x00000000a1900000, 0x00000000a1900000| Untracked 
|   4|0x00000000a1a00000, 0x00000000a1a00000, 0x00000000a1b00000|  0%| F|  |TAMS 0x00000000a1a00000, 0x00000000a1a00000| Untracked 
|   5|0x00000000a1b00000, 0x00000000a1b00000, 0x00000000a1c00000|  0%| F|  |TAMS 0x00000000a1b00000, 0x00000000a1b00000| Untracked 
|   6|0x00000000a1c00000, 0x00000000a1c00000, 0x00000000a1d00000|  0%| F|  |TAMS 0x00000000a1c00000, 0x00000000a1c00000| Untracked 
|   7|0x00000000a1d00000, 0x00000000a1d00000, 0x00000000a1e00000|  0%| F|  |TAMS 0x00000000a1d00000, 0x00000000a1d00000| Untracked 
|   8|0x00000000a1e00000, 0x00000000a1e00000, 0x00000000a1f00000|  0%| F|  |TAMS 0x00000000a1e00000, 0x00000000a1e00000| Untracked 
|   9|0x00000000a1f00000, 0x00000000a1f00000, 0x00000000a2000000|  0%| F|  |TAMS 0x00000000a1f00000, 0x00000000a1f00000| Untracked 
|  10|0x00000000a2000000, 0x00000000a2000000, 0x00000000a2100000|  0%| F|  |TAMS 0x00000000a2000000, 0x00000000a2000000| Untracked 
|  11|0x00000000a2100000, 0x00000000a2100000, 0x00000000a2200000|  0%| F|  |TAMS 0x00000000a2100000, 0x00000000a2100000| Untracked 
|  12|0x00000000a2200000, 0x00000000a2200000, 0x00000000a2300000|  0%| F|  |TAMS 0x00000000a2200000, 0x00000000a2200000| Untracked 
|  13|0x00000000a2300000, 0x00000000a2300000, 0x00000000a2400000|  0%| F|  |TAMS 0x00000000a2300000, 0x00000000a2300000| Untracked 
|  14|0x00000000a2400000, 0x00000000a2400000, 0x00000000a2500000|  0%| F|  |TAMS 0x00000000a2400000, 0x00000000a2400000| Untracked 
|  15|0x00000000a2500000, 0x00000000a2500000, 0x00000000a2600000|  0%| F|  |TAMS 0x00000000a2500000, 0x00000000a2500000| Untracked 
|  16|0x00000000a2600000, 0x00000000a2600000, 0x00000000a2700000|  0%| F|  |TAMS 0x00000000a2600000, 0x00000000a2600000| Untracked 
|  17|0x00000000a2700000, 0x00000000a2700000, 0x00000000a2800000|  0%| F|  |TAMS 0x00000000a2700000, 0x00000000a2700000| Untracked 
|  18|0x00000000a2800000, 0x00000000a2800000, 0x00000000a2900000|  0%| F|  |TAMS 0x00000000a2800000, 0x00000000a2800000| Untracked 
|  19|0x00000000a2900000, 0x00000000a2900000, 0x00000000a2a00000|  0%| F|  |TAMS 0x00000000a2900000, 0x00000000a2900000| Untracked 
|  20|0x00000000a2a00000, 0x00000000a2a00000, 0x00000000a2b00000|  0%| F|  |TAMS 0x00000000a2a00000, 0x00000000a2a00000| Untracked 
|  21|0x00000000a2b00000, 0x00000000a2b00000, 0x00000000a2c00000|  0%| F|  |TAMS 0x00000000a2b00000, 0x00000000a2b00000| Untracked 
|  22|0x00000000a2c00000, 0x00000000a2c00000, 0x00000000a2d00000|  0%| F|  |TAMS 0x00000000a2c00000, 0x00000000a2c00000| Untracked 
|  23|0x00000000a2d00000, 0x00000000a2d00000, 0x00000000a2e00000|  0%| F|  |TAMS 0x00000000a2d00000, 0x00000000a2d00000| Untracked 
|  24|0x00000000a2e00000, 0x00000000a2e00000, 0x00000000a2f00000|  0%| F|  |TAMS 0x00000000a2e00000, 0x00000000a2e00000| Untracked 
|  25|0x00000000a2f00000, 0x00000000a2f00000, 0x00000000a3000000|  0%| F|  |TAMS 0x00000000a2f00000, 0x00000000a2f00000| Untracked 
|  26|0x00000000a3000000, 0x00000000a3000000, 0x00000000a3100000|  0%| F|  |TAMS 0x00000000a3000000, 0x00000000a3000000| Untracked 
|  27|0x00000000a3100000, 0x00000000a3100000, 0x00000000a3200000|  0%| F|  |TAMS 0x00000000a3100000, 0x00000000a3100000| Untracked 
|  28|0x00000000a3200000, 0x00000000a3200000, 0x00000000a3300000|  0%| F|  |TAMS 0x00000000a3200000, 0x00000000a3200000| Untracked 
|  29|0x00000000a3300000, 0x00000000a3300000, 0x00000000a3400000|  0%| F|  |TAMS 0x00000000a3300000, 0x00000000a3300000| Untracked 
|  30|0x00000000a3400000, 0x00000000a3400000, 0x00000000a3500000|  0%| F|  |TAMS 0x00000000a3400000, 0x00000000a3400000| Untracked 
|  31|0x00000000a3500000, 0x00000000a3500000, 0x00000000a3600000|  0%| F|  |TAMS 0x00000000a3500000, 0x00000000a3500000| Untracked 
|  32|0x00000000a3600000, 0x00000000a3600000, 0x00000000a3700000|  0%| F|  |TAMS 0x00000000a3600000, 0x00000000a3600000| Untracked 
|  33|0x00000000a3700000, 0x00000000a3700000, 0x00000000a3800000|  0%| F|  |TAMS 0x00000000a3700000, 0x00000000a3700000| Untracked 
|  34|0x00000000a3800000, 0x00000000a3800000, 0x00000000a3900000|  0%| F|  |TAMS 0x00000000a3800000, 0x00000000a3800000| Untracked 
|  35|0x00000000a3900000, 0x00000000a3900000, 0x00000000a3a00000|  0%| F|  |TAMS 0x00000000a3900000, 0x00000000a3900000| Untracked 
|  36|0x00000000a3a00000, 0x00000000a3a00000, 0x00000000a3b00000|  0%| F|  |TAMS 0x00000000a3a00000, 0x00000000a3a00000| Untracked 
|  37|0x00000000a3b00000, 0x00000000a3b00000, 0x00000000a3c00000|  0%| F|  |TAMS 0x00000000a3b00000, 0x00000000a3b00000| Untracked 
|  38|0x00000000a3c00000, 0x00000000a3c00000, 0x00000000a3d00000|  0%| F|  |TAMS 0x00000000a3c00000, 0x00000000a3c00000| Untracked 
|  39|0x00000000a3d00000, 0x00000000a3d00000, 0x00000000a3e00000|  0%| F|  |TAMS 0x00000000a3d00000, 0x00000000a3d00000| Untracked 
|  40|0x00000000a3e00000, 0x00000000a3e00000, 0x00000000a3f00000|  0%| F|  |TAMS 0x00000000a3e00000, 0x00000000a3e00000| Untracked 
|  41|0x00000000a3f00000, 0x00000000a3f00000, 0x00000000a4000000|  0%| F|  |TAMS 0x00000000a3f00000, 0x00000000a3f00000| Untracked 
|  42|0x00000000a4000000, 0x00000000a4000000, 0x00000000a4100000|  0%| F|  |TAMS 0x00000000a4000000, 0x00000000a4000000| Untracked 
|  43|0x00000000a4100000, 0x00000000a4100000, 0x00000000a4200000|  0%| F|  |TAMS 0x00000000a4100000, 0x00000000a4100000| Untracked 
|  44|0x00000000a4200000, 0x00000000a4200000, 0x00000000a4300000|  0%| F|  |TAMS 0x00000000a4200000, 0x00000000a4200000| Untracked 
|  45|0x00000000a4300000, 0x00000000a4300000, 0x00000000a4400000|  0%| F|  |TAMS 0x00000000a4300000, 0x00000000a4300000| Untracked 
|  46|0x00000000a4400000, 0x00000000a4400000, 0x00000000a4500000|  0%| F|  |TAMS 0x00000000a4400000, 0x00000000a4400000| Untracked 
|  47|0x00000000a4500000, 0x00000000a4500000, 0x00000000a4600000|  0%| F|  |TAMS 0x00000000a4500000, 0x00000000a4500000| Untracked 
|  48|0x00000000a4600000, 0x00000000a4600000, 0x00000000a4700000|  0%| F|  |TAMS 0x00000000a4600000, 0x00000000a4600000| Untracked 
|  49|0x00000000a4700000, 0x00000000a4700000, 0x00000000a4800000|  0%| F|  |TAMS 0x00000000a4700000, 0x00000000a4700000| Untracked 
|  50|0x00000000a4800000, 0x00000000a4800000, 0x00000000a4900000|  0%| F|  |TAMS 0x00000000a4800000, 0x00000000a4800000| Untracked 
|  51|0x00000000a4900000, 0x00000000a4900000, 0x00000000a4a00000|  0%| F|  |TAMS 0x00000000a4900000, 0x00000000a4900000| Untracked 
|  52|0x00000000a4a00000, 0x00000000a4a00000, 0x00000000a4b00000|  0%| F|  |TAMS 0x00000000a4a00000, 0x00000000a4a00000| Untracked 
|  53|0x00000000a4b00000, 0x00000000a4b00000, 0x00000000a4c00000|  0%| F|  |TAMS 0x00000000a4b00000, 0x00000000a4b00000| Untracked 
|  54|0x00000000a4c00000, 0x00000000a4c00000, 0x00000000a4d00000|  0%| F|  |TAMS 0x00000000a4c00000, 0x00000000a4c00000| Untracked 
|  55|0x00000000a4d00000, 0x00000000a4d00000, 0x00000000a4e00000|  0%| F|  |TAMS 0x00000000a4d00000, 0x00000000a4d00000| Untracked 
|  56|0x00000000a4e00000, 0x00000000a4e00000, 0x00000000a4f00000|  0%| F|  |TAMS 0x00000000a4e00000, 0x00000000a4e00000| Untracked 
|  57|0x00000000a4f00000, 0x00000000a4f00000, 0x00000000a5000000|  0%| F|  |TAMS 0x00000000a4f00000, 0x00000000a4f00000| Untracked 
|  58|0x00000000a5000000, 0x00000000a5000000, 0x00000000a5100000|  0%| F|  |TAMS 0x00000000a5000000, 0x00000000a5000000| Untracked 
|  59|0x00000000a5100000, 0x00000000a5100000, 0x00000000a5200000|  0%| F|  |TAMS 0x00000000a5100000, 0x00000000a5100000| Untracked 
|  60|0x00000000a5200000, 0x00000000a5200000, 0x00000000a5300000|  0%| F|  |TAMS 0x00000000a5200000, 0x00000000a5200000| Untracked 
|  61|0x00000000a5300000, 0x00000000a5300000, 0x00000000a5400000|  0%| F|  |TAMS 0x00000000a5300000, 0x00000000a5300000| Untracked 
|  62|0x00000000a5400000, 0x00000000a5400000, 0x00000000a5500000|  0%| F|  |TAMS 0x00000000a5400000, 0x00000000a5400000| Untracked 
|  63|0x00000000a5500000, 0x00000000a5500000, 0x00000000a5600000|  0%| F|  |TAMS 0x00000000a5500000, 0x00000000a5500000| Untracked 
|  64|0x00000000a5600000, 0x00000000a5600000, 0x00000000a5700000|  0%| F|  |TAMS 0x00000000a5600000, 0x00000000a5600000| Untracked 
|  65|0x00000000a5700000, 0x00000000a5700000, 0x00000000a5800000|  0%| F|  |TAMS 0x00000000a5700000, 0x00000000a5700000| Untracked 
|  66|0x00000000a5800000, 0x00000000a5800000, 0x00000000a5900000|  0%| F|  |TAMS 0x00000000a5800000, 0x00000000a5800000| Untracked 
|  67|0x00000000a5900000, 0x00000000a5900000, 0x00000000a5a00000|  0%| F|  |TAMS 0x00000000a5900000, 0x00000000a5900000| Untracked 
|  68|0x00000000a5a00000, 0x00000000a5a00000, 0x00000000a5b00000|  0%| F|  |TAMS 0x00000000a5a00000, 0x00000000a5a00000| Untracked 
|  69|0x00000000a5b00000, 0x00000000a5b00000, 0x00000000a5c00000|  0%| F|  |TAMS 0x00000000a5b00000, 0x00000000a5b00000| Untracked 
|  70|0x00000000a5c00000, 0x00000000a5c00000, 0x00000000a5d00000|  0%| F|  |TAMS 0x00000000a5c00000, 0x00000000a5c00000| Untracked 
|  71|0x00000000a5d00000, 0x00000000a5d00000, 0x00000000a5e00000|  0%| F|  |TAMS 0x00000000a5d00000, 0x00000000a5d00000| Untracked 
|  72|0x00000000a5e00000, 0x00000000a5e00000, 0x00000000a5f00000|  0%| F|  |TAMS 0x00000000a5e00000, 0x00000000a5e00000| Untracked 
|  73|0x00000000a5f00000, 0x00000000a5f00000, 0x00000000a6000000|  0%| F|  |TAMS 0x00000000a5f00000, 0x00000000a5f00000| Untracked 
|  74|0x00000000a6000000, 0x00000000a6000000, 0x00000000a6100000|  0%| F|  |TAMS 0x00000000a6000000, 0x00000000a6000000| Untracked 
|  75|0x00000000a6100000, 0x00000000a6100000, 0x00000000a6200000|  0%| F|  |TAMS 0x00000000a6100000, 0x00000000a6100000| Untracked 
|  76|0x00000000a6200000, 0x00000000a6200000, 0x00000000a6300000|  0%| F|  |TAMS 0x00000000a6200000, 0x00000000a6200000| Untracked 
|  77|0x00000000a6300000, 0x00000000a6300000, 0x00000000a6400000|  0%| F|  |TAMS 0x00000000a6300000, 0x00000000a6300000| Untracked 
|  78|0x00000000a6400000, 0x00000000a6400000, 0x00000000a6500000|  0%| F|  |TAMS 0x00000000a6400000, 0x00000000a6400000| Untracked 
|  79|0x00000000a6500000, 0x00000000a6500000, 0x00000000a6600000|  0%| F|  |TAMS 0x00000000a6500000, 0x00000000a6500000| Untracked 
|  80|0x00000000a6600000, 0x00000000a6600000, 0x00000000a6700000|  0%| F|  |TAMS 0x00000000a6600000, 0x00000000a6600000| Untracked 
|  81|0x00000000a6700000, 0x00000000a6700000, 0x00000000a6800000|  0%| F|  |TAMS 0x00000000a6700000, 0x00000000a6700000| Untracked 
|  82|0x00000000a6800000, 0x00000000a6800000, 0x00000000a6900000|  0%| F|  |TAMS 0x00000000a6800000, 0x00000000a6800000| Untracked 
|  83|0x00000000a6900000, 0x00000000a6900000, 0x00000000a6a00000|  0%| F|  |TAMS 0x00000000a6900000, 0x00000000a6900000| Untracked 
|  84|0x00000000a6a00000, 0x00000000a6a00000, 0x00000000a6b00000|  0%| F|  |TAMS 0x00000000a6a00000, 0x00000000a6a00000| Untracked 
|  85|0x00000000a6b00000, 0x00000000a6b43180, 0x00000000a6c00000| 26%| E|  |TAMS 0x00000000a6b00000, 0x00000000a6b00000| Complete 
|  86|0x00000000a6c00000, 0x00000000a6d00000, 0x00000000a6d00000|100%| E|CS|TAMS 0x00000000a6c00000, 0x00000000a6c00000| Complete 
|  87|0x00000000a6d00000, 0x00000000a6e00000, 0x00000000a6e00000|100%| E|CS|TAMS 0x00000000a6d00000, 0x00000000a6d00000| Complete 
|  88|0x00000000a6e00000, 0x00000000a6f00000, 0x00000000a6f00000|100%| E|CS|TAMS 0x00000000a6e00000, 0x00000000a6e00000| Complete 
|  89|0x00000000a6f00000, 0x00000000a7000000, 0x00000000a7000000|100%| E|CS|TAMS 0x00000000a6f00000, 0x00000000a6f00000| Complete 
|  90|0x00000000a7000000, 0x00000000a7100000, 0x00000000a7100000|100%| E|CS|TAMS 0x00000000a7000000, 0x00000000a7000000| Complete 
|  91|0x00000000a7100000, 0x00000000a7200000, 0x00000000a7200000|100%| E|CS|TAMS 0x00000000a7100000, 0x00000000a7100000| Complete 
|  92|0x00000000a7200000, 0x00000000a7300000, 0x00000000a7300000|100%| E|CS|TAMS 0x00000000a7200000, 0x00000000a7200000| Complete 
|  93|0x00000000a7300000, 0x00000000a7400000, 0x00000000a7400000|100%| E|CS|TAMS 0x00000000a7300000, 0x00000000a7300000| Complete 
|  94|0x00000000a7400000, 0x00000000a7500000, 0x00000000a7500000|100%| E|CS|TAMS 0x00000000a7400000, 0x00000000a7400000| Complete 
|  95|0x00000000a7500000, 0x00000000a7600000, 0x00000000a7600000|100%| E|CS|TAMS 0x00000000a7500000, 0x00000000a7500000| Complete 

Card table byte_map: [0x0000021127340000,0x0000021127640000] _byte_map_base: 0x0000021126e35000

Marking Bits (Prev, Next): (CMBitMap*) 0x0000021112dbcbd0, (CMBitMap*) 0x0000021112dbcc10
 Prev Bits: [0x0000021127940000, 0x00000211290e8000)
 Next Bits: [0x00000211290f0000, 0x000002112a898000)

Polling page: 0x0000021112be0000

Metaspace:

Usage:
  Non-class:      7.30 MB used.
      Class:    724.91 KB used.
       Both:      8.01 MB used.

Virtual space:
  Non-class space:       64.00 MB reserved,       7.38 MB ( 12%) committed,  1 nodes.
      Class space:        1.00 GB reserved,     768.00 KB ( <1%) committed,  1 nodes.
             Both:        1.06 GB reserved,       8.12 MB ( <1%) committed. 

Chunk freelists:
   Non-Class:  8.33 MB
       Class:  15.20 MB
        Both:  23.53 MB

MaxMetaspaceSize: unlimited
CompressedClassSpaceSize: 1.00 GB
Initial GC threshold: 21.00 MB
Current GC threshold: 21.00 MB
CDS: off
MetaspaceReclaimPolicy: balanced
 - commit_granule_bytes: 65536.
 - commit_granule_words: 8192.
 - virtual_space_node_default_size: 8388608.
 - enlarge_chunks_in_place: 1.
 - new_chunks_are_fully_committed: 0.
 - uncommit_free_chunks: 1.
 - use_allocation_guard: 0.
 - handle_deallocations: 1.


Internal statistics:

num_allocs_failed_limit: 0.
num_arena_births: 12.
num_arena_deaths: 0.
num_vsnodes_births: 2.
num_vsnodes_deaths: 0.
num_space_committed: 130.
num_space_uncommitted: 0.
num_chunks_returned_to_freelist: 0.
num_chunks_taken_from_freelist: 52.
num_chunk_merges: 0.
num_chunk_splits: 23.
num_chunks_enlarged: 17.
num_inconsistent_stats: 0.

CodeHeap 'non-profiled nmethods': size=120000Kb used=138Kb max_used=138Kb free=119861Kb
 bounds [0x000002111f4f0000, 0x000002111f760000, 0x0000021126a20000]
CodeHeap 'profiled nmethods': size=120000Kb used=656Kb max_used=656Kb free=119343Kb
 bounds [0x0000021117a20000, 0x0000021117c90000, 0x000002111ef50000]
CodeHeap 'non-nmethods': size=5760Kb used=1123Kb max_used=1140Kb free=4636Kb
 bounds [0x000002111ef50000, 0x000002111f1c0000, 0x000002111f4f0000]
 total_blobs=856 nmethods=450 adapters=319
 compilation: enabled
              stopped_count=0, restarted_count=0
 full_count=0

Compilation events (20 events):
Event: 1.254 Thread 0x000002112d15b0e0  441       4       java.lang.String::<init> (74 bytes)
Event: 1.260 Thread 0x000002112d15b0e0 nmethod 441 0x000002111f50fd10 code [0x000002111f50fea0, 0x000002111f5102b8]
Event: 1.260 Thread 0x000002112d15b0e0  442       4       java.lang.StringUTF16::compress (20 bytes)
Event: 1.262 Thread 0x000002112d15b0e0 nmethod 442 0x000002111f510410 code [0x000002111f5105a0, 0x000002111f5107d8]
Event: 1.262 Thread 0x000002112d15b0e0  443       4       java.lang.String::indexOf (29 bytes)
Event: 1.264 Thread 0x000002112d15b0e0 nmethod 443 0x000002111f510910 code [0x000002111f510aa0, 0x000002111f510c78]
Event: 1.264 Thread 0x000002112d15b0e0  444       4       java.io.WinNTFileSystem::resolve (275 bytes)
Event: 1.273 Thread 0x000002112d1b60a0  446       3       java.lang.ref.Reference::clear (5 bytes)
Event: 1.273 Thread 0x000002112d1b60a0 nmethod 446 0x0000021117ac1490 code [0x0000021117ac1620, 0x0000021117ac1768]
Event: 1.274 Thread 0x000002112d1b60a0  448       3       java.io.File::isFile (34 bytes)
Event: 1.275 Thread 0x000002112d1b60a0 nmethod 448 0x0000021117ac1810 code [0x0000021117ac1a00, 0x0000021117ac1f28]
Event: 1.275 Thread 0x000002112d1b60a0  449       3       java.io.File::<init> (111 bytes)
Event: 1.276 Thread 0x000002112d1b60a0 nmethod 449 0x0000021117ac2090 code [0x0000021117ac2340, 0x0000021117ac2d68]
Event: 1.280 Thread 0x000002112d1b60a0  450       3       java.lang.ref.Cleaner::register (25 bytes)
Event: 1.280 Thread 0x000002112d1b60a0 nmethod 450 0x0000021117ac3110 code [0x0000021117ac3300, 0x0000021117ac3848]
Event: 1.283 Thread 0x000002112d1b60a0  451   !   3       jdk.internal.ref.PhantomCleanable::remove (60 bytes)
Event: 1.283 Thread 0x000002112d1b60a0 nmethod 451 0x0000021117ac3a90 code [0x0000021117ac3c40, 0x0000021117ac4058]
Event: 1.284 Thread 0x000002112d1b60a0  452       3       java.util.regex.Pattern::compile (500 bytes)
Event: 1.286 Thread 0x000002112d15b0e0 nmethod 444 0x000002111f511210 code [0x000002111f511400, 0x000002111f512068]
Event: 1.286 Thread 0x000002112d15b0e0  445       4       java.lang.String::<init> (10 bytes)

GC Heap History (0 events):
No events

Dll operation events (2 events):
Event: 0.015 Loaded shared library C:\Program Files\Android\Android Studio\jbr\bin\java.dll
Event: 0.414 Loaded shared library C:\Program Files\Android\Android Studio\jbr\bin\verify.dll

Deoptimization events (20 events):
Event: 0.789 Thread 0x0000021112d71880 DEOPT PACKING pc=0x0000021117a7468c sp=0x00000046fd5f98c0
Event: 0.789 Thread 0x0000021112d71880 DEOPT UNPACKING pc=0x000002111efa7143 sp=0x00000046fd5f8d50 mode 0
Event: 0.789 Thread 0x0000021112d71880 DEOPT PACKING pc=0x0000021117a7468c sp=0x00000046fd5f98c0
Event: 0.789 Thread 0x0000021112d71880 DEOPT UNPACKING pc=0x000002111efa7143 sp=0x00000046fd5f8d50 mode 0
Event: 0.789 Thread 0x0000021112d71880 DEOPT PACKING pc=0x0000021117a7468c sp=0x00000046fd5f98c0
Event: 0.789 Thread 0x0000021112d71880 DEOPT UNPACKING pc=0x000002111efa7143 sp=0x00000046fd5f8d50 mode 0
Event: 0.789 Thread 0x0000021112d71880 DEOPT PACKING pc=0x0000021117a7468c sp=0x00000046fd5f98c0
Event: 0.789 Thread 0x0000021112d71880 DEOPT UNPACKING pc=0x000002111efa7143 sp=0x00000046fd5f8d50 mode 0
Event: 0.827 Thread 0x0000021112d71880 DEOPT PACKING pc=0x0000021117a38be7 sp=0x00000046fd5fcc90
Event: 0.827 Thread 0x0000021112d71880 DEOPT UNPACKING pc=0x000002111efa7143 sp=0x00000046fd5fc0b0 mode 0
Event: 0.847 Thread 0x0000021112d71880 DEOPT PACKING pc=0x0000021117a356d1 sp=0x00000046fd5fd790
Event: 0.847 Thread 0x0000021112d71880 DEOPT UNPACKING pc=0x000002111efa7143 sp=0x00000046fd5fcc08 mode 0
Event: 0.881 Thread 0x0000021112d71880 DEOPT PACKING pc=0x0000021117a5067e sp=0x00000046fd5fd6a0
Event: 0.882 Thread 0x0000021112d71880 DEOPT UNPACKING pc=0x000002111efa7143 sp=0x00000046fd5fcb10 mode 0
Event: 0.936 Thread 0x0000021112d71880 DEOPT PACKING pc=0x0000021117a6e53e sp=0x00000046fd5fd820
Event: 0.936 Thread 0x0000021112d71880 DEOPT UNPACKING pc=0x000002111efa7143 sp=0x00000046fd5fcc98 mode 0
Event: 0.936 Thread 0x0000021112d71880 DEOPT PACKING pc=0x0000021117a6e53e sp=0x00000046fd5fd820
Event: 0.936 Thread 0x0000021112d71880 DEOPT UNPACKING pc=0x000002111efa7143 sp=0x00000046fd5fcc98 mode 0
Event: 1.077 Thread 0x0000021112d71880 DEOPT PACKING pc=0x0000021117a7bcda sp=0x00000046fd5fd510
Event: 1.077 Thread 0x0000021112d71880 DEOPT UNPACKING pc=0x000002111efa7143 sp=0x00000046fd5fc9d0 mode 0

Classes unloaded (0 events):
No events

Classes redefined (0 events):
No events

Internal exceptions (1 events):
Event: 0.824 Thread 0x0000021112d71880 Exception <a 'java/lang/NoSuchMethodError'{0x00000000a721b848}: 'int java.lang.invoke.DirectMethodHandle$Holder.invokeStaticInit(java.lang.Object, java.lang.Object)'> (0x00000000a721b848) 
thrown [s\src\hotspot\share\interpreter\linkResolver.cpp, line 771]

VM Operations (2 events):
Event: 0.395 Executing VM operation: HandshakeAllThreads
Event: 0.395 Executing VM operation: HandshakeAllThreads done

Events (20 events):
Event: 0.835 loading class java/io/FileFilter
Event: 0.835 loading class java/io/FileFilter done
Event: 0.883 loading class java/util/Collections$UnmodifiableList
Event: 0.883 loading class java/util/Collections$UnmodifiableList done
Event: 0.883 loading class java/util/Collections$UnmodifiableRandomAccessList
Event: 0.883 loading class java/util/Collections$UnmodifiableRandomAccessList done
Event: 0.892 loading class java/util/AbstractList$Itr
Event: 0.892 loading class java/util/AbstractList$Itr done
Event: 0.900 loading class java/util/zip/ZipException
Event: 0.900 loading class java/util/zip/ZipException done
Event: 0.901 loading class java/util/ArrayList$SubList
Event: 0.902 loading class java/util/ArrayList$SubList done
Event: 0.920 loading class java/util/Collections$UnmodifiableCollection$1
Event: 0.920 loading class java/util/Collections$UnmodifiableCollection$1 done
Event: 0.925 loading class java/util/Collections$SingletonSet
Event: 0.925 loading class java/util/Collections$SingletonSet done
Event: 0.925 loading class java/util/Collections$1
Event: 0.925 loading class java/util/Collections$1 done
Event: 0.931 loading class java/lang/invoke/DirectMethodHandle$Special
Event: 0.932 loading class java/lang/invoke/DirectMethodHandle$Special done


Dynamic libraries:
0x00007ff6a8040000 - 0x00007ff6a804a000 	C:\Program Files\Android\Android Studio\jbr\bin\java.exe
0x00007ffaa8810000 - 0x00007ffaa8a08000 	C:\Windows\SYSTEM32\ntdll.dll
0x00007ffaa6840000 - 0x00007ffaa6901000 	C:\Windows\System32\KERNEL32.DLL
0x00007ffaa62a0000 - 0x00007ffaa659d000 	C:\Windows\System32\KERNELBASE.dll
0x00007ffaa6690000 - 0x00007ffaa6790000 	C:\Windows\System32\ucrtbase.dll
0x00007ffa9b920000 - 0x00007ffa9b937000 	C:\Program Files\Android\Android Studio\jbr\bin\jli.dll
0x00007ffaa77e0000 - 0x00007ffaa797d000 	C:\Windows\System32\USER32.dll
0x00007ffaa65f0000 - 0x00007ffaa6612000 	C:\Windows\System32\win32u.dll
0x00007ffaa7280000 - 0x00007ffaa72ab000 	C:\Windows\System32\GDI32.dll
0x00007ffaa6020000 - 0x00007ffaa6137000 	C:\Windows\System32\gdi32full.dll
0x00007ffaa61d0000 - 0x00007ffaa626d000 	C:\Windows\System32\msvcp_win.dll
0x00007ffa97700000 - 0x00007ffa9771b000 	C:\Program Files\Android\Android Studio\jbr\bin\VCRUNTIME140.dll
0x00007ffa8e320000 - 0x00007ffa8e5ba000 	C:\Windows\WinSxS\amd64_microsoft.windows.common-controls_6595b64144ccf1df_6.0.19041.4355_none_60b8b9eb71f62e16\COMCTL32.dll
0x00007ffaa7cc0000 - 0x00007ffaa7d5e000 	C:\Windows\System32\msvcrt.dll
0x00007ffaa7b50000 - 0x00007ffaa7b7f000 	C:\Windows\System32\IMM32.DLL
0x00007ffa9c1b0000 - 0x00007ffa9c1bc000 	C:\Program Files\Android\Android Studio\jbr\bin\vcruntime140_1.dll
0x00007ffa836d0000 - 0x00007ffa8375d000 	C:\Program Files\Android\Android Studio\jbr\bin\msvcp140.dll
0x00007ffa72eb0000 - 0x00007ffa73b33000 	C:\Program Files\Android\Android Studio\jbr\bin\server\jvm.dll
0x00007ffaa8250000 - 0x00007ffaa8300000 	C:\Windows\System32\ADVAPI32.dll
0x00007ffaa72b0000 - 0x00007ffaa7350000 	C:\Windows\System32\sechost.dll
0x00007ffaa7140000 - 0x00007ffaa7263000 	C:\Windows\System32\RPCRT4.dll
0x00007ffaa6270000 - 0x00007ffaa6297000 	C:\Windows\System32\bcrypt.dll
0x00007ffaa5d10000 - 0x00007ffaa5d5b000 	C:\Windows\SYSTEM32\POWRPROF.dll
0x00007ffa9f2a0000 - 0x00007ffa9f2a9000 	C:\Windows\SYSTEM32\WSOCK32.dll
0x00007ffaa8300000 - 0x00007ffaa836b000 	C:\Windows\System32\WS2_32.dll
0x00007ffa969b0000 - 0x00007ffa969d7000 	C:\Windows\SYSTEM32\WINMM.dll
0x00007ffa96590000 - 0x00007ffa9659a000 	C:\Windows\SYSTEM32\VERSION.dll
0x00007ffaa5cf0000 - 0x00007ffaa5d02000 	C:\Windows\SYSTEM32\UMPDC.dll
0x00007ffaa3d40000 - 0x00007ffaa3d52000 	C:\Windows\SYSTEM32\kernel.appcore.dll
0x00007ffa9c150000 - 0x00007ffa9c15a000 	C:\Program Files\Android\Android Studio\jbr\bin\jimage.dll
0x00007ffa8af30000 - 0x00007ffa8b114000 	C:\Windows\SYSTEM32\DBGHELP.DLL
0x00007ffa8aef0000 - 0x00007ffa8af24000 	C:\Windows\SYSTEM32\dbgcore.DLL
0x00007ffaa6140000 - 0x00007ffaa61c2000 	C:\Windows\System32\bcryptPrimitives.dll
0x00007ffa948d0000 - 0x00007ffa948f5000 	C:\Program Files\Android\Android Studio\jbr\bin\java.dll
0x00007ffa93cd0000 - 0x00007ffa93ce8000 	C:\Program Files\Android\Android Studio\jbr\bin\zip.dll
0x00007ffaa69d0000 - 0x00007ffaa713f000 	C:\Windows\System32\SHELL32.dll
0x00007ffaa3f40000 - 0x00007ffaa46df000 	C:\Windows\SYSTEM32\windows.storage.dll
0x00007ffaa8370000 - 0x00007ffaa86c3000 	C:\Windows\System32\combase.dll
0x00007ffaa5810000 - 0x00007ffaa583e000 	C:\Windows\SYSTEM32\Wldp.dll
0x00007ffaa7350000 - 0x00007ffaa741d000 	C:\Windows\System32\OLEAUT32.dll
0x00007ffaa7aa0000 - 0x00007ffaa7b4d000 	C:\Windows\System32\SHCORE.dll
0x00007ffaa7780000 - 0x00007ffaa77d5000 	C:\Windows\System32\shlwapi.dll
0x00007ffaa5df0000 - 0x00007ffaa5e14000 	C:\Windows\SYSTEM32\profapi.dll
0x00007ffa91a40000 - 0x00007ffa91a59000 	C:\Program Files\Android\Android Studio\jbr\bin\net.dll
0x00007ffa9e5a0000 - 0x00007ffa9e6ad000 	C:\Windows\SYSTEM32\WINHTTP.dll
0x00007ffaa5570000 - 0x00007ffaa55da000 	C:\Windows\system32\mswsock.dll
0x00007ffa91330000 - 0x00007ffa91346000 	C:\Program Files\Android\Android Studio\jbr\bin\nio.dll
0x00007ffa9b770000 - 0x00007ffa9b780000 	C:\Program Files\Android\Android Studio\jbr\bin\verify.dll

dbghelp: loaded successfully - version: 4.0.5 - missing functions: none
symbol engine: initialized successfully - sym options: 0x614 - pdb path: .;C:\Program Files\Android\Android Studio\jbr\bin;C:\Windows\SYSTEM32;C:\Windows\WinSxS\amd64_microsoft.windows.common-controls_6595b64144ccf1df_6.0.19041.4355_none_60b8b9eb71f62e16;C:\Program Files\Android\Android Studio\jbr\bin\server

VM Arguments:
jvm_args: -Dorg.gradle.appname=gradlew 
java_command: org.gradle.wrapper.GradleWrapperMain -q -Ptarget-platform=android-arm64 -Ptarget=D:\flutterApps\training\UIS_Personal-main\lib\main.dart -Pbase-application-name=android.app.Application -Pdart-defines=RkxVVFRFUl9XRUJfQ0FOVkFTS0lUX1VSTD1odHRwczovL3d3dy5nc3RhdGljLmNvbS9mbHV0dGVyLWNhbnZhc2tpdC9mNjM0NGI3NWRjZjg2MWQ4YmYxZjEzMjI3ODBiODgxMWY5ODJlMzFhLw== -Pdart-obfuscation=false -Ptrack-widget-creation=true -Ptree-shake-icons=false -Pfilesystem-scheme=org-dartlang-root assembleDebug
java_class_path (initial): D:\flutterApps\training\UIS_Personal-main\android\\gradle\wrapper\gradle-wrapper.jar
Launcher Type: SUN_STANDARD

[Global flags]
     intx CICompilerCount                          = 3                                         {product} {ergonomic}
     uint ConcGCThreads                            = 1                                         {product} {ergonomic}
     uint G1ConcRefinementThreads                  = 4                                         {product} {ergonomic}
   size_t G1HeapRegionSize                         = 1048576                                   {product} {ergonomic}
    uintx GCDrainStackTargetSize                   = 64                                        {product} {ergonomic}
   size_t InitialHeapSize                          = 100663296                                 {product} {ergonomic}
   size_t MarkStackSize                            = 4194304                                   {product} {ergonomic}
   size_t MaxHeapSize                              = 1587544064                                {product} {ergonomic}
   size_t MaxNewSize                               = 952107008                                 {product} {ergonomic}
   size_t MinHeapDeltaBytes                        = 1048576                                   {product} {ergonomic}
   size_t MinHeapSize                              = 8388608                                   {product} {ergonomic}
    uintx NonNMethodCodeHeapSize                   = 5832780                                {pd product} {ergonomic}
    uintx NonProfiledCodeHeapSize                  = 122912730                              {pd product} {ergonomic}
    uintx ProfiledCodeHeapSize                     = 122912730                              {pd product} {ergonomic}
    uintx ReservedCodeCacheSize                    = 251658240                              {pd product} {ergonomic}
     bool SegmentedCodeCache                       = true                                      {product} {ergonomic}
   size_t SoftMaxHeapSize                          = 1587544064                             {manageable} {ergonomic}
     bool UseCompressedClassPointers               = true                           {product lp64_product} {ergonomic}
     bool UseCompressedOops                        = true                           {product lp64_product} {ergonomic}
     bool UseG1GC                                  = true                                      {product} {ergonomic}
     bool UseLargePagesIndividualAllocation        = false                                  {pd product} {ergonomic}

Logging:
Log output configuration:
 #0: stdout all=warning uptime,level,tags
 #1: stderr all=off uptime,level,tags

Environment Variables:
JAVA_HOME=C:\Program Files\Android\Android Studio\jbr
CLASSPATH=D:\flutterApps\training\UIS_Personal-main\android\\gradle\wrapper\gradle-wrapper.jar
PATH=C:\Program Files\Android\Android Studio\jbr\bin;C:\Program Files\Common Files\Oracle\Java\javapath;C:\Windows\system32;C:\Windows;C:\Windows\System32\Wbem;C:\Windows\System32\WindowsPowerShell\v1.0\;C:\Windows\System32\OpenSSH\;C:\Program Files\Git\cmd;C:\Program Files\nodejs\;C:\Users\maged\AppData\Local\Microsoft\WindowsApps;C:\src\flutter\bin;C:\src\flutter\bin;C:\Users\maged\AppData\Local\GitHubDesktop\bin;C:\Users\maged\AppData\Local\Pub\Cache\bin;C:\Users\maged\AppData\Roaming\npm;C:\Users\maged\AppData\Local\Programs\Microsoft VS Code\bin;C:\src\flutter\bin\mingit\cmd;C:\src\flutter\bin\mingit\cmd
USERNAME=maged
OS=Windows_NT
PROCESSOR_IDENTIFIER=Intel64 Family 6 Model 42 Stepping 7, GenuineIntel
TMP=C:\Users\maged\AppData\Local\Temp
TEMP=C:\Users\maged\AppData\Local\Temp



Periodic native trim disabled

JNI global refs:
JNI global refs: 7, weak refs: 7

JNI global refs memory usage: 843, weak refs: 841

OOME stack traces (most recent first):
Classloader memory used:
Loader bootstrap                                                                       : 983K
Loader java.net.URLClassLoader                                                         : 25172B
Loader jdk.internal.loader.ClassLoaders$AppClassLoader                                 : 18431B


---------------  S Y S T E M  ---------------

OS:
 Windows 10 , 64 bit Build 19041 (10.0.19041.4717)
OS uptime: 12 days 5:18 hours

CPU: total 4 (initial active 4) (2 cores per cpu, 2 threads per core) family 6 model 42 stepping 7 microcode 0x2f, cx8, cmov, fxsr, ht, mmx, sse, sse2, sse3, ssse3, sse4.1, sse4.2, popcnt, tsc, tscinvbit, avx, aes, clmul, vzeroupper, clflush
Processor Information for all 4 processors :
  Max Mhz: 2301, Current Mhz: 2301, Mhz Limit: 2301

Memory: 4k page, system-wide physical 6051M (450M free)
TotalPageFile size 8099M (AvailPageFile size 1M)
current process WorkingSet (physical memory assigned to process): 48M, peak: 48M
current process commit charge ("private bytes"): 167M, peak: 169M

vm_info: OpenJDK 64-Bit Server VM (17.0.10+0--11572160) for windows-amd64 JRE (17.0.10+0--11572160), built on Mar 13 2024 23:56:38 by "androidbuild" with MS VC++ 16.10 / 16.11 (VS2019)

END.
