#
# There is insufficient memory for the Java Runtime Environment to continue.
# Native memory allocation (malloc) failed to allocate 65552 bytes for Chunk::new
# Possible reasons:
#   The system is out of physical RAM or swap space
#   The process is running with CompressedOops enabled, and the Java Heap may be blocking the growth of the native heap
# Possible solutions:
#   Reduce memory load on the system
#   Increase physical memory or swap space
#   Check if swap backing store is full
#   Decrease Java heap size (-Xmx/-Xms)
#   Decrease number of Java threads
#   Decrease Java thread stack sizes (-Xss)
#   Set larger code cache with -XX:ReservedCodeCacheSize=
#   JVM is running with Zero Based Compressed Oops mode in which the Java heap is
#     placed in the first 32GB address space. The Java Heap base address is the
#     maximum limit for the native heap growth. Please use -XX:HeapBaseMinAddress
#     to set the Java Heap base and to place the Java Heap above 32GB virtual address.
# This output file may be truncated or incomplete.
#
#  Out of Memory Error (arena.cpp:191), pid=3632, tid=8724
#
# JRE version: OpenJDK Runtime Environment (17.0.10) (build 17.0.10+0--11572160)
# Java VM: OpenJDK 64-Bit Server VM (17.0.10+0--11572160, mixed mode, tiered, compressed oops, compressed class ptrs, g1 gc, windows-amd64)
# No core dump will be written. Minidumps are not enabled by default on client versions of Windows
#

---------------  S U M M A R Y ------------

Command Line: -XX:+HeapDumpOnOutOfMemoryError --add-opens=java.base/java.util=ALL-UNNAMED --add-opens=java.base/java.lang=ALL-UNNAMED --add-opens=java.base/java.lang.invoke=ALL-UNNAMED --add-opens=java.prefs/java.util.prefs=ALL-UNNAMED --add-opens=java.base/java.nio.charset=ALL-UNNAMED --add-opens=java.base/java.net=ALL-UNNAMED --add-opens=java.base/java.util.concurrent.atomic=ALL-UNNAMED -Xmx4G -Dfile.encoding=windows-1252 -Duser.country=US -Duser.language=en -Duser.variant org.gradle.launcher.daemon.bootstrap.GradleDaemon 7.6.3

Host: Intel(R) Core(TM) i5-2410M CPU @ 2.30GHz, 4 cores, 5G,  Windows 10 , 64 bit Build 19041 (10.0.19041.4717)
Time: Wed Sep  4 23:04:54 2024 Egypt Daylight Time elapsed time: 113.978782 seconds (0d 0h 1m 53s)

---------------  T H R E A D  ---------------

Current thread (0x0000026370137a60):  JavaThread "C2 CompilerThread0" daemon [_thread_in_native, id=8724, stack(0x00000072b0700000,0x00000072b0800000)]


Current CompileTask:
C2: 113978 25169 %     4       javax.management.ObjectName::construct @ 86 (1135 bytes)

Stack: [0x00000072b0700000,0x00000072b0800000]
Native frames: (J=compiled Java code, j=interpreted, Vv=VM code, C=native code)
V  [jvm.dll+0x688e89]
V  [jvm.dll+0x84247a]
V  [jvm.dll+0x8440be]
V  [jvm.dll+0x844723]
V  [jvm.dll+0x24be0f]
V  [jvm.dll+0xac524]
V  [jvm.dll+0xacb6c]
V  [jvm.dll+0xac62b]
V  [jvm.dll+0x6e035c]
V  [jvm.dll+0x599f1f]
V  [jvm.dll+0x58078a]
V  [jvm.dll+0x57d505]
V  [jvm.dll+0x595d16]
V  [jvm.dll+0x596c43]
V  [jvm.dll+0x592d24]
V  [jvm.dll+0x592dc6]
V  [jvm.dll+0x592dc6]
V  [jvm.dll+0x5905f2]
V  [jvm.dll+0x226452]
V  [jvm.dll+0x21f17d]
V  [jvm.dll+0x21cdb1]
V  [jvm.dll+0x1a60ad]
V  [jvm.dll+0x22cd78]
V  [jvm.dll+0x22aeb0]
V  [jvm.dll+0x7f6917]
V  [jvm.dll+0x7f0d1a]
V  [jvm.dll+0x687d05]
C  [ucrtbase.dll+0x21bb2]
C  [KERNEL32.DLL+0x17374]
C  [ntdll.dll+0x4cc91]


---------------  P R O C E S S  ---------------

Threads class SMR info:
_java_thread_list=0x00000263087d2180, length=91, elements={
0x000002634dcc1880, 0x000002636becaa30, 0x000002636becba40, 0x000002636bed84f0,
0x000002636bed91d0, 0x000002637012fd80, 0x000002637012f360, 0x0000026370137a60,
0x000002637013b870, 0x0000026370150d80, 0x00000263701307a0, 0x0000026370132600,
0x0000026370132b10, 0x000002637012f870, 0x0000026370130290, 0x00000263701316d0,
0x0000026370130cb0, 0x00000263701311c0, 0x0000026370131be0, 0x00000263701320f0,
0x00000263718564f0, 0x0000026371853760, 0x0000026371856a00, 0x0000026371854180,
0x0000026371855ad0, 0x0000026371854690, 0x0000026371854ba0, 0x0000026371856f10,
0x00000263718550b0, 0x00000263718555c0, 0x0000026371855fe0, 0x0000026373d68740,
0x0000026373d6aab0, 0x0000026373d64a80, 0x0000026373d6b4d0, 0x0000026373d64060,
0x0000026373d6afc0, 0x0000026373d6a090, 0x0000026373d659b0, 0x0000026373d6b9e0,
0x0000026373d65ec0, 0x0000026373d654a0, 0x0000026373d66df0, 0x0000026373d67300,
0x0000026373d69160, 0x0000026373d69670, 0x0000026373d69b80, 0x00000263703d1050,
0x00000263703d29a0, 0x00000263703d4d10, 0x00000263703d1f80, 0x00000263703d2eb0,
0x00000263703d5c40, 0x00000263703d0630, 0x00000263703d5220, 0x00000263703d42f0,
0x00000263703d7590, 0x00000263703d0b40, 0x00000263703d1560, 0x00000263703d4800,
0x00000263703d7080, 0x00000263703d33c0, 0x00000263703d1a70, 0x00000263703d5730,
0x00000263703d2490, 0x00000263703d0120, 0x00000263703d38d0, 0x00000263703d7aa0,
0x00000263703d3de0, 0x00000263703d6b70, 0x00000263703d6660, 0x0000026373ebf890,
0x0000026373ec16f0, 0x0000026373ec02b0, 0x0000026373ebd010, 0x0000026373ebbbd0,
0x0000026373ebe450, 0x0000026373ebfda0, 0x0000026373ebd520, 0x0000026373ec07c0,
0x0000026373ec1c00, 0x0000026373ec0cd0, 0x0000026373ec11e0, 0x0000026373ebcb00,
0x0000026373ebda30, 0x0000026373ebc0e0, 0x000002637645c6f0, 0x000002637645e040,
0x000002637645db30, 0x000002637645e550, 0x000002637645ada0
}

Java Threads: ( => current thread )
  0x000002634dcc1880 JavaThread "main" [_thread_blocked, id=9708, stack(0x00000072afa00000,0x00000072afb00000)]
  0x000002636becaa30 JavaThread "Reference Handler" daemon [_thread_blocked, id=5052, stack(0x00000072b0100000,0x00000072b0200000)]
  0x000002636becba40 JavaThread "Finalizer" daemon [_thread_blocked, id=9968, stack(0x00000072b0200000,0x00000072b0300000)]
  0x000002636bed84f0 JavaThread "Signal Dispatcher" daemon [_thread_blocked, id=3732, stack(0x00000072b0300000,0x00000072b0400000)]
  0x000002636bed91d0 JavaThread "Attach Listener" daemon [_thread_blocked, id=10272, stack(0x00000072b0400000,0x00000072b0500000)]
  0x000002637012fd80 JavaThread "Service Thread" daemon [_thread_blocked, id=10200, stack(0x00000072b0500000,0x00000072b0600000)]
  0x000002637012f360 JavaThread "Monitor Deflation Thread" daemon [_thread_blocked, id=1716, stack(0x00000072b0600000,0x00000072b0700000)]
=>0x0000026370137a60 JavaThread "C2 CompilerThread0" daemon [_thread_in_native, id=8724, stack(0x00000072b0700000,0x00000072b0800000)]
  0x000002637013b870 JavaThread "C1 CompilerThread0" daemon [_thread_blocked, id=9408, stack(0x00000072b0800000,0x00000072b0900000)]
  0x0000026370150d80 JavaThread "Sweeper thread" daemon [_thread_blocked, id=2244, stack(0x00000072b0900000,0x00000072b0a00000)]
  0x00000263701307a0 JavaThread "Common-Cleaner" daemon [_thread_blocked, id=8920, stack(0x00000072b0a00000,0x00000072b0b00000)]
  0x0000026370132600 JavaThread "Notification Thread" daemon [_thread_blocked, id=10796, stack(0x00000072b0b00000,0x00000072b0c00000)]
  0x0000026370132b10 JavaThread "Daemon health stats" [_thread_blocked, id=9912, stack(0x00000072b1100000,0x00000072b1200000)]
  0x000002637012f870 JavaThread "Incoming local TCP Connector on port 62831" [_thread_in_native, id=10292, stack(0x00000072b1200000,0x00000072b1300000)]
  0x0000026370130290 JavaThread "Daemon periodic checks" [_thread_blocked, id=10452, stack(0x00000072b1300000,0x00000072b1400000)]
  0x00000263701316d0 JavaThread "Daemon" [_thread_blocked, id=7048, stack(0x00000072b1400000,0x00000072b1500000)]
  0x0000026370130cb0 JavaThread "Handler for socket connection from /127.0.0.1:62831 to /127.0.0.1:62832" [_thread_in_native, id=7384, stack(0x00000072b1500000,0x00000072b1600000)]
  0x00000263701311c0 JavaThread "Cancel handler" [_thread_blocked, id=9524, stack(0x00000072b1600000,0x00000072b1700000)]
  0x0000026370131be0 JavaThread "Daemon worker" [_thread_blocked, id=1376, stack(0x00000072b1700000,0x00000072b1800000)]
  0x00000263701320f0 JavaThread "Asynchronous log dispatcher for DefaultDaemonConnection: socket connection from /127.0.0.1:62831 to /127.0.0.1:62832" [_thread_blocked, id=3284, stack(0x00000072b1800000,0x00000072b1900000)]
  0x00000263718564f0 JavaThread "Stdin handler" [_thread_blocked, id=7776, stack(0x00000072b1900000,0x00000072b1a00000)]
  0x0000026371853760 JavaThread "Daemon client event forwarder" [_thread_blocked, id=8760, stack(0x00000072b1a00000,0x00000072b1b00000)]
  0x0000026371856a00 JavaThread "Cache worker for journal cache (C:\Users\maged\.gradle\caches\journal-1)" [_thread_blocked, id=3504, stack(0x00000072b1b00000,0x00000072b1c00000)]
  0x0000026371854180 JavaThread "File lock request listener" [_thread_in_native, id=2428, stack(0x00000072b1c00000,0x00000072b1d00000)]
  0x0000026371855ad0 JavaThread "Cache worker for file hash cache (C:\Users\maged\.gradle\caches\7.6.3\fileHashes)" [_thread_blocked, id=10812, stack(0x00000072b1d00000,0x00000072b1e00000)]
  0x0000026371854690 JavaThread "File watcher server" daemon [_thread_in_native, id=1428, stack(0x00000072b1e00000,0x00000072b1f00000)]
  0x0000026371854ba0 JavaThread "File watcher consumer" daemon [_thread_blocked, id=6652, stack(0x00000072b1f00000,0x00000072b2000000)]
  0x0000026371856f10 JavaThread "Cache worker for checksums cache (D:\flutterApps\training\UIS_Personal-main\android\.gradle\7.6.3\checksums)" [_thread_blocked, id=9060, stack(0x00000072b2000000,0x00000072b2100000)]
  0x00000263718550b0 JavaThread "Cache worker for cache directory md-rule (C:\Users\maged\.gradle\caches\7.6.3\md-rule)" [_thread_blocked, id=2248, stack(0x00000072b2100000,0x00000072b2200000)]
  0x00000263718555c0 JavaThread "Cache worker for file content cache (C:\Users\maged\.gradle\caches\7.6.3\fileContent)" [_thread_blocked, id=2672, stack(0x00000072b2200000,0x00000072b2300000)]
  0x0000026371855fe0 JavaThread "Cache worker for file hash cache (D:\flutterApps\training\UIS_Personal-main\android\.gradle\7.6.3\fileHashes)" [_thread_blocked, id=1284, stack(0x00000072b2300000,0x00000072b2400000)]
  0x0000026373d68740 JavaThread "Cache worker for cache directory md-supplier (C:\Users\maged\.gradle\caches\7.6.3\md-supplier)" [_thread_blocked, id=824, stack(0x00000072b2400000,0x00000072b2500000)]
  0x0000026373d6aab0 JavaThread "Cache worker for execution history cache (C:\Users\maged\.gradle\caches\7.6.3\executionHistory)" [_thread_blocked, id=6316, stack(0x00000072b0d00000,0x00000072b0e00000)]
  0x0000026373d64a80 JavaThread "jar transforms" [_thread_blocked, id=6620, stack(0x00000072b2700000,0x00000072b2800000)]
  0x0000026373d6b4d0 JavaThread "Cache worker for kotlin-dsl (C:\Users\maged\.gradle\caches\7.6.3\kotlin-dsl)" [_thread_blocked, id=5112, stack(0x00000072b2800000,0x00000072b2900000)]
  0x0000026373d64060 JavaThread "jar transforms Thread 2" [_thread_blocked, id=10460, stack(0x00000072b2900000,0x00000072b2a00000)]
  0x0000026373d6afc0 JavaThread "Cache worker for dependencies-accessors (D:\flutterApps\training\UIS_Personal-main\android\.gradle\7.6.3\dependencies-accessors)" [_thread_blocked, id=8608, stack(0x00000072b2a00000,0x00000072b2b00000)]
  0x0000026373d6a090 JavaThread "Cache worker for Build Output Cleanup Cache (C:\src\flutter\packages\flutter_tools\gradle\.gradle\buildOutputCleanup)" [_thread_blocked, id=5740, stack(0x00000072b2b00000,0x00000072b2c00000)]
  0x0000026373d659b0 JavaThread "jar transforms Thread 3" [_thread_blocked, id=10128, stack(0x00000072b2c00000,0x00000072b2d00000)]
  0x0000026373d6b9e0 JavaThread "Memory manager" [_thread_blocked, id=10660, stack(0x00000072b2d00000,0x00000072b2e00000)]
  0x0000026373d65ec0 JavaThread "jar transforms Thread 4" [_thread_blocked, id=5876, stack(0x00000072b2500000,0x00000072b2600000)]
  0x0000026373d654a0 JavaThread "Execution worker" [_thread_blocked, id=1012, stack(0x00000072b3100000,0x00000072b3200000)]
  0x0000026373d66df0 JavaThread "Execution worker Thread 2" [_thread_blocked, id=9476, stack(0x00000072b3200000,0x00000072b3300000)]
  0x0000026373d67300 JavaThread "Execution worker Thread 3" [_thread_blocked, id=7940, stack(0x00000072b3300000,0x00000072b3400000)]
  0x0000026373d69160 JavaThread "Cache worker for execution history cache (C:\src\flutter\packages\flutter_tools\gradle\.gradle\7.6.3\executionHistory)" [_thread_blocked, id=4860, stack(0x00000072b3400000,0x00000072b3500000)]
  0x0000026373d69670 JavaThread "Unconstrained build operations" [_thread_blocked, id=4884, stack(0x00000072b3500000,0x00000072b3600000)]
  0x0000026373d69b80 JavaThread "Unconstrained build operations Thread 2" [_thread_blocked, id=7860, stack(0x00000072b3600000,0x00000072b3700000)]
  0x00000263703d1050 JavaThread "Unconstrained build operations Thread 3" [_thread_blocked, id=8908, stack(0x00000072b3700000,0x00000072b3800000)]
  0x00000263703d29a0 JavaThread "Unconstrained build operations Thread 4" [_thread_blocked, id=3020, stack(0x00000072b3800000,0x00000072b3900000)]
  0x00000263703d4d10 JavaThread "Unconstrained build operations Thread 5" [_thread_blocked, id=5144, stack(0x00000072b3900000,0x00000072b3a00000)]
  0x00000263703d1f80 JavaThread "Unconstrained build operations Thread 6" [_thread_blocked, id=5160, stack(0x00000072b3a00000,0x00000072b3b00000)]
  0x00000263703d2eb0 JavaThread "Unconstrained build operations Thread 7" [_thread_blocked, id=7160, stack(0x00000072b3b00000,0x00000072b3c00000)]
  0x00000263703d5c40 JavaThread "Unconstrained build operations Thread 8" [_thread_blocked, id=2652, stack(0x00000072b3c00000,0x00000072b3d00000)]
  0x00000263703d0630 JavaThread "Unconstrained build operations Thread 9" [_thread_blocked, id=5260, stack(0x00000072b3d00000,0x00000072b3e00000)]
  0x00000263703d5220 JavaThread "Unconstrained build operations Thread 10" [_thread_blocked, id=952, stack(0x00000072b3e00000,0x00000072b3f00000)]
  0x00000263703d42f0 JavaThread "Unconstrained build operations Thread 11" [_thread_blocked, id=8832, stack(0x00000072b3f00000,0x00000072b4000000)]
  0x00000263703d7590 JavaThread "Unconstrained build operations Thread 12" [_thread_blocked, id=9872, stack(0x00000072b4000000,0x00000072b4100000)]
  0x00000263703d0b40 JavaThread "Unconstrained build operations Thread 13" [_thread_blocked, id=1340, stack(0x00000072b4100000,0x00000072b4200000)]
  0x00000263703d1560 JavaThread "Unconstrained build operations Thread 14" [_thread_blocked, id=2812, stack(0x00000072b4200000,0x00000072b4300000)]
  0x00000263703d4800 JavaThread "Unconstrained build operations Thread 15" [_thread_blocked, id=2436, stack(0x00000072b4300000,0x00000072b4400000)]
  0x00000263703d7080 JavaThread "Unconstrained build operations Thread 16" [_thread_blocked, id=11116, stack(0x00000072b4400000,0x00000072b4500000)]
  0x00000263703d33c0 JavaThread "Unconstrained build operations Thread 17" [_thread_blocked, id=3932, stack(0x00000072b4500000,0x00000072b4600000)]
  0x00000263703d1a70 JavaThread "Unconstrained build operations Thread 18" [_thread_blocked, id=8208, stack(0x00000072b4600000,0x00000072b4700000)]
  0x00000263703d5730 JavaThread "Unconstrained build operations Thread 19" [_thread_blocked, id=2404, stack(0x00000072b4700000,0x00000072b4800000)]
  0x00000263703d2490 JavaThread "Unconstrained build operations Thread 20" [_thread_blocked, id=4916, stack(0x00000072b4800000,0x00000072b4900000)]
  0x00000263703d0120 JavaThread "Unconstrained build operations Thread 21" [_thread_blocked, id=5512, stack(0x00000072b4900000,0x00000072b4a00000)]
  0x00000263703d38d0 JavaThread "Unconstrained build operations Thread 22" [_thread_blocked, id=9528, stack(0x00000072b4a00000,0x00000072b4b00000)]
  0x00000263703d7aa0 JavaThread "Unconstrained build operations Thread 23" [_thread_blocked, id=6844, stack(0x00000072b4b00000,0x00000072b4c00000)]
  0x00000263703d3de0 JavaThread "Unconstrained build operations Thread 24" [_thread_blocked, id=4580, stack(0x00000072b4c00000,0x00000072b4d00000)]
  0x00000263703d6b70 JavaThread "Unconstrained build operations Thread 25" [_thread_blocked, id=5820, stack(0x00000072b4d00000,0x00000072b4e00000)]
  0x00000263703d6660 JavaThread "Unconstrained build operations Thread 26" [_thread_blocked, id=3576, stack(0x00000072b4e00000,0x00000072b4f00000)]
  0x0000026373ebf890 JavaThread "Unconstrained build operations Thread 27" [_thread_blocked, id=880, stack(0x00000072b4f00000,0x00000072b5000000)]
  0x0000026373ec16f0 JavaThread "Unconstrained build operations Thread 28" [_thread_blocked, id=2072, stack(0x00000072b2e00000,0x00000072b2f00000)]
  0x0000026373ec02b0 JavaThread "Unconstrained build operations Thread 29" [_thread_blocked, id=5764, stack(0x00000072b5000000,0x00000072b5100000)]
  0x0000026373ebd010 JavaThread "Unconstrained build operations Thread 30" [_thread_blocked, id=10668, stack(0x00000072b5100000,0x00000072b5200000)]
  0x0000026373ebbbd0 JavaThread "Unconstrained build operations Thread 31" [_thread_blocked, id=6200, stack(0x00000072b5200000,0x00000072b5300000)]
  0x0000026373ebe450 JavaThread "Unconstrained build operations Thread 32" [_thread_blocked, id=9240, stack(0x00000072b5300000,0x00000072b5400000)]
  0x0000026373ebfda0 JavaThread "Unconstrained build operations Thread 33" [_thread_blocked, id=9944, stack(0x00000072b5400000,0x00000072b5500000)]
  0x0000026373ebd520 JavaThread "Unconstrained build operations Thread 34" [_thread_blocked, id=2828, stack(0x00000072b5500000,0x00000072b5600000)]
  0x0000026373ec07c0 JavaThread "Unconstrained build operations Thread 35" [_thread_blocked, id=3124, stack(0x00000072b5600000,0x00000072b5700000)]
  0x0000026373ec1c00 JavaThread "Unconstrained build operations Thread 36" [_thread_blocked, id=8644, stack(0x00000072b5700000,0x00000072b5800000)]
  0x0000026373ec0cd0 JavaThread "Unconstrained build operations Thread 37" [_thread_blocked, id=9668, stack(0x00000072b5800000,0x00000072b5900000)]
  0x0000026373ec11e0 JavaThread "Unconstrained build operations Thread 38" [_thread_blocked, id=2216, stack(0x00000072b5900000,0x00000072b5a00000)]
  0x0000026373ebcb00 JavaThread "Unconstrained build operations Thread 39" [_thread_blocked, id=11036, stack(0x00000072b5a00000,0x00000072b5b00000)]
  0x0000026373ebda30 JavaThread "Unconstrained build operations Thread 40" [_thread_blocked, id=8620, stack(0x00000072b5b00000,0x00000072b5c00000)]
  0x0000026373ebc0e0 JavaThread "Cache worker for Build Output Cleanup Cache (D:\flutterApps\training\UIS_Personal-main\android\.gradle\buildOutputCleanup)" [_thread_blocked, id=11124, stack(0x00000072af700000,0x00000072af800000)]
  0x000002637645c6f0 JavaThread "included builds Thread 2" [_thread_blocked, id=8164, stack(0x00000072b5e00000,0x00000072b5f00000)]
  0x000002637645e040 JavaThread "Cache worker for execution history cache (D:\flutterApps\training\UIS_Personal-main\android\.gradle\7.6.3\executionHistory)" [_thread_blocked, id=6892, stack(0x00000072b5f00000,0x00000072b6000000)]
  0x000002637645db30 JavaThread "Exec process" [_thread_in_native, id=2104, stack(0x00000072b6000000,0x00000072b6100000)]
  0x000002637645e550 JavaThread "Exec process Thread 2" [_thread_in_native, id=9612, stack(0x00000072b6100000,0x00000072b6200000)]
  0x000002637645ada0 JavaThread "Exec process Thread 3" [_thread_in_native, id=11200, stack(0x00000072b6200000,0x00000072b6300000)]

Other Threads:
  0x000002636bea5f80 VMThread "VM Thread" [stack: 0x00000072b0000000,0x00000072b0100000] [id=7316]
  0x00000263702c7010 WatcherThread [stack: 0x00000072b0c00000,0x00000072b0d00000] [id=7964]
  0x000002634dd2f8c0 GCTaskThread "GC Thread#0" [stack: 0x00000072afb00000,0x00000072afc00000] [id=2328]
  0x00000263709f7690 GCTaskThread "GC Thread#1" [stack: 0x00000072b0e00000,0x00000072b0f00000] [id=6116]
  0x0000026370ce6270 GCTaskThread "GC Thread#2" [stack: 0x00000072b0f00000,0x00000072b1000000] [id=6384]
  0x0000026370f8d2e0 GCTaskThread "GC Thread#3" [stack: 0x00000072b1000000,0x00000072b1100000] [id=4332]
  0x000002634dd41730 ConcurrentGCThread "G1 Main Marker" [stack: 0x00000072afc00000,0x00000072afd00000] [id=8412]
  0x000002634dd42060 ConcurrentGCThread "G1 Conc#0" [stack: 0x00000072afd00000,0x00000072afe00000] [id=9908]
  0x000002636bd00090 ConcurrentGCThread "G1 Refine#0" [stack: 0x00000072afe00000,0x00000072aff00000] [id=3408]
  0x0000026372aeafc0 ConcurrentGCThread "G1 Refine#1" [stack: 0x00000072b2600000,0x00000072b2700000] [id=6332]
  0x000002637b671540 ConcurrentGCThread "G1 Refine#2" [stack: 0x00000072af800000,0x00000072af900000] [id=2576]
  0x000002637b66ec20 ConcurrentGCThread "G1 Refine#3" [stack: 0x00000072af900000,0x00000072afa00000] [id=10412]
  0x000002636bd009d0 ConcurrentGCThread "G1 Service" [stack: 0x00000072aff00000,0x00000072b0000000] [id=10184]

Threads with active compile tasks:
C2 CompilerThread0   114035 25169 %     4       javax.management.ObjectName::construct @ 86 (1135 bytes)

VM state: not at safepoint (normal execution)

VM Mutex/Monitor currently owned by a thread: None

Heap address: 0x0000000700000000, size: 4096 MB, Compressed Oops mode: Zero based, Oop shift amount: 3

CDS archive(s) not mapped
Compressed class space mapped at: 0x0000000800000000-0x0000000840000000, reserved size: 1073741824
Narrow klass base: 0x0000000800000000, Narrow klass shift: 0, Narrow klass range: 0x40000000

GC Precious Log:
 CPUs: 4 total, 4 available
 Memory: 6051M
 Large Page Support: Disabled
 NUMA Support: Disabled
 Compressed Oops: Enabled (Zero based)
 Heap Region Size: 2M
 Heap Min Capacity: 8M
 Heap Initial Capacity: 96M
 Heap Max Capacity: 4G
 Pre-touch: Disabled
 Parallel Workers: 4
 Concurrent Workers: 1
 Concurrent Refinement Workers: 4
 Periodic GC: Disabled

Heap:
 garbage-first heap   total 391168K, used 272126K [0x0000000700000000, 0x0000000800000000)
  region size 2048K, 39 young (79872K), 1 survivors (2048K)
 Metaspace       used 170117K, committed 171136K, reserved 1245184K
  class space    used 22199K, committed 22656K, reserved 1048576K

Heap Regions: E=young(eden), S=young(survivor), O=old, HS=humongous(starts), HC=humongous(continues), CS=collection set, F=free, OA=open archive, CA=closed archive, TAMS=top-at-mark-start (previous, next)
|   0|0x0000000700000000, 0x0000000700200000, 0x0000000700200000|100%| O|  |TAMS 0x0000000700200000, 0x0000000700000000| Untracked 
|   1|0x0000000700200000, 0x0000000700400000, 0x0000000700400000|100%|HS|  |TAMS 0x0000000700400000, 0x0000000700200000| Complete 
|   2|0x0000000700400000, 0x0000000700600000, 0x0000000700600000|100%|HC|  |TAMS 0x0000000700600000, 0x0000000700400000| Complete 
|   3|0x0000000700600000, 0x0000000700800000, 0x0000000700800000|100%| O|  |TAMS 0x0000000700800000, 0x0000000700600000| Untracked 
|   4|0x0000000700800000, 0x00000007009bf800, 0x0000000700a00000| 87%| O|  |TAMS 0x00000007009bf800, 0x0000000700800000| Untracked 
|   5|0x0000000700a00000, 0x0000000700c00000, 0x0000000700c00000|100%| O|  |TAMS 0x0000000700c00000, 0x0000000700a00000| Untracked 
|   6|0x0000000700c00000, 0x0000000700e00000, 0x0000000700e00000|100%| O|  |TAMS 0x0000000700e00000, 0x0000000700c00000| Untracked 
|   7|0x0000000700e00000, 0x0000000701000000, 0x0000000701000000|100%| O|  |TAMS 0x0000000701000000, 0x0000000700e00000| Untracked 
|   8|0x0000000701000000, 0x0000000701200000, 0x0000000701200000|100%| O|  |TAMS 0x0000000701200000, 0x0000000701000000| Untracked 
|   9|0x0000000701200000, 0x0000000701400000, 0x0000000701400000|100%| O|  |TAMS 0x0000000701400000, 0x0000000701200000| Untracked 
|  10|0x0000000701400000, 0x0000000701600000, 0x0000000701600000|100%| O|  |TAMS 0x0000000701600000, 0x0000000701400000| Untracked 
|  11|0x0000000701600000, 0x0000000701800000, 0x0000000701800000|100%| O|  |TAMS 0x0000000701800000, 0x0000000701600000| Untracked 
|  12|0x0000000701800000, 0x0000000701a00000, 0x0000000701a00000|100%| O|  |TAMS 0x0000000701a00000, 0x0000000701800000| Untracked 
|  13|0x0000000701a00000, 0x0000000701c00000, 0x0000000701c00000|100%| O|  |TAMS 0x0000000701c00000, 0x0000000701a00000| Untracked 
|  14|0x0000000701c00000, 0x0000000701e00000, 0x0000000701e00000|100%| O|  |TAMS 0x0000000701e00000, 0x0000000701c00000| Untracked 
|  15|0x0000000701e00000, 0x0000000702000000, 0x0000000702000000|100%| O|  |TAMS 0x0000000702000000, 0x0000000701e00000| Untracked 
|  16|0x0000000702000000, 0x0000000702200000, 0x0000000702200000|100%| O|  |TAMS 0x0000000702200000, 0x0000000702000000| Untracked 
|  17|0x0000000702200000, 0x0000000702400000, 0x0000000702400000|100%| O|  |TAMS 0x0000000702400000, 0x0000000702200000| Untracked 
|  18|0x0000000702400000, 0x0000000702600000, 0x0000000702600000|100%| O|  |TAMS 0x0000000702600000, 0x0000000702400000| Untracked 
|  19|0x0000000702600000, 0x0000000702800000, 0x0000000702800000|100%| O|  |TAMS 0x0000000702800000, 0x0000000702600000| Untracked 
|  20|0x0000000702800000, 0x0000000702a00000, 0x0000000702a00000|100%| O|  |TAMS 0x0000000702a00000, 0x0000000702800000| Untracked 
|  21|0x0000000702a00000, 0x0000000702c00000, 0x0000000702c00000|100%| O|  |TAMS 0x0000000702c00000, 0x0000000702a00000| Untracked 
|  22|0x0000000702c00000, 0x0000000702e00000, 0x0000000702e00000|100%| O|  |TAMS 0x0000000702e00000, 0x0000000702c00000| Untracked 
|  23|0x0000000702e00000, 0x0000000703000000, 0x0000000703000000|100%| O|  |TAMS 0x0000000703000000, 0x0000000702e00000| Untracked 
|  24|0x0000000703000000, 0x0000000703200000, 0x0000000703200000|100%| O|  |TAMS 0x0000000703200000, 0x0000000703000000| Untracked 
|  25|0x0000000703200000, 0x0000000703400000, 0x0000000703400000|100%|HS|  |TAMS 0x0000000703400000, 0x0000000703200000| Complete 
|  26|0x0000000703400000, 0x0000000703600000, 0x0000000703600000|100%| O|  |TAMS 0x0000000703600000, 0x0000000703400000| Untracked 
|  27|0x0000000703600000, 0x0000000703800000, 0x0000000703800000|100%| O|  |TAMS 0x0000000703800000, 0x0000000703600000| Untracked 
|  28|0x0000000703800000, 0x0000000703a00000, 0x0000000703a00000|100%| O|  |TAMS 0x0000000703a00000, 0x0000000703800000| Untracked 
|  29|0x0000000703a00000, 0x0000000703c00000, 0x0000000703c00000|100%|HS|  |TAMS 0x0000000703c00000, 0x0000000703a00000| Complete 
|  30|0x0000000703c00000, 0x0000000703e00000, 0x0000000703e00000|100%|HC|  |TAMS 0x0000000703e00000, 0x0000000703c00000| Complete 
|  31|0x0000000703e00000, 0x0000000704000000, 0x0000000704000000|100%|HS|  |TAMS 0x0000000704000000, 0x0000000703e00000| Complete 
|  32|0x0000000704000000, 0x0000000704200000, 0x0000000704200000|100%| O|  |TAMS 0x0000000704200000, 0x0000000704000000| Untracked 
|  33|0x0000000704200000, 0x0000000704400000, 0x0000000704400000|100%| O|  |TAMS 0x0000000704400000, 0x0000000704200000| Untracked 
|  34|0x0000000704400000, 0x0000000704600000, 0x0000000704600000|100%| O|  |TAMS 0x0000000704600000, 0x0000000704400000| Untracked 
|  35|0x0000000704600000, 0x0000000704800000, 0x0000000704800000|100%| O|  |TAMS 0x0000000704800000, 0x0000000704600000| Untracked 
|  36|0x0000000704800000, 0x0000000704a00000, 0x0000000704a00000|100%| O|  |TAMS 0x0000000704a00000, 0x0000000704800000| Untracked 
|  37|0x0000000704a00000, 0x0000000704c00000, 0x0000000704c00000|100%|HS|  |TAMS 0x0000000704c00000, 0x0000000704a00000| Complete 
|  38|0x0000000704c00000, 0x0000000704e00000, 0x0000000704e00000|100%|HC|  |TAMS 0x0000000704e00000, 0x0000000704c00000| Complete 
|  39|0x0000000704e00000, 0x0000000705000000, 0x0000000705000000|100%| O|  |TAMS 0x0000000704e00000, 0x0000000704e00000| Untracked 
|  40|0x0000000705000000, 0x0000000705200000, 0x0000000705200000|100%| O|  |TAMS 0x0000000705200000, 0x0000000705000000| Untracked 
|  41|0x0000000705200000, 0x0000000705400000, 0x0000000705400000|100%| O|  |TAMS 0x0000000705200000, 0x0000000705200000| Untracked 
|  42|0x0000000705400000, 0x0000000705600000, 0x0000000705600000|100%| O|  |TAMS 0x0000000705600000, 0x0000000705400000| Untracked 
|  43|0x0000000705600000, 0x0000000705800000, 0x0000000705800000|100%| O|  |TAMS 0x0000000705800000, 0x0000000705600000| Untracked 
|  44|0x0000000705800000, 0x0000000705a00000, 0x0000000705a00000|100%| O|  |TAMS 0x0000000705a00000, 0x0000000705800000| Untracked 
|  45|0x0000000705a00000, 0x0000000705c00000, 0x0000000705c00000|100%| O|  |TAMS 0x0000000705c00000, 0x0000000705a00000| Untracked 
|  46|0x0000000705c00000, 0x0000000705e00000, 0x0000000705e00000|100%| O|  |TAMS 0x0000000705e00000, 0x0000000705c00000| Untracked 
|  47|0x0000000705e00000, 0x0000000706000000, 0x0000000706000000|100%| O|  |TAMS 0x0000000706000000, 0x0000000705e00000| Untracked 
|  48|0x0000000706000000, 0x0000000706200000, 0x0000000706200000|100%| O|  |TAMS 0x0000000706200000, 0x0000000706000000| Untracked 
|  49|0x0000000706200000, 0x0000000706400000, 0x0000000706400000|100%| O|  |TAMS 0x0000000706400000, 0x0000000706200000| Untracked 
|  50|0x0000000706400000, 0x0000000706600000, 0x0000000706600000|100%| O|  |TAMS 0x0000000706600000, 0x0000000706400000| Untracked 
|  51|0x0000000706600000, 0x0000000706800000, 0x0000000706800000|100%| O|  |TAMS 0x0000000706800000, 0x0000000706600000| Untracked 
|  52|0x0000000706800000, 0x0000000706a00000, 0x0000000706a00000|100%| O|  |TAMS 0x0000000706a00000, 0x0000000706800000| Untracked 
|  53|0x0000000706a00000, 0x0000000706c00000, 0x0000000706c00000|100%| O|  |TAMS 0x0000000706c00000, 0x0000000706a00000| Untracked 
|  54|0x0000000706c00000, 0x0000000706e00000, 0x0000000706e00000|100%| O|  |TAMS 0x0000000706e00000, 0x0000000706c00000| Untracked 
|  55|0x0000000706e00000, 0x0000000707000000, 0x0000000707000000|100%| O|  |TAMS 0x0000000707000000, 0x0000000706e00000| Untracked 
|  56|0x0000000707000000, 0x0000000707200000, 0x0000000707200000|100%| O|  |TAMS 0x0000000707200000, 0x0000000707000000| Untracked 
|  57|0x0000000707200000, 0x0000000707400000, 0x0000000707400000|100%| O|  |TAMS 0x0000000707400000, 0x0000000707200000| Untracked 
|  58|0x0000000707400000, 0x0000000707600000, 0x0000000707600000|100%| O|  |TAMS 0x0000000707600000, 0x0000000707400000| Untracked 
|  59|0x0000000707600000, 0x0000000707600000, 0x0000000707800000|  0%| F|  |TAMS 0x0000000707600000, 0x0000000707600000| Untracked 
|  60|0x0000000707800000, 0x0000000707a00000, 0x0000000707a00000|100%| O|  |TAMS 0x0000000707a00000, 0x0000000707800000| Untracked 
|  61|0x0000000707a00000, 0x0000000707c00000, 0x0000000707c00000|100%| O|  |TAMS 0x0000000707c00000, 0x0000000707a00000| Untracked 
|  62|0x0000000707c00000, 0x0000000707e00000, 0x0000000707e00000|100%| O|  |TAMS 0x0000000707e00000, 0x0000000707c00000| Untracked 
|  63|0x0000000707e00000, 0x0000000708000000, 0x0000000708000000|100%|HS|  |TAMS 0x0000000708000000, 0x0000000707e00000| Complete 
|  64|0x0000000708000000, 0x0000000708200000, 0x0000000708200000|100%|HC|  |TAMS 0x0000000708200000, 0x0000000708000000| Complete 
|  65|0x0000000708200000, 0x0000000708400000, 0x0000000708400000|100%| O|  |TAMS 0x0000000708400000, 0x0000000708200000| Untracked 
|  66|0x0000000708400000, 0x0000000708600000, 0x0000000708600000|100%| O|  |TAMS 0x0000000708600000, 0x0000000708400000| Untracked 
|  67|0x0000000708600000, 0x0000000708800000, 0x0000000708800000|100%| O|  |TAMS 0x0000000708800000, 0x0000000708600000| Untracked 
|  68|0x0000000708800000, 0x0000000708a00000, 0x0000000708a00000|100%| O|  |TAMS 0x0000000708800000, 0x0000000708800000| Untracked 
|  69|0x0000000708a00000, 0x0000000708c00000, 0x0000000708c00000|100%| O|  |TAMS 0x0000000708a00000, 0x0000000708a00000| Untracked 
|  70|0x0000000708c00000, 0x0000000708e00000, 0x0000000708e00000|100%| O|  |TAMS 0x0000000708e00000, 0x0000000708c00000| Untracked 
|  71|0x0000000708e00000, 0x0000000709000000, 0x0000000709000000|100%| O|  |TAMS 0x0000000709000000, 0x0000000708e00000| Untracked 
|  72|0x0000000709000000, 0x0000000709000000, 0x0000000709200000|  0%| F|  |TAMS 0x0000000709000000, 0x0000000709000000| Untracked 
|  73|0x0000000709200000, 0x0000000709400000, 0x0000000709400000|100%| O|  |TAMS 0x0000000709200000, 0x0000000709200000| Untracked 
|  74|0x0000000709400000, 0x0000000709600000, 0x0000000709600000|100%| O|  |TAMS 0x0000000709400000, 0x0000000709400000| Untracked 
|  75|0x0000000709600000, 0x0000000709800000, 0x0000000709800000|100%| O|  |TAMS 0x0000000709600000, 0x0000000709600000| Untracked 
|  76|0x0000000709800000, 0x0000000709a00000, 0x0000000709a00000|100%| O|  |TAMS 0x0000000709800000, 0x0000000709800000| Untracked 
|  77|0x0000000709a00000, 0x0000000709c00000, 0x0000000709c00000|100%| O|  |TAMS 0x0000000709a00000, 0x0000000709a00000| Untracked 
|  78|0x0000000709c00000, 0x0000000709e00000, 0x0000000709e00000|100%| O|  |TAMS 0x0000000709c00000, 0x0000000709c00000| Untracked 
|  79|0x0000000709e00000, 0x000000070a000000, 0x000000070a000000|100%| O|  |TAMS 0x000000070a000000, 0x0000000709e00000| Untracked 
|  80|0x000000070a000000, 0x000000070a200000, 0x000000070a200000|100%| O|  |TAMS 0x000000070a200000, 0x000000070a000000| Untracked 
|  81|0x000000070a200000, 0x000000070a400000, 0x000000070a400000|100%| O|  |TAMS 0x000000070a400000, 0x000000070a200000| Untracked 
|  82|0x000000070a400000, 0x000000070a400000, 0x000000070a600000|  0%| F|  |TAMS 0x000000070a400000, 0x000000070a400000| Untracked 
|  83|0x000000070a600000, 0x000000070a600000, 0x000000070a800000|  0%| F|  |TAMS 0x000000070a600000, 0x000000070a600000| Untracked 
|  84|0x000000070a800000, 0x000000070aa00000, 0x000000070aa00000|100%| O|  |TAMS 0x000000070a800000, 0x000000070a800000| Untracked 
|  85|0x000000070aa00000, 0x000000070aa00000, 0x000000070ac00000|  0%| F|  |TAMS 0x000000070aa00000, 0x000000070aa00000| Untracked 
|  86|0x000000070ac00000, 0x000000070ae00000, 0x000000070ae00000|100%| O|  |TAMS 0x000000070ae00000, 0x000000070ac00000| Untracked 
|  87|0x000000070ae00000, 0x000000070ae00000, 0x000000070b000000|  0%| F|  |TAMS 0x000000070ae00000, 0x000000070ae00000| Untracked 
|  88|0x000000070b000000, 0x000000070b000000, 0x000000070b200000|  0%| F|  |TAMS 0x000000070b000000, 0x000000070b000000| Untracked 
|  89|0x000000070b200000, 0x000000070b400000, 0x000000070b400000|100%| O|  |TAMS 0x000000070b400000, 0x000000070b200000| Untracked 
|  90|0x000000070b400000, 0x000000070b600000, 0x000000070b600000|100%| O|  |TAMS 0x000000070b600000, 0x000000070b400000| Untracked 
|  91|0x000000070b600000, 0x000000070b800000, 0x000000070b800000|100%| O|  |TAMS 0x000000070b800000, 0x000000070b600000| Untracked 
|  92|0x000000070b800000, 0x000000070ba00000, 0x000000070ba00000|100%| O|  |TAMS 0x000000070b800000, 0x000000070b800000| Untracked 
|  93|0x000000070ba00000, 0x000000070bc00000, 0x000000070bc00000|100%| O|  |TAMS 0x000000070bc00000, 0x000000070ba00000| Untracked 
|  94|0x000000070bc00000, 0x000000070be00000, 0x000000070be00000|100%| O|  |TAMS 0x000000070be00000, 0x000000070bc00000| Untracked 
|  95|0x000000070be00000, 0x000000070c000000, 0x000000070c000000|100%| O|  |TAMS 0x000000070c000000, 0x000000070be00000| Untracked 
|  96|0x000000070c000000, 0x000000070c200000, 0x000000070c200000|100%| O|  |TAMS 0x000000070c200000, 0x000000070c000000| Untracked 
|  97|0x000000070c200000, 0x000000070c400000, 0x000000070c400000|100%| O|  |TAMS 0x000000070c400000, 0x000000070c200000| Untracked 
|  98|0x000000070c400000, 0x000000070c600000, 0x000000070c600000|100%| O|  |TAMS 0x000000070c600000, 0x000000070c400000| Untracked 
|  99|0x000000070c600000, 0x000000070c800000, 0x000000070c800000|100%| O|  |TAMS 0x000000070c800000, 0x000000070c600000| Untracked 
| 100|0x000000070c800000, 0x000000070ca00000, 0x000000070ca00000|100%| O|  |TAMS 0x000000070ca00000, 0x000000070c800000| Untracked 
| 101|0x000000070ca00000, 0x000000070cc00000, 0x000000070cc00000|100%| O|  |TAMS 0x000000070cb24000, 0x000000070ca00000| Untracked 
| 102|0x000000070cc00000, 0x000000070ce00000, 0x000000070ce00000|100%| O|  |TAMS 0x000000070cc00000, 0x000000070cc00000| Untracked 
| 103|0x000000070ce00000, 0x000000070ce00000, 0x000000070d000000|  0%| F|  |TAMS 0x000000070ce00000, 0x000000070ce00000| Untracked 
| 104|0x000000070d000000, 0x000000070d000000, 0x000000070d200000|  0%| F|  |TAMS 0x000000070d000000, 0x000000070d000000| Untracked 
| 105|0x000000070d200000, 0x000000070d200000, 0x000000070d400000|  0%| F|  |TAMS 0x000000070d200000, 0x000000070d200000| Untracked 
| 106|0x000000070d400000, 0x000000070d400000, 0x000000070d600000|  0%| F|  |TAMS 0x000000070d400000, 0x000000070d400000| Untracked 
| 107|0x000000070d600000, 0x000000070d600000, 0x000000070d800000|  0%| F|  |TAMS 0x000000070d600000, 0x000000070d600000| Untracked 
| 108|0x000000070d800000, 0x000000070d800000, 0x000000070da00000|  0%| F|  |TAMS 0x000000070d800000, 0x000000070d800000| Untracked 
| 109|0x000000070da00000, 0x000000070da00000, 0x000000070dc00000|  0%| F|  |TAMS 0x000000070da00000, 0x000000070da00000| Untracked 
| 110|0x000000070dc00000, 0x000000070dc00000, 0x000000070de00000|  0%| F|  |TAMS 0x000000070dc00000, 0x000000070dc00000| Untracked 
| 111|0x000000070de00000, 0x000000070de00000, 0x000000070e000000|  0%| F|  |TAMS 0x000000070de00000, 0x000000070de00000| Untracked 
| 112|0x000000070e000000, 0x000000070e000000, 0x000000070e200000|  0%| F|  |TAMS 0x000000070e000000, 0x000000070e000000| Untracked 
| 113|0x000000070e200000, 0x000000070e200000, 0x000000070e400000|  0%| F|  |TAMS 0x000000070e200000, 0x000000070e200000| Untracked 
| 114|0x000000070e400000, 0x000000070e400000, 0x000000070e600000|  0%| F|  |TAMS 0x000000070e400000, 0x000000070e400000| Untracked 
| 115|0x000000070e600000, 0x000000070e600000, 0x000000070e800000|  0%| F|  |TAMS 0x000000070e600000, 0x000000070e600000| Untracked 
| 116|0x000000070e800000, 0x000000070e800000, 0x000000070ea00000|  0%| F|  |TAMS 0x000000070e800000, 0x000000070e800000| Untracked 
| 117|0x000000070ea00000, 0x000000070ea00000, 0x000000070ec00000|  0%| F|  |TAMS 0x000000070ea00000, 0x000000070ea00000| Untracked 
| 118|0x000000070ec00000, 0x000000070ec00000, 0x000000070ee00000|  0%| F|  |TAMS 0x000000070ec00000, 0x000000070ec00000| Untracked 
| 119|0x000000070ee00000, 0x000000070ee00000, 0x000000070f000000|  0%| F|  |TAMS 0x000000070ee00000, 0x000000070ee00000| Untracked 
| 120|0x000000070f000000, 0x000000070f000000, 0x000000070f200000|  0%| F|  |TAMS 0x000000070f000000, 0x000000070f000000| Untracked 
| 121|0x000000070f200000, 0x000000070f200000, 0x000000070f400000|  0%| F|  |TAMS 0x000000070f200000, 0x000000070f200000| Untracked 
| 122|0x000000070f400000, 0x000000070f400000, 0x000000070f600000|  0%| F|  |TAMS 0x000000070f400000, 0x000000070f400000| Untracked 
| 123|0x000000070f600000, 0x000000070f600000, 0x000000070f800000|  0%| F|  |TAMS 0x000000070f600000, 0x000000070f600000| Untracked 
| 124|0x000000070f800000, 0x000000070f800000, 0x000000070fa00000|  0%| F|  |TAMS 0x000000070f800000, 0x000000070f800000| Untracked 
| 125|0x000000070fa00000, 0x000000070fa00000, 0x000000070fc00000|  0%| F|  |TAMS 0x000000070fa00000, 0x000000070fa00000| Untracked 
| 126|0x000000070fc00000, 0x000000070fc00000, 0x000000070fe00000|  0%| F|  |TAMS 0x000000070fc00000, 0x000000070fc00000| Untracked 
| 127|0x000000070fe00000, 0x000000070fe00000, 0x0000000710000000|  0%| F|  |TAMS 0x000000070fe00000, 0x000000070fe00000| Untracked 
| 128|0x0000000710000000, 0x0000000710000000, 0x0000000710200000|  0%| F|  |TAMS 0x0000000710000000, 0x0000000710000000| Untracked 
| 129|0x0000000710200000, 0x0000000710200000, 0x0000000710400000|  0%| F|  |TAMS 0x0000000710200000, 0x0000000710200000| Untracked 
| 130|0x0000000710400000, 0x0000000710400000, 0x0000000710600000|  0%| F|  |TAMS 0x0000000710400000, 0x0000000710400000| Untracked 
| 131|0x0000000710600000, 0x0000000710600000, 0x0000000710800000|  0%| F|  |TAMS 0x0000000710600000, 0x0000000710600000| Untracked 
| 132|0x0000000710800000, 0x0000000710800000, 0x0000000710a00000|  0%| F|  |TAMS 0x0000000710800000, 0x0000000710800000| Untracked 
| 133|0x0000000710a00000, 0x0000000710a00000, 0x0000000710c00000|  0%| F|  |TAMS 0x0000000710a00000, 0x0000000710a00000| Untracked 
| 134|0x0000000710c00000, 0x0000000710c00000, 0x0000000710e00000|  0%| F|  |TAMS 0x0000000710c00000, 0x0000000710c00000| Untracked 
| 135|0x0000000710e00000, 0x0000000710e00000, 0x0000000711000000|  0%| F|  |TAMS 0x0000000710e00000, 0x0000000710e00000| Untracked 
| 136|0x0000000711000000, 0x0000000711000000, 0x0000000711200000|  0%| F|  |TAMS 0x0000000711000000, 0x0000000711000000| Untracked 
| 137|0x0000000711200000, 0x0000000711200000, 0x0000000711400000|  0%| F|  |TAMS 0x0000000711200000, 0x0000000711200000| Untracked 
| 138|0x0000000711400000, 0x0000000711400000, 0x0000000711600000|  0%| F|  |TAMS 0x0000000711400000, 0x0000000711400000| Untracked 
| 139|0x0000000711600000, 0x0000000711600000, 0x0000000711800000|  0%| F|  |TAMS 0x0000000711600000, 0x0000000711600000| Untracked 
| 140|0x0000000711800000, 0x0000000711800000, 0x0000000711a00000|  0%| F|  |TAMS 0x0000000711800000, 0x0000000711800000| Untracked 
| 141|0x0000000711a00000, 0x0000000711a00000, 0x0000000711c00000|  0%| F|  |TAMS 0x0000000711a00000, 0x0000000711a00000| Untracked 
| 142|0x0000000711c00000, 0x0000000711c00000, 0x0000000711e00000|  0%| F|  |TAMS 0x0000000711c00000, 0x0000000711c00000| Untracked 
| 143|0x0000000711e00000, 0x0000000711e00000, 0x0000000712000000|  0%| F|  |TAMS 0x0000000711e00000, 0x0000000711e00000| Untracked 
| 144|0x0000000712000000, 0x0000000712000000, 0x0000000712200000|  0%| F|  |TAMS 0x0000000712000000, 0x0000000712000000| Untracked 
| 145|0x0000000712200000, 0x0000000712200000, 0x0000000712400000|  0%| F|  |TAMS 0x0000000712200000, 0x0000000712200000| Untracked 
| 146|0x0000000712400000, 0x0000000712400000, 0x0000000712600000|  0%| F|  |TAMS 0x0000000712400000, 0x0000000712400000| Untracked 
| 147|0x0000000712600000, 0x0000000712600000, 0x0000000712800000|  0%| F|  |TAMS 0x0000000712600000, 0x0000000712600000| Untracked 
| 148|0x0000000712800000, 0x0000000712800000, 0x0000000712a00000|  0%| F|  |TAMS 0x0000000712800000, 0x0000000712800000| Untracked 
| 149|0x0000000712a00000, 0x0000000712a00000, 0x0000000712c00000|  0%| F|  |TAMS 0x0000000712a00000, 0x0000000712a00000| Untracked 
| 150|0x0000000712c00000, 0x0000000712c00000, 0x0000000712e00000|  0%| F|  |TAMS 0x0000000712c00000, 0x0000000712c00000| Untracked 
| 151|0x0000000712e00000, 0x0000000712e00000, 0x0000000713000000|  0%| F|  |TAMS 0x0000000712e00000, 0x0000000712e00000| Untracked 
| 152|0x0000000713000000, 0x0000000713002718, 0x0000000713200000|  0%| E|  |TAMS 0x0000000713000000, 0x0000000713000000| Complete 
| 153|0x0000000713200000, 0x0000000713400000, 0x0000000713400000|100%| E|CS|TAMS 0x0000000713200000, 0x0000000713200000| Complete 
| 154|0x0000000713400000, 0x0000000713600000, 0x0000000713600000|100%| E|CS|TAMS 0x0000000713400000, 0x0000000713400000| Complete 
| 155|0x0000000713600000, 0x0000000713800000, 0x0000000713800000|100%| E|CS|TAMS 0x0000000713600000, 0x0000000713600000| Complete 
| 156|0x0000000713800000, 0x0000000713a00000, 0x0000000713a00000|100%| E|CS|TAMS 0x0000000713800000, 0x0000000713800000| Complete 
| 157|0x0000000713a00000, 0x0000000713c00000, 0x0000000713c00000|100%| E|CS|TAMS 0x0000000713a00000, 0x0000000713a00000| Complete 
| 158|0x0000000713c00000, 0x0000000713e00000, 0x0000000713e00000|100%| E|CS|TAMS 0x0000000713c00000, 0x0000000713c00000| Complete 
| 159|0x0000000713e00000, 0x0000000714000000, 0x0000000714000000|100%| E|CS|TAMS 0x0000000713e00000, 0x0000000713e00000| Complete 
| 160|0x0000000714000000, 0x0000000714200000, 0x0000000714200000|100%| E|CS|TAMS 0x0000000714000000, 0x0000000714000000| Complete 
| 161|0x0000000714200000, 0x0000000714400000, 0x0000000714400000|100%| E|CS|TAMS 0x0000000714200000, 0x0000000714200000| Complete 
| 162|0x0000000714400000, 0x0000000714600000, 0x0000000714600000|100%| E|CS|TAMS 0x0000000714400000, 0x0000000714400000| Complete 
| 163|0x0000000714600000, 0x0000000714800000, 0x0000000714800000|100%| E|CS|TAMS 0x0000000714600000, 0x0000000714600000| Complete 
| 164|0x0000000714800000, 0x0000000714a00000, 0x0000000714a00000|100%| E|CS|TAMS 0x0000000714800000, 0x0000000714800000| Complete 
| 165|0x0000000714a00000, 0x0000000714c00000, 0x0000000714c00000|100%| E|CS|TAMS 0x0000000714a00000, 0x0000000714a00000| Complete 
| 166|0x0000000714c00000, 0x0000000714e00000, 0x0000000714e00000|100%| E|CS|TAMS 0x0000000714c00000, 0x0000000714c00000| Complete 
| 167|0x0000000714e00000, 0x0000000715000000, 0x0000000715000000|100%| E|CS|TAMS 0x0000000714e00000, 0x0000000714e00000| Complete 
| 168|0x0000000715000000, 0x0000000715200000, 0x0000000715200000|100%| E|CS|TAMS 0x0000000715000000, 0x0000000715000000| Complete 
| 169|0x0000000715200000, 0x0000000715400000, 0x0000000715400000|100%| E|CS|TAMS 0x0000000715200000, 0x0000000715200000| Complete 
| 170|0x0000000715400000, 0x0000000715600000, 0x0000000715600000|100%| E|CS|TAMS 0x0000000715400000, 0x0000000715400000| Complete 
| 171|0x0000000715600000, 0x0000000715800000, 0x0000000715800000|100%| E|CS|TAMS 0x0000000715600000, 0x0000000715600000| Complete 
| 172|0x0000000715800000, 0x0000000715a00000, 0x0000000715a00000|100%| E|  |TAMS 0x0000000715800000, 0x0000000715800000| Complete 
| 173|0x0000000715a00000, 0x0000000715c00000, 0x0000000715c00000|100%| E|CS|TAMS 0x0000000715a00000, 0x0000000715a00000| Complete 
| 174|0x0000000715c00000, 0x0000000715e00000, 0x0000000715e00000|100%| E|CS|TAMS 0x0000000715c00000, 0x0000000715c00000| Complete 
| 175|0x0000000715e00000, 0x0000000716000000, 0x0000000716000000|100%| E|CS|TAMS 0x0000000715e00000, 0x0000000715e00000| Complete 
| 176|0x0000000716000000, 0x0000000716200000, 0x0000000716200000|100%| E|CS|TAMS 0x0000000716000000, 0x0000000716000000| Complete 
| 177|0x0000000716200000, 0x0000000716400000, 0x0000000716400000|100%| E|CS|TAMS 0x0000000716200000, 0x0000000716200000| Complete 
| 178|0x0000000716400000, 0x0000000716600000, 0x0000000716600000|100%| E|CS|TAMS 0x0000000716400000, 0x0000000716400000| Complete 
| 179|0x0000000716600000, 0x0000000716800000, 0x0000000716800000|100%| E|CS|TAMS 0x0000000716600000, 0x0000000716600000| Complete 
| 180|0x0000000716800000, 0x0000000716a00000, 0x0000000716a00000|100%| E|CS|TAMS 0x0000000716800000, 0x0000000716800000| Complete 
| 181|0x0000000716a00000, 0x0000000716c00000, 0x0000000716c00000|100%| E|CS|TAMS 0x0000000716a00000, 0x0000000716a00000| Complete 
| 182|0x0000000716c00000, 0x0000000716e00000, 0x0000000716e00000|100%| E|CS|TAMS 0x0000000716c00000, 0x0000000716c00000| Complete 
| 183|0x0000000716e00000, 0x0000000717000000, 0x0000000717000000|100%| E|CS|TAMS 0x0000000716e00000, 0x0000000716e00000| Complete 
| 184|0x0000000717000000, 0x0000000717200000, 0x0000000717200000|100%| E|CS|TAMS 0x0000000717000000, 0x0000000717000000| Complete 
| 185|0x0000000717200000, 0x0000000717400000, 0x0000000717400000|100%| E|CS|TAMS 0x0000000717200000, 0x0000000717200000| Complete 
| 186|0x0000000717400000, 0x0000000717600000, 0x0000000717600000|100%| E|CS|TAMS 0x0000000717400000, 0x0000000717400000| Complete 
| 187|0x0000000717600000, 0x0000000717800000, 0x0000000717800000|100%| E|CS|TAMS 0x0000000717600000, 0x0000000717600000| Complete 
| 188|0x0000000717800000, 0x0000000717a00000, 0x0000000717a00000|100%| S|CS|TAMS 0x0000000717800000, 0x0000000717800000| Complete 
| 189|0x0000000717a00000, 0x0000000717c00000, 0x0000000717c00000|100%| E|CS|TAMS 0x0000000717a00000, 0x0000000717a00000| Complete 
| 190|0x0000000717c00000, 0x0000000717e00000, 0x0000000717e00000|100%| E|CS|TAMS 0x0000000717c00000, 0x0000000717c00000| Complete 

Card table byte_map: [0x00000263609a0000,0x00000263611a0000] _byte_map_base: 0x000002635d1a0000

Marking Bits (Prev, Next): (CMBitMap*) 0x000002634dd30e40, (CMBitMap*) 0x000002634dd30e00
 Prev Bits: [0x00000263659a0000, 0x00000263699a0000)
 Next Bits: [0x00000263619a0000, 0x00000263659a0000)

Polling page: 0x000002634be50000

Metaspace:

Usage:
  Non-class:    144.45 MB used.
      Class:     21.68 MB used.
       Both:    166.13 MB used.

Virtual space:
  Non-class space:      192.00 MB reserved,     145.00 MB ( 76%) committed,  3 nodes.
      Class space:        1.00 GB reserved,      22.12 MB (  2%) committed,  1 nodes.
             Both:        1.19 GB reserved,     167.12 MB ( 14%) committed. 

Chunk freelists:
   Non-Class:  14.32 MB
       Class:  9.85 MB
        Both:  24.17 MB

MaxMetaspaceSize: unlimited
CompressedClassSpaceSize: 1.00 GB
Initial GC threshold: 21.00 MB
Current GC threshold: 264.69 MB
CDS: off
MetaspaceReclaimPolicy: balanced
 - commit_granule_bytes: 65536.
 - commit_granule_words: 8192.
 - virtual_space_node_default_size: 8388608.
 - enlarge_chunks_in_place: 1.
 - new_chunks_are_fully_committed: 0.
 - uncommit_free_chunks: 1.
 - use_allocation_guard: 0.
 - handle_deallocations: 1.


Internal statistics:

num_allocs_failed_limit: 12.
num_arena_births: 1324.
num_arena_deaths: 16.
num_vsnodes_births: 4.
num_vsnodes_deaths: 0.
num_space_committed: 2672.
num_space_uncommitted: 0.
num_chunks_returned_to_freelist: 51.
num_chunks_taken_from_freelist: 7513.
num_chunk_merges: 13.
num_chunk_splits: 5373.
num_chunks_enlarged: 4073.
num_inconsistent_stats: 0.

CodeHeap 'non-profiled nmethods': size=120000Kb used=12928Kb max_used=12928Kb free=107071Kb
 bounds [0x0000026358c70000, 0x0000026359920000, 0x00000263601a0000]
CodeHeap 'profiled nmethods': size=120000Kb used=45961Kb max_used=45961Kb free=74038Kb
 bounds [0x00000263511a0000, 0x0000026353e90000, 0x00000263586d0000]
CodeHeap 'non-nmethods': size=5760Kb used=2552Kb max_used=2609Kb free=3207Kb
 bounds [0x00000263586d0000, 0x0000026358960000, 0x0000026358c70000]
 total_blobs=22019 nmethods=20909 adapters=1020
 compilation: enabled
              stopped_count=0, restarted_count=0
 full_count=0

Compilation events (20 events):
Event: 108.866 Thread 0x000002637013b870 nmethod 25159 0x0000026353e80510 code [0x0000026353e806c0, 0x0000026353e808b8]
Event: 113.652 Thread 0x000002637013b870 25160       3       java.util.concurrent.LinkedBlockingDeque$AbstractItr::hasNext (13 bytes)
Event: 113.652 Thread 0x000002637013b870 nmethod 25160 0x0000026353e80990 code [0x0000026353e80b20, 0x0000026353e80c98]
Event: 113.658 Thread 0x000002637013b870 25161       3       org.gradle.launcher.daemon.registry.PersistentDaemonRegistry$1::isSatisfiedBy (9 bytes)
Event: 113.659 Thread 0x000002637013b870 nmethod 25161 0x0000026353e80d10 code [0x0000026353e80ec0, 0x0000026353e811d8]
Event: 113.659 Thread 0x000002637013b870 25162       3       org.gradle.launcher.daemon.registry.PersistentDaemonRegistry$1::isSatisfiedBy (16 bytes)
Event: 113.660 Thread 0x000002637013b870 nmethod 25162 0x0000026353e81310 code [0x0000026353e814a0, 0x0000026353e81658]
Event: 113.664 Thread 0x000002637013b870 25163       3       org.gradle.internal.serialize.InputStreamBackedDecoder::readInt (8 bytes)
Event: 113.665 Thread 0x000002637013b870 nmethod 25163 0x0000026353e81710 code [0x0000026353e818c0, 0x0000026353e81a08]
Event: 113.666 Thread 0x000002637013b870 25164       3       com.google.common.collect.Lists$TransformingSequentialList$1::transform (14 bytes)
Event: 113.666 Thread 0x000002637013b870 nmethod 25164 0x0000026353e81b10 code [0x0000026353e81cc0, 0x0000026353e81ea8]
Event: 113.666 Thread 0x000002637013b870 25165       3       org.gradle.launcher.daemon.server.DaemonRegistryUnavailableExpirationStrategy$1::apply (9 bytes)
Event: 113.667 Thread 0x000002637013b870 nmethod 25165 0x0000026353e81f90 code [0x0000026353e82140, 0x0000026353e82498]
Event: 113.699 Thread 0x0000026370137a60 25166   !   4       java.util.concurrent.LinkedBlockingQueue::poll (128 bytes)
Event: 113.739 Thread 0x0000026370137a60 nmethod 25166 0x000002635990d890 code [0x000002635990da80, 0x000002635990e390]
Event: 113.739 Thread 0x0000026370137a60 25168   !   4       org.gradle.launcher.daemon.server.exec.DaemonConnectionBackedEventConsumer$ForwardEvents::getNextEvent (27 bytes)
Event: 113.761 Thread 0x0000026370137a60 nmethod 25168 0x000002635990eb90 code [0x000002635990ed80, 0x000002635990f710]
Event: 113.761 Thread 0x0000026370137a60 25167       4       org.gradle.launcher.daemon.server.exec.DaemonConnectionBackedEventConsumer$ForwardEvents::moreMessagesToSend (35 bytes)
Event: 113.762 Thread 0x0000026370137a60 nmethod 25167 0x0000026359910010 code [0x0000026359910180, 0x0000026359910238]
Event: 113.914 Thread 0x0000026370137a60 25169 %     4       javax.management.ObjectName::construct @ 86 (1135 bytes)

GC Heap History (20 events):
Event: 87.688 GC heap before
{Heap before GC invocations=71 (full 0):
 garbage-first heap   total 321536K, used 276222K [0x0000000700000000, 0x0000000800000000)
  region size 2048K, 58 young (118784K), 8 survivors (16384K)
 Metaspace       used 143746K, committed 144512K, reserved 1179648K
  class space    used 18659K, committed 19008K, reserved 1048576K
}
Event: 87.727 GC heap after
{Heap after GC invocations=72 (full 0):
 garbage-first heap   total 321536K, used 170350K [0x0000000700000000, 0x0000000800000000)
  region size 2048K, 7 young (14336K), 7 survivors (14336K)
 Metaspace       used 143746K, committed 144512K, reserved 1179648K
  class space    used 18659K, committed 19008K, reserved 1048576K
}
Event: 91.302 GC heap before
{Heap before GC invocations=72 (full 0):
 garbage-first heap   total 321536K, used 260462K [0x0000000700000000, 0x0000000800000000)
  region size 2048K, 51 young (104448K), 7 survivors (14336K)
 Metaspace       used 148611K, committed 149376K, reserved 1179648K
  class space    used 18993K, committed 19328K, reserved 1048576K
}
Event: 91.332 GC heap after
{Heap after GC invocations=73 (full 0):
 garbage-first heap   total 321536K, used 177918K [0x0000000700000000, 0x0000000800000000)
  region size 2048K, 4 young (8192K), 4 survivors (8192K)
 Metaspace       used 148611K, committed 149376K, reserved 1179648K
  class space    used 18993K, committed 19328K, reserved 1048576K
}
Event: 92.463 GC heap before
{Heap before GC invocations=74 (full 0):
 garbage-first heap   total 321536K, used 263934K [0x0000000700000000, 0x0000000800000000)
  region size 2048K, 46 young (94208K), 4 survivors (8192K)
 Metaspace       used 150748K, committed 151488K, reserved 1245184K
  class space    used 19271K, committed 19584K, reserved 1048576K
}
Event: 92.489 GC heap after
{Heap after GC invocations=75 (full 0):
 garbage-first heap   total 321536K, used 185267K [0x0000000700000000, 0x0000000800000000)
  region size 2048K, 4 young (8192K), 4 survivors (8192K)
 Metaspace       used 150748K, committed 151488K, reserved 1245184K
  class space    used 19271K, committed 19584K, reserved 1048576K
}
Event: 92.549 GC heap before
{Heap before GC invocations=75 (full 0):
 garbage-first heap   total 321536K, used 191411K [0x0000000700000000, 0x0000000800000000)
  region size 2048K, 7 young (14336K), 4 survivors (8192K)
 Metaspace       used 150768K, committed 151488K, reserved 1245184K
  class space    used 19271K, committed 19584K, reserved 1048576K
}
Event: 92.562 GC heap after
{Heap after GC invocations=76 (full 0):
 garbage-first heap   total 391168K, used 184949K [0x0000000700000000, 0x0000000800000000)
  region size 2048K, 1 young (2048K), 1 survivors (2048K)
 Metaspace       used 150768K, committed 151488K, reserved 1245184K
  class space    used 19271K, committed 19584K, reserved 1048576K
}
Event: 95.203 GC heap before
{Heap before GC invocations=76 (full 0):
 garbage-first heap   total 391168K, used 316021K [0x0000000700000000, 0x0000000800000000)
  region size 2048K, 65 young (133120K), 1 survivors (2048K)
 Metaspace       used 156757K, committed 157504K, reserved 1245184K
  class space    used 20279K, committed 20608K, reserved 1048576K
}
Event: 95.226 GC heap after
{Heap after GC invocations=77 (full 0):
 garbage-first heap   total 391168K, used 193666K [0x0000000700000000, 0x0000000800000000)
  region size 2048K, 5 young (10240K), 5 survivors (10240K)
 Metaspace       used 156757K, committed 157504K, reserved 1245184K
  class space    used 20279K, committed 20608K, reserved 1048576K
}
Event: 97.752 GC heap before
{Heap before GC invocations=78 (full 0):
 garbage-first heap   total 391168K, used 316546K [0x0000000700000000, 0x0000000800000000)
  region size 2048K, 66 young (135168K), 5 survivors (10240K)
 Metaspace       used 160204K, committed 161088K, reserved 1245184K
  class space    used 20754K, committed 21120K, reserved 1048576K
}
Event: 97.782 GC heap after
{Heap after GC invocations=79 (full 0):
 garbage-first heap   total 391168K, used 206231K [0x0000000700000000, 0x0000000800000000)
  region size 2048K, 7 young (14336K), 7 survivors (14336K)
 Metaspace       used 160204K, committed 161088K, reserved 1245184K
  class space    used 20754K, committed 21120K, reserved 1048576K
}
Event: 97.859 GC heap before
{Heap before GC invocations=79 (full 0):
 garbage-first heap   total 391168K, used 210327K [0x0000000700000000, 0x0000000800000000)
  region size 2048K, 9 young (18432K), 7 survivors (14336K)
 Metaspace       used 160297K, committed 161152K, reserved 1245184K
  class space    used 20768K, committed 21120K, reserved 1048576K
}
Event: 97.879 GC heap after
{Heap after GC invocations=80 (full 0):
 garbage-first heap   total 391168K, used 191043K [0x0000000700000000, 0x0000000800000000)
  region size 2048K, 1 young (2048K), 1 survivors (2048K)
 Metaspace       used 160297K, committed 161152K, reserved 1245184K
  class space    used 20768K, committed 21120K, reserved 1048576K
}
Event: 99.635 GC heap before
{Heap before GC invocations=80 (full 0):
 garbage-first heap   total 391168K, used 311875K [0x0000000700000000, 0x0000000800000000)
  region size 2048K, 61 young (124928K), 1 survivors (2048K)
 Metaspace       used 161326K, committed 162176K, reserved 1245184K
  class space    used 20941K, committed 21312K, reserved 1048576K
}
Event: 99.650 GC heap after
{Heap after GC invocations=81 (full 0):
 garbage-first heap   total 391168K, used 200697K [0x0000000700000000, 0x0000000800000000)
  region size 2048K, 6 young (12288K), 6 survivors (12288K)
 Metaspace       used 161326K, committed 162176K, reserved 1245184K
  class space    used 20941K, committed 21312K, reserved 1048576K
}
Event: 102.883 GC heap before
{Heap before GC invocations=82 (full 0):
 garbage-first heap   total 391168K, used 315385K [0x0000000700000000, 0x0000000800000000)
  region size 2048K, 62 young (126976K), 6 survivors (12288K)
 Metaspace       used 168256K, committed 169216K, reserved 1245184K
  class space    used 21934K, committed 22336K, reserved 1048576K
}
Event: 102.919 GC heap after
{Heap after GC invocations=83 (full 0):
 garbage-first heap   total 391168K, used 207099K [0x0000000700000000, 0x0000000800000000)
  region size 2048K, 7 young (14336K), 7 survivors (14336K)
 Metaspace       used 168256K, committed 169216K, reserved 1245184K
  class space    used 21934K, committed 22336K, reserved 1048576K
}
Event: 102.986 GC heap before
{Heap before GC invocations=83 (full 0):
 garbage-first heap   total 391168K, used 211195K [0x0000000700000000, 0x0000000800000000)
  region size 2048K, 9 young (18432K), 7 survivors (14336K)
 Metaspace       used 168491K, committed 169472K, reserved 1245184K
  class space    used 21964K, committed 22400K, reserved 1048576K
}
Event: 103.013 GC heap after
{Heap after GC invocations=84 (full 0):
 garbage-first heap   total 391168K, used 198398K [0x0000000700000000, 0x0000000800000000)
  region size 2048K, 1 young (2048K), 1 survivors (2048K)
 Metaspace       used 168491K, committed 169472K, reserved 1245184K
  class space    used 21964K, committed 22400K, reserved 1048576K
}

Dll operation events (2 events):
Event: 0.012 Loaded shared library C:\Program Files\Android\Android Studio\jbr\bin\java.dll
Event: 0.765 Loaded shared library C:\Program Files\Android\Android Studio\jbr\bin\verify.dll

Deoptimization events (20 events):
Event: 104.718 Thread 0x000002637645c6f0 Uncommon trap: trap_request=0xffffffde fr.pc=0x0000026358ecb214 relative=0x00000000000010d4
Event: 104.718 Thread 0x000002637645c6f0 Uncommon trap: reason=class_check action=maybe_recompile pc=0x0000026358ecb214 method=java.util.stream.StreamSpliterators$WrappingSpliterator.tryAdvance(Ljava/util/function/Consumer;)Z @ 29 c2
Event: 104.718 Thread 0x000002637645c6f0 DEOPT PACKING pc=0x0000026358ecb214 sp=0x00000072b5efa580
Event: 104.718 Thread 0x000002637645c6f0 DEOPT UNPACKING pc=0x00000263587269a3 sp=0x00000072b5efa560 mode 2
Event: 104.719 Thread 0x000002637645c6f0 Uncommon trap: trap_request=0xffffffc6 fr.pc=0x0000026358f1c9e8 relative=0x0000000000000788
Event: 104.719 Thread 0x000002637645c6f0 Uncommon trap: reason=bimorphic_or_optimized_type_check action=maybe_recompile pc=0x0000026358f1c9e8 method=java.util.stream.MatchOps$MatchOp.evaluateSequential(Ljava/util/stream/PipelineHelper;Ljava/util/Spliterator;)Ljava/lang/Boolean; @ 14 c2
Event: 104.719 Thread 0x000002637645c6f0 DEOPT PACKING pc=0x0000026358f1c9e8 sp=0x00000072b5efa7b0
Event: 104.719 Thread 0x000002637645c6f0 DEOPT UNPACKING pc=0x00000263587269a3 sp=0x00000072b5efa6e8 mode 2
Event: 104.719 Thread 0x000002637645c6f0 Uncommon trap: trap_request=0xffffffc6 fr.pc=0x0000026358ecdc68 relative=0x0000000000001048
Event: 104.719 Thread 0x000002637645c6f0 Uncommon trap: reason=bimorphic_or_optimized_type_check action=maybe_recompile pc=0x0000026358ecdc68 method=java.util.stream.StreamSpliterators$AbstractWrappingSpliterator.doAdvance()Z @ 37 c2
Event: 104.719 Thread 0x000002637645c6f0 DEOPT PACKING pc=0x0000026358ecdc68 sp=0x00000072b5efa3a0
Event: 104.719 Thread 0x000002637645c6f0 DEOPT UNPACKING pc=0x00000263587269a3 sp=0x00000072b5efa370 mode 2
Event: 104.783 Thread 0x000002637645db30 Uncommon trap: trap_request=0xffffffbe fr.pc=0x00000263598b4214 relative=0x0000000000000eb4
Event: 104.783 Thread 0x000002637645db30 Uncommon trap: reason=profile_predicate action=maybe_recompile pc=0x00000263598b4214 method=java.util.TimSort.gallopLeft(Ljava/lang/Object;[Ljava/lang/Object;IIILjava/util/Comparator;)I @ 263 c2
Event: 104.783 Thread 0x000002637645db30 DEOPT PACKING pc=0x00000263598b4214 sp=0x00000072b60feb80
Event: 104.783 Thread 0x000002637645db30 DEOPT UNPACKING pc=0x00000263587269a3 sp=0x00000072b60feb08 mode 2
Event: 104.783 Thread 0x000002637645db30 Uncommon trap: trap_request=0xffffffbe fr.pc=0x00000263598b4214 relative=0x0000000000000eb4
Event: 104.783 Thread 0x000002637645db30 Uncommon trap: reason=profile_predicate action=maybe_recompile pc=0x00000263598b4214 method=java.util.TimSort.gallopLeft(Ljava/lang/Object;[Ljava/lang/Object;IIILjava/util/Comparator;)I @ 263 c2
Event: 104.783 Thread 0x000002637645db30 DEOPT PACKING pc=0x00000263598b4214 sp=0x00000072b60feac0
Event: 104.783 Thread 0x000002637645db30 DEOPT UNPACKING pc=0x00000263587269a3 sp=0x00000072b60fea48 mode 2

Classes unloaded (20 events):
Event: 100.153 Thread 0x000002636bea5f80 Unloading class 0x00000008014af860 '_BuildScript_$_run_closure3'
Event: 100.153 Thread 0x000002636bea5f80 Unloading class 0x00000008014af450 '_BuildScript_$_run_closure2$_closure7'
Event: 100.153 Thread 0x000002636bea5f80 Unloading class 0x00000008014af040 '_BuildScript_$_run_closure2$_closure6'
Event: 100.153 Thread 0x000002636bea5f80 Unloading class 0x00000008014aec30 '_BuildScript_$_run_closure2$_closure5'
Event: 100.153 Thread 0x000002636bea5f80 Unloading class 0x00000008014ae820 '_BuildScript_$_run_closure2'
Event: 100.153 Thread 0x000002636bea5f80 Unloading class 0x00000008014ae410 '_BuildScript_$_run_closure1$_closure4'
Event: 100.153 Thread 0x000002636bea5f80 Unloading class 0x00000008014ae000 '_BuildScript_$_run_closure1'
Event: 100.153 Thread 0x000002636bea5f80 Unloading class 0x00000008014ad800 '_BuildScript_'
Event: 100.153 Thread 0x000002636bea5f80 Unloading class 0x00000008014aa000 '_BuildScript_$_run_closure1$_closure3'
Event: 100.153 Thread 0x000002636bea5f80 Unloading class 0x00000008014a9970 '_BuildScript_$_run_closure1$_closure2'
Event: 100.153 Thread 0x000002636bea5f80 Unloading class 0x00000008014a9560 '_BuildScript_$_run_closure1'
Event: 100.153 Thread 0x000002636bea5f80 Unloading class 0x00000008014a9000 '_BuildScript_'
Event: 100.153 Thread 0x000002636bea5f80 Unloading class 0x0000000801352c30 '_BuildScript_$_run_closure3'
Event: 100.153 Thread 0x000002636bea5f80 Unloading class 0x0000000801352820 '_BuildScript_$_run_closure2$_closure6$_closure7'
Event: 100.153 Thread 0x000002636bea5f80 Unloading class 0x0000000801352410 '_BuildScript_$_run_closure2$_closure6'
Event: 100.153 Thread 0x000002636bea5f80 Unloading class 0x0000000801352000 '_BuildScript_$_run_closure2$_closure5'
Event: 100.153 Thread 0x000002636bea5f80 Unloading class 0x0000000801351820 '_BuildScript_$_run_closure2$_closure4'
Event: 100.153 Thread 0x000002636bea5f80 Unloading class 0x0000000801351410 '_BuildScript_$_run_closure2'
Event: 100.153 Thread 0x000002636bea5f80 Unloading class 0x0000000801351000 '_BuildScript_$_run_closure1'
Event: 100.153 Thread 0x000002636bea5f80 Unloading class 0x0000000801350800 '_BuildScript_'

Classes redefined (0 events):
No events

Internal exceptions (20 events):
Event: 104.744 Thread 0x000002637645c6f0 Exception <a 'java/lang/ClassNotFoundException'{0x00000007134ec968}: org/gradle/process/internal/DefaultExecAction_DecoratedBeanInfo> (0x00000007134ec968) 
thrown [s\src\hotspot\share\classfile\systemDictionary.cpp, line 256]
Event: 104.745 Thread 0x000002637645c6f0 Exception <a 'java/lang/ClassNotFoundException'{0x00000007134fea20}: org/gradle/process/internal/DefaultExecActionBeanInfo> (0x00000007134fea20) 
thrown [s\src\hotspot\share\classfile\systemDictionary.cpp, line 256]
Event: 104.746 Thread 0x000002637645c6f0 Exception <a 'java/lang/ClassNotFoundException'{0x00000007135114b8}: org/gradle/process/internal/DefaultExecHandleBuilderBeanInfo> (0x00000007135114b8) 
thrown [s\src\hotspot\share\classfile\systemDictionary.cpp, line 256]
Event: 104.746 Thread 0x000002637645c6f0 Exception <a 'java/lang/ClassNotFoundException'{0x0000000713524a00}: org/gradle/process/internal/AbstractExecHandleBuilderBeanInfo> (0x0000000713524a00) 
thrown [s\src\hotspot\share\classfile\systemDictionary.cpp, line 256]
Event: 104.747 Thread 0x000002637645c6f0 Exception <a 'java/lang/ClassNotFoundException'{0x0000000713538978}: org/gradle/process/internal/DefaultProcessForkOptionsBeanInfo> (0x0000000713538978) 
thrown [s\src\hotspot\share\classfile\systemDictionary.cpp, line 256]
Event: 104.748 Thread 0x000002637645c6f0 Exception <a 'java/lang/ClassNotFoundException'{0x000000071354bce8}: org/gradle/process/internal/DefaultProcessForkOptionsCustomizer> (0x000000071354bce8) 
thrown [s\src\hotspot\share\classfile\systemDictionary.cpp, line 256]
Event: 104.749 Thread 0x000002637645c6f0 Exception <a 'java/lang/ClassNotFoundException'{0x000000071356c948}: org/gradle/process/internal/AbstractExecHandleBuilderCustomizer> (0x000000071356c948) 
thrown [s\src\hotspot\share\classfile\systemDictionary.cpp, line 256]
Event: 104.750 Thread 0x000002637645c6f0 Exception <a 'java/lang/ClassNotFoundException'{0x0000000713591948}: org/gradle/process/internal/DefaultExecHandleBuilderCustomizer> (0x0000000713591948) 
thrown [s\src\hotspot\share\classfile\systemDictionary.cpp, line 256]
Event: 104.751 Thread 0x000002637645c6f0 Exception <a 'java/lang/ClassNotFoundException'{0x00000007135d2150}: org/gradle/process/internal/DefaultExecActionCustomizer> (0x00000007135d2150) 
thrown [s\src\hotspot\share\classfile\systemDictionary.cpp, line 256]
Event: 104.752 Thread 0x000002637645c6f0 Exception <a 'java/lang/ClassNotFoundException'{0x00000007135ee4a8}: org/gradle/process/internal/DefaultExecAction_DecoratedCustomizer> (0x00000007135ee4a8) 
thrown [s\src\hotspot\share\classfile\systemDictionary.cpp, line 256]
Event: 104.757 Thread 0x000002637645c6f0 Exception <a 'java/lang/ClassNotFoundException'{0x0000000713228478}: org/gradle/api/logging/LogLevelBeanInfo> (0x0000000713228478) 
thrown [s\src\hotspot\share\classfile\systemDictionary.cpp, line 256]
Event: 104.759 Thread 0x000002637645c6f0 Exception <a 'java/lang/ClassNotFoundException'{0x0000000713239ea0}: org/gradle/api/logging/LogLevelCustomizer> (0x0000000713239ea0) 
thrown [s\src\hotspot\share\classfile\systemDictionary.cpp, line 256]
Event: 104.763 Thread 0x000002637645c6f0 Exception <a 'java/lang/ClassNotFoundException'{0x0000000713282118}: org/gradle/internal/logging/services/DefaultLoggingManagerBeanInfo> (0x0000000713282118) 
thrown [s\src\hotspot\share\classfile\systemDictionary.cpp, line 256]
Event: 104.763 Thread 0x000002637645c6f0 Exception <a 'java/lang/ClassNotFoundException'{0x00000007132946f0}: org/gradle/internal/logging/services/DefaultLoggingManagerCustomizer> (0x00000007132946f0) 
thrown [s\src\hotspot\share\classfile\systemDictionary.cpp, line 256]
Event: 104.768 Thread 0x000002637645c6f0 Exception <a 'java/lang/ClassNotFoundException'{0x00000007132c5ca0}: java/lang/BooleanBeanInfo> (0x00000007132c5ca0) 
thrown [s\src\hotspot\share\classfile\systemDictionary.cpp, line 256]
Event: 104.768 Thread 0x000002637645c6f0 Exception <a 'java/lang/ClassNotFoundException'{0x00000007132cc6c0}: java/lang/BooleanCustomizer> (0x00000007132cc6c0) 
thrown [s\src\hotspot\share\classfile\systemDictionary.cpp, line 256]
Event: 104.799 Thread 0x000002637645db30 Exception <a 'java/lang/NoSuchMethodError'{0x000000071333e2f8}: 'void java.lang.invoke.DirectMethodHandle$Holder.invokeStatic(java.lang.Object, long)'> (0x000000071333e2f8) 
thrown [s\src\hotspot\share\interpreter\linkResolver.cpp, line 771]
Event: 104.799 Thread 0x000002637645db30 Exception <a 'java/lang/NoSuchMethodError'{0x0000000713343568}: 'java.lang.Object java.lang.invoke.DirectMethodHandle$Holder.newInvokeSpecial(java.lang.Object, long)'> (0x0000000713343568) 
thrown [s\src\hotspot\share\interpreter\linkResolver.cpp, line 771]
Event: 104.801 Thread 0x000002637645db30 Exception <a 'java/lang/NoSuchMethodError'{0x0000000713349fc8}: 'java.lang.Object java.lang.invoke.DirectMethodHandle$Holder.invokeStatic(java.lang.Object, java.lang.Object, long, java.lang.Object)'> (0x0000000713349fc8) 
thrown [s\src\hotspot\share\interpreter\linkResolver.cpp, line 771]
Event: 104.802 Thread 0x000002637645db30 Exception <a 'java/lang/NoSuchMethodError'{0x000000071334d7a0}: 'java.lang.Object java.lang.invoke.DirectMethodHandle$Holder.invokeStaticInit(java.lang.Object, java.lang.Object, long, java.lang.Object)'> (0x000000071334d7a0) 
thrown [s\src\hotspot\share\interpreter\linkResolver.cpp, line 771]

VM Operations (20 events):
Event: 103.176 Executing VM operation: HandshakeAllThreads
Event: 103.176 Executing VM operation: HandshakeAllThreads done
Event: 103.374 Executing VM operation: HandshakeAllThreads
Event: 103.374 Executing VM operation: HandshakeAllThreads done
Event: 103.527 Executing VM operation: ICBufferFull
Event: 103.527 Executing VM operation: ICBufferFull done
Event: 103.559 Executing VM operation: HandshakeAllThreads
Event: 103.559 Executing VM operation: HandshakeAllThreads done
Event: 104.441 Executing VM operation: HandshakeAllThreads
Event: 104.441 Executing VM operation: HandshakeAllThreads done
Event: 104.474 Executing VM operation: ICBufferFull
Event: 104.474 Executing VM operation: ICBufferFull done
Event: 104.713 Executing VM operation: HandshakeAllThreads
Event: 104.713 Executing VM operation: HandshakeAllThreads done
Event: 104.806 Executing VM operation: HandshakeAllThreads
Event: 104.806 Executing VM operation: HandshakeAllThreads done
Event: 105.812 Executing VM operation: Cleanup
Event: 105.812 Executing VM operation: Cleanup done
Event: 113.867 Executing VM operation: Cleanup
Event: 113.867 Executing VM operation: Cleanup done

Events (20 events):
Event: 104.768 loading class java/lang/BooleanBeanInfo
Event: 104.768 loading class java/lang/BooleanBeanInfo done
Event: 104.768 loading class java/lang/BooleanCustomizer
Event: 104.768 loading class java/lang/BooleanCustomizer done
Event: 104.768 loading class java/lang/BooleanCustomizer
Event: 104.768 loading class java/lang/BooleanCustomizer done
Event: 104.781 Thread 0x000002637645db30 Thread added: 0x000002637645db30
Event: 104.782 loading class java/lang/ProcessImpl
Event: 104.783 loading class java/lang/ProcessImpl done
Event: 104.800 loading class java/lang/ProcessHandleImpl
Event: 104.800 loading class java/lang/ProcessHandleImpl done
Event: 104.803 loading class java/lang/ProcessImpl$2
Event: 104.803 loading class java/lang/ProcessImpl$2 done
Event: 104.803 loading class java/lang/Process$PipeInputStream
Event: 104.803 loading class java/lang/Process$PipeInputStream done
Event: 104.807 loading class jdk/internal/event/ProcessStartEvent
Event: 104.807 loading class jdk/internal/event/ProcessStartEvent done
Event: 104.808 Thread 0x000002637645e550 Thread added: 0x000002637645e550
Event: 104.808 Thread 0x000002637645ada0 Thread added: 0x000002637645ada0
Event: 108.865 Thread 0x0000026371f92550 Thread exited: 0x0000026371f92550


Dynamic libraries:
0x00007ff72f3e0000 - 0x00007ff72f3ea000 	C:\Program Files\Android\Android Studio\jbr\bin\java.exe
0x00007ffe35fb0000 - 0x00007ffe361a8000 	C:\Windows\SYSTEM32\ntdll.dll
0x00007ffe347a0000 - 0x00007ffe34861000 	C:\Windows\System32\KERNEL32.DLL
0x00007ffe33960000 - 0x00007ffe33c5d000 	C:\Windows\System32\KERNELBASE.dll
0x00007ffe33830000 - 0x00007ffe33930000 	C:\Windows\System32\ucrtbase.dll
0x00007ffe2c900000 - 0x00007ffe2c917000 	C:\Program Files\Android\Android Studio\jbr\bin\jli.dll
0x00007ffe2ed50000 - 0x00007ffe2ed6b000 	C:\Program Files\Android\Android Studio\jbr\bin\VCRUNTIME140.dll
0x00007ffe34e30000 - 0x00007ffe34fcd000 	C:\Windows\System32\USER32.dll
0x00007ffe33930000 - 0x00007ffe33952000 	C:\Windows\System32\win32u.dll
0x00007ffe1c430000 - 0x00007ffe1c6ca000 	C:\Windows\WinSxS\amd64_microsoft.windows.common-controls_6595b64144ccf1df_6.0.19041.4355_none_60b8b9eb71f62e16\COMCTL32.dll
0x00007ffe35d00000 - 0x00007ffe35d2b000 	C:\Windows\System32\GDI32.dll
0x00007ffe35260000 - 0x00007ffe352fe000 	C:\Windows\System32\msvcrt.dll
0x00007ffe33710000 - 0x00007ffe33827000 	C:\Windows\System32\gdi32full.dll
0x00007ffe33ef0000 - 0x00007ffe33f8d000 	C:\Windows\System32\msvcp_win.dll
0x00007ffe350a0000 - 0x00007ffe350cf000 	C:\Windows\System32\IMM32.DLL
0x00007ffe2c410000 - 0x00007ffe2c41c000 	C:\Program Files\Android\Android Studio\jbr\bin\vcruntime140_1.dll
0x00007ffe1c090000 - 0x00007ffe1c11d000 	C:\Program Files\Android\Android Studio\jbr\bin\msvcp140.dll
0x00007ffdf4e10000 - 0x00007ffdf5a93000 	C:\Program Files\Android\Android Studio\jbr\bin\server\jvm.dll
0x00007ffe35300000 - 0x00007ffe353b0000 	C:\Windows\System32\ADVAPI32.dll
0x00007ffe34700000 - 0x00007ffe347a0000 	C:\Windows\System32\sechost.dll
0x00007ffe353b0000 - 0x00007ffe354d3000 	C:\Windows\System32\RPCRT4.dll
0x00007ffe33ec0000 - 0x00007ffe33ee7000 	C:\Windows\System32\bcrypt.dll
0x00007ffe334b0000 - 0x00007ffe334fb000 	C:\Windows\SYSTEM32\POWRPROF.dll
0x00007ffe2de70000 - 0x00007ffe2de79000 	C:\Windows\SYSTEM32\WSOCK32.dll
0x00007ffe35f00000 - 0x00007ffe35f6b000 	C:\Windows\System32\WS2_32.dll
0x00007ffe24a20000 - 0x00007ffe24a47000 	C:\Windows\SYSTEM32\WINMM.dll
0x00007ffe245f0000 - 0x00007ffe245fa000 	C:\Windows\SYSTEM32\VERSION.dll
0x00007ffe33490000 - 0x00007ffe334a2000 	C:\Windows\SYSTEM32\UMPDC.dll
0x00007ffe314e0000 - 0x00007ffe314f2000 	C:\Windows\SYSTEM32\kernel.appcore.dll
0x00007ffe2bf10000 - 0x00007ffe2bf1a000 	C:\Program Files\Android\Android Studio\jbr\bin\jimage.dll
0x00007ffe18570000 - 0x00007ffe18754000 	C:\Windows\SYSTEM32\DBGHELP.DLL
0x00007ffe19ad0000 - 0x00007ffe19b04000 	C:\Windows\SYSTEM32\dbgcore.DLL
0x00007ffe33c60000 - 0x00007ffe33ce2000 	C:\Windows\System32\bcryptPrimitives.dll
0x00007ffe2a3b0000 - 0x00007ffe2a3d5000 	C:\Program Files\Android\Android Studio\jbr\bin\java.dll
0x00007ffe2a310000 - 0x00007ffe2a328000 	C:\Program Files\Android\Android Studio\jbr\bin\zip.dll
0x00007ffe35590000 - 0x00007ffe35cff000 	C:\Windows\System32\SHELL32.dll
0x00007ffe316e0000 - 0x00007ffe31e7f000 	C:\Windows\SYSTEM32\windows.storage.dll
0x00007ffe34ad0000 - 0x00007ffe34e23000 	C:\Windows\System32\combase.dll
0x00007ffe32fb0000 - 0x00007ffe32fde000 	C:\Windows\SYSTEM32\Wldp.dll
0x00007ffe34460000 - 0x00007ffe3452d000 	C:\Windows\System32\OLEAUT32.dll
0x00007ffe351b0000 - 0x00007ffe3525d000 	C:\Windows\System32\SHCORE.dll
0x00007ffe35030000 - 0x00007ffe35085000 	C:\Windows\System32\shlwapi.dll
0x00007ffe33590000 - 0x00007ffe335b4000 	C:\Windows\SYSTEM32\profapi.dll
0x00007ffe2a030000 - 0x00007ffe2a049000 	C:\Program Files\Android\Android Studio\jbr\bin\net.dll
0x00007ffe2b9b0000 - 0x00007ffe2babd000 	C:\Windows\SYSTEM32\WINHTTP.dll
0x00007ffe32d10000 - 0x00007ffe32d7a000 	C:\Windows\system32\mswsock.dll
0x00007ffe29fd0000 - 0x00007ffe29fe6000 	C:\Program Files\Android\Android Studio\jbr\bin\nio.dll
0x00007ffe29bf0000 - 0x00007ffe29c00000 	C:\Program Files\Android\Android Studio\jbr\bin\verify.dll
0x00007ffe2de00000 - 0x00007ffe2de27000 	C:\Users\maged\.gradle\native\c067742578af261105cb4f569cf0c3c89f3d7b1fecec35dd04571415982c5e48\windows-amd64\native-platform.dll
0x00007ffe0acd0000 - 0x00007ffe0ae14000 	C:\Users\maged\.gradle\native\38dada09dfb8b06ba9b0570ebf7e218e3eb74d4ef43ca46872605cf95ebc2f47\windows-amd64\native-platform-file-events.dll
0x00007ffe295a0000 - 0x00007ffe295a9000 	C:\Program Files\Android\Android Studio\jbr\bin\management.dll
0x00007ffe292f0000 - 0x00007ffe292fb000 	C:\Program Files\Android\Android Studio\jbr\bin\management_ext.dll
0x00007ffe33fe0000 - 0x00007ffe33fe8000 	C:\Windows\System32\PSAPI.DLL
0x00007ffe32f10000 - 0x00007ffe32f28000 	C:\Windows\SYSTEM32\CRYPTSP.dll
0x00007ffe32630000 - 0x00007ffe32664000 	C:\Windows\system32\rsaenh.dll
0x00007ffe33540000 - 0x00007ffe3356e000 	C:\Windows\SYSTEM32\USERENV.dll
0x00007ffe32f00000 - 0x00007ffe32f0c000 	C:\Windows\SYSTEM32\CRYPTBASE.dll
0x00007ffe329f0000 - 0x00007ffe32a2b000 	C:\Windows\SYSTEM32\IPHLPAPI.DLL
0x00007ffe35090000 - 0x00007ffe35098000 	C:\Windows\System32\NSI.dll
0x00007ffe2c370000 - 0x00007ffe2c387000 	C:\Windows\SYSTEM32\dhcpcsvc6.DLL
0x00007ffe2c6a0000 - 0x00007ffe2c6bd000 	C:\Windows\SYSTEM32\dhcpcsvc.DLL
0x00007ffe32a30000 - 0x00007ffe32afa000 	C:\Windows\SYSTEM32\DNSAPI.dll
0x00007ffe28c10000 - 0x00007ffe28c19000 	C:\Program Files\Android\Android Studio\jbr\bin\extnet.dll
0x00007ffe2bff0000 - 0x00007ffe2bff7000 	C:\Windows\system32\wshunix.dll
0x00007ffe292c0000 - 0x00007ffe292ca000 	C:\Windows\System32\rasadhlp.dll
0x00007ffe29310000 - 0x00007ffe29390000 	C:\Windows\System32\fwpuclnt.dll
0x00007ffe2d630000 - 0x00007ffe2d647000 	C:\Windows\system32\napinsp.dll
0x00007ffe2d5c0000 - 0x00007ffe2d5db000 	C:\Windows\system32\pnrpnsp.dll
0x00007ffe1bfb0000 - 0x00007ffe1bfc5000 	C:\Windows\system32\wshbth.dll
0x00007ffe305a0000 - 0x00007ffe305bd000 	C:\Windows\system32\NLAapi.dll
0x00007ffe2d3b0000 - 0x00007ffe2d3c2000 	C:\Windows\System32\winrnr.dll

dbghelp: loaded successfully - version: 4.0.5 - missing functions: none
symbol engine: initialized successfully - sym options: 0x614 - pdb path: .;C:\Program Files\Android\Android Studio\jbr\bin;C:\Windows\SYSTEM32;C:\Windows\WinSxS\amd64_microsoft.windows.common-controls_6595b64144ccf1df_6.0.19041.4355_none_60b8b9eb71f62e16;C:\Program Files\Android\Android Studio\jbr\bin\server;C:\Users\maged\.gradle\native\c067742578af261105cb4f569cf0c3c89f3d7b1fecec35dd04571415982c5e48\windows-amd64;C:\Users\maged\.gradle\native\38dada09dfb8b06ba9b0570ebf7e218e3eb74d4ef43ca46872605cf95ebc2f47\windows-amd64

VM Arguments:
jvm_args: -XX:+HeapDumpOnOutOfMemoryError --add-opens=java.base/java.util=ALL-UNNAMED --add-opens=java.base/java.lang=ALL-UNNAMED --add-opens=java.base/java.lang.invoke=ALL-UNNAMED --add-opens=java.prefs/java.util.prefs=ALL-UNNAMED --add-opens=java.base/java.nio.charset=ALL-UNNAMED --add-opens=java.base/java.net=ALL-UNNAMED --add-opens=java.base/java.util.concurrent.atomic=ALL-UNNAMED -Xmx4G -Dfile.encoding=windows-1252 -Duser.country=US -Duser.language=en -Duser.variant 
java_command: org.gradle.launcher.daemon.bootstrap.GradleDaemon 7.6.3
java_class_path (initial): C:\Users\maged\.gradle\wrapper\dists\gradle-7.6.3-all\aocdy2d2z8kodnny3rsumj8i8\gradle-7.6.3\lib\gradle-launcher-7.6.3.jar
Launcher Type: SUN_STANDARD

[Global flags]
     intx CICompilerCount                          = 3                                         {product} {ergonomic}
     uint ConcGCThreads                            = 1                                         {product} {ergonomic}
     uint G1ConcRefinementThreads                  = 4                                         {product} {ergonomic}
   size_t G1HeapRegionSize                         = 2097152                                   {product} {ergonomic}
    uintx GCDrainStackTargetSize                   = 64                                        {product} {ergonomic}
     bool HeapDumpOnOutOfMemoryError               = true                                   {manageable} {command line}
   size_t InitialHeapSize                          = 100663296                                 {product} {ergonomic}
   size_t MarkStackSize                            = 4194304                                   {product} {ergonomic}
   size_t MaxHeapSize                              = 4294967296                                {product} {command line}
   size_t MaxNewSize                               = 2575302656                                {product} {ergonomic}
   size_t MinHeapDeltaBytes                        = 2097152                                   {product} {ergonomic}
   size_t MinHeapSize                              = 8388608                                   {product} {ergonomic}
    uintx NonNMethodCodeHeapSize                   = 5832780                                {pd product} {ergonomic}
    uintx NonProfiledCodeHeapSize                  = 122912730                              {pd product} {ergonomic}
    uintx ProfiledCodeHeapSize                     = 122912730                              {pd product} {ergonomic}
    uintx ReservedCodeCacheSize                    = 251658240                              {pd product} {ergonomic}
     bool SegmentedCodeCache                       = true                                      {product} {ergonomic}
   size_t SoftMaxHeapSize                          = 4294967296                             {manageable} {ergonomic}
     bool UseCompressedClassPointers               = true                           {product lp64_product} {ergonomic}
     bool UseCompressedOops                        = true                           {product lp64_product} {ergonomic}
     bool UseG1GC                                  = true                                      {product} {ergonomic}
     bool UseLargePagesIndividualAllocation        = false                                  {pd product} {ergonomic}

Logging:
Log output configuration:
 #0: stdout all=warning uptime,level,tags
 #1: stderr all=off uptime,level,tags

Environment Variables:
JAVA_HOME=C:\Program Files\Android\Android Studio\jbr
CLASSPATH=D:\flutterApps\training\UIS_Personal-main\android\\gradle\wrapper\gradle-wrapper.jar
PATH=C:\Program Files\Android\Android Studio\jbr\bin;C:\Program Files\Common Files\Oracle\Java\javapath;C:\Windows\system32;C:\Windows;C:\Windows\System32\Wbem;C:\Windows\System32\WindowsPowerShell\v1.0\;C:\Windows\System32\OpenSSH\;C:\Program Files\Git\cmd;C:\Program Files\nodejs\;C:\Users\maged\AppData\Local\Microsoft\WindowsApps;C:\src\flutter\bin;C:\src\flutter\bin;C:\Users\maged\AppData\Local\GitHubDesktop\bin;C:\Users\maged\AppData\Local\Pub\Cache\bin;C:\Users\maged\AppData\Roaming\npm;C:\Users\maged\AppData\Local\Programs\Microsoft VS Code\bin;C:\src\flutter\bin\mingit\cmd;C:\src\flutter\bin\mingit\cmd
USERNAME=maged
OS=Windows_NT
PROCESSOR_IDENTIFIER=Intel64 Family 6 Model 42 Stepping 7, GenuineIntel
TMP=C:\Users\maged\AppData\Local\Temp
TEMP=C:\Users\maged\AppData\Local\Temp



Periodic native trim disabled

JNI global refs:
JNI global refs: 24, weak refs: 0

JNI global refs memory usage: 843, weak refs: 209

OOME stack traces (most recent first):
Classloader memory used:
Loader org.gradle.internal.classloader.VisitableURLClassLoader                         : 12198K
Loader bootstrap                                                                       : 3773K
Loader org.gradle.internal.classloader.VisitableURLClassLoader                         : 3380K
Loader org.gradle.initialization.MixInLegacyTypesClassLoader                           : 1568K
Loader jdk.internal.loader.ClassLoaders$PlatformClassLoader                            : 100678B
Loader jdk.internal.reflect.DelegatingClassLoader                                      : 91342B
Loader org.gradle.groovy.scripts.internal.DefaultScriptCompilationHandler$ScriptClassLoader: 48042B
Loader jdk.internal.jrtfs.JrtFileSystemProvider$JrtFsLoader                            : 43473B
Loader org.codehaus.groovy.runtime.callsite.CallSiteClassLoader                        : 31299B
Loader jdk.internal.loader.ClassLoaders$AppClassLoader                                 : 26016B
Loader groovy.lang.GroovyClassLoader$InnerLoader                                       : 10950B
Loader sun.reflect.misc.MethodUtil                                                     : 373B


[error occurred during error reporting (Classloader stats), id 0xe0000001, Out of Memory Error (s\src\hotspot\share\memory\arena.cpp:79)]


---------------  S Y S T E M  ---------------

OS:
 Windows 10 , 64 bit Build 19041 (10.0.19041.4717)
OS uptime: 0 days 4:56 hours

CPU: total 4 (initial active 4) (2 cores per cpu, 2 threads per core) family 6 model 42 stepping 7 microcode 0x2f, cx8, cmov, fxsr, ht, mmx, sse, sse2, sse3, ssse3, sse4.1, sse4.2, popcnt, tsc, tscinvbit, avx, aes, clmul, vzeroupper, clflush
Processor Information for all 4 processors :
  Max Mhz: 2301, Current Mhz: 2301, Mhz Limit: 2301

Memory: 4k page, system-wide physical 6051M (729M free)
TotalPageFile size 8099M (AvailPageFile size 3M)
current process WorkingSet (physical memory assigned to process): 776M, peak: 813M
current process commit charge ("private bytes"): 815M, peak: 841M

vm_info: OpenJDK 64-Bit Server VM (17.0.10+0--11572160) for windows-amd64 JRE (17.0.10+0--11572160), built on Mar 13 2024 23:56:38 by "androidbuild" with MS VC++ 16.10 / 16.11 (VS2019)

END.
