#
# There is insufficient memory for the Java Runtime Environment to continue.
# Native memory allocation (malloc) failed to allocate 510064 bytes for Chunk::new
# Possible reasons:
#   The system is out of physical RAM or swap space
#   The process is running with CompressedOops enabled, and the Java Heap may be blocking the growth of the native heap
# Possible solutions:
#   Reduce memory load on the system
#   Increase physical memory or swap space
#   Check if swap backing store is full
#   Decrease Java heap size (-Xmx/-Xms)
#   Decrease number of Java threads
#   Decrease Java thread stack sizes (-Xss)
#   Set larger code cache with -XX:ReservedCodeCacheSize=
#   JVM is running with Unscaled Compressed Oops mode in which the Java heap is
#     placed in the first 4GB address space. The Java Heap base address is the
#     maximum limit for the native heap growth. Please use -XX:HeapBaseMinAddress
#     to set the Java Heap base and to place the Java Heap above 4GB virtual address.
# This output file may be truncated or incomplete.
#
#  Out of Memory Error (arena.cpp:191), pid=6928, tid=10772
#
# JRE version: OpenJDK Runtime Environment (17.0.10) (build 17.0.10+0--11572160)
# Java VM: OpenJDK 64-Bit Server VM (17.0.10+0--11572160, mixed mode, tiered, compressed oops, compressed class ptrs, g1 gc, windows-amd64)
# No core dump will be written. Minidumps are not enabled by default on client versions of Windows
#

---------------  S U M M A R Y ------------

Command Line: org.jetbrains.kotlin.cli.jvm.K2JVMCompiler @D:\flutterApps\training\UIS_Personal-main\build\shared_preferences_android\20240905_16158992013860726299.compiler.options

Host: Intel(R) Core(TM) i5-2410M CPU @ 2.30GHz, 4 cores, 5G,  Windows 10 , 64 bit Build 19041 (10.0.19041.4717)
Time: Thu Sep  5 06:45:27 2024 Egypt Daylight Time elapsed time: 19.244553 seconds (0d 0h 0m 19s)

---------------  T H R E A D  ---------------

Current thread (0x000001bbdb574970):  JavaThread "C2 CompilerThread0" daemon [_thread_in_native, id=10772, stack(0x000000acdbb00000,0x000000acdbc00000)]


Current CompileTask:
C2:  19244 7430       4       org.jetbrains.kotlin.resolve.calls.tower.NoExplicitReceiverScopeTowerProcessor::simpleProcess (947 bytes)

Stack: [0x000000acdbb00000,0x000000acdbc00000]
Native frames: (J=compiled Java code, j=interpreted, Vv=VM code, C=native code)
V  [jvm.dll+0x688e89]
V  [jvm.dll+0x84247a]
V  [jvm.dll+0x8440be]
V  [jvm.dll+0x844723]
V  [jvm.dll+0x24be0f]
V  [jvm.dll+0xac524]
V  [jvm.dll+0xacb6c]
V  [jvm.dll+0x36bd67]
V  [jvm.dll+0x33615a]
V  [jvm.dll+0x3355fa]
V  [jvm.dll+0x21daa1]
V  [jvm.dll+0x21cec1]
V  [jvm.dll+0x1a60ad]
V  [jvm.dll+0x22cd78]
V  [jvm.dll+0x22aeb0]
V  [jvm.dll+0x7f6917]
V  [jvm.dll+0x7f0d1a]
V  [jvm.dll+0x687d05]
C  [ucrtbase.dll+0x21bb2]
C  [KERNEL32.DLL+0x17374]
C  [ntdll.dll+0x4cc91]


---------------  P R O C E S S  ---------------

Threads class SMR info:
_java_thread_list=0x000001bbe2bef120, length=12, elements={
0x000001bbc138fb30, 0x000001bbdb546610, 0x000001bbdb547490, 0x000001bbdb56f010,
0x000001bbdb5708f0, 0x000001bbdb5732c0, 0x000001bbdb573c80, 0x000001bbdb574970,
0x000001bbdb57ea80, 0x000001bbdb818fe0, 0x000001bbdb910590, 0x000001bbdb9180d0
}

Java Threads: ( => current thread )
  0x000001bbc138fb30 JavaThread "main" [_thread_in_vm, id=6892, stack(0x000000acdad00000,0x000000acdae00000)]
  0x000001bbdb546610 JavaThread "Reference Handler" daemon [_thread_blocked, id=10576, stack(0x000000acdb500000,0x000000acdb600000)]
  0x000001bbdb547490 JavaThread "Finalizer" daemon [_thread_blocked, id=12148, stack(0x000000acdb600000,0x000000acdb700000)]
  0x000001bbdb56f010 JavaThread "Signal Dispatcher" daemon [_thread_blocked, id=8800, stack(0x000000acdb700000,0x000000acdb800000)]
  0x000001bbdb5708f0 JavaThread "Attach Listener" daemon [_thread_blocked, id=8284, stack(0x000000acdb800000,0x000000acdb900000)]
  0x000001bbdb5732c0 JavaThread "Service Thread" daemon [_thread_blocked, id=1772, stack(0x000000acdb900000,0x000000acdba00000)]
  0x000001bbdb573c80 JavaThread "Monitor Deflation Thread" daemon [_thread_blocked, id=4172, stack(0x000000acdba00000,0x000000acdbb00000)]
=>0x000001bbdb574970 JavaThread "C2 CompilerThread0" daemon [_thread_in_native, id=10772, stack(0x000000acdbb00000,0x000000acdbc00000)]
  0x000001bbdb57ea80 JavaThread "C1 CompilerThread0" daemon [_thread_blocked, id=692, stack(0x000000acdbc00000,0x000000acdbd00000)]
  0x000001bbdb818fe0 JavaThread "Sweeper thread" daemon [_thread_blocked, id=11592, stack(0x000000acdbd00000,0x000000acdbe00000)]
  0x000001bbdb910590 JavaThread "Notification Thread" daemon [_thread_blocked, id=6516, stack(0x000000acdbe00000,0x000000acdbf00000)]
  0x000001bbdb9180d0 JavaThread "Common-Cleaner" daemon [_thread_blocked, id=1328, stack(0x000000acdc000000,0x000000acdc100000)]

Other Threads:
  0x000001bbdb522890 VMThread "VM Thread" [stack: 0x000000acdb400000,0x000000acdb500000] [id=10916]
  0x000001bbdb4adc60 WatcherThread [stack: 0x000000acdbf00000,0x000000acdc000000] [id=10532]
  0x000001bbc13dabf0 GCTaskThread "GC Thread#0" [stack: 0x000000acdaf00000,0x000000acdb000000] [id=8388]
  0x000001bbe0186850 GCTaskThread "GC Thread#1" [stack: 0x000000acdc100000,0x000000acdc200000] [id=10936]
  0x000001bbe019a190 GCTaskThread "GC Thread#2" [stack: 0x000000acdc200000,0x000000acdc300000] [id=1280]
  0x000001bbe019a450 GCTaskThread "GC Thread#3" [stack: 0x000000acdc300000,0x000000acdc400000] [id=8452]
  0x000001bbc13e7880 ConcurrentGCThread "G1 Main Marker" [stack: 0x000000acdb000000,0x000000acdb100000] [id=11240]
  0x000001bbc13e82a0 ConcurrentGCThread "G1 Conc#0" [stack: 0x000000acdb100000,0x000000acdb200000] [id=484]
  0x000001bbc1447530 ConcurrentGCThread "G1 Refine#0" [stack: 0x000000acdb200000,0x000000acdb300000] [id=5032]
  0x000001bbe12fd740 ConcurrentGCThread "G1 Refine#1" [stack: 0x000000acdc500000,0x000000acdc600000] [id=2052]
  0x000001bbe0979240 ConcurrentGCThread "G1 Refine#2" [stack: 0x000000acdc600000,0x000000acdc700000] [id=12124]
  0x000001bbc1447f60 ConcurrentGCThread "G1 Service" [stack: 0x000000acdb300000,0x000000acdb400000] [id=5852]

Threads with active compile tasks:
C2 CompilerThread0    19273 7430       4       org.jetbrains.kotlin.resolve.calls.tower.NoExplicitReceiverScopeTowerProcessor::simpleProcess (947 bytes)

VM state: not at safepoint (normal execution)

VM Mutex/Monitor currently owned by a thread: None

Heap address: 0x00000000a1600000, size: 1514 MB, Compressed Oops mode: 32-bit

CDS archive(s) not mapped
Compressed class space mapped at: 0x0000000100000000-0x0000000140000000, reserved size: 1073741824
Narrow klass base: 0x0000000000000000, Narrow klass shift: 3, Narrow klass range: 0x140000000

GC Precious Log:
 CPUs: 4 total, 4 available
 Memory: 6051M
 Large Page Support: Disabled
 NUMA Support: Disabled
 Compressed Oops: Enabled (32-bit)
 Heap Region Size: 1M
 Heap Min Capacity: 8M
 Heap Initial Capacity: 96M
 Heap Max Capacity: 1514M
 Pre-touch: Disabled
 Parallel Workers: 4
 Concurrent Workers: 1
 Concurrent Refinement Workers: 4
 Periodic GC: Disabled

Heap:
 garbage-first heap   total 98304K, used 36625K [0x00000000a1600000, 0x0000000100000000)
  region size 1024K, 7 young (7168K), 4 survivors (4096K)
 Metaspace       used 63378K, committed 63616K, reserved 1114112K
  class space    used 7579K, committed 7680K, reserved 1048576K

Heap Regions: E=young(eden), S=young(survivor), O=old, HS=humongous(starts), HC=humongous(continues), CS=collection set, F=free, OA=open archive, CA=closed archive, TAMS=top-at-mark-start (previous, next)
|   0|0x00000000a1600000, 0x00000000a1700000, 0x00000000a1700000|100%|HS|  |TAMS 0x00000000a1700000, 0x00000000a1600000| Complete 
|   1|0x00000000a1700000, 0x00000000a1800000, 0x00000000a1800000|100%|HC|  |TAMS 0x00000000a1800000, 0x00000000a1700000| Complete 
|   2|0x00000000a1800000, 0x00000000a1900000, 0x00000000a1900000|100%|HC|  |TAMS 0x00000000a1900000, 0x00000000a1800000| Complete 
|   3|0x00000000a1900000, 0x00000000a1a00000, 0x00000000a1a00000|100%|HC|  |TAMS 0x00000000a1a00000, 0x00000000a1900000| Complete 
|   4|0x00000000a1a00000, 0x00000000a1afd200, 0x00000000a1b00000| 98%| O|  |TAMS 0x00000000a1afd200, 0x00000000a1a00000| Untracked 
|   5|0x00000000a1b00000, 0x00000000a1c00000, 0x00000000a1c00000|100%| O|  |TAMS 0x00000000a1c00000, 0x00000000a1b00000| Untracked 
|   6|0x00000000a1c00000, 0x00000000a1d00000, 0x00000000a1d00000|100%| O|  |TAMS 0x00000000a1d00000, 0x00000000a1c00000| Untracked 
|   7|0x00000000a1d00000, 0x00000000a1e00000, 0x00000000a1e00000|100%| O|  |TAMS 0x00000000a1e00000, 0x00000000a1d00000| Untracked 
|   8|0x00000000a1e00000, 0x00000000a1f00000, 0x00000000a1f00000|100%| O|  |TAMS 0x00000000a1f00000, 0x00000000a1e00000| Untracked 
|   9|0x00000000a1f00000, 0x00000000a2000000, 0x00000000a2000000|100%| O|  |TAMS 0x00000000a2000000, 0x00000000a1f00000| Untracked 
|  10|0x00000000a2000000, 0x00000000a2100000, 0x00000000a2100000|100%| O|  |TAMS 0x00000000a2100000, 0x00000000a2000000| Untracked 
|  11|0x00000000a2100000, 0x00000000a2200000, 0x00000000a2200000|100%| O|  |TAMS 0x00000000a2200000, 0x00000000a2100000| Untracked 
|  12|0x00000000a2200000, 0x00000000a2300000, 0x00000000a2300000|100%| O|  |TAMS 0x00000000a2300000, 0x00000000a2200000| Untracked 
|  13|0x00000000a2300000, 0x00000000a2400000, 0x00000000a2400000|100%| O|  |TAMS 0x00000000a2400000, 0x00000000a2300000| Untracked 
|  14|0x00000000a2400000, 0x00000000a2500000, 0x00000000a2500000|100%| O|  |TAMS 0x00000000a2500000, 0x00000000a2400000| Untracked 
|  15|0x00000000a2500000, 0x00000000a2600000, 0x00000000a2600000|100%| O|  |TAMS 0x00000000a2600000, 0x00000000a2500000| Untracked 
|  16|0x00000000a2600000, 0x00000000a2700000, 0x00000000a2700000|100%| O|  |TAMS 0x00000000a2700000, 0x00000000a2600000| Untracked 
|  17|0x00000000a2700000, 0x00000000a2800000, 0x00000000a2800000|100%| O|  |TAMS 0x00000000a2800000, 0x00000000a2700000| Untracked 
|  18|0x00000000a2800000, 0x00000000a2900000, 0x00000000a2900000|100%| O|  |TAMS 0x00000000a2900000, 0x00000000a2800000| Untracked 
|  19|0x00000000a2900000, 0x00000000a2a00000, 0x00000000a2a00000|100%| O|  |TAMS 0x00000000a2a00000, 0x00000000a2900000| Untracked 
|  20|0x00000000a2a00000, 0x00000000a2b00000, 0x00000000a2b00000|100%|HS|  |TAMS 0x00000000a2b00000, 0x00000000a2a00000| Complete 
|  21|0x00000000a2b00000, 0x00000000a2c00000, 0x00000000a2c00000|100%|HC|  |TAMS 0x00000000a2c00000, 0x00000000a2b00000| Complete 
|  22|0x00000000a2c00000, 0x00000000a2d00000, 0x00000000a2d00000|100%| O|  |TAMS 0x00000000a2d00000, 0x00000000a2c00000| Untracked 
|  23|0x00000000a2d00000, 0x00000000a2e00000, 0x00000000a2e00000|100%| O|  |TAMS 0x00000000a2e00000, 0x00000000a2d00000| Untracked 
|  24|0x00000000a2e00000, 0x00000000a2f00000, 0x00000000a2f00000|100%| O|  |TAMS 0x00000000a2e00000, 0x00000000a2e00000| Untracked 
|  25|0x00000000a2f00000, 0x00000000a2f00000, 0x00000000a3000000|  0%| F|  |TAMS 0x00000000a2f00000, 0x00000000a2f00000| Untracked 
|  26|0x00000000a3000000, 0x00000000a3100000, 0x00000000a3100000|100%| O|  |TAMS 0x00000000a304a800, 0x00000000a3000000| Untracked 
|  27|0x00000000a3100000, 0x00000000a3200000, 0x00000000a3200000|100%| O|  |TAMS 0x00000000a3100000, 0x00000000a3100000| Untracked 
|  28|0x00000000a3200000, 0x00000000a3300000, 0x00000000a3300000|100%| O|  |TAMS 0x00000000a3200000, 0x00000000a3200000| Untracked 
|  29|0x00000000a3300000, 0x00000000a3400000, 0x00000000a3400000|100%| O|  |TAMS 0x00000000a3300000, 0x00000000a3300000| Untracked 
|  30|0x00000000a3400000, 0x00000000a34d7a00, 0x00000000a3500000| 84%| O|  |TAMS 0x00000000a3400000, 0x00000000a3400000| Untracked 
|  31|0x00000000a3500000, 0x00000000a3500000, 0x00000000a3600000|  0%| F|  |TAMS 0x00000000a3500000, 0x00000000a3500000| Untracked 
|  32|0x00000000a3600000, 0x00000000a3600000, 0x00000000a3700000|  0%| F|  |TAMS 0x00000000a3600000, 0x00000000a3600000| Untracked 
|  33|0x00000000a3700000, 0x00000000a3700000, 0x00000000a3800000|  0%| F|  |TAMS 0x00000000a3700000, 0x00000000a3700000| Untracked 
|  34|0x00000000a3800000, 0x00000000a3800000, 0x00000000a3900000|  0%| F|  |TAMS 0x00000000a3800000, 0x00000000a3800000| Untracked 
|  35|0x00000000a3900000, 0x00000000a3900000, 0x00000000a3a00000|  0%| F|  |TAMS 0x00000000a3900000, 0x00000000a3900000| Untracked 
|  36|0x00000000a3a00000, 0x00000000a3a00000, 0x00000000a3b00000|  0%| F|  |TAMS 0x00000000a3a00000, 0x00000000a3a00000| Untracked 
|  37|0x00000000a3b00000, 0x00000000a3b00000, 0x00000000a3c00000|  0%| F|  |TAMS 0x00000000a3b00000, 0x00000000a3b00000| Untracked 
|  38|0x00000000a3c00000, 0x00000000a3c00000, 0x00000000a3d00000|  0%| F|  |TAMS 0x00000000a3c00000, 0x00000000a3c00000| Untracked 
|  39|0x00000000a3d00000, 0x00000000a3d00000, 0x00000000a3e00000|  0%| F|  |TAMS 0x00000000a3d00000, 0x00000000a3d00000| Untracked 
|  40|0x00000000a3e00000, 0x00000000a3e00000, 0x00000000a3f00000|  0%| F|  |TAMS 0x00000000a3e00000, 0x00000000a3e00000| Untracked 
|  41|0x00000000a3f00000, 0x00000000a3f00000, 0x00000000a4000000|  0%| F|  |TAMS 0x00000000a3f00000, 0x00000000a3f00000| Untracked 
|  42|0x00000000a4000000, 0x00000000a4000000, 0x00000000a4100000|  0%| F|  |TAMS 0x00000000a4000000, 0x00000000a4000000| Untracked 
|  43|0x00000000a4100000, 0x00000000a4100000, 0x00000000a4200000|  0%| F|  |TAMS 0x00000000a4100000, 0x00000000a4100000| Untracked 
|  44|0x00000000a4200000, 0x00000000a4200000, 0x00000000a4300000|  0%| F|  |TAMS 0x00000000a4200000, 0x00000000a4200000| Untracked 
|  45|0x00000000a4300000, 0x00000000a4300000, 0x00000000a4400000|  0%| F|  |TAMS 0x00000000a4300000, 0x00000000a4300000| Untracked 
|  46|0x00000000a4400000, 0x00000000a4400000, 0x00000000a4500000|  0%| F|  |TAMS 0x00000000a4400000, 0x00000000a4400000| Untracked 
|  47|0x00000000a4500000, 0x00000000a4500000, 0x00000000a4600000|  0%| F|  |TAMS 0x00000000a4500000, 0x00000000a4500000| Untracked 
|  48|0x00000000a4600000, 0x00000000a4600000, 0x00000000a4700000|  0%| F|  |TAMS 0x00000000a4600000, 0x00000000a4600000| Untracked 
|  49|0x00000000a4700000, 0x00000000a4700000, 0x00000000a4800000|  0%| F|  |TAMS 0x00000000a4700000, 0x00000000a4700000| Untracked 
|  50|0x00000000a4800000, 0x00000000a4800000, 0x00000000a4900000|  0%| F|  |TAMS 0x00000000a4800000, 0x00000000a4800000| Untracked 
|  51|0x00000000a4900000, 0x00000000a4900000, 0x00000000a4a00000|  0%| F|  |TAMS 0x00000000a4900000, 0x00000000a4900000| Untracked 
|  52|0x00000000a4a00000, 0x00000000a4aef8b0, 0x00000000a4b00000| 93%| S|CS|TAMS 0x00000000a4a00000, 0x00000000a4a00000| Complete 
|  53|0x00000000a4b00000, 0x00000000a4c00000, 0x00000000a4c00000|100%| S|CS|TAMS 0x00000000a4b00000, 0x00000000a4b00000| Complete 
|  54|0x00000000a4c00000, 0x00000000a4d00000, 0x00000000a4d00000|100%| S|CS|TAMS 0x00000000a4c00000, 0x00000000a4c00000| Complete 
|  55|0x00000000a4d00000, 0x00000000a4e00000, 0x00000000a4e00000|100%| S|CS|TAMS 0x00000000a4d00000, 0x00000000a4d00000| Complete 
|  56|0x00000000a4e00000, 0x00000000a4e00000, 0x00000000a4f00000|  0%| F|  |TAMS 0x00000000a4e00000, 0x00000000a4e00000| Untracked 
|  57|0x00000000a4f00000, 0x00000000a4f00000, 0x00000000a5000000|  0%| F|  |TAMS 0x00000000a4f00000, 0x00000000a4f00000| Untracked 
|  58|0x00000000a5000000, 0x00000000a5000000, 0x00000000a5100000|  0%| F|  |TAMS 0x00000000a5000000, 0x00000000a5000000| Untracked 
|  59|0x00000000a5100000, 0x00000000a5100000, 0x00000000a5200000|  0%| F|  |TAMS 0x00000000a5100000, 0x00000000a5100000| Untracked 
|  60|0x00000000a5200000, 0x00000000a5200000, 0x00000000a5300000|  0%| F|  |TAMS 0x00000000a5200000, 0x00000000a5200000| Untracked 
|  61|0x00000000a5300000, 0x00000000a5300000, 0x00000000a5400000|  0%| F|  |TAMS 0x00000000a5300000, 0x00000000a5300000| Untracked 
|  62|0x00000000a5400000, 0x00000000a5400000, 0x00000000a5500000|  0%| F|  |TAMS 0x00000000a5400000, 0x00000000a5400000| Untracked 
|  63|0x00000000a5500000, 0x00000000a5500000, 0x00000000a5600000|  0%| F|  |TAMS 0x00000000a5500000, 0x00000000a5500000| Untracked 
|  64|0x00000000a5600000, 0x00000000a5600000, 0x00000000a5700000|  0%| F|  |TAMS 0x00000000a5600000, 0x00000000a5600000| Untracked 
|  65|0x00000000a5700000, 0x00000000a5700000, 0x00000000a5800000|  0%| F|  |TAMS 0x00000000a5700000, 0x00000000a5700000| Untracked 
|  66|0x00000000a5800000, 0x00000000a5800000, 0x00000000a5900000|  0%| F|  |TAMS 0x00000000a5800000, 0x00000000a5800000| Untracked 
|  67|0x00000000a5900000, 0x00000000a5900000, 0x00000000a5a00000|  0%| F|  |TAMS 0x00000000a5900000, 0x00000000a5900000| Untracked 
|  68|0x00000000a5a00000, 0x00000000a5a00000, 0x00000000a5b00000|  0%| F|  |TAMS 0x00000000a5a00000, 0x00000000a5a00000| Untracked 
|  69|0x00000000a5b00000, 0x00000000a5b00000, 0x00000000a5c00000|  0%| F|  |TAMS 0x00000000a5b00000, 0x00000000a5b00000| Untracked 
|  70|0x00000000a5c00000, 0x00000000a5c00000, 0x00000000a5d00000|  0%| F|  |TAMS 0x00000000a5c00000, 0x00000000a5c00000| Untracked 
|  71|0x00000000a5d00000, 0x00000000a5d00000, 0x00000000a5e00000|  0%| F|  |TAMS 0x00000000a5d00000, 0x00000000a5d00000| Untracked 
|  72|0x00000000a5e00000, 0x00000000a5e00000, 0x00000000a5f00000|  0%| F|  |TAMS 0x00000000a5e00000, 0x00000000a5e00000| Untracked 
|  73|0x00000000a5f00000, 0x00000000a5f00000, 0x00000000a6000000|  0%| F|  |TAMS 0x00000000a5f00000, 0x00000000a5f00000| Untracked 
|  74|0x00000000a6000000, 0x00000000a6000000, 0x00000000a6100000|  0%| F|  |TAMS 0x00000000a6000000, 0x00000000a6000000| Untracked 
|  75|0x00000000a6100000, 0x00000000a6100000, 0x00000000a6200000|  0%| F|  |TAMS 0x00000000a6100000, 0x00000000a6100000| Untracked 
|  76|0x00000000a6200000, 0x00000000a6200000, 0x00000000a6300000|  0%| F|  |TAMS 0x00000000a6200000, 0x00000000a6200000| Untracked 
|  77|0x00000000a6300000, 0x00000000a6300000, 0x00000000a6400000|  0%| F|  |TAMS 0x00000000a6300000, 0x00000000a6300000| Untracked 
|  78|0x00000000a6400000, 0x00000000a6400000, 0x00000000a6500000|  0%| F|  |TAMS 0x00000000a6400000, 0x00000000a6400000| Untracked 
|  79|0x00000000a6500000, 0x00000000a6500000, 0x00000000a6600000|  0%| F|  |TAMS 0x00000000a6500000, 0x00000000a6500000| Untracked 
|  80|0x00000000a6600000, 0x00000000a6600000, 0x00000000a6700000|  0%| F|  |TAMS 0x00000000a6600000, 0x00000000a6600000| Untracked 
|  81|0x00000000a6700000, 0x00000000a6700000, 0x00000000a6800000|  0%| F|  |TAMS 0x00000000a6700000, 0x00000000a6700000| Untracked 
|  82|0x00000000a6800000, 0x00000000a6800000, 0x00000000a6900000|  0%| F|  |TAMS 0x00000000a6800000, 0x00000000a6800000| Untracked 
|  83|0x00000000a6900000, 0x00000000a6900000, 0x00000000a6a00000|  0%| F|  |TAMS 0x00000000a6900000, 0x00000000a6900000| Untracked 
|  84|0x00000000a6a00000, 0x00000000a6a00000, 0x00000000a6b00000|  0%| F|  |TAMS 0x00000000a6a00000, 0x00000000a6a00000| Untracked 
|  85|0x00000000a6b00000, 0x00000000a6b00000, 0x00000000a6c00000|  0%| F|  |TAMS 0x00000000a6b00000, 0x00000000a6b00000| Untracked 
|  86|0x00000000a6c00000, 0x00000000a6c00000, 0x00000000a6d00000|  0%| F|  |TAMS 0x00000000a6c00000, 0x00000000a6c00000| Untracked 
|  87|0x00000000a6d00000, 0x00000000a6d00000, 0x00000000a6e00000|  0%| F|  |TAMS 0x00000000a6d00000, 0x00000000a6d00000| Untracked 
|  88|0x00000000a6e00000, 0x00000000a6e00000, 0x00000000a6f00000|  0%| F|  |TAMS 0x00000000a6e00000, 0x00000000a6e00000| Untracked 
|  89|0x00000000a6f00000, 0x00000000a6f00000, 0x00000000a7000000|  0%| F|  |TAMS 0x00000000a6f00000, 0x00000000a6f00000| Untracked 
|  90|0x00000000a7000000, 0x00000000a7000000, 0x00000000a7100000|  0%| F|  |TAMS 0x00000000a7000000, 0x00000000a7000000| Untracked 
|  91|0x00000000a7100000, 0x00000000a7100000, 0x00000000a7200000|  0%| F|  |TAMS 0x00000000a7100000, 0x00000000a7100000| Untracked 
|  92|0x00000000a7200000, 0x00000000a7200000, 0x00000000a7300000|  0%| F|  |TAMS 0x00000000a7200000, 0x00000000a7200000| Untracked 
|  93|0x00000000a7300000, 0x00000000a7400000, 0x00000000a7400000|100%| E|  |TAMS 0x00000000a7300000, 0x00000000a7300000| Complete 
|  94|0x00000000a7400000, 0x00000000a7500000, 0x00000000a7500000|100%| E|CS|TAMS 0x00000000a7400000, 0x00000000a7400000| Complete 
|  95|0x00000000a7500000, 0x00000000a7600000, 0x00000000a7600000|100%| E|CS|TAMS 0x00000000a7500000, 0x00000000a7500000| Complete 

Card table byte_map: [0x000001bbd5990000,0x000001bbd5c90000] _byte_map_base: 0x000001bbd5485000

Marking Bits (Prev, Next): (CMBitMap*) 0x000001bbc13db210, (CMBitMap*) 0x000001bbc13db250
 Prev Bits: [0x000001bbd5f90000, 0x000001bbd7738000)
 Next Bits: [0x000001bbd7740000, 0x000001bbd8ee8000)

Polling page: 0x000001bbc1450000

Metaspace:

Usage:
  Non-class:     54.50 MB used.
      Class:      7.40 MB used.
       Both:     61.90 MB used.

Virtual space:
  Non-class space:       64.00 MB reserved,      54.62 MB ( 85%) committed,  1 nodes.
      Class space:        1.00 GB reserved,       7.50 MB ( <1%) committed,  1 nodes.
             Both:        1.06 GB reserved,      62.12 MB (  6%) committed. 

Chunk freelists:
   Non-Class:  9.17 MB
       Class:  8.44 MB
        Both:  17.61 MB

MaxMetaspaceSize: unlimited
CompressedClassSpaceSize: 1.00 GB
Initial GC threshold: 21.00 MB
Current GC threshold: 80.75 MB
CDS: off
MetaspaceReclaimPolicy: balanced
 - commit_granule_bytes: 65536.
 - commit_granule_words: 8192.
 - virtual_space_node_default_size: 8388608.
 - enlarge_chunks_in_place: 1.
 - new_chunks_are_fully_committed: 0.
 - uncommit_free_chunks: 1.
 - use_allocation_guard: 0.
 - handle_deallocations: 1.


Internal statistics:

num_allocs_failed_limit: 3.
num_arena_births: 298.
num_arena_deaths: 0.
num_vsnodes_births: 2.
num_vsnodes_deaths: 0.
num_space_committed: 992.
num_space_uncommitted: 0.
num_chunks_returned_to_freelist: 3.
num_chunks_taken_from_freelist: 2300.
num_chunk_merges: 3.
num_chunk_splits: 1858.
num_chunks_enlarged: 1635.
num_inconsistent_stats: 0.

CodeHeap 'non-profiled nmethods': size=120000Kb used=3033Kb max_used=3336Kb free=116967Kb
 bounds [0x000001bbcdb40000, 0x000001bbcde90000, 0x000001bbd5070000]
CodeHeap 'profiled nmethods': size=120000Kb used=17953Kb max_used=19043Kb free=102046Kb
 bounds [0x000001bbc6070000, 0x000001bbc7310000, 0x000001bbcd5a0000]
CodeHeap 'non-nmethods': size=5760Kb used=1289Kb max_used=1336Kb free=4470Kb
 bounds [0x000001bbcd5a0000, 0x000001bbcd810000, 0x000001bbcdb40000]
 total_blobs=7138 nmethods=6534 adapters=515
 compilation: enabled
              stopped_count=0, restarted_count=0
 full_count=0

Compilation events (20 events):
Event: 19.181 Thread 0x000001bbdb57ea80 7426       3       org.jetbrains.kotlin.resolve.calls.inference.components.TypeVariableDependencyInformationProvider::<init> (133 bytes)
Event: 19.181 Thread 0x000001bbdb574970 nmethod 7424 0x000001bbcde7e690 code [0x000001bbcde7e820, 0x000001bbcde7e8f8]
Event: 19.184 Thread 0x000001bbdb57ea80 nmethod 7426 0x000001bbc66a2b90 code [0x000001bbc66a2fe0, 0x000001bbc66a4f18]
Event: 19.184 Thread 0x000001bbdb57ea80 7427       3       org.jetbrains.kotlin.resolve.calls.inference.model.ConstraintKind::isLower (13 bytes)
Event: 19.184 Thread 0x000001bbdb57ea80 nmethod 7427 0x000001bbc6128890 code [0x000001bbc6128a20, 0x000001bbc6128b98]
Event: 19.185 Thread 0x000001bbdb574970 7428       4       org.jetbrains.kotlin.descriptors.annotations.Annotations$Companion$EMPTY$1::findAnnotation (9 bytes)
Event: 19.186 Thread 0x000001bbdb574970 nmethod 7428 0x000001bbcde7e390 code [0x000001bbcde7e500, 0x000001bbcde7e598]
Event: 19.191 Thread 0x000001bbdb57ea80 7429       3       org.jetbrains.kotlin.resolve.StatementFilterKt::filterStatements (160 bytes)
Event: 19.191 Thread 0x000001bbdb574970 7430       4       org.jetbrains.kotlin.resolve.calls.tower.NoExplicitReceiverScopeTowerProcessor::simpleProcess (947 bytes)
Event: 19.192 Thread 0x000001bbdb57ea80 nmethod 7429 0x000001bbc65e7710 code [0x000001bbc65e79c0, 0x000001bbc65e85b8]
Event: 19.207 Thread 0x000001bbdb57ea80 7432       3       org.jetbrains.kotlin.resolve.calls.tower.TowerData$BothTowerLevelAndImplicitReceiver::<init> (28 bytes)
Event: 19.208 Thread 0x000001bbdb57ea80 nmethod 7432 0x000001bbc66ba510 code [0x000001bbc66ba7c0, 0x000001bbc66bb3b8]
Event: 19.208 Thread 0x000001bbdb57ea80 7433       3       org.jetbrains.kotlin.resolve.lazy.LazyImportScope$getContributedVariables$2$1::invoke (9 bytes)
Event: 19.209 Thread 0x000001bbdb57ea80 nmethod 7433 0x000001bbc67fe310 code [0x000001bbc67fe540, 0x000001bbc67fed08]
Event: 19.209 Thread 0x000001bbdb57ea80 7434       3       org.jetbrains.kotlin.resolve.lazy.LazyImportScope$getContributedVariables$2$1::invoke (21 bytes)
Event: 19.210 Thread 0x000001bbdb57ea80 nmethod 7434 0x000001bbc6b36b10 code [0x000001bbc6b36d20, 0x000001bbc6b37388]
Event: 19.217 Thread 0x000001bbdb57ea80 7435       3       org.jetbrains.kotlin.resolve.calls.CallResolver::lambda$computeTasksAndResolveCall$0 (23 bytes)
Event: 19.217 Thread 0x000001bbdb57ea80 nmethod 7435 0x000001bbc69ff290 code [0x000001bbc69ff460, 0x000001bbc69ff8d8]
Event: 19.225 Thread 0x000001bbdb57ea80 7436       3       org.jetbrains.kotlin.resolve.calls.tower.TowerResolver$Task::run (272 bytes)
Event: 19.234 Thread 0x000001bbdb57ea80 nmethod 7436 0x000001bbc666ad90 code [0x000001bbc666b8a0, 0x000001bbc6671d18]

GC Heap History (20 events):
Event: 6.790 GC heap before
{Heap before GC invocations=10 (full 0):
 garbage-first heap   total 46080K, used 19473K [0x00000000a1600000, 0x0000000100000000)
  region size 1024K, 3 young (3072K), 2 survivors (2048K)
 Metaspace       used 37932K, committed 38144K, reserved 1114112K
  class space    used 4733K, committed 4864K, reserved 1048576K
}
Event: 6.795 GC heap after
{Heap after GC invocations=11 (full 0):
 garbage-first heap   total 46080K, used 19045K [0x00000000a1600000, 0x0000000100000000)
  region size 1024K, 1 young (1024K), 1 survivors (1024K)
 Metaspace       used 37932K, committed 38144K, reserved 1114112K
  class space    used 4733K, committed 4864K, reserved 1048576K
}
Event: 7.244 GC heap before
{Heap before GC invocations=11 (full 0):
 garbage-first heap   total 46080K, used 32357K [0x00000000a1600000, 0x0000000100000000)
  region size 1024K, 14 young (14336K), 1 survivors (1024K)
 Metaspace       used 40589K, committed 40896K, reserved 1114112K
  class space    used 4970K, committed 5120K, reserved 1048576K
}
Event: 7.251 GC heap after
{Heap after GC invocations=12 (full 0):
 garbage-first heap   total 46080K, used 20776K [0x00000000a1600000, 0x0000000100000000)
  region size 1024K, 2 young (2048K), 2 survivors (2048K)
 Metaspace       used 40589K, committed 40896K, reserved 1114112K
  class space    used 4970K, committed 5120K, reserved 1048576K
}
Event: 8.190 GC heap before
{Heap before GC invocations=12 (full 0):
 garbage-first heap   total 46080K, used 34088K [0x00000000a1600000, 0x0000000100000000)
  region size 1024K, 15 young (15360K), 2 survivors (2048K)
 Metaspace       used 44609K, committed 44864K, reserved 1114112K
  class space    used 5456K, committed 5568K, reserved 1048576K
}
Event: 8.198 GC heap after
{Heap after GC invocations=13 (full 0):
 garbage-first heap   total 46080K, used 20817K [0x00000000a1600000, 0x0000000100000000)
  region size 1024K, 1 young (1024K), 1 survivors (1024K)
 Metaspace       used 44609K, committed 44864K, reserved 1114112K
  class space    used 5456K, committed 5568K, reserved 1048576K
}
Event: 8.954 GC heap before
{Heap before GC invocations=13 (full 0):
 garbage-first heap   total 46080K, used 32081K [0x00000000a1600000, 0x0000000100000000)
  region size 1024K, 13 young (13312K), 1 survivors (1024K)
 Metaspace       used 47099K, committed 47360K, reserved 1114112K
  class space    used 5738K, committed 5824K, reserved 1048576K
}
Event: 8.961 GC heap after
{Heap after GC invocations=14 (full 0):
 garbage-first heap   total 46080K, used 21986K [0x00000000a1600000, 0x0000000100000000)
  region size 1024K, 2 young (2048K), 2 survivors (2048K)
 Metaspace       used 47099K, committed 47360K, reserved 1114112K
  class space    used 5738K, committed 5824K, reserved 1048576K
}
Event: 9.458 GC heap before
{Heap before GC invocations=14 (full 0):
 garbage-first heap   total 46080K, used 31202K [0x00000000a1600000, 0x0000000100000000)
  region size 1024K, 10 young (10240K), 2 survivors (2048K)
 Metaspace       used 49407K, committed 49600K, reserved 1114112K
  class space    used 6025K, committed 6144K, reserved 1048576K
}
Event: 9.466 GC heap after
{Heap after GC invocations=15 (full 0):
 garbage-first heap   total 46080K, used 25068K [0x00000000a1600000, 0x0000000100000000)
  region size 1024K, 1 young (1024K), 1 survivors (1024K)
 Metaspace       used 49407K, committed 49600K, reserved 1114112K
  class space    used 6025K, committed 6144K, reserved 1048576K
}
Event: 9.643 GC heap before
{Heap before GC invocations=16 (full 0):
 garbage-first heap   total 50176K, used 35308K [0x00000000a1600000, 0x0000000100000000)
  region size 1024K, 11 young (11264K), 1 survivors (1024K)
 Metaspace       used 49410K, committed 49600K, reserved 1114112K
  class space    used 6026K, committed 6144K, reserved 1048576K
}
Event: 9.652 GC heap after
{Heap after GC invocations=17 (full 0):
 garbage-first heap   total 50176K, used 27934K [0x00000000a1600000, 0x0000000100000000)
  region size 1024K, 2 young (2048K), 2 survivors (2048K)
 Metaspace       used 49410K, committed 49600K, reserved 1114112K
  class space    used 6026K, committed 6144K, reserved 1048576K
}
Event: 9.933 GC heap before
{Heap before GC invocations=17 (full 0):
 garbage-first heap   total 50176K, used 38174K [0x00000000a1600000, 0x0000000100000000)
  region size 1024K, 12 young (12288K), 2 survivors (2048K)
 Metaspace       used 49415K, committed 49600K, reserved 1114112K
  class space    used 6026K, committed 6144K, reserved 1048576K
}
Event: 9.941 GC heap after
{Heap after GC invocations=18 (full 0):
 garbage-first heap   total 98304K, used 28422K [0x00000000a1600000, 0x0000000100000000)
  region size 1024K, 2 young (2048K), 2 survivors (2048K)
 Metaspace       used 49415K, committed 49600K, reserved 1114112K
  class space    used 6026K, committed 6144K, reserved 1048576K
}
Event: 13.241 GC heap before
{Heap before GC invocations=19 (full 0):
 garbage-first heap   total 98304K, used 70406K [0x00000000a1600000, 0x0000000100000000)
  region size 1024K, 43 young (44032K), 2 survivors (2048K)
 Metaspace       used 57283K, committed 57472K, reserved 1114112K
  class space    used 7081K, committed 7168K, reserved 1048576K
}
Event: 13.260 GC heap after
{Heap after GC invocations=20 (full 0):
 garbage-first heap   total 98304K, used 31706K [0x00000000a1600000, 0x0000000100000000)
  region size 1024K, 5 young (5120K), 5 survivors (5120K)
 Metaspace       used 57283K, committed 57472K, reserved 1114112K
  class space    used 7081K, committed 7168K, reserved 1048576K
}
Event: 13.267 GC heap before
{Heap before GC invocations=20 (full 0):
 garbage-first heap   total 98304K, used 32730K [0x00000000a1600000, 0x0000000100000000)
  region size 1024K, 6 young (6144K), 5 survivors (5120K)
 Metaspace       used 57284K, committed 57472K, reserved 1114112K
  class space    used 7081K, committed 7168K, reserved 1048576K
}
Event: 13.280 GC heap after
{Heap after GC invocations=21 (full 0):
 garbage-first heap   total 98304K, used 31287K [0x00000000a1600000, 0x0000000100000000)
  region size 1024K, 1 young (1024K), 1 survivors (1024K)
 Metaspace       used 57284K, committed 57472K, reserved 1114112K
  class space    used 7081K, committed 7168K, reserved 1048576K
}
Event: 18.742 GC heap before
{Heap before GC invocations=21 (full 0):
 garbage-first heap   total 98304K, used 71223K [0x00000000a1600000, 0x0000000100000000)
  region size 1024K, 40 young (40960K), 1 survivors (1024K)
 Metaspace       used 63163K, committed 63424K, reserved 1114112K
  class space    used 7578K, committed 7680K, reserved 1048576K
}
Event: 18.760 GC heap after
{Heap after GC invocations=22 (full 0):
 garbage-first heap   total 98304K, used 34577K [0x00000000a1600000, 0x0000000100000000)
  region size 1024K, 4 young (4096K), 4 survivors (4096K)
 Metaspace       used 63163K, committed 63424K, reserved 1114112K
  class space    used 7578K, committed 7680K, reserved 1048576K
}

Dll operation events (2 events):
Event: 0.043 Loaded shared library C:\Program Files\Android\Android Studio\jbr\bin\java.dll
Event: 4.255 Loaded shared library C:\Program Files\Android\Android Studio\jbr\bin\verify.dll

Deoptimization events (20 events):
Event: 17.838 Thread 0x000001bbc138fb30 Uncommon trap: trap_request=0xffffff66 fr.pc=0x000001bbcde72104 relative=0x0000000000000844
Event: 17.838 Thread 0x000001bbc138fb30 Uncommon trap: reason=speculate_class_check action=maybe_recompile pc=0x000001bbcde72104 method=org.jetbrains.kotlin.types.checker.ClassicTypeSystemContext$DefaultImpls.asSimpleType(Lorg/jetbrains/kotlin/types/checker/ClassicTypeSystemContext;Lorg/jetbrai
Event: 17.838 Thread 0x000001bbc138fb30 DEOPT PACKING pc=0x000001bbcde72104 sp=0x000000acdadf8110
Event: 17.838 Thread 0x000001bbc138fb30 DEOPT UNPACKING pc=0x000001bbcd5f69a3 sp=0x000000acdadf7e70 mode 2
Event: 18.217 Thread 0x000001bbc138fb30 Uncommon trap: trap_request=0xffffff66 fr.pc=0x000001bbcde7e4fc relative=0x000000000000029c
Event: 18.217 Thread 0x000001bbc138fb30 Uncommon trap: reason=speculate_class_check action=maybe_recompile pc=0x000001bbcde7e4fc method=org.jetbrains.kotlin.types.TypeWithEnhancementKt.getEnhancement(Lorg/jetbrains/kotlin/types/KotlinType;)Lorg/jetbrains/kotlin/types/KotlinType; @ 7 c2
Event: 18.217 Thread 0x000001bbc138fb30 DEOPT PACKING pc=0x000001bbcde7e4fc sp=0x000000acdadfb410
Event: 18.217 Thread 0x000001bbc138fb30 DEOPT UNPACKING pc=0x000001bbcd5f69a3 sp=0x000000acdadfb2c8 mode 2
Event: 18.217 Thread 0x000001bbc138fb30 Uncommon trap: trap_request=0xffffff66 fr.pc=0x000001bbcde7e4fc relative=0x000000000000029c
Event: 18.217 Thread 0x000001bbc138fb30 Uncommon trap: reason=speculate_class_check action=maybe_recompile pc=0x000001bbcde7e4fc method=org.jetbrains.kotlin.types.TypeWithEnhancementKt.getEnhancement(Lorg/jetbrains/kotlin/types/KotlinType;)Lorg/jetbrains/kotlin/types/KotlinType; @ 7 c2
Event: 18.217 Thread 0x000001bbc138fb30 DEOPT PACKING pc=0x000001bbcde7e4fc sp=0x000000acdadfb410
Event: 18.217 Thread 0x000001bbc138fb30 DEOPT UNPACKING pc=0x000001bbcd5f69a3 sp=0x000000acdadfb2c8 mode 2
Event: 18.218 Thread 0x000001bbc138fb30 Uncommon trap: trap_request=0xffffff66 fr.pc=0x000001bbcde7e4fc relative=0x000000000000029c
Event: 18.218 Thread 0x000001bbc138fb30 Uncommon trap: reason=speculate_class_check action=maybe_recompile pc=0x000001bbcde7e4fc method=org.jetbrains.kotlin.types.TypeWithEnhancementKt.getEnhancement(Lorg/jetbrains/kotlin/types/KotlinType;)Lorg/jetbrains/kotlin/types/KotlinType; @ 7 c2
Event: 18.218 Thread 0x000001bbc138fb30 DEOPT PACKING pc=0x000001bbcde7e4fc sp=0x000000acdadfb480
Event: 18.218 Thread 0x000001bbc138fb30 DEOPT UNPACKING pc=0x000001bbcd5f69a3 sp=0x000000acdadfb338 mode 2
Event: 18.219 Thread 0x000001bbc138fb30 Uncommon trap: trap_request=0xffffff66 fr.pc=0x000001bbcde7e4fc relative=0x000000000000029c
Event: 18.219 Thread 0x000001bbc138fb30 Uncommon trap: reason=speculate_class_check action=maybe_recompile pc=0x000001bbcde7e4fc method=org.jetbrains.kotlin.types.TypeWithEnhancementKt.getEnhancement(Lorg/jetbrains/kotlin/types/KotlinType;)Lorg/jetbrains/kotlin/types/KotlinType; @ 7 c2
Event: 18.219 Thread 0x000001bbc138fb30 DEOPT PACKING pc=0x000001bbcde7e4fc sp=0x000000acdadfb9c0
Event: 18.219 Thread 0x000001bbc138fb30 DEOPT UNPACKING pc=0x000001bbcd5f69a3 sp=0x000000acdadfb878 mode 2

Classes unloaded (0 events):
No events

Classes redefined (0 events):
No events

Internal exceptions (20 events):
Event: 11.850 Thread 0x000001bbc138fb30 Exception <a 'java/lang/NoSuchMethodError'{0x00000000a5f1dda0}: 'java.lang.Object java.lang.invoke.DirectMethodHandle$Holder.invokeStaticInit(java.lang.Object, java.lang.Object, java.lang.Object)'> (0x00000000a5f1dda0) 
thrown [s\src\hotspot\share\interpreter\linkResolver.cpp, line 771]
Event: 11.897 Thread 0x000001bbc138fb30 Exception <a 'java/lang/NoSuchMethodError'{0x00000000a5f84170}: 'java.lang.Object java.lang.invoke.DirectMethodHandle$Holder.invokeStatic(java.lang.Object, java.lang.Object, java.lang.Object, java.lang.Object, int)'> (0x00000000a5f84170) 
thrown [s\src\hotspot\share\interpreter\linkResolver.cpp, line 771]
Event: 11.899 Thread 0x000001bbc138fb30 Exception <a 'java/lang/NoSuchMethodError'{0x00000000a5f8d908}: 'java.lang.Object java.lang.invoke.DirectMethodHandle$Holder.newInvokeSpecial(java.lang.Object, java.lang.Object, java.lang.Object, java.lang.Object, int)'> (0x00000000a5f8d908) 
thrown [s\src\hotspot\share\interpreter\linkResolver.cpp, line 771]
Event: 11.900 Thread 0x000001bbc138fb30 Exception <a 'java/lang/NoSuchMethodError'{0x00000000a5f95580}: 'java.lang.Object java.lang.invoke.Invokers$Holder.linkToTargetMethod(java.lang.Object, java.lang.Object, java.lang.Object, int, java.lang.Object)'> (0x00000000a5f95580) 
thrown [s\src\hotspot\share\interpreter\linkResolver.cpp, line 771]
Event: 12.293 Thread 0x000001bbc138fb30 Exception <a 'java/lang/IncompatibleClassChangeError'{0x00000000a5b9a558}: Found class java.lang.Object, but interface was expected> (0x00000000a5b9a558) 
thrown [s\src\hotspot\share\interpreter\linkResolver.cpp, line 838]
Event: 12.377 Thread 0x000001bbc138fb30 Exception <a 'java/lang/NoSuchMethodError'{0x00000000a5bfa3b0}: 'java.lang.Object java.lang.invoke.DirectMethodHandle$Holder.newInvokeSpecial(java.lang.Object, java.lang.Object, java.lang.Object, java.lang.Object, java.lang.Object, java.lang.Object)'> (0x00000000a5bfa3b0) 
thrown [s\src\hotspot\share\interpreter\linkResolver.cpp, line 771]
Event: 12.594 Thread 0x000001bbc138fb30 Exception <a 'java/lang/NoSuchMethodError'{0x00000000a57b0fb8}: 'int java.lang.invoke.DirectMethodHandle$Holder.invokeInterface(java.lang.Object, java.lang.Object)'> (0x00000000a57b0fb8) 
thrown [s\src\hotspot\share\interpreter\linkResolver.cpp, line 771]
Event: 12.969 Thread 0x000001bbc138fb30 Implicit null exception at 0x000001bbcdd51bea to 0x000001bbcdd51db4
Event: 13.597 Thread 0x000001bbc138fb30 Implicit null exception at 0x000001bbcdc51fcc to 0x000001bbcdc520a8
Event: 13.642 Thread 0x000001bbc138fb30 Implicit null exception at 0x000001bbcdc34c09 to 0x000001bbcdc34cf0
Event: 13.642 Thread 0x000001bbc138fb30 Implicit null exception at 0x000001bbcdba04d8 to 0x000001bbcdba056a
Event: 13.666 Thread 0x000001bbc138fb30 Exception <a 'java/lang/NoSuchMethodError'{0x00000000a6e779d0}: 'java.lang.Object java.lang.invoke.DirectMethodHandle$Holder.invokeInterface(java.lang.Object, java.lang.Object, java.lang.Object)'> (0x00000000a6e779d0) 
thrown [s\src\hotspot\share\interpreter\linkResolver.cpp, line 771]
Event: 13.667 Thread 0x000001bbc138fb30 Exception <a 'java/lang/IncompatibleClassChangeError'{0x00000000a6e7b340}: Found class java.lang.Object, but interface was expected> (0x00000000a6e7b340) 
thrown [s\src\hotspot\share\interpreter\linkResolver.cpp, line 838]
Event: 13.806 Thread 0x000001bbc138fb30 Implicit null exception at 0x000001bbcdc1700f to 0x000001bbcdc17085
Event: 14.363 Thread 0x000001bbc138fb30 Exception <a 'java/lang/NoSuchMethodError'{0x00000000a6ae6c88}: 'java.lang.Object java.lang.invoke.DirectMethodHandle$Holder.newInvokeSpecial(java.lang.Object, java.lang.Object, java.lang.Object, java.lang.Object, java.lang.Object, java.lang.Object, java.lang.Object)'> (0x00000000a6ae6c88) 
thrown [s\src\hotspot\share\interpreter\linkResolver.cpp, line 771]
Event: 14.363 Thread 0x000001bbc138fb30 Exception <a 'java/lang/NoSuchMethodError'{0x00000000a6aeb598}: 'java.lang.Object java.lang.invoke.Invokers$Holder.linkToTargetMethod(java.lang.Object, java.lang.Object, java.lang.Object, java.lang.Object, java.lang.Object, java.lang.Object, java.lang.Object)'> (0x00000000a6aeb598) 
thrown [s\src\hotspot\share\interpreter\linkResolver.cpp, line 771]
Event: 14.945 Thread 0x000001bbc138fb30 Exception <a 'java/lang/NoSuchMethodError'{0x00000000a6425dc8}: 'int java.lang.invoke.DirectMethodHandle$Holder.invokeStaticInit(java.lang.Object, int)'> (0x00000000a6425dc8) 
thrown [s\src\hotspot\share\interpreter\linkResolver.cpp, line 771]
Event: 15.006 Thread 0x000001bbc138fb30 Exception <a 'java/lang/NoSuchMethodError'{0x00000000a64c5ec0}: 'java.lang.Object java.lang.invoke.DirectMethodHandle$Holder.invokeStatic(java.lang.Object, int, java.lang.Object)'> (0x00000000a64c5ec0) 
thrown [s\src\hotspot\share\interpreter\linkResolver.cpp, line 771]
Event: 15.017 Thread 0x000001bbc138fb30 Exception <a 'java/lang/NoSuchMethodError'{0x00000000a64e96e0}: 'java.lang.Object java.lang.invoke.DirectMethodHandle$Holder.newInvokeSpecial(java.lang.Object, int, java.lang.Object)'> (0x00000000a64e96e0) 
thrown [s\src\hotspot\share\interpreter\linkResolver.cpp, line 771]
Event: 15.143 Thread 0x000001bbc138fb30 Exception <a 'java/lang/NoSuchMethodError'{0x00000000a6263bc8}: 'java.lang.Object java.lang.invoke.DirectMethodHandle$Holder.newInvokeSpecial(java.lang.Object, int, java.lang.Object, java.lang.Object)'> (0x00000000a6263bc8) 
thrown [s\src\hotspot\share\interpreter\linkResolver.cpp, line 771]

VM Operations (20 events):
Event: 16.929 Executing VM operation: ICBufferFull
Event: 16.929 Executing VM operation: ICBufferFull done
Event: 17.269 Executing VM operation: ICBufferFull
Event: 17.270 Executing VM operation: ICBufferFull done
Event: 17.531 Executing VM operation: ICBufferFull
Event: 17.532 Executing VM operation: ICBufferFull done
Event: 17.856 Executing VM operation: ICBufferFull
Event: 17.856 Executing VM operation: ICBufferFull done
Event: 18.229 Executing VM operation: HandshakeAllThreads
Event: 18.229 Executing VM operation: HandshakeAllThreads done
Event: 18.248 Executing VM operation: ICBufferFull
Event: 18.249 Executing VM operation: ICBufferFull done
Event: 18.265 Executing VM operation: HandshakeAllThreads
Event: 18.265 Executing VM operation: HandshakeAllThreads done
Event: 18.302 Executing VM operation: HandshakeAllThreads
Event: 18.302 Executing VM operation: HandshakeAllThreads done
Event: 18.468 Executing VM operation: ICBufferFull
Event: 18.469 Executing VM operation: ICBufferFull done
Event: 18.742 Executing VM operation: G1CollectForAllocation
Event: 18.760 Executing VM operation: G1CollectForAllocation done

Events (20 events):
Event: 18.314 Thread 0x000001bbdb818fe0 flushing nmethod 0x000001bbc6aaa190
Event: 18.314 Thread 0x000001bbdb818fe0 flushing nmethod 0x000001bbc6aac590
Event: 18.314 Thread 0x000001bbdb818fe0 flushing nmethod 0x000001bbc6aae190
Event: 18.314 Thread 0x000001bbdb818fe0 flushing nmethod 0x000001bbc6abc890
Event: 18.314 Thread 0x000001bbdb818fe0 flushing nmethod 0x000001bbc6ac0c10
Event: 18.314 Thread 0x000001bbdb818fe0 flushing nmethod 0x000001bbc6ac1090
Event: 18.314 Thread 0x000001bbdb818fe0 flushing nmethod 0x000001bbc6ac1410
Event: 18.314 Thread 0x000001bbdb818fe0 flushing nmethod 0x000001bbc6ac3310
Event: 18.314 Thread 0x000001bbdb818fe0 flushing nmethod 0x000001bbc6ac9410
Event: 18.314 Thread 0x000001bbdb818fe0 flushing nmethod 0x000001bbc6ac9d90
Event: 18.314 Thread 0x000001bbdb818fe0 flushing nmethod 0x000001bbc6aca290
Event: 18.314 Thread 0x000001bbdb818fe0 flushing nmethod 0x000001bbc6ad6710
Event: 18.314 Thread 0x000001bbdb818fe0 flushing nmethod 0x000001bbc6af8210
Event: 18.314 Thread 0x000001bbdb818fe0 flushing nmethod 0x000001bbc6b27010
Event: 18.314 Thread 0x000001bbdb818fe0 flushing nmethod 0x000001bbc6b36b10
Event: 18.315 Thread 0x000001bbdb818fe0 flushing nmethod 0x000001bbc6b9b710
Event: 18.315 Thread 0x000001bbdb818fe0 flushing nmethod 0x000001bbc6bc9110
Event: 18.316 Thread 0x000001bbdb818fe0 flushing nmethod 0x000001bbc6dbdc90
Event: 18.431 loading class java/util/concurrent/locks/AbstractQueuedSynchronizer$Node
Event: 18.431 loading class java/util/concurrent/locks/AbstractQueuedSynchronizer$Node done


Dynamic libraries:
0x00007ff70a280000 - 0x00007ff70a28a000 	C:\Program Files\Android\Android Studio\jbr\bin\java.exe
0x00007ffe35fb0000 - 0x00007ffe361a8000 	C:\Windows\SYSTEM32\ntdll.dll
0x00007ffe347a0000 - 0x00007ffe34861000 	C:\Windows\System32\KERNEL32.DLL
0x00007ffe33960000 - 0x00007ffe33c5d000 	C:\Windows\System32\KERNELBASE.dll
0x00007ffe33830000 - 0x00007ffe33930000 	C:\Windows\System32\ucrtbase.dll
0x00007ffe2a3d0000 - 0x00007ffe2a3e7000 	C:\Program Files\Android\Android Studio\jbr\bin\jli.dll
0x00007ffe34e30000 - 0x00007ffe34fcd000 	C:\Windows\System32\USER32.dll
0x00007ffe33930000 - 0x00007ffe33952000 	C:\Windows\System32\win32u.dll
0x00007ffe35d00000 - 0x00007ffe35d2b000 	C:\Windows\System32\GDI32.dll
0x00007ffe33710000 - 0x00007ffe33827000 	C:\Windows\System32\gdi32full.dll
0x00007ffe33ef0000 - 0x00007ffe33f8d000 	C:\Windows\System32\msvcp_win.dll
0x00007ffe2a3b0000 - 0x00007ffe2a3cb000 	C:\Program Files\Android\Android Studio\jbr\bin\VCRUNTIME140.dll
0x00007ffe1c770000 - 0x00007ffe1ca0a000 	C:\Windows\WinSxS\amd64_microsoft.windows.common-controls_6595b64144ccf1df_6.0.19041.4355_none_60b8b9eb71f62e16\COMCTL32.dll
0x00007ffe35260000 - 0x00007ffe352fe000 	C:\Windows\System32\msvcrt.dll
0x00007ffe350a0000 - 0x00007ffe350cf000 	C:\Windows\System32\IMM32.DLL
0x00007ffe2c870000 - 0x00007ffe2c87c000 	C:\Program Files\Android\Android Studio\jbr\bin\vcruntime140_1.dll
0x00007ffe198a0000 - 0x00007ffe1992d000 	C:\Program Files\Android\Android Studio\jbr\bin\msvcp140.dll
0x00007ffdef6c0000 - 0x00007ffdf0343000 	C:\Program Files\Android\Android Studio\jbr\bin\server\jvm.dll
0x00007ffe35300000 - 0x00007ffe353b0000 	C:\Windows\System32\ADVAPI32.dll
0x00007ffe34700000 - 0x00007ffe347a0000 	C:\Windows\System32\sechost.dll
0x00007ffe353b0000 - 0x00007ffe354d3000 	C:\Windows\System32\RPCRT4.dll
0x00007ffe33ec0000 - 0x00007ffe33ee7000 	C:\Windows\System32\bcrypt.dll
0x00007ffe334b0000 - 0x00007ffe334fb000 	C:\Windows\SYSTEM32\POWRPROF.dll
0x00007ffe2fc50000 - 0x00007ffe2fc59000 	C:\Windows\SYSTEM32\WSOCK32.dll
0x00007ffe35f00000 - 0x00007ffe35f6b000 	C:\Windows\System32\WS2_32.dll
0x00007ffe24a20000 - 0x00007ffe24a47000 	C:\Windows\SYSTEM32\WINMM.dll
0x00007ffe245f0000 - 0x00007ffe245fa000 	C:\Windows\SYSTEM32\VERSION.dll
0x00007ffe33490000 - 0x00007ffe334a2000 	C:\Windows\SYSTEM32\UMPDC.dll
0x00007ffe314e0000 - 0x00007ffe314f2000 	C:\Windows\SYSTEM32\kernel.appcore.dll
0x00007ffe2a130000 - 0x00007ffe2a13a000 	C:\Program Files\Android\Android Studio\jbr\bin\jimage.dll
0x00007ffe18570000 - 0x00007ffe18754000 	C:\Windows\SYSTEM32\DBGHELP.DLL
0x00007ffe19ad0000 - 0x00007ffe19b04000 	C:\Windows\SYSTEM32\dbgcore.DLL
0x00007ffe33c60000 - 0x00007ffe33ce2000 	C:\Windows\System32\bcryptPrimitives.dll
0x00007ffe1cca0000 - 0x00007ffe1ccc5000 	C:\Program Files\Android\Android Studio\jbr\bin\java.dll
0x00007ffe1cea0000 - 0x00007ffe1ceb8000 	C:\Program Files\Android\Android Studio\jbr\bin\zip.dll
0x00007ffe35590000 - 0x00007ffe35cff000 	C:\Windows\System32\SHELL32.dll
0x00007ffe316e0000 - 0x00007ffe31e7f000 	C:\Windows\SYSTEM32\windows.storage.dll
0x00007ffe34ad0000 - 0x00007ffe34e23000 	C:\Windows\System32\combase.dll
0x00007ffe32fb0000 - 0x00007ffe32fde000 	C:\Windows\SYSTEM32\Wldp.dll
0x00007ffe34460000 - 0x00007ffe3452d000 	C:\Windows\System32\OLEAUT32.dll
0x00007ffe351b0000 - 0x00007ffe3525d000 	C:\Windows\System32\SHCORE.dll
0x00007ffe35030000 - 0x00007ffe35085000 	C:\Windows\System32\shlwapi.dll
0x00007ffe33590000 - 0x00007ffe335b4000 	C:\Windows\SYSTEM32\profapi.dll
0x00007ffe1c620000 - 0x00007ffe1c639000 	C:\Program Files\Android\Android Studio\jbr\bin\net.dll
0x00007ffe2b9b0000 - 0x00007ffe2babd000 	C:\Windows\SYSTEM32\WINHTTP.dll
0x00007ffe32d10000 - 0x00007ffe32d7a000 	C:\Windows\system32\mswsock.dll
0x00007ffe1c3e0000 - 0x00007ffe1c3f6000 	C:\Program Files\Android\Android Studio\jbr\bin\nio.dll
0x00007ffe2a050000 - 0x00007ffe2a060000 	C:\Program Files\Android\Android Studio\jbr\bin\verify.dll

dbghelp: loaded successfully - version: 4.0.5 - missing functions: none
symbol engine: initialized successfully - sym options: 0x614 - pdb path: .;C:\Program Files\Android\Android Studio\jbr\bin;C:\Windows\SYSTEM32;C:\Windows\WinSxS\amd64_microsoft.windows.common-controls_6595b64144ccf1df_6.0.19041.4355_none_60b8b9eb71f62e16;C:\Program Files\Android\Android Studio\jbr\bin\server

VM Arguments:
java_command: org.jetbrains.kotlin.cli.jvm.K2JVMCompiler @D:\flutterApps\training\UIS_Personal-main\build\shared_preferences_android\20240905_16158992013860726299.compiler.options
java_class_path (initial): C:\Users\maged\.gradle\caches\modules-2\files-2.1\org.jetbrains.kotlin\kotlin-compiler-embeddable\1.9.0\2c8c3a7402becca891f12739b3e9fd2dc2adbd7a\kotlin-compiler-embeddable-1.9.0.jar;C:\Users\maged\.gradle\caches\modules-2\files-2.1\org.jetbrains.kotlin\kotlin-stdlib\1.9.0\8ee15ef0c67dc83d874f412d84378d7f0eb50b63\kotlin-stdlib-1.9.0.jar;C:\Users\maged\.gradle\caches\modules-2\files-2.1\org.jetbrains.kotlin\kotlin-script-runtime\1.9.0\4b3102cbbb7e1b58d9d1adf89563f00069ffa7d1\kotlin-script-runtime-1.9.0.jar;C:\Users\maged\.gradle\caches\modules-2\files-2.1\org.jetbrains.kotlin\kotlin-reflect\1.6.10\1cbe9c92c12a94eea200d23c2bbaedaf3daf5132\kotlin-reflect-1.6.10.jar;C:\Users\maged\.gradle\caches\modules-2\files-2.1\org.jetbrains.kotlin\kotlin-daemon-embeddable\1.9.0\186543f5e28cf8d9a0290fecc2cf34301c40a65c\kotlin-daemon-embeddable-1.9.0.jar;C:\Users\maged\.gradle\caches\modules-2\files-2.1\org.jetbrains.intellij.deps\trove4j\1.0.20200330\3afb14d5f9ceb459d724e907a21145e8ff394f02\trove4j-1.0.20200330.jar;C:\Users\maged\.gradle\caches\modules-2\files-2.1\org.jetbrains.kotlin\kotlin-stdlib-common\1.9.0\cd65c21cfd1eec4d44ef09f9f52b6d9f8a720636\kotlin-stdlib-common-1.9.0.jar;C:\Users\maged\.gradle\caches\modules-2\files-2.1\org.jetbrains\annotations\13.0\919f0dfe192fb4e063e7dacadee7f8bb9a2672a9\annotations-13.0.jar
Launcher Type: SUN_STANDARD

[Global flags]
     intx CICompilerCount                          = 3                                         {product} {ergonomic}
     uint ConcGCThreads                            = 1                                         {product} {ergonomic}
     uint G1ConcRefinementThreads                  = 4                                         {product} {ergonomic}
   size_t G1HeapRegionSize                         = 1048576                                   {product} {ergonomic}
    uintx GCDrainStackTargetSize                   = 64                                        {product} {ergonomic}
   size_t InitialHeapSize                          = 100663296                                 {product} {ergonomic}
   size_t MarkStackSize                            = 4194304                                   {product} {ergonomic}
   size_t MaxHeapSize                              = 1587544064                                {product} {ergonomic}
   size_t MaxNewSize                               = 952107008                                 {product} {ergonomic}
   size_t MinHeapDeltaBytes                        = 1048576                                   {product} {ergonomic}
   size_t MinHeapSize                              = 8388608                                   {product} {ergonomic}
    uintx NonNMethodCodeHeapSize                   = 5832780                                {pd product} {ergonomic}
    uintx NonProfiledCodeHeapSize                  = 122912730                              {pd product} {ergonomic}
    uintx ProfiledCodeHeapSize                     = 122912730                              {pd product} {ergonomic}
    uintx ReservedCodeCacheSize                    = 251658240                              {pd product} {ergonomic}
     bool SegmentedCodeCache                       = true                                      {product} {ergonomic}
   size_t SoftMaxHeapSize                          = 1587544064                             {manageable} {ergonomic}
     bool UseCompressedClassPointers               = true                           {product lp64_product} {ergonomic}
     bool UseCompressedOops                        = true                           {product lp64_product} {ergonomic}
     bool UseG1GC                                  = true                                      {product} {ergonomic}
     bool UseLargePagesIndividualAllocation        = false                                  {pd product} {ergonomic}

Logging:
Log output configuration:
 #0: stdout all=warning uptime,level,tags
 #1: stderr all=off uptime,level,tags

Environment Variables:
JAVA_HOME=C:\Program Files\Android\Android Studio\jbr
CLASSPATH=D:\flutterApps\training\UIS_Personal-main\android\\gradle\wrapper\gradle-wrapper.jar
PATH=C:\Program Files\Android\Android Studio\jbr\bin;C:\src\flutter\bin\;C:\Program Files\Common Files\Oracle\Java\javapath;C:\Windows\system32;C:\Windows;C:\Windows\System32\Wbem;C:\Windows\System32\WindowsPowerShell\v1.0\;C:\Windows\System32\OpenSSH\;C:\Program Files\Git\cmd;C:\Program Files\nodejs\;C:\Users\maged\AppData\Local\Microsoft\WindowsApps;C:\src\flutter\bin;C:\src\flutter\bin;C:\Users\maged\AppData\Local\GitHubDesktop\bin;C:\Users\maged\AppData\Local\Pub\Cache\bin;C:\Users\maged\AppData\Roaming\npm;C:\Users\maged\AppData\Local\Programs\Microsoft VS Code\bin;C:\src\flutter\bin\mingit\cmd
USERNAME=maged
LANG=en_US.UTF-8
OS=Windows_NT
PROCESSOR_IDENTIFIER=Intel64 Family 6 Model 42 Stepping 7, GenuineIntel
TMP=C:\Users\maged\AppData\Local\Temp
TEMP=C:\Users\maged\AppData\Local\Temp



Periodic native trim disabled

JNI global refs:
JNI global refs: 9, weak refs: 3

JNI global refs memory usage: 843, weak refs: 841

OOME stack traces (most recent first):
Classloader memory used:
