#
# There is insufficient memory for the Java Runtime Environment to continue.
# Native memory allocation (mmap) failed to map 100663296 bytes for G1 virtual space
# Possible reasons:
#   The system is out of physical RAM or swap space
#   The process is running with CompressedOops enabled, and the Java Heap may be blocking the growth of the native heap
# Possible solutions:
#   Reduce memory load on the system
#   Increase physical memory or swap space
#   Check if swap backing store is full
#   Decrease Java heap size (-Xmx/-Xms)
#   Decrease number of Java threads
#   Decrease Java thread stack sizes (-Xss)
#   Set larger code cache with -XX:ReservedCodeCacheSize=
#   JVM is running with Unscaled Compressed Oops mode in which the Java heap is
#     placed in the first 4GB address space. The Java Heap base address is the
#     maximum limit for the native heap growth. Please use -XX:HeapBaseMinAddress
#     to set the Java Heap base and to place the Java Heap above 4GB virtual address.
# This output file may be truncated or incomplete.
#
#  Out of Memory Error (os_windows.cpp:3548), pid=1884, tid=11408
#
# JRE version:  (17.0.11+7) (build )
# Java VM: Java HotSpot(TM) 64-Bit Server VM (17.0.11+7-LTS-207, mixed mode, sharing, tiered, compressed oops, compressed class ptrs, g1 gc, windows-amd64)
# No core dump will be written. Minidumps are not enabled by default on client versions of Windows
#

---------------  S U M M A R Y ------------

Command Line: -Dorg.gradle.appname=gradlew org.gradle.wrapper.GradleWrapperMain -q -Ptarget-platform=android-arm,android-arm64,android-x64 -Ptarget=lib\main.dart -Pbase-application-name=android.app.Application -Pdart-obfuscation=false -Ptrack-widget-creation=true -Ptree-shake-icons=true -Psplit-per-abi=true assembleRelease

Host: Intel(R) Core(TM) i5-2410M CPU @ 2.30GHz, 4 cores, 5G,  Windows 10 , 64 bit Build 19041 (10.0.19041.4842)
Time: Thu Sep 12 11:48:24 2024 Egypt Daylight Time elapsed time: 0.018666 seconds (0d 0h 0m 0s)

---------------  T H R E A D  ---------------

Current thread (0x000001fa0f38c220):  JavaThread "Unknown thread" [_thread_in_vm, id=11408, stack(0x00000026e8e00000,0x00000026e8f00000)]

Stack: [0x00000026e8e00000,0x00000026e8f00000]
Native frames: (J=compiled Java code, j=interpreted, Vv=VM code, C=native code)
V  [jvm.dll+0x679cca]
V  [jvm.dll+0x7da13d]
V  [jvm.dll+0x7dba83]
V  [jvm.dll+0x7dc0f3]
V  [jvm.dll+0x2449af]
V  [jvm.dll+0x676ce9]
V  [jvm.dll+0x66b852]
V  [jvm.dll+0x3018d6]
V  [jvm.dll+0x308e76]
V  [jvm.dll+0x3596ee]
V  [jvm.dll+0x35991f]
V  [jvm.dll+0x2d89a8]
V  [jvm.dll+0x2d9914]
V  [jvm.dll+0x7ac6b1]
V  [jvm.dll+0x366f61]
V  [jvm.dll+0x78b609]
V  [jvm.dll+0x3ec22f]
V  [jvm.dll+0x3ede61]
C  [jli.dll+0x5297]
C  [ucrtbase.dll+0x21bb2]
C  [KERNEL32.DLL+0x17374]
C  [ntdll.dll+0x4cc91]


---------------  P R O C E S S  ---------------

Threads class SMR info:
_java_thread_list=0x00007ffbbba27a18, length=0, elements={
}

Java Threads: ( => current thread )

Other Threads:
  0x000001fa114723b0 GCTaskThread "GC Thread#0" [stack: 0x00000026e8f00000,0x00000026e9000000] [id=1684]
  0x000001fa11480050 ConcurrentGCThread "G1 Main Marker" [stack: 0x00000026e9000000,0x00000026e9100000] [id=2088]
  0x000001fa11481200 ConcurrentGCThread "G1 Conc#0" [stack: 0x00000026e9100000,0x00000026e9200000] [id=11320]

[error occurred during error reporting (printing all threads), id 0xc0000005, EXCEPTION_ACCESS_VIOLATION (0xc0000005) at pc=0x00007ffbbb259497]

VM state: not at safepoint (not fully initialized)

VM Mutex/Monitor currently owned by a thread:  ([mutex/lock_event])
[0x000001fa11427e60] Heap_lock - owner thread: 0x000001fa0f38c220

Heap address: 0x00000000a1600000, size: 1514 MB, Compressed Oops mode: 32-bit

CDS archive(s) mapped at: [0x0000000000000000-0x0000000000000000-0x0000000000000000), size 0, SharedBaseAddress: 0x0000000800000000, ArchiveRelocationMode: 1.
Narrow klass base: 0x0000000000000000, Narrow klass shift: 0, Narrow klass range: 0x0

GC Precious Log:
<Empty>

Heap:
 garbage-first heap   total 0K, used 0K [0x00000000a1600000, 0x0000000100000000)
  region size 1024K, 0 young (0K), 0 survivors (0K)

[error occurred during error reporting (printing heap information), id 0xc0000005, EXCEPTION_ACCESS_VIOLATION (0xc0000005) at pc=0x00007ffbbb643559]

GC Heap History (0 events):
No events

Deoptimization events (0 events):
No events

Classes unloaded (0 events):
No events

Classes redefined (0 events):
No events

Internal exceptions (0 events):
No events

VM Operations (0 events):
No events

Events (1 events):
Event: 0.012 Loaded shared library C:\Program Files\Java\jdk-17\bin\java.dll


Dynamic libraries:
0x00007ff776570000 - 0x00007ff776580000 	C:\Program Files\Java\jdk-17\bin\java.exe
0x00007ffc1e370000 - 0x00007ffc1e568000 	C:\Windows\SYSTEM32\ntdll.dll
0x00007ffc1dea0000 - 0x00007ffc1df61000 	C:\Windows\System32\KERNEL32.DLL
0x00007ffc1c0a0000 - 0x00007ffc1c39d000 	C:\Windows\System32\KERNELBASE.dll
0x00007ffc1bc30000 - 0x00007ffc1bd30000 	C:\Windows\System32\ucrtbase.dll
0x00007ffc04ae0000 - 0x00007ffc04af9000 	C:\Program Files\Java\jdk-17\bin\jli.dll
0x00007ffc1dbe0000 - 0x00007ffc1dc90000 	C:\Windows\System32\ADVAPI32.dll
0x00007ffc1e0a0000 - 0x00007ffc1e13e000 	C:\Windows\System32\msvcrt.dll
0x00007ffc1e140000 - 0x00007ffc1e1e0000 	C:\Windows\System32\sechost.dll
0x00007ffc1e200000 - 0x00007ffc1e323000 	C:\Windows\System32\RPCRT4.dll
0x00007ffc1bdf0000 - 0x00007ffc1be17000 	C:\Windows\System32\bcrypt.dll
0x00007ffc1d920000 - 0x00007ffc1dabd000 	C:\Windows\System32\USER32.dll
0x00007ffc1bc00000 - 0x00007ffc1bc22000 	C:\Windows\System32\win32u.dll
0x00007ffc1dc90000 - 0x00007ffc1dcbb000 	C:\Windows\System32\GDI32.dll
0x00007ffc1bf80000 - 0x00007ffc1c097000 	C:\Windows\System32\gdi32full.dll
0x00007ffc1ba20000 - 0x00007ffc1babd000 	C:\Windows\System32\msvcp_win.dll
0x00007ffc01900000 - 0x00007ffc0191b000 	C:\Program Files\Java\jdk-17\bin\VCRUNTIME140.dll
0x00007ffc06770000 - 0x00007ffc06a0a000 	C:\Windows\WinSxS\amd64_microsoft.windows.common-controls_6595b64144ccf1df_6.0.19041.4355_none_60b8b9eb71f62e16\COMCTL32.dll
0x00007ffc0b7a0000 - 0x00007ffc0b7aa000 	C:\Windows\SYSTEM32\VERSION.dll
0x00007ffc1de70000 - 0x00007ffc1de9f000 	C:\Windows\System32\IMM32.DLL
0x00007ffc13d20000 - 0x00007ffc13d2c000 	C:\Program Files\Java\jdk-17\bin\vcruntime140_1.dll
0x00007ffbf17d0000 - 0x00007ffbf185e000 	C:\Program Files\Java\jdk-17\bin\msvcp140.dll
0x00007ffbbaf70000 - 0x00007ffbbbb50000 	C:\Program Files\Java\jdk-17\bin\server\jvm.dll
0x00007ffc1d410000 - 0x00007ffc1d418000 	C:\Windows\System32\PSAPI.DLL
0x00007ffc0bb40000 - 0x00007ffc0bb67000 	C:\Windows\SYSTEM32\WINMM.dll
0x00007ffc12d10000 - 0x00007ffc12d19000 	C:\Windows\SYSTEM32\WSOCK32.dll
0x00007ffc1d0c0000 - 0x00007ffc1d12b000 	C:\Windows\System32\WS2_32.dll
0x00007ffc198a0000 - 0x00007ffc198b2000 	C:\Windows\SYSTEM32\kernel.appcore.dll
0x00007ffc06da0000 - 0x00007ffc06daa000 	C:\Program Files\Java\jdk-17\bin\jimage.dll
0x00007ffc00ab0000 - 0x00007ffc00c94000 	C:\Windows\SYSTEM32\DBGHELP.DLL
0x00007ffc009c0000 - 0x00007ffc009f4000 	C:\Windows\SYSTEM32\dbgcore.DLL
0x00007ffc1bac0000 - 0x00007ffc1bb42000 	C:\Windows\System32\bcryptPrimitives.dll
0x00007ffbf7750000 - 0x00007ffbf7775000 	C:\Program Files\Java\jdk-17\bin\java.dll

dbghelp: loaded successfully - version: 4.0.5 - missing functions: none
symbol engine: initialized successfully - sym options: 0x614 - pdb path: .;C:\Program Files\Java\jdk-17\bin;C:\Windows\SYSTEM32;C:\Windows\WinSxS\amd64_microsoft.windows.common-controls_6595b64144ccf1df_6.0.19041.4355_none_60b8b9eb71f62e16;C:\Program Files\Java\jdk-17\bin\server

VM Arguments:
jvm_args: -Dorg.gradle.appname=gradlew 
java_command: org.gradle.wrapper.GradleWrapperMain -q -Ptarget-platform=android-arm,android-arm64,android-x64 -Ptarget=lib\main.dart -Pbase-application-name=android.app.Application -Pdart-obfuscation=false -Ptrack-widget-creation=true -Ptree-shake-icons=true -Psplit-per-abi=true assembleRelease
java_class_path (initial): D:\flutterApps\training\UIS_Personal-main\android\\gradle\wrapper\gradle-wrapper.jar
Launcher Type: SUN_STANDARD

[Global flags]
     intx CICompilerCount                          = 3                                         {product} {ergonomic}
     uint ConcGCThreads                            = 1                                         {product} {ergonomic}
     uint G1ConcRefinementThreads                  = 4                                         {product} {ergonomic}
   size_t G1HeapRegionSize                         = 1048576                                   {product} {ergonomic}
    uintx GCDrainStackTargetSize                   = 64                                        {product} {ergonomic}
   size_t InitialHeapSize                          = 100663296                                 {product} {ergonomic}
   size_t MarkStackSize                            = 4194304                                   {product} {ergonomic}
   size_t MaxHeapSize                              = 1587544064                                {product} {ergonomic}
   size_t MinHeapDeltaBytes                        = 1048576                                   {product} {ergonomic}
   size_t MinHeapSize                              = 8388608                                   {product} {ergonomic}
    uintx NonNMethodCodeHeapSize                   = 5832780                                {pd product} {ergonomic}
    uintx NonProfiledCodeHeapSize                  = 122912730                              {pd product} {ergonomic}
    uintx ProfiledCodeHeapSize                     = 122912730                              {pd product} {ergonomic}
    uintx ReservedCodeCacheSize                    = 251658240                              {pd product} {ergonomic}
     bool SegmentedCodeCache                       = true                                      {product} {ergonomic}
   size_t SoftMaxHeapSize                          = 1587544064                             {manageable} {ergonomic}
     bool UseCompressedClassPointers               = true                           {product lp64_product} {ergonomic}
     bool UseCompressedOops                        = true                           {product lp64_product} {ergonomic}
     bool UseG1GC                                  = true                                      {product} {ergonomic}
     bool UseLargePagesIndividualAllocation        = false                                  {pd product} {ergonomic}

Logging:
Log output configuration:
 #0: stdout all=warning uptime,level,tags
 #1: stderr all=off uptime,level,tags

Environment Variables:
JAVA_HOME=C:\Program Files\Java\jdk-17
CLASSPATH=D:\flutterApps\training\UIS_Personal-main\android\\gradle\wrapper\gradle-wrapper.jar
PATH=C:\Program Files\Java\jdk-17\bin;C:\src\flutter\bin\;C:\Program Files\Common Files\Oracle\Java\javapath;C:\Windows\system32;C:\Windows;C:\Windows\System32\Wbem;C:\Windows\System32\WindowsPowerShell\v1.0\;C:\Windows\System32\OpenSSH\;C:\Program Files\Git\cmd;C:\Program Files\nodejs\;C:\Users\maged\AppData\Local\Microsoft\WindowsApps;C:\src\flutter\bin;C:\src\flutter\bin;C:\Users\maged\AppData\Local\GitHubDesktop\bin;C:\Users\maged\AppData\Local\Pub\Cache\bin;C:\Users\maged\AppData\Roaming\npm;C:\Users\maged\AppData\Local\Programs\Microsoft VS Code\bin;C:\src\flutter\bin\mingit\cmd
USERNAME=maged
LANG=en_US.UTF-8
OS=Windows_NT
PROCESSOR_IDENTIFIER=Intel64 Family 6 Model 42 Stepping 7, GenuineIntel



---------------  S Y S T E M  ---------------

OS:
 Windows 10 , 64 bit Build 19041 (10.0.19041.4842)
OS uptime: 0 days 4:44 hours

CPU: total 4 (initial active 4) (2 cores per cpu, 2 threads per core) family 6 model 42 stepping 7 microcode 0x2f, cx8, cmov, fxsr, ht, mmx, sse, sse2, sse3, ssse3, sse4.1, sse4.2, popcnt, tsc, tscinvbit, avx, aes, clmul, vzeroupper, clflush

Memory: 4k page, system-wide physical 6051M (875M free)
TotalPageFile size 8099M (AvailPageFile size 86M)
current process WorkingSet (physical memory assigned to process): 10M, peak: 10M
current process commit charge ("private bytes"): 51M, peak: 147M

vm_info: Java HotSpot(TM) 64-Bit Server VM (17.0.11+7-LTS-207) for windows-amd64 JRE (17.0.11+7-LTS-207), built on Mar 11 2024 19:01:50 by "mach5one" with MS VC++ 17.6 (VS2022)

END.
