#
# There is insufficient memory for the Java Runtime Environment to continue.
# Native memory allocation (mmap) failed to map 100663296 bytes for G1 virtual space
# Possible reasons:
#   The system is out of physical RAM or swap space
#   The process is running with CompressedOops enabled, and the Java Heap may be blocking the growth of the native heap
# Possible solutions:
#   Reduce memory load on the system
#   Increase physical memory or swap space
#   Check if swap backing store is full
#   Decrease Java heap size (-Xmx/-Xms)
#   Decrease number of Java threads
#   Decrease Java thread stack sizes (-Xss)
#   Set larger code cache with -XX:ReservedCodeCacheSize=
#   JVM is running with Unscaled Compressed Oops mode in which the Java heap is
#     placed in the first 4GB address space. The Java Heap base address is the
#     maximum limit for the native heap growth. Please use -XX:HeapBaseMinAddress
#     to set the Java Heap base and to place the Java Heap above 4GB virtual address.
# This output file may be truncated or incomplete.
#
#  Out of Memory Error (os_windows.cpp:3825), pid=2344, tid=8800
#
# JRE version:  (17.0.10) (build )
# Java VM: OpenJDK 64-Bit Server VM (17.0.10+0--11572160, mixed mode, sharing, tiered, compressed oops, compressed class ptrs, g1 gc, windows-amd64)
# No core dump will be written. Minidumps are not enabled by default on client versions of Windows
#

---------------  S U M M A R Y ------------

Command Line: -Dorg.gradle.appname=gradlew org.gradle.wrapper.GradleWrapperMain -q -Ptarget-platform=android-arm64 -Ptarget=D:\flutterApps\training\UIS_Personal-main\lib\main.dart -Pbase-application-name=android.app.Application -Pdart-obfuscation=false -Ptrack-widget-creation=true -Ptree-shake-icons=false -Pfilesystem-scheme=org-dartlang-root assembleDebug

Host: Intel(R) Core(TM) i5-2410M CPU @ 2.30GHz, 4 cores, 5G,  Windows 10 , 64 bit Build 19041 (10.0.19041.4717)
Time: Thu Sep  5 06:23:58 2024 Egypt Daylight Time elapsed time: 0.015412 seconds (0d 0h 0m 0s)

---------------  T H R E A D  ---------------

Current thread (0x00000161e2efeb40):  JavaThread "Unknown thread" [_thread_in_vm, id=8800, stack(0x0000000c26800000,0x0000000c26900000)]

Stack: [0x0000000c26800000,0x0000000c26900000]
Native frames: (J=compiled Java code, j=interpreted, Vv=VM code, C=native code)
V  [jvm.dll+0x688e89]
V  [jvm.dll+0x84247a]
V  [jvm.dll+0x8440be]
V  [jvm.dll+0x844723]
V  [jvm.dll+0x24be0f]
V  [jvm.dll+0x685c59]
V  [jvm.dll+0x67a50a]
V  [jvm.dll+0x30cbab]
V  [jvm.dll+0x314056]
V  [jvm.dll+0x363dce]
V  [jvm.dll+0x363fff]
V  [jvm.dll+0x2e2978]
V  [jvm.dll+0x2e38e4]
V  [jvm.dll+0x813011]
V  [jvm.dll+0x371c81]
V  [jvm.dll+0x7f1b66]
V  [jvm.dll+0x3f58df]
V  [jvm.dll+0x3f7511]
C  [jli.dll+0x528f]
C  [ucrtbase.dll+0x21bb2]
C  [KERNEL32.DLL+0x17374]
C  [ntdll.dll+0x4cc91]


---------------  P R O C E S S  ---------------

Threads class SMR info:
_java_thread_list=0x00007ffdf01fef58, length=0, elements={
}

Java Threads: ( => current thread )

Other Threads:
  0x00000161e2f49b10 GCTaskThread "GC Thread#0" [stack: 0x0000000c26900000,0x0000000c26a00000] [id=8632]
  0x00000161e2f567b0 ConcurrentGCThread "G1 Main Marker" [stack: 0x0000000c26a00000,0x0000000c26b00000] [id=2000]
  0x00000161e2f57970 ConcurrentGCThread "G1 Conc#0" [stack: 0x0000000c26b00000,0x0000000c26c00000] [id=6104]

[error occurred during error reporting (printing all threads), id 0xc0000005, EXCEPTION_ACCESS_VIOLATION (0xc0000005) at pc=0x00007ffdef9b3547]

VM state: not at safepoint (not fully initialized)

VM Mutex/Monitor currently owned by a thread:  ([mutex/lock_event])
[0x00000161e2ef9e00] Heap_lock - owner thread: 0x00000161e2efeb40

Heap address: 0x00000000a1600000, size: 1514 MB, Compressed Oops mode: 32-bit

CDS archive(s) mapped at: [0x0000000000000000-0x0000000000000000-0x0000000000000000), size 0, SharedBaseAddress: 0x0000000800000000, ArchiveRelocationMode: 1.
Narrow klass base: 0x0000000000000000, Narrow klass shift: 0, Narrow klass range: 0x0

GC Precious Log:
<Empty>

Heap:
 garbage-first heap   total 0K, used 0K [0x00000000a1600000, 0x0000000100000000)
  region size 1024K, 0 young (0K), 0 survivors (0K)
 Metaspace       used 0K, committed 0K, reserved 0K
  class space    used 0K, committed 0K, reserved 0K

Heap Regions: E=young(eden), S=young(survivor), O=old, HS=humongous(starts), HC=humongous(continues), CS=collection set, F=free, OA=open archive, CA=closed archive, TAMS=top-at-mark-start (previous, next)

Card table byte_map: [0x00000161f56e0000,0x00000161f59e0000] _byte_map_base: 0x00000161f51d5000

Marking Bits (Prev, Next): (CMBitMap*) 0x00000161e2f4a140, (CMBitMap*) 0x00000161e2f4a180
 Prev Bits: [0x00000161f5ce0000, 0x00000161f7488000)
 Next Bits: [0x00000161f7490000, 0x00000161f8c38000)

GC Heap History (0 events):
No events

Dll operation events (1 events):
Event: 0.010 Loaded shared library C:\Program Files\Android\Android Studio\jbr\bin\java.dll

Deoptimization events (0 events):
No events

Classes unloaded (0 events):
No events

Classes redefined (0 events):
No events

Internal exceptions (0 events):
No events

VM Operations (0 events):
No events

Events (0 events):
No events


Dynamic libraries:
0x00007ff70a280000 - 0x00007ff70a28a000 	C:\Program Files\Android\Android Studio\jbr\bin\java.exe
0x00007ffe35fb0000 - 0x00007ffe361a8000 	C:\Windows\SYSTEM32\ntdll.dll
0x00007ffe347a0000 - 0x00007ffe34861000 	C:\Windows\System32\KERNEL32.DLL
0x00007ffe33960000 - 0x00007ffe33c5d000 	C:\Windows\System32\KERNELBASE.dll
0x00007ffe33830000 - 0x00007ffe33930000 	C:\Windows\System32\ucrtbase.dll
0x00007ffe2a3d0000 - 0x00007ffe2a3e7000 	C:\Program Files\Android\Android Studio\jbr\bin\jli.dll
0x00007ffe2a3b0000 - 0x00007ffe2a3cb000 	C:\Program Files\Android\Android Studio\jbr\bin\VCRUNTIME140.dll
0x00007ffe34e30000 - 0x00007ffe34fcd000 	C:\Windows\System32\USER32.dll
0x00007ffe1c770000 - 0x00007ffe1ca0a000 	C:\Windows\WinSxS\amd64_microsoft.windows.common-controls_6595b64144ccf1df_6.0.19041.4355_none_60b8b9eb71f62e16\COMCTL32.dll
0x00007ffe33930000 - 0x00007ffe33952000 	C:\Windows\System32\win32u.dll
0x00007ffe35d00000 - 0x00007ffe35d2b000 	C:\Windows\System32\GDI32.dll
0x00007ffe35260000 - 0x00007ffe352fe000 	C:\Windows\System32\msvcrt.dll
0x00007ffe33710000 - 0x00007ffe33827000 	C:\Windows\System32\gdi32full.dll
0x00007ffe33ef0000 - 0x00007ffe33f8d000 	C:\Windows\System32\msvcp_win.dll
0x00007ffe350a0000 - 0x00007ffe350cf000 	C:\Windows\System32\IMM32.DLL
0x00007ffe2c870000 - 0x00007ffe2c87c000 	C:\Program Files\Android\Android Studio\jbr\bin\vcruntime140_1.dll
0x00007ffe198a0000 - 0x00007ffe1992d000 	C:\Program Files\Android\Android Studio\jbr\bin\msvcp140.dll
0x00007ffdef6c0000 - 0x00007ffdf0343000 	C:\Program Files\Android\Android Studio\jbr\bin\server\jvm.dll
0x00007ffe35300000 - 0x00007ffe353b0000 	C:\Windows\System32\ADVAPI32.dll
0x00007ffe34700000 - 0x00007ffe347a0000 	C:\Windows\System32\sechost.dll
0x00007ffe353b0000 - 0x00007ffe354d3000 	C:\Windows\System32\RPCRT4.dll
0x00007ffe33ec0000 - 0x00007ffe33ee7000 	C:\Windows\System32\bcrypt.dll
0x00007ffe334b0000 - 0x00007ffe334fb000 	C:\Windows\SYSTEM32\POWRPROF.dll
0x00007ffe2fc50000 - 0x00007ffe2fc59000 	C:\Windows\SYSTEM32\WSOCK32.dll
0x00007ffe24a20000 - 0x00007ffe24a47000 	C:\Windows\SYSTEM32\WINMM.dll
0x00007ffe35f00000 - 0x00007ffe35f6b000 	C:\Windows\System32\WS2_32.dll
0x00007ffe245f0000 - 0x00007ffe245fa000 	C:\Windows\SYSTEM32\VERSION.dll
0x00007ffe33490000 - 0x00007ffe334a2000 	C:\Windows\SYSTEM32\UMPDC.dll
0x00007ffe314e0000 - 0x00007ffe314f2000 	C:\Windows\SYSTEM32\kernel.appcore.dll
0x00007ffe2a130000 - 0x00007ffe2a13a000 	C:\Program Files\Android\Android Studio\jbr\bin\jimage.dll
0x00007ffe18570000 - 0x00007ffe18754000 	C:\Windows\SYSTEM32\DBGHELP.DLL
0x00007ffe19ad0000 - 0x00007ffe19b04000 	C:\Windows\SYSTEM32\dbgcore.DLL
0x00007ffe33c60000 - 0x00007ffe33ce2000 	C:\Windows\System32\bcryptPrimitives.dll
0x00007ffe1cca0000 - 0x00007ffe1ccc5000 	C:\Program Files\Android\Android Studio\jbr\bin\java.dll

dbghelp: loaded successfully - version: 4.0.5 - missing functions: none
symbol engine: initialized successfully - sym options: 0x614 - pdb path: .;C:\Program Files\Android\Android Studio\jbr\bin;C:\Windows\SYSTEM32;C:\Windows\WinSxS\amd64_microsoft.windows.common-controls_6595b64144ccf1df_6.0.19041.4355_none_60b8b9eb71f62e16;C:\Program Files\Android\Android Studio\jbr\bin\server

VM Arguments:
jvm_args: -Dorg.gradle.appname=gradlew 
java_command: org.gradle.wrapper.GradleWrapperMain -q -Ptarget-platform=android-arm64 -Ptarget=D:\flutterApps\training\UIS_Personal-main\lib\main.dart -Pbase-application-name=android.app.Application -Pdart-obfuscation=false -Ptrack-widget-creation=true -Ptree-shake-icons=false -Pfilesystem-scheme=org-dartlang-root assembleDebug
java_class_path (initial): D:\flutterApps\training\UIS_Personal-main\android\\gradle\wrapper\gradle-wrapper.jar
Launcher Type: SUN_STANDARD

[Global flags]
     intx CICompilerCount                          = 3                                         {product} {ergonomic}
     uint ConcGCThreads                            = 1                                         {product} {ergonomic}
     uint G1ConcRefinementThreads                  = 4                                         {product} {ergonomic}
   size_t G1HeapRegionSize                         = 1048576                                   {product} {ergonomic}
    uintx GCDrainStackTargetSize                   = 64                                        {product} {ergonomic}
   size_t InitialHeapSize                          = 100663296                                 {product} {ergonomic}
   size_t MarkStackSize                            = 4194304                                   {product} {ergonomic}
   size_t MaxHeapSize                              = 1587544064                                {product} {ergonomic}
   size_t MinHeapDeltaBytes                        = 1048576                                   {product} {ergonomic}
   size_t MinHeapSize                              = 8388608                                   {product} {ergonomic}
    uintx NonNMethodCodeHeapSize                   = 5832780                                {pd product} {ergonomic}
    uintx NonProfiledCodeHeapSize                  = 122912730                              {pd product} {ergonomic}
    uintx ProfiledCodeHeapSize                     = 122912730                              {pd product} {ergonomic}
    uintx ReservedCodeCacheSize                    = 251658240                              {pd product} {ergonomic}
     bool SegmentedCodeCache                       = true                                      {product} {ergonomic}
   size_t SoftMaxHeapSize                          = 1587544064                             {manageable} {ergonomic}
     bool UseCompressedClassPointers               = true                           {product lp64_product} {ergonomic}
     bool UseCompressedOops                        = true                           {product lp64_product} {ergonomic}
     bool UseG1GC                                  = true                                      {product} {ergonomic}
     bool UseLargePagesIndividualAllocation        = false                                  {pd product} {ergonomic}

Logging:
Log output configuration:
 #0: stdout all=warning uptime,level,tags
 #1: stderr all=off uptime,level,tags

Environment Variables:
JAVA_HOME=C:\Program Files\Android\Android Studio\jbr
CLASSPATH=D:\flutterApps\training\UIS_Personal-main\android\\gradle\wrapper\gradle-wrapper.jar
PATH=C:\Program Files\Android\Android Studio\jbr\bin;C:\Program Files\Common Files\Oracle\Java\javapath;C:\Windows\system32;C:\Windows;C:\Windows\System32\Wbem;C:\Windows\System32\WindowsPowerShell\v1.0\;C:\Windows\System32\OpenSSH\;C:\Program Files\Git\cmd;C:\Program Files\nodejs\;C:\Users\maged\AppData\Local\Microsoft\WindowsApps;C:\src\flutter\bin;C:\src\flutter\bin;C:\Users\maged\AppData\Local\GitHubDesktop\bin;C:\Users\maged\AppData\Local\Pub\Cache\bin;C:\Users\maged\AppData\Roaming\npm;C:\Users\maged\AppData\Local\Programs\Microsoft VS Code\bin;C:\src\flutter\bin\mingit\cmd;C:\src\flutter\bin\mingit\cmd
USERNAME=maged
OS=Windows_NT
PROCESSOR_IDENTIFIER=Intel64 Family 6 Model 42 Stepping 7, GenuineIntel
TMP=C:\Users\maged\AppData\Local\Temp
TEMP=C:\Users\maged\AppData\Local\Temp



Periodic native trim disabled

JNI global refs:
JNI global refs: 0, weak refs: 0

JNI global refs memory usage: 0, weak refs: 0

OOME stack traces (most recent first):
Classloader memory used:


---------------  S Y S T E M  ---------------

OS:
 Windows 10 , 64 bit Build 19041 (10.0.19041.4717)
OS uptime: 0 days 12:15 hours

CPU: total 4 (initial active 4) (2 cores per cpu, 2 threads per core) family 6 model 42 stepping 7 microcode 0x2f, cx8, cmov, fxsr, ht, mmx, sse, sse2, sse3, ssse3, sse4.1, sse4.2, popcnt, tsc, tscinvbit, avx, aes, clmul, vzeroupper, clflush
Processor Information for all 4 processors :
  Max Mhz: 2301, Current Mhz: 2301, Mhz Limit: 2301

Memory: 4k page, system-wide physical 6051M (1093M free)
TotalPageFile size 8099M (AvailPageFile size 97M)
current process WorkingSet (physical memory assigned to process): 10M, peak: 10M
current process commit charge ("private bytes"): 51M, peak: 147M

vm_info: OpenJDK 64-Bit Server VM (17.0.10+0--11572160) for windows-amd64 JRE (17.0.10+0--11572160), built on Mar 13 2024 23:56:38 by "androidbuild" with MS VC++ 16.10 / 16.11 (VS2019)

END.
