#
# There is insufficient memory for the Java Runtime Environment to continue.
# Native memory allocation (malloc) failed to allocate 32744 bytes for ChunkPool::allocate
# Possible reasons:
#   The system is out of physical RAM or swap space
#   The process is running with CompressedOops enabled, and the Java Heap may be blocking the growth of the native heap
# Possible solutions:
#   Reduce memory load on the system
#   Increase physical memory or swap space
#   Check if swap backing store is full
#   Decrease Java heap size (-Xmx/-Xms)
#   Decrease number of Java threads
#   Decrease Java thread stack sizes (-Xss)
#   Set larger code cache with -XX:ReservedCodeCacheSize=
#   JVM is running with Zero Based Compressed Oops mode in which the Java heap is
#     placed in the first 32GB address space. The Java Heap base address is the
#     maximum limit for the native heap growth. Please use -XX:HeapBaseMinAddress
#     to set the Java Heap base and to place the Java Heap above 32GB virtual address.
# This output file may be truncated or incomplete.
#
#  Out of Memory Error (arena.cpp:79), pid=2904, tid=11212
#
# JRE version: OpenJDK Runtime Environment (17.0.10) (build 17.0.10+0--11572160)
# Java VM: OpenJDK 64-Bit Server VM (17.0.10+0--11572160, mixed mode, tiered, compressed oops, compressed class ptrs, g1 gc, windows-amd64)
# No core dump will be written. Minidumps are not enabled by default on client versions of Windows
#

---------------  S U M M A R Y ------------

Command Line: -XX:+HeapDumpOnOutOfMemoryError --add-opens=java.base/java.util=ALL-UNNAMED --add-opens=java.base/java.lang=ALL-UNNAMED --add-opens=java.base/java.lang.invoke=ALL-UNNAMED --add-opens=java.prefs/java.util.prefs=ALL-UNNAMED --add-opens=java.base/java.nio.charset=ALL-UNNAMED --add-opens=java.base/java.net=ALL-UNNAMED --add-opens=java.base/java.util.concurrent.atomic=ALL-UNNAMED -Xmx4G -Dfile.encoding=windows-1252 -Duser.country=US -Duser.language=en -Duser.variant org.gradle.launcher.daemon.bootstrap.GradleDaemon 7.6.3

Host: Intel(R) Core(TM) i5-2410M CPU @ 2.30GHz, 4 cores, 5G,  Windows 10 , 64 bit Build 19041 (10.0.19041.4717)
Time: Mon Sep  2 02:57:31 2024 Egypt Daylight Time elapsed time: 473.359137 seconds (0d 0h 7m 53s)

---------------  T H R E A D  ---------------

Current thread (0x000001a93b1a0110):  JavaThread "C2 CompilerThread0" daemon [_thread_in_native, id=11212, stack(0x00000049d1900000,0x00000049d1a00000)]


Current CompileTask:
C2: 473359 11514       4       org.gradle.internal.service.DefaultServiceRegistry$SingletonService::get (5 bytes)

Stack: [0x00000049d1900000,0x00000049d1a00000]
Native frames: (J=compiled Java code, j=interpreted, Vv=VM code, C=native code)
V  [jvm.dll+0x688e89]
V  [jvm.dll+0x84247a]
V  [jvm.dll+0x8440be]
V  [jvm.dll+0x844723]
V  [jvm.dll+0x24be0f]
V  [jvm.dll+0xac721]
V  [jvm.dll+0xacb6c]
V  [jvm.dll+0xac62b]
V  [jvm.dll+0x82ad8c]
V  [jvm.dll+0x59559d]
V  [jvm.dll+0x591731]
V  [jvm.dll+0x5914c3]
V  [jvm.dll+0x5906d8]
V  [jvm.dll+0x226452]
V  [jvm.dll+0x21f17d]
V  [jvm.dll+0x21cdb1]
V  [jvm.dll+0x1a60ad]
V  [jvm.dll+0x22cd78]
V  [jvm.dll+0x22aeb0]
V  [jvm.dll+0x7f6917]
V  [jvm.dll+0x7f0d1a]
V  [jvm.dll+0x687d05]
C  [ucrtbase.dll+0x21bb2]
C  [KERNEL32.DLL+0x17374]
C  [ntdll.dll+0x4cc91]


---------------  P R O C E S S  ---------------

Threads class SMR info:
_java_thread_list=0x000001a94395c110, length=41, elements={
0x000001a91ad60f90, 0x000001a93af0bce0, 0x000001a93af0cf70, 0x000001a93af366c0,
0x000001a93b187010, 0x000001a93b1878e0, 0x000001a93b19c010, 0x000001a93b1a0110,
0x000001a93b1a0a20, 0x000001a93b1a3740, 0x000001a93b30e550, 0x000001a93b30f250,
0x000001a9411def00, 0x000001a94119d7a0, 0x000001a9413ee500, 0x000001a94125b820,
0x000001a94125b310, 0x000001a941258070, 0x000001a941258a90, 0x000001a943c414f0,
0x000001a943c43d70, 0x000001a943c43350, 0x000001a943c44790, 0x000001a943c42930,
0x000001a943c47a30, 0x000001a943c456c0, 0x000001a943c48960, 0x000001a943c460e0,
0x000001a94532de60, 0x000001a94532fcc0, 0x000001a945332a50, 0x000001a9453306e0,
0x000001a94532d440, 0x000001a945333470, 0x000001a945334dc0, 0x000001a94532d950,
0x000001a9453301d0, 0x000001a945333e90, 0x000001a945332f60, 0x000001a9427d28d0,
0x000001a94532f2a0
}

Java Threads: ( => current thread )
  0x000001a91ad60f90 JavaThread "main" [_thread_blocked, id=10976, stack(0x00000049d0c00000,0x00000049d0d00000)]
  0x000001a93af0bce0 JavaThread "Reference Handler" daemon [_thread_blocked, id=5292, stack(0x00000049d1300000,0x00000049d1400000)]
  0x000001a93af0cf70 JavaThread "Finalizer" daemon [_thread_blocked, id=8376, stack(0x00000049d1400000,0x00000049d1500000)]
  0x000001a93af366c0 JavaThread "Signal Dispatcher" daemon [_thread_blocked, id=1904, stack(0x00000049d1500000,0x00000049d1600000)]
  0x000001a93b187010 JavaThread "Attach Listener" daemon [_thread_blocked, id=7092, stack(0x00000049d1600000,0x00000049d1700000)]
  0x000001a93b1878e0 JavaThread "Service Thread" daemon [_thread_blocked, id=6000, stack(0x00000049d1700000,0x00000049d1800000)]
  0x000001a93b19c010 JavaThread "Monitor Deflation Thread" daemon [_thread_blocked, id=1832, stack(0x00000049d1800000,0x00000049d1900000)]
=>0x000001a93b1a0110 JavaThread "C2 CompilerThread0" daemon [_thread_in_native, id=11212, stack(0x00000049d1900000,0x00000049d1a00000)]
  0x000001a93b1a0a20 JavaThread "C1 CompilerThread0" daemon [_thread_blocked, id=7840, stack(0x00000049d1a00000,0x00000049d1b00000)]
  0x000001a93b1a3740 JavaThread "Sweeper thread" daemon [_thread_blocked, id=1288, stack(0x00000049d1b00000,0x00000049d1c00000)]
  0x000001a93b30e550 JavaThread "Common-Cleaner" daemon [_thread_blocked, id=8780, stack(0x00000049d1c00000,0x00000049d1d00000)]
  0x000001a93b30f250 JavaThread "Notification Thread" daemon [_thread_blocked, id=10232, stack(0x00000049d1d00000,0x00000049d1e00000)]
  0x000001a9411def00 JavaThread "Daemon health stats" [_thread_blocked, id=6744, stack(0x00000049d2300000,0x00000049d2400000)]
  0x000001a94119d7a0 JavaThread "Incoming local TCP Connector on port 53597" [_thread_in_native, id=10992, stack(0x00000049d1f00000,0x00000049d2000000)]
  0x000001a9413ee500 JavaThread "Daemon periodic checks" [_thread_blocked, id=7272, stack(0x00000049d2400000,0x00000049d2500000)]
  0x000001a94125b820 JavaThread "Cache worker for journal cache (C:\Users\maged\.gradle\caches\journal-1)" [_thread_blocked, id=6820, stack(0x00000049d2b00000,0x00000049d2c00000)]
  0x000001a94125b310 JavaThread "File lock request listener" [_thread_in_native, id=2664, stack(0x00000049d2d00000,0x00000049d2e00000)]
  0x000001a941258070 JavaThread "Cache worker for file hash cache (C:\Users\maged\.gradle\caches\7.6.3\fileHashes)" [_thread_blocked, id=6580, stack(0x00000049d2e00000,0x00000049d2f00000)]
  0x000001a941258a90 JavaThread "File watcher server" daemon [_thread_in_native, id=1436, stack(0x00000049d3000000,0x00000049d3100000)]
  0x000001a943c414f0 JavaThread "File watcher consumer" daemon [_thread_blocked, id=1252, stack(0x00000049d3100000,0x00000049d3200000)]
  0x000001a943c43d70 JavaThread "Cache worker for file content cache (C:\Users\maged\.gradle\caches\7.6.3\fileContent)" [_thread_blocked, id=5560, stack(0x00000049d3400000,0x00000049d3500000)]
  0x000001a943c43350 JavaThread "Cache worker for execution history cache (C:\Users\maged\.gradle\caches\7.6.3\executionHistory)" [_thread_blocked, id=9328, stack(0x00000049d2f00000,0x00000049d3000000)]
  0x000001a943c44790 JavaThread "jar transforms" [_thread_blocked, id=8328, stack(0x00000049d3900000,0x00000049d3a00000)]
  0x000001a943c42930 JavaThread "Cache worker for kotlin-dsl (C:\Users\maged\.gradle\caches\7.6.3\kotlin-dsl)" [_thread_blocked, id=10712, stack(0x00000049d3a00000,0x00000049d3b00000)]
  0x000001a943c47a30 JavaThread "jar transforms Thread 2" [_thread_blocked, id=7432, stack(0x00000049d3b00000,0x00000049d3c00000)]
  0x000001a943c456c0 JavaThread "jar transforms Thread 3" [_thread_blocked, id=1724, stack(0x00000049d3e00000,0x00000049d3f00000)]
  0x000001a943c48960 JavaThread "Memory manager" [_thread_blocked, id=10548, stack(0x00000049d3f00000,0x00000049d4000000)]
  0x000001a943c460e0 JavaThread "jar transforms Thread 4" [_thread_blocked, id=8764, stack(0x00000049d4000000,0x00000049d4100000)]
  0x000001a94532de60 JavaThread "Daemon Thread 2" [_thread_blocked, id=1168, stack(0x00000049d0900000,0x00000049d0a00000)]
  0x000001a94532fcc0 JavaThread "Handler for socket connection from /127.0.0.1:53597 to /127.0.0.1:54004" [_thread_in_native, id=7820, stack(0x00000049d0a00000,0x00000049d0b00000)]
  0x000001a945332a50 JavaThread "Cancel handler" [_thread_blocked, id=5852, stack(0x00000049d0b00000,0x00000049d0c00000)]
  0x000001a9453306e0 JavaThread "Daemon worker Thread 2" [_thread_in_Java, id=4560, stack(0x00000049d2500000,0x00000049d2600000)]
  0x000001a94532d440 JavaThread "Asynchronous log dispatcher for DefaultDaemonConnection: socket connection from /127.0.0.1:53597 to /127.0.0.1:54004" [_thread_blocked, id=10584, stack(0x00000049d2600000,0x00000049d2700000)]
  0x000001a945333470 JavaThread "Stdin handler" [_thread_blocked, id=10576, stack(0x00000049d2700000,0x00000049d2800000)]
  0x000001a945334dc0 JavaThread "Daemon client event forwarder" [_thread_blocked, id=10652, stack(0x00000049d2800000,0x00000049d2900000)]
  0x000001a94532d950 JavaThread "Cache worker for checksums cache (D:\flutterApps\training\UIS_Personal-main\android\.gradle\7.6.3\checksums)" [_thread_blocked, id=1780, stack(0x00000049d2900000,0x00000049d2a00000)]
  0x000001a9453301d0 JavaThread "Cache worker for cache directory md-rule (C:\Users\maged\.gradle\caches\7.6.3\md-rule)" [_thread_blocked, id=2504, stack(0x00000049d2a00000,0x00000049d2b00000)]
  0x000001a945333e90 JavaThread "Cache worker for file hash cache (D:\flutterApps\training\UIS_Personal-main\android\.gradle\7.6.3\fileHashes)" [_thread_blocked, id=5524, stack(0x00000049d2c00000,0x00000049d2d00000)]
  0x000001a945332f60 JavaThread "Cache worker for cache directory md-supplier (C:\Users\maged\.gradle\caches\7.6.3\md-supplier)" [_thread_blocked, id=10200, stack(0x00000049d3200000,0x00000049d3300000)]
  0x000001a9427d28d0 JavaThread "C2 CompilerThread1" daemon [_thread_in_native, id=10768, stack(0x00000049d3300000,0x00000049d3400000)]
  0x000001a94532f2a0 JavaThread "Cache worker for dependencies-accessors (D:\flutterApps\training\UIS_Personal-main\android\.gradle\7.6.3\dependencies-accessors)" [_thread_blocked, id=10848, stack(0x00000049d3500000,0x00000049d3600000)]

Other Threads:
  0x000001a93af08630 VMThread "VM Thread" [stack: 0x00000049d1200000,0x00000049d1300000] [id=8728]
  0x000001a93b311740 WatcherThread [stack: 0x00000049d1e00000,0x00000049d1f00000] [id=2128]
  0x000001a91adcb580 GCTaskThread "GC Thread#0" [stack: 0x00000049d0d00000,0x00000049d0e00000] [id=1096]
  0x000001a93bca1420 GCTaskThread "GC Thread#1" [stack: 0x00000049d2000000,0x00000049d2100000] [id=8836]
  0x000001a93ba7a450 GCTaskThread "GC Thread#2" [stack: 0x00000049d2100000,0x00000049d2200000] [id=9032]
  0x000001a93b5fe9f0 GCTaskThread "GC Thread#3" [stack: 0x00000049d2200000,0x00000049d2300000] [id=2448]
  0x000001a91addf400 ConcurrentGCThread "G1 Main Marker" [stack: 0x00000049d0e00000,0x00000049d0f00000] [id=11148]
  0x000001a91ade04d0 ConcurrentGCThread "G1 Conc#0" [stack: 0x00000049d0f00000,0x00000049d1000000] [id=5352]
  0x000001a93ad60090 ConcurrentGCThread "G1 Refine#0" [stack: 0x00000049d1000000,0x00000049d1100000] [id=2988]
  0x000001a93b413880 ConcurrentGCThread "G1 Refine#1" [stack: 0x00000049d3800000,0x00000049d3900000] [id=8396]
  0x000001a93ad609d0 ConcurrentGCThread "G1 Service" [stack: 0x00000049d1100000,0x00000049d1200000] [id=5236]

Threads with active compile tasks:
C2 CompilerThread0   473474 11514       4       org.gradle.internal.service.DefaultServiceRegistry$SingletonService::get (5 bytes)
C2 CompilerThread1   473474 11515   !   4       org.gradle.internal.service.DefaultServiceRegistry$ManagedObjectServiceProvider::getInstance (47 bytes)

VM state: not at safepoint (normal execution)

VM Mutex/Monitor currently owned by a thread: None

Heap address: 0x0000000700000000, size: 4096 MB, Compressed Oops mode: Zero based, Oop shift amount: 3

CDS archive(s) not mapped
Compressed class space mapped at: 0x0000000800000000-0x0000000840000000, reserved size: 1073741824
Narrow klass base: 0x0000000800000000, Narrow klass shift: 0, Narrow klass range: 0x40000000

GC Precious Log:
 CPUs: 4 total, 4 available
 Memory: 6051M
 Large Page Support: Disabled
 NUMA Support: Disabled
 Compressed Oops: Enabled (Zero based)
 Heap Region Size: 2M
 Heap Min Capacity: 8M
 Heap Initial Capacity: 96M
 Heap Max Capacity: 4G
 Pre-touch: Disabled
 Parallel Workers: 4
 Concurrent Workers: 1
 Concurrent Refinement Workers: 4
 Periodic GC: Disabled

Heap:
 garbage-first heap   total 233472K, used 122562K [0x0000000700000000, 0x0000000800000000)
  region size 2048K, 17 young (34816K), 3 survivors (6144K)
 Metaspace       used 99773K, committed 100608K, reserved 1179648K
  class space    used 13783K, committed 14144K, reserved 1048576K

Heap Regions: E=young(eden), S=young(survivor), O=old, HS=humongous(starts), HC=humongous(continues), CS=collection set, F=free, OA=open archive, CA=closed archive, TAMS=top-at-mark-start (previous, next)
|   0|0x0000000700000000, 0x0000000700200000, 0x0000000700200000|100%| O|  |TAMS 0x0000000700200000, 0x0000000700000000| Untracked 
|   1|0x0000000700200000, 0x0000000700400000, 0x0000000700400000|100%|HS|  |TAMS 0x0000000700400000, 0x0000000700200000| Complete 
|   2|0x0000000700400000, 0x0000000700600000, 0x0000000700600000|100%|HC|  |TAMS 0x0000000700600000, 0x0000000700400000| Complete 
|   3|0x0000000700600000, 0x0000000700800000, 0x0000000700800000|100%| O|  |TAMS 0x0000000700800000, 0x0000000700600000| Untracked 
|   4|0x0000000700800000, 0x00000007009d9400, 0x0000000700a00000| 92%| O|  |TAMS 0x00000007009d9400, 0x0000000700800000| Untracked 
|   5|0x0000000700a00000, 0x0000000700c00000, 0x0000000700c00000|100%| O|  |TAMS 0x0000000700c00000, 0x0000000700a00000| Untracked 
|   6|0x0000000700c00000, 0x0000000700e00000, 0x0000000700e00000|100%| O|  |TAMS 0x0000000700e00000, 0x0000000700c00000| Untracked 
|   7|0x0000000700e00000, 0x0000000701000000, 0x0000000701000000|100%| O|  |TAMS 0x0000000701000000, 0x0000000700e00000| Untracked 
|   8|0x0000000701000000, 0x0000000701200000, 0x0000000701200000|100%| O|  |TAMS 0x0000000701200000, 0x0000000701000000| Untracked 
|   9|0x0000000701200000, 0x0000000701400000, 0x0000000701400000|100%| O|  |TAMS 0x0000000701400000, 0x0000000701200000| Untracked 
|  10|0x0000000701400000, 0x0000000701600000, 0x0000000701600000|100%| O|  |TAMS 0x0000000701600000, 0x0000000701400000| Untracked 
|  11|0x0000000701600000, 0x0000000701800000, 0x0000000701800000|100%| O|  |TAMS 0x0000000701800000, 0x0000000701600000| Untracked 
|  12|0x0000000701800000, 0x0000000701a00000, 0x0000000701a00000|100%| O|  |TAMS 0x0000000701a00000, 0x0000000701800000| Untracked 
|  13|0x0000000701a00000, 0x0000000701c00000, 0x0000000701c00000|100%| O|  |TAMS 0x0000000701c00000, 0x0000000701a00000| Untracked 
|  14|0x0000000701c00000, 0x0000000701e00000, 0x0000000701e00000|100%| O|  |TAMS 0x0000000701e00000, 0x0000000701c00000| Untracked 
|  15|0x0000000701e00000, 0x0000000702000000, 0x0000000702000000|100%| O|  |TAMS 0x0000000702000000, 0x0000000701e00000| Untracked 
|  16|0x0000000702000000, 0x0000000702200000, 0x0000000702200000|100%| O|  |TAMS 0x0000000702200000, 0x0000000702000000| Untracked 
|  17|0x0000000702200000, 0x0000000702400000, 0x0000000702400000|100%| O|  |TAMS 0x0000000702400000, 0x0000000702200000| Untracked 
|  18|0x0000000702400000, 0x0000000702600000, 0x0000000702600000|100%| O|  |TAMS 0x0000000702600000, 0x0000000702400000| Untracked 
|  19|0x0000000702600000, 0x0000000702800000, 0x0000000702800000|100%| O|  |TAMS 0x0000000702800000, 0x0000000702600000| Untracked 
|  20|0x0000000702800000, 0x0000000702a00000, 0x0000000702a00000|100%| O|  |TAMS 0x0000000702a00000, 0x0000000702800000| Untracked 
|  21|0x0000000702a00000, 0x0000000702c00000, 0x0000000702c00000|100%| O|  |TAMS 0x0000000702c00000, 0x0000000702a00000| Untracked 
|  22|0x0000000702c00000, 0x0000000702e00000, 0x0000000702e00000|100%| O|  |TAMS 0x0000000702e00000, 0x0000000702c00000| Untracked 
|  23|0x0000000702e00000, 0x0000000703000000, 0x0000000703000000|100%|HS|  |TAMS 0x0000000703000000, 0x0000000702e00000| Complete 
|  24|0x0000000703000000, 0x0000000703200000, 0x0000000703200000|100%|HC|  |TAMS 0x0000000703200000, 0x0000000703000000| Complete 
|  25|0x0000000703200000, 0x0000000703400000, 0x0000000703400000|100%| O|  |TAMS 0x0000000703400000, 0x0000000703200000| Untracked 
|  26|0x0000000703400000, 0x0000000703600000, 0x0000000703600000|100%|HS|  |TAMS 0x0000000703600000, 0x0000000703400000| Complete 
|  27|0x0000000703600000, 0x0000000703800000, 0x0000000703800000|100%| O|  |TAMS 0x0000000703800000, 0x0000000703600000| Untracked 
|  28|0x0000000703800000, 0x0000000703a00000, 0x0000000703a00000|100%| O|  |TAMS 0x0000000703a00000, 0x0000000703800000| Untracked 
|  29|0x0000000703a00000, 0x0000000703c00000, 0x0000000703c00000|100%| O|  |TAMS 0x0000000703a00000, 0x0000000703a00000| Untracked 
|  30|0x0000000703c00000, 0x0000000703e00000, 0x0000000703e00000|100%| O|  |TAMS 0x0000000703e00000, 0x0000000703c00000| Untracked 
|  31|0x0000000703e00000, 0x0000000704000000, 0x0000000704000000|100%| O|  |TAMS 0x0000000704000000, 0x0000000703e00000| Untracked 
|  32|0x0000000704000000, 0x0000000704200000, 0x0000000704200000|100%| O|  |TAMS 0x0000000704200000, 0x0000000704000000| Untracked 
|  33|0x0000000704200000, 0x0000000704400000, 0x0000000704400000|100%| O|  |TAMS 0x00000007043fd000, 0x0000000704200000| Untracked 
|  34|0x0000000704400000, 0x0000000704600000, 0x0000000704600000|100%| O|  |TAMS 0x0000000704400000, 0x0000000704400000| Untracked 
|  35|0x0000000704600000, 0x0000000704800000, 0x0000000704800000|100%| O|  |TAMS 0x0000000704600000, 0x0000000704600000| Untracked 
|  36|0x0000000704800000, 0x0000000704a00000, 0x0000000704a00000|100%| O|  |TAMS 0x0000000704800000, 0x0000000704800000| Untracked 
|  37|0x0000000704a00000, 0x0000000704c00000, 0x0000000704c00000|100%| O|  |TAMS 0x0000000704a00000, 0x0000000704a00000| Untracked 
|  38|0x0000000704c00000, 0x0000000704e00000, 0x0000000704e00000|100%| O|  |TAMS 0x0000000704c00000, 0x0000000704c00000| Untracked 
|  39|0x0000000704e00000, 0x0000000705000000, 0x0000000705000000|100%| O|  |TAMS 0x0000000704e00000, 0x0000000704e00000| Untracked 
|  40|0x0000000705000000, 0x0000000705200000, 0x0000000705200000|100%| O|  |TAMS 0x0000000705000000, 0x0000000705000000| Untracked 
|  41|0x0000000705200000, 0x0000000705400000, 0x0000000705400000|100%| O|  |TAMS 0x0000000705200000, 0x0000000705200000| Untracked 
|  42|0x0000000705400000, 0x0000000705600000, 0x0000000705600000|100%| O|  |TAMS 0x0000000705400000, 0x0000000705400000| Untracked 
|  43|0x0000000705600000, 0x0000000705800000, 0x0000000705800000|100%| O|  |TAMS 0x0000000705600000, 0x0000000705600000| Untracked 
|  44|0x0000000705800000, 0x0000000705985a00, 0x0000000705a00000| 76%| O|  |TAMS 0x0000000705800000, 0x0000000705800000| Untracked 
|  45|0x0000000705a00000, 0x0000000705a00000, 0x0000000705c00000|  0%| F|  |TAMS 0x0000000705a00000, 0x0000000705a00000| Untracked 
|  46|0x0000000705c00000, 0x0000000705c00000, 0x0000000705e00000|  0%| F|  |TAMS 0x0000000705c00000, 0x0000000705c00000| Untracked 
|  47|0x0000000705e00000, 0x0000000705e00000, 0x0000000706000000|  0%| F|  |TAMS 0x0000000705e00000, 0x0000000705e00000| Untracked 
|  48|0x0000000706000000, 0x0000000706000000, 0x0000000706200000|  0%| F|  |TAMS 0x0000000706000000, 0x0000000706000000| Untracked 
|  49|0x0000000706200000, 0x0000000706200000, 0x0000000706400000|  0%| F|  |TAMS 0x0000000706200000, 0x0000000706200000| Untracked 
|  50|0x0000000706400000, 0x0000000706400000, 0x0000000706600000|  0%| F|  |TAMS 0x0000000706400000, 0x0000000706400000| Untracked 
|  51|0x0000000706600000, 0x0000000706600000, 0x0000000706800000|  0%| F|  |TAMS 0x0000000706600000, 0x0000000706600000| Untracked 
|  52|0x0000000706800000, 0x0000000706800000, 0x0000000706a00000|  0%| F|  |TAMS 0x0000000706800000, 0x0000000706800000| Untracked 
|  53|0x0000000706a00000, 0x0000000706a00000, 0x0000000706c00000|  0%| F|  |TAMS 0x0000000706a00000, 0x0000000706a00000| Untracked 
|  54|0x0000000706c00000, 0x0000000706c00000, 0x0000000706e00000|  0%| F|  |TAMS 0x0000000706c00000, 0x0000000706c00000| Untracked 
|  55|0x0000000706e00000, 0x0000000706e00000, 0x0000000707000000|  0%| F|  |TAMS 0x0000000706e00000, 0x0000000706e00000| Untracked 
|  56|0x0000000707000000, 0x0000000707000000, 0x0000000707200000|  0%| F|  |TAMS 0x0000000707000000, 0x0000000707000000| Untracked 
|  57|0x0000000707200000, 0x0000000707200000, 0x0000000707400000|  0%| F|  |TAMS 0x0000000707200000, 0x0000000707200000| Untracked 
|  58|0x0000000707400000, 0x0000000707400000, 0x0000000707600000|  0%| F|  |TAMS 0x0000000707400000, 0x0000000707400000| Untracked 
|  59|0x0000000707600000, 0x0000000707600000, 0x0000000707800000|  0%| F|  |TAMS 0x0000000707600000, 0x0000000707600000| Untracked 
|  60|0x0000000707800000, 0x0000000707800000, 0x0000000707a00000|  0%| F|  |TAMS 0x0000000707800000, 0x0000000707800000| Untracked 
|  61|0x0000000707a00000, 0x0000000707a00000, 0x0000000707c00000|  0%| F|  |TAMS 0x0000000707a00000, 0x0000000707a00000| Untracked 
|  62|0x0000000707c00000, 0x0000000707c51d20, 0x0000000707e00000| 15%| S|CS|TAMS 0x0000000707c00000, 0x0000000707c00000| Complete 
|  63|0x0000000707e00000, 0x0000000708000000, 0x0000000708000000|100%| S|CS|TAMS 0x0000000707e00000, 0x0000000707e00000| Complete 
|  64|0x0000000708000000, 0x0000000708200000, 0x0000000708200000|100%| S|CS|TAMS 0x0000000708000000, 0x0000000708000000| Complete 
|  65|0x0000000708200000, 0x0000000708200000, 0x0000000708400000|  0%| F|  |TAMS 0x0000000708200000, 0x0000000708200000| Untracked 
|  66|0x0000000708400000, 0x0000000708400000, 0x0000000708600000|  0%| F|  |TAMS 0x0000000708400000, 0x0000000708400000| Untracked 
|  67|0x0000000708600000, 0x0000000708600000, 0x0000000708800000|  0%| F|  |TAMS 0x0000000708600000, 0x0000000708600000| Untracked 
|  68|0x0000000708800000, 0x0000000708800000, 0x0000000708a00000|  0%| F|  |TAMS 0x0000000708800000, 0x0000000708800000| Untracked 
|  69|0x0000000708a00000, 0x0000000708a00000, 0x0000000708c00000|  0%| F|  |TAMS 0x0000000708a00000, 0x0000000708a00000| Untracked 
|  70|0x0000000708c00000, 0x0000000708c00000, 0x0000000708e00000|  0%| F|  |TAMS 0x0000000708c00000, 0x0000000708c00000| Untracked 
|  71|0x0000000708e00000, 0x0000000708e00000, 0x0000000709000000|  0%| F|  |TAMS 0x0000000708e00000, 0x0000000708e00000| Untracked 
|  72|0x0000000709000000, 0x0000000709000000, 0x0000000709200000|  0%| F|  |TAMS 0x0000000709000000, 0x0000000709000000| Untracked 
|  73|0x0000000709200000, 0x0000000709200000, 0x0000000709400000|  0%| F|  |TAMS 0x0000000709200000, 0x0000000709200000| Untracked 
|  74|0x0000000709400000, 0x0000000709400000, 0x0000000709600000|  0%| F|  |TAMS 0x0000000709400000, 0x0000000709400000| Untracked 
|  75|0x0000000709600000, 0x0000000709600000, 0x0000000709800000|  0%| F|  |TAMS 0x0000000709600000, 0x0000000709600000| Untracked 
|  76|0x0000000709800000, 0x0000000709800000, 0x0000000709a00000|  0%| F|  |TAMS 0x0000000709800000, 0x0000000709800000| Untracked 
|  77|0x0000000709a00000, 0x0000000709a00000, 0x0000000709c00000|  0%| F|  |TAMS 0x0000000709a00000, 0x0000000709a00000| Untracked 
|  78|0x0000000709c00000, 0x0000000709c00000, 0x0000000709e00000|  0%| F|  |TAMS 0x0000000709c00000, 0x0000000709c00000| Untracked 
|  79|0x0000000709e00000, 0x0000000709e00000, 0x000000070a000000|  0%| F|  |TAMS 0x0000000709e00000, 0x0000000709e00000| Untracked 
|  80|0x000000070a000000, 0x000000070a000000, 0x000000070a200000|  0%| F|  |TAMS 0x000000070a000000, 0x000000070a000000| Untracked 
|  81|0x000000070a200000, 0x000000070a200000, 0x000000070a400000|  0%| F|  |TAMS 0x000000070a200000, 0x000000070a200000| Untracked 
|  82|0x000000070a400000, 0x000000070a400000, 0x000000070a600000|  0%| F|  |TAMS 0x000000070a400000, 0x000000070a400000| Untracked 
|  83|0x000000070a600000, 0x000000070a600000, 0x000000070a800000|  0%| F|  |TAMS 0x000000070a600000, 0x000000070a600000| Untracked 
|  84|0x000000070a800000, 0x000000070a800000, 0x000000070aa00000|  0%| F|  |TAMS 0x000000070a800000, 0x000000070a800000| Untracked 
|  85|0x000000070aa00000, 0x000000070aa00000, 0x000000070ac00000|  0%| F|  |TAMS 0x000000070aa00000, 0x000000070aa00000| Untracked 
|  86|0x000000070ac00000, 0x000000070ac00000, 0x000000070ae00000|  0%| F|  |TAMS 0x000000070ac00000, 0x000000070ac00000| Untracked 
|  87|0x000000070ae00000, 0x000000070ae00000, 0x000000070b000000|  0%| F|  |TAMS 0x000000070ae00000, 0x000000070ae00000| Untracked 
|  88|0x000000070b000000, 0x000000070b000000, 0x000000070b200000|  0%| F|  |TAMS 0x000000070b000000, 0x000000070b000000| Untracked 
|  89|0x000000070b200000, 0x000000070b200000, 0x000000070b400000|  0%| F|  |TAMS 0x000000070b200000, 0x000000070b200000| Untracked 
|  90|0x000000070b400000, 0x000000070b400000, 0x000000070b600000|  0%| F|  |TAMS 0x000000070b400000, 0x000000070b400000| Untracked 
|  91|0x000000070b600000, 0x000000070b600000, 0x000000070b800000|  0%| F|  |TAMS 0x000000070b600000, 0x000000070b600000| Untracked 
|  92|0x000000070b800000, 0x000000070b800000, 0x000000070ba00000|  0%| F|  |TAMS 0x000000070b800000, 0x000000070b800000| Untracked 
|  93|0x000000070ba00000, 0x000000070ba00000, 0x000000070bc00000|  0%| F|  |TAMS 0x000000070ba00000, 0x000000070ba00000| Untracked 
|  94|0x000000070bc00000, 0x000000070bc00000, 0x000000070be00000|  0%| F|  |TAMS 0x000000070bc00000, 0x000000070bc00000| Untracked 
|  95|0x000000070be00000, 0x000000070be00000, 0x000000070c000000|  0%| F|  |TAMS 0x000000070be00000, 0x000000070be00000| Untracked 
|  96|0x000000070c000000, 0x000000070c000000, 0x000000070c200000|  0%| F|  |TAMS 0x000000070c000000, 0x000000070c000000| Untracked 
|  97|0x000000070c200000, 0x000000070c200000, 0x000000070c400000|  0%| F|  |TAMS 0x000000070c200000, 0x000000070c200000| Untracked 
|  98|0x000000070c400000, 0x000000070c400000, 0x000000070c600000|  0%| F|  |TAMS 0x000000070c400000, 0x000000070c400000| Untracked 
|  99|0x000000070c600000, 0x000000070c600000, 0x000000070c800000|  0%| F|  |TAMS 0x000000070c600000, 0x000000070c600000| Untracked 
| 100|0x000000070c800000, 0x000000070c8eb2d0, 0x000000070ca00000| 45%| E|  |TAMS 0x000000070c800000, 0x000000070c800000| Complete 
| 101|0x000000070ca00000, 0x000000070cc00000, 0x000000070cc00000|100%| E|CS|TAMS 0x000000070ca00000, 0x000000070ca00000| Complete 
| 102|0x000000070cc00000, 0x000000070ce00000, 0x000000070ce00000|100%| E|CS|TAMS 0x000000070cc00000, 0x000000070cc00000| Complete 
| 103|0x000000070ce00000, 0x000000070d000000, 0x000000070d000000|100%| E|CS|TAMS 0x000000070ce00000, 0x000000070ce00000| Complete 
| 104|0x000000070d000000, 0x000000070d200000, 0x000000070d200000|100%| E|CS|TAMS 0x000000070d000000, 0x000000070d000000| Complete 
| 105|0x000000070d200000, 0x000000070d400000, 0x000000070d400000|100%| E|CS|TAMS 0x000000070d200000, 0x000000070d200000| Complete 
| 106|0x000000070d400000, 0x000000070d600000, 0x000000070d600000|100%| E|CS|TAMS 0x000000070d400000, 0x000000070d400000| Complete 
| 107|0x000000070d600000, 0x000000070d800000, 0x000000070d800000|100%| E|CS|TAMS 0x000000070d600000, 0x000000070d600000| Complete 
| 108|0x000000070d800000, 0x000000070da00000, 0x000000070da00000|100%| E|CS|TAMS 0x000000070d800000, 0x000000070d800000| Complete 
| 109|0x000000070da00000, 0x000000070dc00000, 0x000000070dc00000|100%| E|CS|TAMS 0x000000070da00000, 0x000000070da00000| Complete 
| 110|0x000000070dc00000, 0x000000070de00000, 0x000000070de00000|100%| E|CS|TAMS 0x000000070dc00000, 0x000000070dc00000| Complete 
| 111|0x000000070de00000, 0x000000070e000000, 0x000000070e000000|100%| E|CS|TAMS 0x000000070de00000, 0x000000070de00000| Complete 
| 112|0x000000070e000000, 0x000000070e200000, 0x000000070e200000|100%| E|CS|TAMS 0x000000070e000000, 0x000000070e000000| Complete 
| 113|0x000000070e200000, 0x000000070e400000, 0x000000070e400000|100%| E|CS|TAMS 0x000000070e200000, 0x000000070e200000| Complete 

Card table byte_map: [0x000001a92f890000,0x000001a930090000] _byte_map_base: 0x000001a92c090000

Marking Bits (Prev, Next): (CMBitMap*) 0x000001a91adccb00, (CMBitMap*) 0x000001a91adccac0
 Prev Bits: [0x000001a934890000, 0x000001a938890000)
 Next Bits: [0x000001a930890000, 0x000001a934890000)

Polling page: 0x000001a91ae20000

Metaspace:

Usage:
  Non-class:     83.98 MB used.
      Class:     13.46 MB used.
       Both:     97.44 MB used.

Virtual space:
  Non-class space:      128.00 MB reserved,      84.44 MB ( 66%) committed,  2 nodes.
      Class space:        1.00 GB reserved,      13.81 MB (  1%) committed,  1 nodes.
             Both:        1.12 GB reserved,      98.25 MB (  9%) committed. 

Chunk freelists:
   Non-Class:  11.51 MB
       Class:  2.19 MB
        Both:  13.69 MB

MaxMetaspaceSize: unlimited
CompressedClassSpaceSize: 1.00 GB
Initial GC threshold: 21.00 MB
Current GC threshold: 131.25 MB
CDS: off
MetaspaceReclaimPolicy: balanced
 - commit_granule_bytes: 65536.
 - commit_granule_words: 8192.
 - virtual_space_node_default_size: 8388608.
 - enlarge_chunks_in_place: 1.
 - new_chunks_are_fully_committed: 0.
 - uncommit_free_chunks: 1.
 - use_allocation_guard: 0.
 - handle_deallocations: 1.


Internal statistics:

num_allocs_failed_limit: 12.
num_arena_births: 1050.
num_arena_deaths: 0.
num_vsnodes_births: 3.
num_vsnodes_deaths: 0.
num_space_committed: 1572.
num_space_uncommitted: 0.
num_chunks_returned_to_freelist: 12.
num_chunks_taken_from_freelist: 4744.
num_chunk_merges: 9.
num_chunk_splits: 3157.
num_chunks_enlarged: 2117.
num_inconsistent_stats: 0.

CodeHeap 'non-profiled nmethods': size=120000Kb used=5091Kb max_used=5277Kb free=114908Kb
 bounds [0x000001a927520000, 0x000001a927a50000, 0x000001a92ea50000]
CodeHeap 'profiled nmethods': size=120000Kb used=19354Kb max_used=19730Kb free=100645Kb
 bounds [0x000001a91fa50000, 0x000001a920da0000, 0x000001a926f80000]
CodeHeap 'non-nmethods': size=5760Kb used=2405Kb max_used=2454Kb free=3354Kb
 bounds [0x000001a926f80000, 0x000001a9271f0000, 0x000001a927520000]
 total_blobs=10917 nmethods=9972 adapters=857
 compilation: enabled
              stopped_count=0, restarted_count=0
 full_count=0

Compilation events (20 events):
Event: 473.275 Thread 0x000001a93b1a0a20 nmethod 11518 0x000001a9206a3b10 code [0x000001a9206a3cc0, 0x000001a9206a4088]
Event: 473.315 Thread 0x000001a93b1a0a20 11519       1       org.gradle.internal.resource.UriTextResource::access$100 (5 bytes)
Event: 473.316 Thread 0x000001a93b1a0a20 nmethod 11519 0x000001a92773d790 code [0x000001a92773d920, 0x000001a92773d9d8]
Event: 473.320 Thread 0x000001a93b1a0a20 11520   !   3       org.gradle.internal.FileUtils::canonicalize (15 bytes)
Event: 473.321 Thread 0x000001a93b1a0a20 nmethod 11520 0x000001a9200a6710 code [0x000001a9200a68c0, 0x000001a9200a6b58]
Event: 473.325 Thread 0x000001a93b1a0a20 11521       3       java.util.WeakHashMap::containsKey (14 bytes)
Event: 473.326 Thread 0x000001a93b1a0a20 nmethod 11521 0x000001a9206a3410 code [0x000001a9206a35c0, 0x000001a9206a37e8]
Event: 473.330 Thread 0x000001a93b1a0a20 11522       1       org.gradle.api.internal.artifacts.repositories.AbstractArtifactRepository::getName (5 bytes)
Event: 473.330 Thread 0x000001a93b1a0a20 nmethod 11522 0x000001a92773d490 code [0x000001a92773d620, 0x000001a92773d6f8]
Event: 473.333 Thread 0x000001a93b1a0a20 11524       3       org.gradle.internal.instantiation.generator.DefaultInstantiatorFactory::inject (8 bytes)
Event: 473.333 Thread 0x000001a93b1a0a20 nmethod 11524 0x000001a92042a910 code [0x000001a92042aaa0, 0x000001a92042abd8]
Event: 473.333 Thread 0x000001a9427d28d0 11523       4       com.google.common.base.CharMatcher::indexIn (48 bytes)
Event: 473.347 Thread 0x000001a9427d28d0 nmethod 11523 0x000001a92773cb90 code [0x000001a92773cd20, 0x000001a92773d138]
Event: 473.347 Thread 0x000001a9427d28d0 11515   !   4       org.gradle.internal.service.DefaultServiceRegistry$ManagedObjectServiceProvider::getInstance (47 bytes)
Event: 473.352 Thread 0x000001a93b1a0a20 11525       3       java.util.Formatter$FixedString::<init> (26 bytes)
Event: 473.352 Thread 0x000001a93b1a0a20 nmethod 11525 0x000001a9202e7f10 code [0x000001a9202e80c0, 0x000001a9202e82f8]
Event: 473.352 Thread 0x000001a93b1a0a20 11526       3       java.util.Formatter$FixedString::print (26 bytes)
Event: 473.352 Thread 0x000001a93b1a0a20 nmethod 11526 0x000001a9202e7a90 code [0x000001a9202e7c40, 0x000001a9202e7e48]
Event: 473.352 Thread 0x000001a93b1a0a20 11527       3       java.lang.StringBuilder::append (8 bytes)
Event: 473.353 Thread 0x000001a93b1a0a20 nmethod 11527 0x000001a9202e7610 code [0x000001a9202e77c0, 0x000001a9202e7968]

GC Heap History (20 events):
Event: 26.116 GC heap before
{Heap before GC invocations=34 (full 0):
 garbage-first heap   total 110592K, used 80899K [0x0000000700000000, 0x0000000800000000)
  region size 2048K, 12 young (24576K), 1 survivors (2048K)
 Metaspace       used 74262K, committed 74944K, reserved 1114112K
  class space    used 10063K, committed 10368K, reserved 1048576K
}
Event: 26.131 GC heap after
{Heap after GC invocations=35 (full 0):
 garbage-first heap   total 110592K, used 67444K [0x0000000700000000, 0x0000000800000000)
  region size 2048K, 2 young (4096K), 2 survivors (4096K)
 Metaspace       used 74262K, committed 74944K, reserved 1114112K
  class space    used 10063K, committed 10368K, reserved 1048576K
}
Event: 26.525 GC heap before
{Heap before GC invocations=35 (full 0):
 garbage-first heap   total 110592K, used 81780K [0x0000000700000000, 0x0000000800000000)
  region size 2048K, 9 young (18432K), 2 survivors (4096K)
 Metaspace       used 75588K, committed 76160K, reserved 1179648K
  class space    used 10250K, committed 10496K, reserved 1048576K
}
Event: 26.532 GC heap after
{Heap after GC invocations=36 (full 0):
 garbage-first heap   total 110592K, used 68530K [0x0000000700000000, 0x0000000800000000)
  region size 2048K, 1 young (2048K), 1 survivors (2048K)
 Metaspace       used 75588K, committed 76160K, reserved 1179648K
  class space    used 10250K, committed 10496K, reserved 1048576K
}
Event: 26.930 GC heap before
{Heap before GC invocations=37 (full 0):
 garbage-first heap   total 126976K, used 84914K [0x0000000700000000, 0x0000000800000000)
  region size 2048K, 9 young (18432K), 1 survivors (2048K)
 Metaspace       used 76752K, committed 77312K, reserved 1179648K
  class space    used 10394K, committed 10688K, reserved 1048576K
}
Event: 26.936 GC heap after
{Heap after GC invocations=38 (full 0):
 garbage-first heap   total 126976K, used 69590K [0x0000000700000000, 0x0000000800000000)
  region size 2048K, 2 young (4096K), 2 survivors (4096K)
 Metaspace       used 76752K, committed 77312K, reserved 1179648K
  class space    used 10394K, committed 10688K, reserved 1048576K
}
Event: 26.967 GC heap before
{Heap before GC invocations=38 (full 0):
 garbage-first heap   total 126976K, used 71638K [0x0000000700000000, 0x0000000800000000)
  region size 2048K, 3 young (6144K), 2 survivors (4096K)
 Metaspace       used 76835K, committed 77440K, reserved 1179648K
  class space    used 10408K, committed 10688K, reserved 1048576K
}
Event: 26.971 GC heap after
{Heap after GC invocations=39 (full 0):
 garbage-first heap   total 126976K, used 68119K [0x0000000700000000, 0x0000000800000000)
  region size 2048K, 1 young (2048K), 1 survivors (2048K)
 Metaspace       used 76835K, committed 77440K, reserved 1179648K
  class space    used 10408K, committed 10688K, reserved 1048576K
}
Event: 27.691 GC heap before
{Heap before GC invocations=39 (full 0):
 garbage-first heap   total 126976K, used 96791K [0x0000000700000000, 0x0000000800000000)
  region size 2048K, 15 young (30720K), 1 survivors (2048K)
 Metaspace       used 79582K, committed 80128K, reserved 1179648K
  class space    used 10747K, committed 11008K, reserved 1048576K
}
Event: 27.697 GC heap after
{Heap after GC invocations=40 (full 0):
 garbage-first heap   total 194560K, used 68956K [0x0000000700000000, 0x0000000800000000)
  region size 2048K, 1 young (2048K), 1 survivors (2048K)
 Metaspace       used 79582K, committed 80128K, reserved 1179648K
  class space    used 10747K, committed 11008K, reserved 1048576K
}
Event: 29.199 GC heap before
{Heap before GC invocations=41 (full 0):
 garbage-first heap   total 194560K, used 144732K [0x0000000700000000, 0x0000000800000000)
  region size 2048K, 38 young (77824K), 1 survivors (2048K)
 Metaspace       used 82104K, committed 82752K, reserved 1179648K
  class space    used 11085K, committed 11392K, reserved 1048576K
}
Event: 29.213 GC heap after
{Heap after GC invocations=42 (full 0):
 garbage-first heap   total 194560K, used 74535K [0x0000000700000000, 0x0000000800000000)
  region size 2048K, 4 young (8192K), 4 survivors (8192K)
 Metaspace       used 82104K, committed 82752K, reserved 1179648K
  class space    used 11085K, committed 11392K, reserved 1048576K
}
Event: 30.383 GC heap before
{Heap before GC invocations=42 (full 0):
 garbage-first heap   total 194560K, used 146215K [0x0000000700000000, 0x0000000800000000)
  region size 2048K, 39 young (79872K), 4 survivors (8192K)
 Metaspace       used 85044K, committed 85632K, reserved 1179648K
  class space    used 11520K, committed 11776K, reserved 1048576K
}
Event: 30.401 GC heap after
{Heap after GC invocations=43 (full 0):
 garbage-first heap   total 194560K, used 79501K [0x0000000700000000, 0x0000000800000000)
  region size 2048K, 3 young (6144K), 3 survivors (6144K)
 Metaspace       used 85044K, committed 85632K, reserved 1179648K
  class space    used 11520K, committed 11776K, reserved 1048576K
}
Event: 31.974 GC heap before
{Heap before GC invocations=43 (full 0):
 garbage-first heap   total 194560K, used 149133K [0x0000000700000000, 0x0000000800000000)
  region size 2048K, 37 young (75776K), 3 survivors (6144K)
 Metaspace       used 90296K, committed 90944K, reserved 1179648K
  class space    used 12426K, committed 12736K, reserved 1048576K
}
Event: 31.991 GC heap after
{Heap after GC invocations=44 (full 0):
 garbage-first heap   total 194560K, used 85321K [0x0000000700000000, 0x0000000800000000)
  region size 2048K, 5 young (10240K), 5 survivors (10240K)
 Metaspace       used 90296K, committed 90944K, reserved 1179648K
  class space    used 12426K, committed 12736K, reserved 1048576K
}
Event: 33.734 GC heap before
{Heap before GC invocations=44 (full 0):
 garbage-first heap   total 194560K, used 152905K [0x0000000700000000, 0x0000000800000000)
  region size 2048K, 38 young (77824K), 5 survivors (10240K)
 Metaspace       used 96985K, committed 97728K, reserved 1179648K
  class space    used 13396K, committed 13696K, reserved 1048576K
}
Event: 33.760 GC heap after
{Heap after GC invocations=45 (full 0):
 garbage-first heap   total 194560K, used 91908K [0x0000000700000000, 0x0000000800000000)
  region size 2048K, 4 young (8192K), 4 survivors (8192K)
 Metaspace       used 96985K, committed 97728K, reserved 1179648K
  class space    used 13396K, committed 13696K, reserved 1048576K
}
Event: 41.040 GC heap before
{Heap before GC invocations=45 (full 0):
 garbage-first heap   total 194560K, used 151300K [0x0000000700000000, 0x0000000800000000)
  region size 2048K, 34 young (69632K), 4 survivors (8192K)
 Metaspace       used 98834K, committed 99584K, reserved 1179648K
  class space    used 13672K, committed 14016K, reserved 1048576K
}
Event: 41.060 GC heap after
{Heap after GC invocations=46 (full 0):
 garbage-first heap   total 233472K, used 95938K [0x0000000700000000, 0x0000000800000000)
  region size 2048K, 3 young (6144K), 3 survivors (6144K)
 Metaspace       used 98834K, committed 99584K, reserved 1179648K
  class space    used 13672K, committed 14016K, reserved 1048576K
}

Dll operation events (2 events):
Event: 0.016 Loaded shared library C:\Program Files\Android\Android Studio\jbr\bin\java.dll
Event: 0.980 Loaded shared library C:\Program Files\Android\Android Studio\jbr\bin\verify.dll

Deoptimization events (20 events):
Event: 44.804 Thread 0x000001a9413ee500 Uncommon trap: trap_request=0xffffff45 fr.pc=0x000001a9278e079c relative=0x00000000000006dc
Event: 44.804 Thread 0x000001a9413ee500 Uncommon trap: reason=unstable_if action=reinterpret pc=0x000001a9278e079c method=java.lang.AbstractStringBuilder.append(Ljava/lang/String;)Ljava/lang/AbstractStringBuilder; @ 1 c2
Event: 44.804 Thread 0x000001a9413ee500 DEOPT PACKING pc=0x000001a9278e079c sp=0x00000049d24fe730
Event: 44.804 Thread 0x000001a9413ee500 DEOPT UNPACKING pc=0x000001a926fd69a3 sp=0x00000049d24fe718 mode 2
Event: 473.005 Thread 0x000001a94119d7a0 Uncommon trap: trap_request=0xffffff45 fr.pc=0x000001a9276a0754 relative=0x0000000000000914
Event: 473.005 Thread 0x000001a94119d7a0 Uncommon trap: reason=unstable_if action=reinterpret pc=0x000001a9276a0754 method=java.lang.Integer.stringSize(I)I @ 19 c2
Event: 473.005 Thread 0x000001a94119d7a0 DEOPT PACKING pc=0x000001a9276a0754 sp=0x00000049d1ffe770
Event: 473.005 Thread 0x000001a94119d7a0 DEOPT UNPACKING pc=0x000001a926fd69a3 sp=0x00000049d1ffe670 mode 2
Event: 473.117 Thread 0x000001a94532fcc0 Uncommon trap: trap_request=0xffffff45 fr.pc=0x000001a92784c5ac relative=0x00000000000001ec
Event: 473.117 Thread 0x000001a94532fcc0 Uncommon trap: reason=unstable_if action=reinterpret pc=0x000001a92784c5ac method=com.esotericsoftware.kryo.io.Input.readVarInt(Z)I @ 42 c2
Event: 473.117 Thread 0x000001a94532fcc0 DEOPT PACKING pc=0x000001a92784c5ac sp=0x00000049d0afe930
Event: 473.117 Thread 0x000001a94532fcc0 DEOPT UNPACKING pc=0x000001a926fd69a3 sp=0x00000049d0afe8d8 mode 2
Event: 473.231 Thread 0x000001a9453306e0 Uncommon trap: trap_request=0xffffffbe fr.pc=0x000001a9278b58d4 relative=0x0000000000000674
Event: 473.231 Thread 0x000001a9453306e0 Uncommon trap: reason=profile_predicate action=maybe_recompile pc=0x000001a9278b58d4 method=java.util.stream.ReferencePipeline$7$1.accept(Ljava/lang/Object;)V @ 73 c2
Event: 473.231 Thread 0x000001a9453306e0 DEOPT PACKING pc=0x000001a9278b58d4 sp=0x00000049d25faf70
Event: 473.231 Thread 0x000001a9453306e0 DEOPT UNPACKING pc=0x000001a926fd69a3 sp=0x00000049d25faf28 mode 2
Event: 473.231 Thread 0x000001a9453306e0 Uncommon trap: trap_request=0xffffffbe fr.pc=0x000001a9278b58d4 relative=0x0000000000000674
Event: 473.231 Thread 0x000001a9453306e0 Uncommon trap: reason=profile_predicate action=maybe_recompile pc=0x000001a9278b58d4 method=java.util.stream.ReferencePipeline$7$1.accept(Ljava/lang/Object;)V @ 73 c2
Event: 473.231 Thread 0x000001a9453306e0 DEOPT PACKING pc=0x000001a9278b58d4 sp=0x00000049d25faf70
Event: 473.231 Thread 0x000001a9453306e0 DEOPT UNPACKING pc=0x000001a926fd69a3 sp=0x00000049d25faf28 mode 2

Classes unloaded (0 events):
No events

Classes redefined (0 events):
No events

Internal exceptions (20 events):
Event: 38.276 Thread 0x000001a943164d50 Exception <a 'java/lang/ClassNotFoundException'{0x0000000708bd8048}: org/gradle/process/internal/DefaultExecActionCustomizer> (0x0000000708bd8048) 
thrown [s\src\hotspot\share\classfile\systemDictionary.cpp, line 256]
Event: 38.278 Thread 0x000001a943164d50 Exception <a 'java/lang/ClassNotFoundException'{0x0000000708bf2960}: org/gradle/process/internal/DefaultExecAction_DecoratedCustomizer> (0x0000000708bf2960) 
thrown [s\src\hotspot\share\classfile\systemDictionary.cpp, line 256]
Event: 38.283 Thread 0x000001a943164d50 Exception <a 'java/lang/ClassNotFoundException'{0x000000070882adf0}: org/gradle/api/logging/LogLevelBeanInfo> (0x000000070882adf0) 
thrown [s\src\hotspot\share\classfile\systemDictionary.cpp, line 256]
Event: 38.284 Thread 0x000001a943164d50 Exception <a 'java/lang/ClassNotFoundException'{0x000000070883ab50}: org/gradle/api/logging/LogLevelCustomizer> (0x000000070883ab50) 
thrown [s\src\hotspot\share\classfile\systemDictionary.cpp, line 256]
Event: 38.290 Thread 0x000001a943164d50 Exception <a 'java/lang/ClassNotFoundException'{0x000000070887f2e8}: org/gradle/internal/logging/services/DefaultLoggingManagerBeanInfo> (0x000000070887f2e8) 
thrown [s\src\hotspot\share\classfile\systemDictionary.cpp, line 256]
Event: 38.291 Thread 0x000001a943164d50 Exception <a 'java/lang/ClassNotFoundException'{0x000000070888fbf0}: org/gradle/internal/logging/services/DefaultLoggingManagerCustomizer> (0x000000070888fbf0) 
thrown [s\src\hotspot\share\classfile\systemDictionary.cpp, line 256]
Event: 38.297 Thread 0x000001a943164d50 Exception <a 'java/lang/ClassNotFoundException'{0x00000007088c0948}: java/lang/BooleanBeanInfo> (0x00000007088c0948) 
thrown [s\src\hotspot\share\classfile\systemDictionary.cpp, line 256]
Event: 38.297 Thread 0x000001a943164d50 Exception <a 'java/lang/ClassNotFoundException'{0x00000007088c68b8}: java/lang/BooleanCustomizer> (0x00000007088c68b8) 
thrown [s\src\hotspot\share\classfile\systemDictionary.cpp, line 256]
Event: 38.365 Thread 0x000001a94532e370 Exception <a 'java/lang/NoSuchMethodError'{0x00000007089287e0}: 'void java.lang.invoke.DirectMethodHandle$Holder.invokeStatic(java.lang.Object, long)'> (0x00000007089287e0) 
thrown [s\src\hotspot\share\interpreter\linkResolver.cpp, line 771]
Event: 38.367 Thread 0x000001a94532e370 Exception <a 'java/lang/NoSuchMethodError'{0x000000070892db48}: 'java.lang.Object java.lang.invoke.DirectMethodHandle$Holder.newInvokeSpecial(java.lang.Object, long)'> (0x000000070892db48) 
thrown [s\src\hotspot\share\interpreter\linkResolver.cpp, line 771]
Event: 38.372 Thread 0x000001a94532e370 Exception <a 'java/lang/NoSuchMethodError'{0x0000000708934560}: 'java.lang.Object java.lang.invoke.DirectMethodHandle$Holder.invokeStatic(java.lang.Object, java.lang.Object, long, java.lang.Object)'> (0x0000000708934560) 
thrown [s\src\hotspot\share\interpreter\linkResolver.cpp, line 771]
Event: 38.372 Thread 0x000001a94532e370 Exception <a 'java/lang/NoSuchMethodError'{0x0000000708937d38}: 'java.lang.Object java.lang.invoke.DirectMethodHandle$Holder.invokeStaticInit(java.lang.Object, java.lang.Object, long, java.lang.Object)'> (0x0000000708937d38) 
thrown [s\src\hotspot\share\interpreter\linkResolver.cpp, line 771]
Event: 40.732 Thread 0x000001a943164d50 Exception <a 'java/lang/reflect/InvocationTargetException'{0x00000007089e9ea8}> (0x00000007089e9ea8) 
thrown [s\src\hotspot\share\runtime\reflection.cpp, line 1127]
Event: 41.383 Thread 0x000001a94125a3e0 Exception <a 'java/lang/NoSuchMethodError'{0x000000070db352b0}: static Lorg/gradle/tooling/internal/provider/serialization/ClassLoaderDetails;.<clinit>()V> (0x000000070db352b0) 
thrown [s\src\hotspot\share\prims\jni.cpp, line 1108]
Event: 41.386 Thread 0x000001a94125a3e0 Exception <a 'java/lang/NoSuchMethodError'{0x000000070db46df0}: static Lorg/gradle/tooling/internal/provider/serialization/WellKnownClassLoaderRegistry$KnownClassLoaderSpec;.<clinit>()V> (0x000000070db46df0) 
thrown [s\src\hotspot\share\prims\jni.cpp, line 1108]
Event: 41.387 Thread 0x000001a94125a3e0 Exception <a 'java/lang/NoSuchMethodError'{0x000000070db48468}: static Lorg/gradle/internal/classloader/ClassLoaderSpec;.<clinit>()V> (0x000000070db48468) 
thrown [s\src\hotspot\share\prims\jni.cpp, line 1108]
Event: 41.389 Thread 0x000001a94125a3e0 Exception <a 'java/lang/NoSuchMethodError'{0x000000070db5a0d8}: static Lorg/gradle/internal/classloader/ClassLoaderSpec;.<clinit>()V> (0x000000070db5a0d8) 
thrown [s\src\hotspot\share\prims\jni.cpp, line 1108]
Event: 41.390 Thread 0x000001a94125a3e0 Exception <a 'java/lang/NoSuchMethodError'{0x000000070db65c00}: static Lorg/gradle/internal/classloader/VisitableURLClassLoader$Spec;.<clinit>()V> (0x000000070db65c00) 
thrown [s\src\hotspot\share\prims\jni.cpp, line 1108]
Event: 44.803 Thread 0x000001a9413ee500 Implicit null exception at 0x000001a927905af5 to 0x000001a927906184
Event: 44.804 Thread 0x000001a9413ee500 Implicit null exception at 0x000001a9278e00f2 to 0x000001a9278e0788

VM Operations (20 events):
Event: 245.184 Executing VM operation: Cleanup
Event: 245.184 Executing VM operation: Cleanup done
Event: 263.287 Executing VM operation: Cleanup
Event: 263.287 Executing VM operation: Cleanup done
Event: 305.561 Executing VM operation: Cleanup
Event: 305.561 Executing VM operation: Cleanup done
Event: 325.707 Executing VM operation: Cleanup
Event: 325.707 Executing VM operation: Cleanup done
Event: 360.964 Executing VM operation: Cleanup
Event: 360.964 Executing VM operation: Cleanup done
Event: 386.160 Executing VM operation: Cleanup
Event: 386.160 Executing VM operation: Cleanup done
Event: 422.407 Executing VM operation: Cleanup
Event: 422.407 Executing VM operation: Cleanup done
Event: 445.529 Executing VM operation: Cleanup
Event: 445.529 Executing VM operation: Cleanup done
Event: 460.649 Executing VM operation: Cleanup
Event: 460.650 Executing VM operation: Cleanup done
Event: 465.689 Executing VM operation: Cleanup
Event: 465.689 Executing VM operation: Cleanup done

Events (20 events):
Event: 41.396 Thread 0x000001a941258fa0 Thread exited: 0x000001a941258fa0
Event: 41.474 Thread 0x000001a9412599c0 Thread exited: 0x000001a9412599c0
Event: 100.726 Thread 0x000001a94532e880 Thread exited: 0x000001a94532e880
Event: 100.726 Thread 0x000001a945332540 Thread exited: 0x000001a945332540
Event: 100.742 Thread 0x000001a94532e370 Thread exited: 0x000001a94532e370
Event: 100.804 Thread 0x000001a943c47520 Thread exited: 0x000001a943c47520
Event: 101.360 Thread 0x000001a941259ed0 Thread exited: 0x000001a941259ed0
Event: 101.484 Thread 0x000001a94125a3e0 Thread exited: 0x000001a94125a3e0
Event: 473.010 Thread 0x000001a94532de60 Thread added: 0x000001a94532de60
Event: 473.011 Thread 0x000001a94532fcc0 Thread added: 0x000001a94532fcc0
Event: 473.120 Thread 0x000001a945332a50 Thread added: 0x000001a945332a50
Event: 473.129 Thread 0x000001a9453306e0 Thread added: 0x000001a9453306e0
Event: 473.138 Thread 0x000001a94532d440 Thread added: 0x000001a94532d440
Event: 473.140 Thread 0x000001a945333470 Thread added: 0x000001a945333470
Event: 473.141 Thread 0x000001a945334dc0 Thread added: 0x000001a945334dc0
Event: 473.250 Thread 0x000001a94532d950 Thread added: 0x000001a94532d950
Event: 473.253 Thread 0x000001a9453301d0 Thread added: 0x000001a9453301d0
Event: 473.258 Thread 0x000001a945333e90 Thread added: 0x000001a945333e90
Event: 473.263 Thread 0x000001a945332f60 Thread added: 0x000001a945332f60
Event: 473.333 Thread 0x000001a9427d28d0 Thread added: 0x000001a9427d28d0


Dynamic libraries:
0x00007ff6460f0000 - 0x00007ff6460fa000 	C:\Program Files\Android\Android Studio\jbr\bin\java.exe
0x00007ff8c52f0000 - 0x00007ff8c54e8000 	C:\Windows\SYSTEM32\ntdll.dll
0x00007ff8c49f0000 - 0x00007ff8c4ab1000 	C:\Windows\System32\KERNEL32.DLL
0x00007ff8c2ef0000 - 0x00007ff8c31ed000 	C:\Windows\System32\KERNELBASE.dll
0x00007ff8c2c30000 - 0x00007ff8c2d30000 	C:\Windows\System32\ucrtbase.dll
0x00007ff8bc130000 - 0x00007ff8bc14b000 	C:\Program Files\Android\Android Studio\jbr\bin\VCRUNTIME140.dll
0x00007ff8bf500000 - 0x00007ff8bf517000 	C:\Program Files\Android\Android Studio\jbr\bin\jli.dll
0x00007ff8c47b0000 - 0x00007ff8c494d000 	C:\Windows\System32\USER32.dll
0x00007ff8aad70000 - 0x00007ff8ab00a000 	C:\Windows\WinSxS\amd64_microsoft.windows.common-controls_6595b64144ccf1df_6.0.19041.4355_none_60b8b9eb71f62e16\COMCTL32.dll
0x00007ff8c29a0000 - 0x00007ff8c29c2000 	C:\Windows\System32\win32u.dll
0x00007ff8c4950000 - 0x00007ff8c49ee000 	C:\Windows\System32\msvcrt.dll
0x00007ff8c4b30000 - 0x00007ff8c4b5b000 	C:\Windows\System32\GDI32.dll
0x00007ff8c2d30000 - 0x00007ff8c2e47000 	C:\Windows\System32\gdi32full.dll
0x00007ff8c3280000 - 0x00007ff8c331d000 	C:\Windows\System32\msvcp_win.dll
0x00007ff8c4bc0000 - 0x00007ff8c4bef000 	C:\Windows\System32\IMM32.DLL
0x00007ff8bc310000 - 0x00007ff8bc31c000 	C:\Program Files\Android\Android Studio\jbr\bin\vcruntime140_1.dll
0x00007ff8a9d80000 - 0x00007ff8a9e0d000 	C:\Program Files\Android\Android Studio\jbr\bin\msvcp140.dll
0x00007ff874bb0000 - 0x00007ff875833000 	C:\Program Files\Android\Android Studio\jbr\bin\server\jvm.dll
0x00007ff8c3320000 - 0x00007ff8c33d0000 	C:\Windows\System32\ADVAPI32.dll
0x00007ff8c3be0000 - 0x00007ff8c3c80000 	C:\Windows\System32\sechost.dll
0x00007ff8c4bf0000 - 0x00007ff8c4d13000 	C:\Windows\System32\RPCRT4.dll
0x00007ff8c2ec0000 - 0x00007ff8c2ee7000 	C:\Windows\System32\bcrypt.dll
0x00007ff8c27f0000 - 0x00007ff8c283b000 	C:\Windows\SYSTEM32\POWRPROF.dll
0x00007ff8bf550000 - 0x00007ff8bf559000 	C:\Windows\SYSTEM32\WSOCK32.dll
0x00007ff8c4ac0000 - 0x00007ff8c4b2b000 	C:\Windows\System32\WS2_32.dll
0x00007ff8b2c10000 - 0x00007ff8b2c1a000 	C:\Windows\SYSTEM32\VERSION.dll
0x00007ff8b2dc0000 - 0x00007ff8b2de7000 	C:\Windows\SYSTEM32\WINMM.dll
0x00007ff8c27d0000 - 0x00007ff8c27e2000 	C:\Windows\SYSTEM32\UMPDC.dll
0x00007ff8c0820000 - 0x00007ff8c0832000 	C:\Windows\SYSTEM32\kernel.appcore.dll
0x00007ff8bc120000 - 0x00007ff8bc12a000 	C:\Program Files\Android\Android Studio\jbr\bin\jimage.dll
0x00007ff8a78b0000 - 0x00007ff8a7a94000 	C:\Windows\SYSTEM32\DBGHELP.DLL
0x00007ff8a8e70000 - 0x00007ff8a8ea4000 	C:\Windows\SYSTEM32\dbgcore.DLL
0x00007ff8c31f0000 - 0x00007ff8c3272000 	C:\Windows\System32\bcryptPrimitives.dll
0x00007ff8bbee0000 - 0x00007ff8bbf05000 	C:\Program Files\Android\Android Studio\jbr\bin\java.dll
0x00007ff8bb5e0000 - 0x00007ff8bb5f8000 	C:\Program Files\Android\Android Studio\jbr\bin\zip.dll
0x00007ff8c3ce0000 - 0x00007ff8c444f000 	C:\Windows\System32\SHELL32.dll
0x00007ff8c0a20000 - 0x00007ff8c11bf000 	C:\Windows\SYSTEM32\windows.storage.dll
0x00007ff8c4450000 - 0x00007ff8c47a3000 	C:\Windows\System32\combase.dll
0x00007ff8c22f0000 - 0x00007ff8c231e000 	C:\Windows\SYSTEM32\Wldp.dll
0x00007ff8c3920000 - 0x00007ff8c39ed000 	C:\Windows\System32\OLEAUT32.dll
0x00007ff8c3b30000 - 0x00007ff8c3bdd000 	C:\Windows\System32\SHCORE.dll
0x00007ff8c33d0000 - 0x00007ff8c3425000 	C:\Windows\System32\shlwapi.dll
0x00007ff8c28d0000 - 0x00007ff8c28f4000 	C:\Windows\SYSTEM32\profapi.dll
0x00007ff8bb5c0000 - 0x00007ff8bb5d9000 	C:\Program Files\Android\Android Studio\jbr\bin\net.dll
0x00007ff8bad10000 - 0x00007ff8bae1d000 	C:\Windows\SYSTEM32\WINHTTP.dll
0x00007ff8c2050000 - 0x00007ff8c20ba000 	C:\Windows\system32\mswsock.dll
0x00007ff8bb5a0000 - 0x00007ff8bb5b6000 	C:\Program Files\Android\Android Studio\jbr\bin\nio.dll
0x00007ff8bc110000 - 0x00007ff8bc120000 	C:\Program Files\Android\Android Studio\jbr\bin\verify.dll
0x00007ff8abdc0000 - 0x00007ff8abde7000 	C:\Users\maged\.gradle\native\c067742578af261105cb4f569cf0c3c89f3d7b1fecec35dd04571415982c5e48\windows-amd64\native-platform.dll
0x00007ff8a9c30000 - 0x00007ff8a9d74000 	C:\Users\maged\.gradle\native\38dada09dfb8b06ba9b0570ebf7e218e3eb74d4ef43ca46872605cf95ebc2f47\windows-amd64\native-platform-file-events.dll
0x00007ff8bbed0000 - 0x00007ff8bbed9000 	C:\Program Files\Android\Android Studio\jbr\bin\management.dll
0x00007ff8bb590000 - 0x00007ff8bb59b000 	C:\Program Files\Android\Android Studio\jbr\bin\management_ext.dll
0x00007ff8c3b20000 - 0x00007ff8c3b28000 	C:\Windows\System32\PSAPI.DLL
0x00007ff8c2250000 - 0x00007ff8c2268000 	C:\Windows\SYSTEM32\CRYPTSP.dll
0x00007ff8c1970000 - 0x00007ff8c19a4000 	C:\Windows\system32\rsaenh.dll
0x00007ff8c2840000 - 0x00007ff8c286e000 	C:\Windows\SYSTEM32\USERENV.dll
0x00007ff8c2240000 - 0x00007ff8c224c000 	C:\Windows\SYSTEM32\CRYPTBASE.dll
0x00007ff8c1d30000 - 0x00007ff8c1d6b000 	C:\Windows\SYSTEM32\IPHLPAPI.DLL
0x00007ff8c3a00000 - 0x00007ff8c3a08000 	C:\Windows\System32\NSI.dll
0x00007ff8bb600000 - 0x00007ff8bb617000 	C:\Windows\SYSTEM32\dhcpcsvc6.DLL
0x00007ff8bb8c0000 - 0x00007ff8bb8dd000 	C:\Windows\SYSTEM32\dhcpcsvc.DLL
0x00007ff8c1d70000 - 0x00007ff8c1e3a000 	C:\Windows\SYSTEM32\DNSAPI.dll
0x00007ff8bad00000 - 0x00007ff8bad09000 	C:\Program Files\Android\Android Studio\jbr\bin\extnet.dll
0x00007ff8bbd70000 - 0x00007ff8bbd77000 	C:\Windows\system32\wshunix.dll

dbghelp: loaded successfully - version: 4.0.5 - missing functions: none
symbol engine: initialized successfully - sym options: 0x614 - pdb path: .;C:\Program Files\Android\Android Studio\jbr\bin;C:\Windows\SYSTEM32;C:\Windows\WinSxS\amd64_microsoft.windows.common-controls_6595b64144ccf1df_6.0.19041.4355_none_60b8b9eb71f62e16;C:\Program Files\Android\Android Studio\jbr\bin\server;C:\Users\maged\.gradle\native\c067742578af261105cb4f569cf0c3c89f3d7b1fecec35dd04571415982c5e48\windows-amd64;C:\Users\maged\.gradle\native\38dada09dfb8b06ba9b0570ebf7e218e3eb74d4ef43ca46872605cf95ebc2f47\windows-amd64

VM Arguments:
jvm_args: -XX:+HeapDumpOnOutOfMemoryError --add-opens=java.base/java.util=ALL-UNNAMED --add-opens=java.base/java.lang=ALL-UNNAMED --add-opens=java.base/java.lang.invoke=ALL-UNNAMED --add-opens=java.prefs/java.util.prefs=ALL-UNNAMED --add-opens=java.base/java.nio.charset=ALL-UNNAMED --add-opens=java.base/java.net=ALL-UNNAMED --add-opens=java.base/java.util.concurrent.atomic=ALL-UNNAMED -Xmx4G -Dfile.encoding=windows-1252 -Duser.country=US -Duser.language=en -Duser.variant 
java_command: org.gradle.launcher.daemon.bootstrap.GradleDaemon 7.6.3
java_class_path (initial): C:\Users\maged\.gradle\wrapper\dists\gradle-7.6.3-all\aocdy2d2z8kodnny3rsumj8i8\gradle-7.6.3\lib\gradle-launcher-7.6.3.jar
Launcher Type: SUN_STANDARD

[Global flags]
     intx CICompilerCount                          = 3                                         {product} {ergonomic}
     uint ConcGCThreads                            = 1                                         {product} {ergonomic}
     uint G1ConcRefinementThreads                  = 4                                         {product} {ergonomic}
   size_t G1HeapRegionSize                         = 2097152                                   {product} {ergonomic}
    uintx GCDrainStackTargetSize                   = 64                                        {product} {ergonomic}
     bool HeapDumpOnOutOfMemoryError               = true                                   {manageable} {command line}
   size_t InitialHeapSize                          = 100663296                                 {product} {ergonomic}
   size_t MarkStackSize                            = 4194304                                   {product} {ergonomic}
   size_t MaxHeapSize                              = 4294967296                                {product} {command line}
   size_t MaxNewSize                               = 2575302656                                {product} {ergonomic}
   size_t MinHeapDeltaBytes                        = 2097152                                   {product} {ergonomic}
   size_t MinHeapSize                              = 8388608                                   {product} {ergonomic}
    uintx NonNMethodCodeHeapSize                   = 5832780                                {pd product} {ergonomic}
    uintx NonProfiledCodeHeapSize                  = 122912730                              {pd product} {ergonomic}
    uintx ProfiledCodeHeapSize                     = 122912730                              {pd product} {ergonomic}
    uintx ReservedCodeCacheSize                    = 251658240                              {pd product} {ergonomic}
     bool SegmentedCodeCache                       = true                                      {product} {ergonomic}
   size_t SoftMaxHeapSize                          = 4294967296                             {manageable} {ergonomic}
     bool UseCompressedClassPointers               = true                           {product lp64_product} {ergonomic}
     bool UseCompressedOops                        = true                           {product lp64_product} {ergonomic}
     bool UseG1GC                                  = true                                      {product} {ergonomic}
     bool UseLargePagesIndividualAllocation        = false                                  {pd product} {ergonomic}

Logging:
Log output configuration:
 #0: stdout all=warning uptime,level,tags
 #1: stderr all=off uptime,level,tags

Environment Variables:
JAVA_HOME=C:\Program Files\Android\Android Studio\jbr
CLASSPATH=D:\flutterApps\training\UIS_Personal-main\android\\gradle\wrapper\gradle-wrapper.jar
PATH=C:\Program Files\Android\Android Studio\jbr\bin;C:\Program Files\Common Files\Oracle\Java\javapath;C:\Windows\system32;C:\Windows;C:\Windows\System32\Wbem;C:\Windows\System32\WindowsPowerShell\v1.0\;C:\Windows\System32\OpenSSH\;C:\Program Files\Git\cmd;C:\Program Files\nodejs\;C:\Users\maged\AppData\Local\Microsoft\WindowsApps;C:\src\flutter\bin;C:\src\flutter\bin;C:\Users\maged\AppData\Local\GitHubDesktop\bin;C:\Users\maged\AppData\Local\Pub\Cache\bin;C:\Users\maged\AppData\Roaming\npm;C:\Users\maged\AppData\Local\Programs\Microsoft VS Code\bin;C:\src\flutter\bin\mingit\cmd;C:\src\flutter\bin\mingit\cmd
USERNAME=maged
OS=Windows_NT
PROCESSOR_IDENTIFIER=Intel64 Family 6 Model 42 Stepping 7, GenuineIntel
TMP=C:\Users\maged\AppData\Local\Temp
TEMP=C:\Users\maged\AppData\Local\Temp



Periodic native trim disabled

JNI global refs:
JNI global refs: 26, weak refs: 1

JNI global refs memory usage: 843, weak refs: 841

OOME stack traces (most recent first):
Classloader memory used:
Loader org.gradle.internal.classloader.VisitableURLClassLoader                         : 4998K
Loader bootstrap                                                                       : 3061K
Loader org.gradle.internal.classloader.VisitableURLClassLoader                         : 2926K
Loader org.gradle.initialization.MixInLegacyTypesClassLoader                           : 1275K
Loader jdk.internal.reflect.DelegatingClassLoader                                      : 73986B
Loader jdk.internal.loader.ClassLoaders$PlatformClassLoader                            : 66095B
Loader org.codehaus.groovy.runtime.callsite.CallSiteClassLoader                        : 26233B
Loader jdk.internal.loader.ClassLoaders$AppClassLoader                                 : 26016B
Loader org.gradle.groovy.scripts.internal.DefaultScriptCompilationHandler$ScriptClassLoader: 22805B
Loader sun.reflect.misc.MethodUtil                                                     : 373B


[error occurred during error reporting (Classloader stats), id 0xe0000001, Out of Memory Error (s\src\hotspot\share\memory\arena.cpp:79)]


---------------  S Y S T E M  ---------------

OS:
 Windows 10 , 64 bit Build 19041 (10.0.19041.4717)
OS uptime: 0 days 1:47 hours

CPU: total 4 (initial active 4) (2 cores per cpu, 2 threads per core) family 6 model 42 stepping 7 microcode 0x2f, cx8, cmov, fxsr, ht, mmx, sse, sse2, sse3, ssse3, sse4.1, sse4.2, popcnt, tsc, tscinvbit, avx, aes, clmul, vzeroupper, clflush
Processor Information for all 4 processors :
  Max Mhz: 2301, Current Mhz: 2301, Mhz Limit: 2301

Memory: 4k page, system-wide physical 6051M (1000M free)
TotalPageFile size 8099M (AvailPageFile size 0M)
current process WorkingSet (physical memory assigned to process): 254M, peak: 442M
current process commit charge ("private bytes"): 501M, peak: 509M

vm_info: OpenJDK 64-Bit Server VM (17.0.10+0--11572160) for windows-amd64 JRE (17.0.10+0--11572160), built on Mar 13 2024 23:56:38 by "androidbuild" with MS VC++ 16.10 / 16.11 (VS2019)

END.
