#
# There is insufficient memory for the Java Runtime Environment to continue.
# Native memory allocation (malloc) failed to allocate 32744 bytes for ChunkPool::allocate
# Possible reasons:
#   The system is out of physical RAM or swap space
#   The process is running with CompressedOops enabled, and the Java Heap may be blocking the growth of the native heap
# Possible solutions:
#   Reduce memory load on the system
#   Increase physical memory or swap space
#   Check if swap backing store is full
#   Decrease Java heap size (-Xmx/-Xms)
#   Decrease number of Java threads
#   Decrease Java thread stack sizes (-Xss)
#   Set larger code cache with -XX:ReservedCodeCacheSize=
#   JVM is running with Zero Based Compressed Oops mode in which the Java heap is
#     placed in the first 32GB address space. The Java Heap base address is the
#     maximum limit for the native heap growth. Please use -XX:HeapBaseMinAddress
#     to set the Java Heap base and to place the Java Heap above 32GB virtual address.
# This output file may be truncated or incomplete.
#
#  Out of Memory Error (arena.cpp:79), pid=9940, tid=2136
#
# JRE version: OpenJDK Runtime Environment (17.0.10) (build 17.0.10+0--11572160)
# Java VM: OpenJDK 64-Bit Server VM (17.0.10+0--11572160, mixed mode, tiered, compressed oops, compressed class ptrs, g1 gc, windows-amd64)
# No core dump will be written. Minidumps are not enabled by default on client versions of Windows
#

---------------  S U M M A R Y ------------

Command Line: -XX:+HeapDumpOnOutOfMemoryError --add-opens=java.base/java.util=ALL-UNNAMED --add-opens=java.base/java.lang=ALL-UNNAMED --add-opens=java.base/java.lang.invoke=ALL-UNNAMED --add-opens=java.prefs/java.util.prefs=ALL-UNNAMED --add-opens=java.base/java.nio.charset=ALL-UNNAMED --add-opens=java.base/java.net=ALL-UNNAMED --add-opens=java.base/java.util.concurrent.atomic=ALL-UNNAMED -Xmx4G -Dfile.encoding=windows-1252 -Duser.country=US -Duser.language=en -Duser.variant org.gradle.launcher.daemon.bootstrap.GradleDaemon 7.6.3

Host: Intel(R) Core(TM) i5-2410M CPU @ 2.30GHz, 4 cores, 5G,  Windows 10 , 64 bit Build 19041 (10.0.19041.4717)
Time: Mon Sep  2 03:05:40 2024 Egypt Daylight Time elapsed time: 46.888689 seconds (0d 0h 0m 46s)

---------------  T H R E A D  ---------------

Current thread (0x000001cd2491c0c0):  JavaThread "C2 CompilerThread0" daemon [_thread_in_native, id=2136, stack(0x00000087add00000,0x00000087ade00000)]


Current CompileTask:
C2:  46888 10799       4       org.gradle.internal.logging.text.AbstractLineChoppingStyledTextOutput::doAppend (43 bytes)

Stack: [0x00000087add00000,0x00000087ade00000]
Native frames: (J=compiled Java code, j=interpreted, Vv=VM code, C=native code)
V  [jvm.dll+0x688e89]
V  [jvm.dll+0x84247a]
V  [jvm.dll+0x8440be]
V  [jvm.dll+0x844723]
V  [jvm.dll+0x24be0f]
V  [jvm.dll+0xac721]
V  [jvm.dll+0xacb6c]
V  [jvm.dll+0x1acb2a]
V  [jvm.dll+0x347a24]
V  [jvm.dll+0x696d9b]
V  [jvm.dll+0x696464]
V  [jvm.dll+0x1a930c]
V  [jvm.dll+0x1a9ed6]
V  [jvm.dll+0x2b2644]
V  [jvm.dll+0x6a12c5]
V  [jvm.dll+0x69928b]
V  [jvm.dll+0x6988c7]
V  [jvm.dll+0x6967b2]
V  [jvm.dll+0x1a930c]
V  [jvm.dll+0x1a9ed6]
V  [jvm.dll+0x1a9ed6]
V  [jvm.dll+0x1a9e18]
V  [jvm.dll+0x2b2644]
V  [jvm.dll+0x6a12c5]
V  [jvm.dll+0x69928b]
V  [jvm.dll+0x6988c7]
V  [jvm.dll+0x6967b2]
V  [jvm.dll+0x1a930c]
V  [jvm.dll+0x1a9ed6]
V  [jvm.dll+0x1a9ed6]
V  [jvm.dll+0x2b2644]
V  [jvm.dll+0x6a12c5]
V  [jvm.dll+0x69928b]
V  [jvm.dll+0x6988c7]
V  [jvm.dll+0x6967b2]
V  [jvm.dll+0x1a930c]
V  [jvm.dll+0x1a9ed6]
V  [jvm.dll+0x1a9ed6]
V  [jvm.dll+0x2b2644]
V  [jvm.dll+0x6a12c5]
V  [jvm.dll+0x69928b]
V  [jvm.dll+0x6988c7]
V  [jvm.dll+0x6967b2]
V  [jvm.dll+0x1a930c]
V  [jvm.dll+0x1a9ed6]
V  [jvm.dll+0x2b2644]
V  [jvm.dll+0x6a12c5]
V  [jvm.dll+0x69928b]
V  [jvm.dll+0x6988c7]
V  [jvm.dll+0x6967b2]
V  [jvm.dll+0x1a930c]
V  [jvm.dll+0x21ca78]
V  [jvm.dll+0x1a60ad]
V  [jvm.dll+0x22cd78]
V  [jvm.dll+0x22aeb0]
V  [jvm.dll+0x7f6917]
V  [jvm.dll+0x7f0d1a]
V  [jvm.dll+0x687d05]
C  [ucrtbase.dll+0x21bb2]
C  [KERNEL32.DLL+0x17374]
C  [ntdll.dll+0x4cc91]


---------------  P R O C E S S  ---------------

Threads class SMR info:
_java_thread_list=0x000001cd34da83a0, length=92, elements={
0x000001cd0453fd30, 0x000001cd2467cc10, 0x000001cd2467d7a0, 0x000001cd24688dd0,
0x000001cd249033f0, 0x000001cd24903cc0, 0x000001cd249065a0, 0x000001cd2491c0c0,
0x000001cd24924e90, 0x000001cd2492ff80, 0x000001cd24a8b750, 0x000001cd24aa4820,
0x000001cd2b064720, 0x000001cd2a6c7590, 0x000001cd2a5d95a0, 0x000001cd2a0dc4f0,
0x000001cd2a0dc9d0, 0x000001cd2a61ac30, 0x000001cd29a9b050, 0x000001cd29a9a630,
0x000001cd29a9c490, 0x000001cd29a9b560, 0x000001cd29a9ba70, 0x000001cd29a99c10,
0x000001cd29a9ab40, 0x000001cd29a9ceb0, 0x000001cd29a9d3c0, 0x000001cd2bf8ef40,
0x000001cd2bf8e010, 0x000001cd2bf8f450, 0x000001cd2bf8f960, 0x000001cd2bf90380,
0x000001cd2bf8d5f0, 0x000001cd2bf8ea30, 0x000001cd2bf917c0, 0x000001cd2bf94040,
0x000001cd2bf92c00, 0x000001cd2bf91cd0, 0x000001cd2bf90890, 0x000001cd2bf921e0,
0x000001cd2bf8cbd0, 0x000001cd2bf912b0, 0x000001cd2bf93620, 0x000001cd2bf8d0e0,
0x000001cd2d9b4970, 0x000001cd2d9b3020, 0x000001cd2d9b9a70, 0x000001cd2d9b9560,
0x000001cd2d9b9f80, 0x000001cd2d9b8630, 0x000001cd2d9b6ce0, 0x000001cd2d9b71f0,
0x000001cd2d9b9050, 0x000001cd2d9b4e80, 0x000001cd2d9b8120, 0x000001cd2d9b58a0,
0x000001cd2d9b8b40, 0x000001cd2d9b4460, 0x000001cd2d9b3530, 0x000001cd2d9ba9a0,
0x000001cd2d9b5390, 0x000001cd2d9b3a40, 0x000001cd2d9b7700, 0x000001cd2d9b5db0,
0x000001cd2d9b7c10, 0x000001cd2d9b3f50, 0x000001cd2d9b62c0, 0x000001cd2d9b67d0,
0x000001cd24af7750, 0x000001cd24af8b90, 0x000001cd24af7240, 0x000001cd24af8170,
0x000001cd24af4ed0, 0x000001cd24af3a90, 0x000001cd24af2140, 0x000001cd24af8680,
0x000001cd24af7c60, 0x000001cd24af3fa0, 0x000001cd24af53e0, 0x000001cd24af2650,
0x000001cd24af49c0, 0x000001cd24af2b60, 0x000001cd24af44b0, 0x000001cd24af58f0,
0x000001cd24af3070, 0x000001cd24af5e00, 0x000001cd24af1720, 0x000001cd34e5c620,
0x000001cd34e5c110, 0x000001cd34e5b6f0, 0x000001cd34e607f0, 0x000001cd2bbe4ee0
}

Java Threads: ( => current thread )
  0x000001cd0453fd30 JavaThread "main" [_thread_blocked, id=11108, stack(0x00000087ad000000,0x00000087ad100000)]
  0x000001cd2467cc10 JavaThread "Reference Handler" daemon [_thread_blocked, id=4224, stack(0x00000087ad700000,0x00000087ad800000)]
  0x000001cd2467d7a0 JavaThread "Finalizer" daemon [_thread_blocked, id=10452, stack(0x00000087ad800000,0x00000087ad900000)]
  0x000001cd24688dd0 JavaThread "Signal Dispatcher" daemon [_thread_blocked, id=11248, stack(0x00000087ad900000,0x00000087ada00000)]
  0x000001cd249033f0 JavaThread "Attach Listener" daemon [_thread_blocked, id=9796, stack(0x00000087ada00000,0x00000087adb00000)]
  0x000001cd24903cc0 JavaThread "Service Thread" daemon [_thread_blocked, id=2648, stack(0x00000087adb00000,0x00000087adc00000)]
  0x000001cd249065a0 JavaThread "Monitor Deflation Thread" daemon [_thread_blocked, id=6888, stack(0x00000087adc00000,0x00000087add00000)]
=>0x000001cd2491c0c0 JavaThread "C2 CompilerThread0" daemon [_thread_in_native, id=2136, stack(0x00000087add00000,0x00000087ade00000)]
  0x000001cd24924e90 JavaThread "C1 CompilerThread0" daemon [_thread_in_native, id=1736, stack(0x00000087ade00000,0x00000087adf00000)]
  0x000001cd2492ff80 JavaThread "Sweeper thread" daemon [_thread_blocked, id=8940, stack(0x00000087adf00000,0x00000087ae000000)]
  0x000001cd24a8b750 JavaThread "Common-Cleaner" daemon [_thread_blocked, id=3660, stack(0x00000087ae000000,0x00000087ae100000)]
  0x000001cd24aa4820 JavaThread "Notification Thread" daemon [_thread_blocked, id=9540, stack(0x00000087ae100000,0x00000087ae200000)]
  0x000001cd2b064720 JavaThread "Daemon health stats" [_thread_blocked, id=10292, stack(0x00000087ae700000,0x00000087ae800000)]
  0x000001cd2a6c7590 JavaThread "Incoming local TCP Connector on port 54397" [_thread_in_native, id=5352, stack(0x00000087ae300000,0x00000087ae400000)]
  0x000001cd2a5d95a0 JavaThread "Daemon periodic checks" [_thread_blocked, id=1948, stack(0x00000087ae800000,0x00000087ae900000)]
  0x000001cd2a0dc4f0 JavaThread "Daemon" [_thread_blocked, id=3428, stack(0x00000087ae900000,0x00000087aea00000)]
  0x000001cd2a0dc9d0 JavaThread "Handler for socket connection from /127.0.0.1:54397 to /127.0.0.1:54398" [_thread_in_native, id=4048, stack(0x00000087aea00000,0x00000087aeb00000)]
  0x000001cd2a61ac30 JavaThread "Cancel handler" [_thread_blocked, id=10044, stack(0x00000087aeb00000,0x00000087aec00000)]
  0x000001cd29a9b050 JavaThread "Daemon worker" [_thread_blocked, id=11044, stack(0x00000087aec00000,0x00000087aed00000)]
  0x000001cd29a9a630 JavaThread "Asynchronous log dispatcher for DefaultDaemonConnection: socket connection from /127.0.0.1:54397 to /127.0.0.1:54398" [_thread_blocked, id=4276, stack(0x00000087aed00000,0x00000087aee00000)]
  0x000001cd29a9c490 JavaThread "Stdin handler" [_thread_blocked, id=10368, stack(0x00000087aee00000,0x00000087aef00000)]
  0x000001cd29a9b560 JavaThread "Daemon client event forwarder" [_thread_blocked, id=10572, stack(0x00000087aef00000,0x00000087af000000)]
  0x000001cd29a9ba70 JavaThread "Cache worker for journal cache (C:\Users\maged\.gradle\caches\journal-1)" [_thread_blocked, id=8936, stack(0x00000087af000000,0x00000087af100000)]
  0x000001cd29a99c10 JavaThread "File lock request listener" [_thread_in_native, id=3920, stack(0x00000087af100000,0x00000087af200000)]
  0x000001cd29a9ab40 JavaThread "Cache worker for file hash cache (C:\Users\maged\.gradle\caches\7.6.3\fileHashes)" [_thread_blocked, id=8808, stack(0x00000087af200000,0x00000087af300000)]
  0x000001cd29a9ceb0 JavaThread "File watcher server" daemon [_thread_in_native, id=6292, stack(0x00000087af400000,0x00000087af500000)]
  0x000001cd29a9d3c0 JavaThread "File watcher consumer" daemon [_thread_blocked, id=10352, stack(0x00000087af500000,0x00000087af600000)]
  0x000001cd2bf8ef40 JavaThread "Cache worker for checksums cache (D:\flutterApps\training\UIS_Personal-main\android\.gradle\7.6.3\checksums)" [_thread_blocked, id=2124, stack(0x00000087af600000,0x00000087af700000)]
  0x000001cd2bf8e010 JavaThread "Cache worker for cache directory md-rule (C:\Users\maged\.gradle\caches\7.6.3\md-rule)" [_thread_blocked, id=568, stack(0x00000087af700000,0x00000087af800000)]
  0x000001cd2bf8f450 JavaThread "Cache worker for file content cache (C:\Users\maged\.gradle\caches\7.6.3\fileContent)" [_thread_blocked, id=5648, stack(0x00000087af800000,0x00000087af900000)]
  0x000001cd2bf8f960 JavaThread "Cache worker for file hash cache (D:\flutterApps\training\UIS_Personal-main\android\.gradle\7.6.3\fileHashes)" [_thread_blocked, id=2628, stack(0x00000087af300000,0x00000087af400000)]
  0x000001cd2bf90380 JavaThread "Cache worker for cache directory md-supplier (C:\Users\maged\.gradle\caches\7.6.3\md-supplier)" [_thread_blocked, id=4628, stack(0x00000087af900000,0x00000087afa00000)]
  0x000001cd2bf8d5f0 JavaThread "Cache worker for execution history cache (C:\Users\maged\.gradle\caches\7.6.3\executionHistory)" [_thread_blocked, id=10948, stack(0x00000087afa00000,0x00000087afb00000)]
  0x000001cd2bf8ea30 JavaThread "jar transforms" [_thread_blocked, id=8244, stack(0x00000087afc00000,0x00000087afd00000)]
  0x000001cd2bf917c0 JavaThread "Cache worker for kotlin-dsl (C:\Users\maged\.gradle\caches\7.6.3\kotlin-dsl)" [_thread_blocked, id=5912, stack(0x00000087afd00000,0x00000087afe00000)]
  0x000001cd2bf94040 JavaThread "jar transforms Thread 2" [_thread_blocked, id=4688, stack(0x00000087afb00000,0x00000087afc00000)]
  0x000001cd2bf92c00 JavaThread "Cache worker for dependencies-accessors (D:\flutterApps\training\UIS_Personal-main\android\.gradle\7.6.3\dependencies-accessors)" [_thread_blocked, id=9384, stack(0x00000087afe00000,0x00000087aff00000)]
  0x000001cd2bf91cd0 JavaThread "Cache worker for Build Output Cleanup Cache (C:\src\flutter\packages\flutter_tools\gradle\.gradle\buildOutputCleanup)" [_thread_blocked, id=1452, stack(0x00000087b0000000,0x00000087b0100000)]
  0x000001cd2bf90890 JavaThread "jar transforms Thread 3" [_thread_blocked, id=3496, stack(0x00000087b0100000,0x00000087b0200000)]
  0x000001cd2bf921e0 JavaThread "Memory manager" [_thread_blocked, id=1324, stack(0x00000087b0200000,0x00000087b0300000)]
  0x000001cd2bf8cbd0 JavaThread "jar transforms Thread 4" [_thread_blocked, id=7200, stack(0x00000087b0300000,0x00000087b0400000)]
  0x000001cd2bf912b0 JavaThread "included builds" [_thread_blocked, id=2924, stack(0x00000087b0400000,0x00000087b0500000)]
  0x000001cd2bf93620 JavaThread "Execution worker" [_thread_blocked, id=7928, stack(0x00000087b0500000,0x00000087b0600000)]
  0x000001cd2bf8d0e0 JavaThread "Execution worker Thread 2" [_thread_blocked, id=1148, stack(0x00000087b0600000,0x00000087b0700000)]
  0x000001cd2d9b4970 JavaThread "Execution worker Thread 3" [_thread_blocked, id=4164, stack(0x00000087b0700000,0x00000087b0800000)]
  0x000001cd2d9b3020 JavaThread "Cache worker for execution history cache (C:\src\flutter\packages\flutter_tools\gradle\.gradle\7.6.3\executionHistory)" [_thread_blocked, id=8912, stack(0x00000087b0800000,0x00000087b0900000)]
  0x000001cd2d9b9a70 JavaThread "Unconstrained build operations" [_thread_blocked, id=4556, stack(0x00000087b0900000,0x00000087b0a00000)]
  0x000001cd2d9b9560 JavaThread "Unconstrained build operations Thread 2" [_thread_blocked, id=960, stack(0x00000087b0a00000,0x00000087b0b00000)]
  0x000001cd2d9b9f80 JavaThread "Unconstrained build operations Thread 3" [_thread_blocked, id=7548, stack(0x00000087b0b00000,0x00000087b0c00000)]
  0x000001cd2d9b8630 JavaThread "Unconstrained build operations Thread 4" [_thread_blocked, id=7728, stack(0x00000087b0c00000,0x00000087b0d00000)]
  0x000001cd2d9b6ce0 JavaThread "Unconstrained build operations Thread 5" [_thread_blocked, id=2592, stack(0x00000087b0d00000,0x00000087b0e00000)]
  0x000001cd2d9b71f0 JavaThread "Unconstrained build operations Thread 6" [_thread_blocked, id=3488, stack(0x00000087b0e00000,0x00000087b0f00000)]
  0x000001cd2d9b9050 JavaThread "Unconstrained build operations Thread 7" [_thread_blocked, id=10568, stack(0x00000087b0f00000,0x00000087b1000000)]
  0x000001cd2d9b4e80 JavaThread "Unconstrained build operations Thread 8" [_thread_blocked, id=7716, stack(0x00000087b1000000,0x00000087b1100000)]
  0x000001cd2d9b8120 JavaThread "Unconstrained build operations Thread 9" [_thread_blocked, id=9152, stack(0x00000087b1100000,0x00000087b1200000)]
  0x000001cd2d9b58a0 JavaThread "Unconstrained build operations Thread 10" [_thread_blocked, id=4680, stack(0x00000087b1200000,0x00000087b1300000)]
  0x000001cd2d9b8b40 JavaThread "Unconstrained build operations Thread 11" [_thread_blocked, id=4100, stack(0x00000087aff00000,0x00000087b0000000)]
  0x000001cd2d9b4460 JavaThread "Unconstrained build operations Thread 12" [_thread_blocked, id=5472, stack(0x00000087b1300000,0x00000087b1400000)]
  0x000001cd2d9b3530 JavaThread "Unconstrained build operations Thread 13" [_thread_blocked, id=7968, stack(0x00000087b1400000,0x00000087b1500000)]
  0x000001cd2d9ba9a0 JavaThread "Unconstrained build operations Thread 14" [_thread_blocked, id=2596, stack(0x00000087b1500000,0x00000087b1600000)]
  0x000001cd2d9b5390 JavaThread "Unconstrained build operations Thread 15" [_thread_blocked, id=4492, stack(0x00000087b1600000,0x00000087b1700000)]
  0x000001cd2d9b3a40 JavaThread "Unconstrained build operations Thread 16" [_thread_blocked, id=3156, stack(0x00000087b1700000,0x00000087b1800000)]
  0x000001cd2d9b7700 JavaThread "Unconstrained build operations Thread 17" [_thread_blocked, id=10728, stack(0x00000087b1800000,0x00000087b1900000)]
  0x000001cd2d9b5db0 JavaThread "Unconstrained build operations Thread 18" [_thread_blocked, id=4856, stack(0x00000087b1900000,0x00000087b1a00000)]
  0x000001cd2d9b7c10 JavaThread "Unconstrained build operations Thread 19" [_thread_blocked, id=1428, stack(0x00000087b1a00000,0x00000087b1b00000)]
  0x000001cd2d9b3f50 JavaThread "Unconstrained build operations Thread 20" [_thread_blocked, id=4484, stack(0x00000087b1b00000,0x00000087b1c00000)]
  0x000001cd2d9b62c0 JavaThread "Unconstrained build operations Thread 21" [_thread_blocked, id=6184, stack(0x00000087b1c00000,0x00000087b1d00000)]
  0x000001cd2d9b67d0 JavaThread "Unconstrained build operations Thread 22" [_thread_blocked, id=6244, stack(0x00000087b1d00000,0x00000087b1e00000)]
  0x000001cd24af7750 JavaThread "Unconstrained build operations Thread 23" [_thread_blocked, id=3948, stack(0x00000087b1e00000,0x00000087b1f00000)]
  0x000001cd24af8b90 JavaThread "Unconstrained build operations Thread 24" [_thread_blocked, id=7472, stack(0x00000087b1f00000,0x00000087b2000000)]
  0x000001cd24af7240 JavaThread "Unconstrained build operations Thread 25" [_thread_blocked, id=5664, stack(0x00000087b2000000,0x00000087b2100000)]
  0x000001cd24af8170 JavaThread "Unconstrained build operations Thread 26" [_thread_blocked, id=196, stack(0x00000087b2100000,0x00000087b2200000)]
  0x000001cd24af4ed0 JavaThread "Unconstrained build operations Thread 27" [_thread_blocked, id=8140, stack(0x00000087b2200000,0x00000087b2300000)]
  0x000001cd24af3a90 JavaThread "Unconstrained build operations Thread 28" [_thread_blocked, id=10788, stack(0x00000087b2300000,0x00000087b2400000)]
  0x000001cd24af2140 JavaThread "Unconstrained build operations Thread 29" [_thread_blocked, id=7544, stack(0x00000087b2400000,0x00000087b2500000)]
  0x000001cd24af8680 JavaThread "Unconstrained build operations Thread 30" [_thread_blocked, id=11028, stack(0x00000087b2500000,0x00000087b2600000)]
  0x000001cd24af7c60 JavaThread "Unconstrained build operations Thread 31" [_thread_blocked, id=3064, stack(0x00000087b2600000,0x00000087b2700000)]
  0x000001cd24af3fa0 JavaThread "Unconstrained build operations Thread 32" [_thread_blocked, id=2492, stack(0x00000087b2700000,0x00000087b2800000)]
  0x000001cd24af53e0 JavaThread "Unconstrained build operations Thread 33" [_thread_blocked, id=6348, stack(0x00000087b2800000,0x00000087b2900000)]
  0x000001cd24af2650 JavaThread "Unconstrained build operations Thread 34" [_thread_blocked, id=6332, stack(0x00000087b2900000,0x00000087b2a00000)]
  0x000001cd24af49c0 JavaThread "Unconstrained build operations Thread 35" [_thread_blocked, id=5960, stack(0x00000087b2a00000,0x00000087b2b00000)]
  0x000001cd24af2b60 JavaThread "Unconstrained build operations Thread 36" [_thread_blocked, id=2000, stack(0x00000087b2b00000,0x00000087b2c00000)]
  0x000001cd24af44b0 JavaThread "Unconstrained build operations Thread 37" [_thread_blocked, id=1828, stack(0x00000087b2c00000,0x00000087b2d00000)]
  0x000001cd24af58f0 JavaThread "Unconstrained build operations Thread 38" [_thread_blocked, id=4284, stack(0x00000087b2d00000,0x00000087b2e00000)]
  0x000001cd24af3070 JavaThread "Unconstrained build operations Thread 39" [_thread_blocked, id=11184, stack(0x00000087b2e00000,0x00000087b2f00000)]
  0x000001cd24af5e00 JavaThread "Unconstrained build operations Thread 40" [_thread_blocked, id=6048, stack(0x00000087b2f00000,0x00000087b3000000)]
  0x000001cd24af1720 JavaThread "Cache worker for Build Output Cleanup Cache (D:\flutterApps\training\UIS_Personal-main\android\.gradle\buildOutputCleanup)" [_thread_blocked, id=8960, stack(0x00000087b3000000,0x00000087b3100000)]
  0x000001cd34e5c620 JavaThread "Cache worker for execution history cache (D:\flutterApps\training\UIS_Personal-main\android\.gradle\7.6.3\executionHistory)" [_thread_blocked, id=9060, stack(0x00000087b3400000,0x00000087b3500000)]
  0x000001cd34e5c110 JavaThread "Exec process" [_thread_in_native, id=5292, stack(0x00000087b3500000,0x00000087b3600000)]
  0x000001cd34e5b6f0 JavaThread "Exec process Thread 2" [_thread_in_native, id=6704, stack(0x00000087b3600000,0x00000087b3700000)]
  0x000001cd34e607f0 JavaThread "Exec process Thread 3" [_thread_in_native, id=4200, stack(0x00000087b3700000,0x00000087b3800000)]
  0x000001cd2bbe4ee0 JavaThread "C2 CompilerThread1" daemon [_thread_in_native, id=4320, stack(0x00000087b3100000,0x00000087b3200000)]

Other Threads:
  0x000001cd24679ce0 VMThread "VM Thread" [stack: 0x00000087ad600000,0x00000087ad700000] [id=8240]
  0x000001cd24a89420 WatcherThread [stack: 0x00000087ae200000,0x00000087ae300000] [id=1468]
  0x000001cd045af2d0 GCTaskThread "GC Thread#0" [stack: 0x00000087ad100000,0x00000087ad200000] [id=6672]
  0x000001cd294059a0 GCTaskThread "GC Thread#1" [stack: 0x00000087ae400000,0x00000087ae500000] [id=11012]
  0x000001cd291552b0 GCTaskThread "GC Thread#2" [stack: 0x00000087ae500000,0x00000087ae600000] [id=1456]
  0x000001cd29a29600 GCTaskThread "GC Thread#3" [stack: 0x00000087ae600000,0x00000087ae700000] [id=5784]
  0x000001cd045c0130 ConcurrentGCThread "G1 Main Marker" [stack: 0x00000087ad200000,0x00000087ad300000] [id=4168]
  0x000001cd045c2210 ConcurrentGCThread "G1 Conc#0" [stack: 0x00000087ad300000,0x00000087ad400000] [id=9180]
  0x000001cd045fe1b0 ConcurrentGCThread "G1 Refine#0" [stack: 0x00000087ad400000,0x00000087ad500000] [id=684]
  0x000001cd045fe9f0 ConcurrentGCThread "G1 Service" [stack: 0x00000087ad500000,0x00000087ad600000] [id=10864]

Threads with active compile tasks:
C2 CompilerThread0    46987 10799       4       org.gradle.internal.logging.text.AbstractLineChoppingStyledTextOutput::doAppend (43 bytes)
C1 CompilerThread0    46987 10822       3       org.gradle.internal.logging.console.StyledTextOutputBackedRenderer::onOutput (260 bytes)
C2 CompilerThread1    46987 10809       4       org.gradle.internal.logging.text.AbstractLineChoppingStyledTextOutput$1::execute (140 bytes)

VM state: not at safepoint (normal execution)

VM Mutex/Monitor currently owned by a thread: None

Heap address: 0x0000000700000000, size: 4096 MB, Compressed Oops mode: Zero based, Oop shift amount: 3

CDS archive(s) not mapped
Compressed class space mapped at: 0x0000000800000000-0x0000000840000000, reserved size: 1073741824
Narrow klass base: 0x0000000800000000, Narrow klass shift: 0, Narrow klass range: 0x40000000

GC Precious Log:
 CPUs: 4 total, 4 available
 Memory: 6051M
 Large Page Support: Disabled
 NUMA Support: Disabled
 Compressed Oops: Enabled (Zero based)
 Heap Region Size: 2M
 Heap Min Capacity: 8M
 Heap Initial Capacity: 96M
 Heap Max Capacity: 4G
 Pre-touch: Disabled
 Parallel Workers: 4
 Concurrent Workers: 1
 Concurrent Refinement Workers: 4
 Periodic GC: Disabled

Heap:
 garbage-first heap   total 157696K, used 97533K [0x0000000700000000, 0x0000000800000000)
  region size 2048K, 8 young (16384K), 3 survivors (6144K)
 Metaspace       used 98383K, committed 99136K, reserved 1179648K
  class space    used 13587K, committed 13888K, reserved 1048576K

Heap Regions: E=young(eden), S=young(survivor), O=old, HS=humongous(starts), HC=humongous(continues), CS=collection set, F=free, OA=open archive, CA=closed archive, TAMS=top-at-mark-start (previous, next)
|   0|0x0000000700000000, 0x0000000700200000, 0x0000000700200000|100%| O|  |TAMS 0x0000000700200000, 0x0000000700000000| Untracked 
|   1|0x0000000700200000, 0x0000000700400000, 0x0000000700400000|100%|HS|  |TAMS 0x0000000700400000, 0x0000000700200000| Complete 
|   2|0x0000000700400000, 0x0000000700600000, 0x0000000700600000|100%|HC|  |TAMS 0x0000000700600000, 0x0000000700400000| Complete 
|   3|0x0000000700600000, 0x0000000700800000, 0x0000000700800000|100%| O|  |TAMS 0x0000000700800000, 0x0000000700600000| Untracked 
|   4|0x0000000700800000, 0x00000007009d2000, 0x0000000700a00000| 91%| O|  |TAMS 0x00000007009d2000, 0x0000000700800000| Untracked 
|   5|0x0000000700a00000, 0x0000000700c00000, 0x0000000700c00000|100%| O|  |TAMS 0x0000000700c00000, 0x0000000700a00000| Untracked 
|   6|0x0000000700c00000, 0x0000000700e00000, 0x0000000700e00000|100%| O|  |TAMS 0x0000000700e00000, 0x0000000700c00000| Untracked 
|   7|0x0000000700e00000, 0x0000000701000000, 0x0000000701000000|100%| O|  |TAMS 0x0000000701000000, 0x0000000700e00000| Untracked 
|   8|0x0000000701000000, 0x0000000701200000, 0x0000000701200000|100%| O|  |TAMS 0x0000000701200000, 0x0000000701000000| Untracked 
|   9|0x0000000701200000, 0x0000000701400000, 0x0000000701400000|100%| O|  |TAMS 0x0000000701400000, 0x0000000701200000| Untracked 
|  10|0x0000000701400000, 0x0000000701600000, 0x0000000701600000|100%| O|  |TAMS 0x0000000701600000, 0x0000000701400000| Untracked 
|  11|0x0000000701600000, 0x0000000701800000, 0x0000000701800000|100%| O|  |TAMS 0x0000000701800000, 0x0000000701600000| Untracked 
|  12|0x0000000701800000, 0x0000000701a00000, 0x0000000701a00000|100%| O|  |TAMS 0x0000000701a00000, 0x0000000701800000| Untracked 
|  13|0x0000000701a00000, 0x0000000701c00000, 0x0000000701c00000|100%| O|  |TAMS 0x0000000701c00000, 0x0000000701a00000| Untracked 
|  14|0x0000000701c00000, 0x0000000701e00000, 0x0000000701e00000|100%| O|  |TAMS 0x0000000701e00000, 0x0000000701c00000| Untracked 
|  15|0x0000000701e00000, 0x0000000702000000, 0x0000000702000000|100%| O|  |TAMS 0x0000000702000000, 0x0000000701e00000| Untracked 
|  16|0x0000000702000000, 0x0000000702200000, 0x0000000702200000|100%| O|  |TAMS 0x0000000702200000, 0x0000000702000000| Untracked 
|  17|0x0000000702200000, 0x0000000702400000, 0x0000000702400000|100%| O|  |TAMS 0x0000000702400000, 0x0000000702200000| Untracked 
|  18|0x0000000702400000, 0x0000000702600000, 0x0000000702600000|100%| O|  |TAMS 0x0000000702600000, 0x0000000702400000| Untracked 
|  19|0x0000000702600000, 0x0000000702800000, 0x0000000702800000|100%| O|  |TAMS 0x0000000702800000, 0x0000000702600000| Untracked 
|  20|0x0000000702800000, 0x0000000702a00000, 0x0000000702a00000|100%| O|  |TAMS 0x0000000702a00000, 0x0000000702800000| Untracked 
|  21|0x0000000702a00000, 0x0000000702c00000, 0x0000000702c00000|100%|HS|  |TAMS 0x0000000702c00000, 0x0000000702a00000| Complete 
|  22|0x0000000702c00000, 0x0000000702e00000, 0x0000000702e00000|100%|HC|  |TAMS 0x0000000702e00000, 0x0000000702c00000| Complete 
|  23|0x0000000702e00000, 0x0000000703000000, 0x0000000703000000|100%| O|  |TAMS 0x0000000703000000, 0x0000000702e00000| Untracked 
|  24|0x0000000703000000, 0x0000000703200000, 0x0000000703200000|100%| O|  |TAMS 0x0000000703200000, 0x0000000703000000| Untracked 
|  25|0x0000000703200000, 0x0000000703400000, 0x0000000703400000|100%| O|  |TAMS 0x0000000703400000, 0x0000000703200000| Untracked 
|  26|0x0000000703400000, 0x0000000703600000, 0x0000000703600000|100%|HS|  |TAMS 0x0000000703600000, 0x0000000703400000| Complete 
|  27|0x0000000703600000, 0x0000000703800000, 0x0000000703800000|100%| O|  |TAMS 0x0000000703800000, 0x0000000703600000| Untracked 
|  28|0x0000000703800000, 0x0000000703a00000, 0x0000000703a00000|100%| O|  |TAMS 0x0000000703a00000, 0x0000000703800000| Untracked 
|  29|0x0000000703a00000, 0x0000000703c00000, 0x0000000703c00000|100%| O|  |TAMS 0x0000000703c00000, 0x0000000703a00000| Untracked 
|  30|0x0000000703c00000, 0x0000000703e00000, 0x0000000703e00000|100%| O|  |TAMS 0x0000000703e00000, 0x0000000703c00000| Untracked 
|  31|0x0000000703e00000, 0x0000000704000000, 0x0000000704000000|100%| O|  |TAMS 0x0000000704000000, 0x0000000703e00000| Untracked 
|  32|0x0000000704000000, 0x0000000704200000, 0x0000000704200000|100%| O|  |TAMS 0x0000000704200000, 0x0000000704000000| Untracked 
|  33|0x0000000704200000, 0x0000000704400000, 0x0000000704400000|100%| O|  |TAMS 0x0000000704400000, 0x0000000704200000| Untracked 
|  34|0x0000000704400000, 0x0000000704600000, 0x0000000704600000|100%| O|  |TAMS 0x0000000704600000, 0x0000000704400000| Untracked 
|  35|0x0000000704600000, 0x0000000704800000, 0x0000000704800000|100%| O|  |TAMS 0x0000000704800000, 0x0000000704600000| Untracked 
|  36|0x0000000704800000, 0x0000000704a00000, 0x0000000704a00000|100%| O|  |TAMS 0x0000000704883200, 0x0000000704800000| Untracked 
|  37|0x0000000704a00000, 0x0000000704c00000, 0x0000000704c00000|100%| O|  |TAMS 0x0000000704a00000, 0x0000000704a00000| Untracked 
|  38|0x0000000704c00000, 0x0000000704e00000, 0x0000000704e00000|100%| O|  |TAMS 0x0000000704c00000, 0x0000000704c00000| Untracked 
|  39|0x0000000704e00000, 0x0000000705000000, 0x0000000705000000|100%| O|  |TAMS 0x0000000704e00000, 0x0000000704e00000| Untracked 
|  40|0x0000000705000000, 0x0000000705200000, 0x0000000705200000|100%| O|  |TAMS 0x0000000705000000, 0x0000000705000000| Untracked 
|  41|0x0000000705200000, 0x0000000705338a00, 0x0000000705400000| 61%| O|  |TAMS 0x0000000705200000, 0x0000000705200000| Untracked 
|  42|0x0000000705400000, 0x0000000705400000, 0x0000000705600000|  0%| F|  |TAMS 0x0000000705400000, 0x0000000705400000| Untracked 
|  43|0x0000000705600000, 0x0000000705600000, 0x0000000705800000|  0%| F|  |TAMS 0x0000000705600000, 0x0000000705600000| Untracked 
|  44|0x0000000705800000, 0x0000000705800000, 0x0000000705a00000|  0%| F|  |TAMS 0x0000000705800000, 0x0000000705800000| Untracked 
|  45|0x0000000705a00000, 0x0000000705a00000, 0x0000000705c00000|  0%| F|  |TAMS 0x0000000705a00000, 0x0000000705a00000| Untracked 
|  46|0x0000000705c00000, 0x0000000705c00000, 0x0000000705e00000|  0%| F|  |TAMS 0x0000000705c00000, 0x0000000705c00000| Untracked 
|  47|0x0000000705e00000, 0x0000000705e00000, 0x0000000706000000|  0%| F|  |TAMS 0x0000000705e00000, 0x0000000705e00000| Untracked 
|  48|0x0000000706000000, 0x0000000706000000, 0x0000000706200000|  0%| F|  |TAMS 0x0000000706000000, 0x0000000706000000| Untracked 
|  49|0x0000000706200000, 0x0000000706200000, 0x0000000706400000|  0%| F|  |TAMS 0x0000000706200000, 0x0000000706200000| Untracked 
|  50|0x0000000706400000, 0x0000000706400000, 0x0000000706600000|  0%| F|  |TAMS 0x0000000706400000, 0x0000000706400000| Untracked 
|  51|0x0000000706600000, 0x0000000706600000, 0x0000000706800000|  0%| F|  |TAMS 0x0000000706600000, 0x0000000706600000| Untracked 
|  52|0x0000000706800000, 0x0000000706834dc8, 0x0000000706a00000| 10%| S|CS|TAMS 0x0000000706800000, 0x0000000706800000| Complete 
|  53|0x0000000706a00000, 0x0000000706a00000, 0x0000000706c00000|  0%| F|  |TAMS 0x0000000706a00000, 0x0000000706a00000| Untracked 
|  54|0x0000000706c00000, 0x0000000706c00000, 0x0000000706e00000|  0%| F|  |TAMS 0x0000000706c00000, 0x0000000706c00000| Untracked 
|  55|0x0000000706e00000, 0x0000000707000000, 0x0000000707000000|100%| S|CS|TAMS 0x0000000706e00000, 0x0000000706e00000| Complete 
|  56|0x0000000707000000, 0x0000000707200000, 0x0000000707200000|100%| S|CS|TAMS 0x0000000707000000, 0x0000000707000000| Complete 
|  57|0x0000000707200000, 0x0000000707200000, 0x0000000707400000|  0%| F|  |TAMS 0x0000000707200000, 0x0000000707200000| Untracked 
|  58|0x0000000707400000, 0x0000000707400000, 0x0000000707600000|  0%| F|  |TAMS 0x0000000707400000, 0x0000000707400000| Untracked 
|  59|0x0000000707600000, 0x0000000707600000, 0x0000000707800000|  0%| F|  |TAMS 0x0000000707600000, 0x0000000707600000| Untracked 
|  60|0x0000000707800000, 0x0000000707800000, 0x0000000707a00000|  0%| F|  |TAMS 0x0000000707800000, 0x0000000707800000| Untracked 
|  61|0x0000000707a00000, 0x0000000707a00000, 0x0000000707c00000|  0%| F|  |TAMS 0x0000000707a00000, 0x0000000707a00000| Untracked 
|  62|0x0000000707c00000, 0x0000000707c00000, 0x0000000707e00000|  0%| F|  |TAMS 0x0000000707c00000, 0x0000000707c00000| Untracked 
|  63|0x0000000707e00000, 0x0000000707e00000, 0x0000000708000000|  0%| F|  |TAMS 0x0000000707e00000, 0x0000000707e00000| Untracked 
|  64|0x0000000708000000, 0x0000000708000000, 0x0000000708200000|  0%| F|  |TAMS 0x0000000708000000, 0x0000000708000000| Untracked 
|  65|0x0000000708200000, 0x0000000708200000, 0x0000000708400000|  0%| F|  |TAMS 0x0000000708200000, 0x0000000708200000| Untracked 
|  66|0x0000000708400000, 0x0000000708400000, 0x0000000708600000|  0%| F|  |TAMS 0x0000000708400000, 0x0000000708400000| Untracked 
|  67|0x0000000708600000, 0x0000000708600000, 0x0000000708800000|  0%| F|  |TAMS 0x0000000708600000, 0x0000000708600000| Untracked 
|  68|0x0000000708800000, 0x0000000708800000, 0x0000000708a00000|  0%| F|  |TAMS 0x0000000708800000, 0x0000000708800000| Untracked 
|  69|0x0000000708a00000, 0x0000000708a00000, 0x0000000708c00000|  0%| F|  |TAMS 0x0000000708a00000, 0x0000000708a00000| Untracked 
|  70|0x0000000708c00000, 0x0000000708c00000, 0x0000000708e00000|  0%| F|  |TAMS 0x0000000708c00000, 0x0000000708c00000| Untracked 
|  71|0x0000000708e00000, 0x0000000708e00000, 0x0000000709000000|  0%| F|  |TAMS 0x0000000708e00000, 0x0000000708e00000| Untracked 
|  72|0x0000000709000000, 0x000000070909c5c0, 0x0000000709200000| 30%| E|  |TAMS 0x0000000709000000, 0x0000000709000000| Complete 
|  73|0x0000000709200000, 0x0000000709400000, 0x0000000709400000|100%| E|CS|TAMS 0x0000000709200000, 0x0000000709200000| Complete 
|  74|0x0000000709400000, 0x0000000709600000, 0x0000000709600000|100%| E|CS|TAMS 0x0000000709400000, 0x0000000709400000| Complete 
|  75|0x0000000709600000, 0x0000000709800000, 0x0000000709800000|100%| E|CS|TAMS 0x0000000709600000, 0x0000000709600000| Complete 
|  76|0x0000000709800000, 0x0000000709a00000, 0x0000000709a00000|100%| E|CS|TAMS 0x0000000709800000, 0x0000000709800000| Complete 

Card table byte_map: [0x000001cd19020000,0x000001cd19820000] _byte_map_base: 0x000001cd15820000

Marking Bits (Prev, Next): (CMBitMap*) 0x000001cd045af800, (CMBitMap*) 0x000001cd045af840
 Prev Bits: [0x000001cd1a020000, 0x000001cd1e020000)
 Next Bits: [0x000001cd1e020000, 0x000001cd22020000)

Polling page: 0x000001cd04600000

Metaspace:

Usage:
  Non-class:     82.81 MB used.
      Class:     13.27 MB used.
       Both:     96.08 MB used.

Virtual space:
  Non-class space:      128.00 MB reserved,      83.25 MB ( 65%) committed,  2 nodes.
      Class space:        1.00 GB reserved,      13.56 MB (  1%) committed,  1 nodes.
             Both:        1.12 GB reserved,      96.81 MB (  8%) committed. 

Chunk freelists:
   Non-Class:  12.05 MB
       Class:  2.26 MB
        Both:  14.31 MB

MaxMetaspaceSize: unlimited
CompressedClassSpaceSize: 1.00 GB
Initial GC threshold: 21.00 MB
Current GC threshold: 154.94 MB
CDS: off
MetaspaceReclaimPolicy: balanced
 - commit_granule_bytes: 65536.
 - commit_granule_words: 8192.
 - virtual_space_node_default_size: 8388608.
 - enlarge_chunks_in_place: 1.
 - new_chunks_are_fully_committed: 0.
 - uncommit_free_chunks: 1.
 - use_allocation_guard: 0.
 - handle_deallocations: 1.


Internal statistics:

num_allocs_failed_limit: 6.
num_arena_births: 924.
num_arena_deaths: 0.
num_vsnodes_births: 3.
num_vsnodes_deaths: 0.
num_space_committed: 1549.
num_space_uncommitted: 0.
num_chunks_returned_to_freelist: 6.
num_chunks_taken_from_freelist: 4555.
num_chunk_merges: 3.
num_chunk_splits: 3026.
num_chunks_enlarged: 2081.
num_inconsistent_stats: 0.

CodeHeap 'non-profiled nmethods': size=120000Kb used=5710Kb max_used=5710Kb free=114290Kb
 bounds [0x000001cd10cd0000, 0x000001cd11270000, 0x000001cd18200000]
CodeHeap 'profiled nmethods': size=120000Kb used=18486Kb max_used=18486Kb free=101514Kb
 bounds [0x000001cd09200000, 0x000001cd0a410000, 0x000001cd10730000]
CodeHeap 'non-nmethods': size=5760Kb used=2409Kb max_used=2492Kb free=3350Kb
 bounds [0x000001cd10730000, 0x000001cd109a0000, 0x000001cd10cd0000]
 total_blobs=10260 nmethods=9315 adapters=857
 compilation: enabled
              stopped_count=0, restarted_count=0
 full_count=0

Compilation events (20 events):
Event: 38.736 Thread 0x000001cd24924e90 nmethod 10789 0x000001cd0a400410 code [0x000001cd0a4005e0, 0x000001cd0a400ac8]
Event: 38.765 Thread 0x000001cd24924e90 10792       3       java.lang.invoke.MethodHandleStatics::traceLambdaForm (96 bytes)
Event: 38.765 Thread 0x000001cd24924e90 nmethod 10792 0x000001cd0a400c10 code [0x000001cd0a400da0, 0x000001cd0a400ef8]
Event: 41.171 Thread 0x000001cd2491c0c0 10794       4       java.util.concurrent.TimeUnit::toNanos (45 bytes)
Event: 41.172 Thread 0x000001cd2491c0c0 nmethod 10794 0x000001cd11262c10 code [0x000001cd11262d80, 0x000001cd11262e78]
Event: 42.193 Thread 0x000001cd24924e90 10795       3       java.util.HashMap$ValueSpliterator::characteristics (28 bytes)
Event: 42.193 Thread 0x000001cd24924e90 nmethod 10795 0x000001cd0a400f90 code [0x000001cd0a401140, 0x000001cd0a401318]
Event: 45.018 Thread 0x000001cd24924e90 10796       3       org.gradle.internal.serialize.InputStreamBackedDecoder::readBytes (11 bytes)
Event: 45.018 Thread 0x000001cd2491c0c0 10798       4       java.io.BufferedInputStream::read1 (108 bytes)
Event: 45.018 Thread 0x000001cd24924e90 nmethod 10796 0x000001cd0a401410 code [0x000001cd0a4015c0, 0x000001cd0a401708]
Event: 45.018 Thread 0x000001cd24924e90 10797       3       org.gradle.internal.serialize.InputStreamBackedDecoder::readByte (13 bytes)
Event: 45.019 Thread 0x000001cd24924e90 nmethod 10797 0x000001cd0a401810 code [0x000001cd0a4019e0, 0x000001cd0a401d98]
Event: 45.023 Thread 0x000001cd2491c0c0 nmethod 10798 0x000001cd11262f10 code [0x000001cd112630a0, 0x000001cd112632e8]
Event: 46.866 Thread 0x000001cd2491c0c0 10799       4       org.gradle.internal.logging.text.AbstractLineChoppingStyledTextOutput::doAppend (43 bytes)
Event: 46.867 Thread 0x000001cd24924e90 10801       2       org.gradle.internal.logging.text.AbstractLineChoppingStyledTextOutput$1::execute (140 bytes)
Event: 46.868 Thread 0x000001cd24924e90 nmethod 10801 0x000001cd0a401f10 code [0x000001cd0a402140, 0x000001cd0a402678]
Event: 46.868 Thread 0x000001cd24924e90 10802       2       org.gradle.internal.logging.text.AbstractLineChoppingStyledTextOutput$2::execute (77 bytes)
Event: 46.869 Thread 0x000001cd24924e90 nmethod 10802 0x000001cd0a402a90 code [0x000001cd0a402ca0, 0x000001cd0a4030c8]
Event: 46.869 Thread 0x000001cd24924e90 10803       1       org.gradle.internal.logging.events.RenderableOutputEvent::getBuildOperationId (5 bytes)
Event: 46.869 Thread 0x000001cd24924e90 nmethod 10803 0x000001cd11263510 code [0x000001cd112636a0, 0x000001cd11263778]

GC Heap History (20 events):
Event: 28.751 GC heap before
{Heap before GC invocations=36 (full 0):
 garbage-first heap   total 112640K, used 83972K [0x0000000700000000, 0x0000000800000000)
  region size 2048K, 12 young (24576K), 1 survivors (2048K)
 Metaspace       used 78107K, committed 78720K, reserved 1179648K
  class space    used 10537K, committed 10816K, reserved 1048576K
}
Event: 28.759 GC heap after
{Heap after GC invocations=37 (full 0):
 garbage-first heap   total 112640K, used 65668K [0x0000000700000000, 0x0000000800000000)
  region size 2048K, 2 young (4096K), 2 survivors (4096K)
 Metaspace       used 78107K, committed 78720K, reserved 1179648K
  class space    used 10537K, committed 10816K, reserved 1048576K
}
Event: 29.752 GC heap before
{Heap before GC invocations=38 (full 0):
 garbage-first heap   total 120832K, used 88196K [0x0000000700000000, 0x0000000800000000)
  region size 2048K, 13 young (26624K), 2 survivors (4096K)
 Metaspace       used 80491K, committed 81088K, reserved 1179648K
  class space    used 10853K, committed 11136K, reserved 1048576K
}
Event: 29.759 GC heap after
{Heap after GC invocations=39 (full 0):
 garbage-first heap   total 120832K, used 65942K [0x0000000700000000, 0x0000000800000000)
  region size 2048K, 1 young (2048K), 1 survivors (2048K)
 Metaspace       used 80491K, committed 81088K, reserved 1179648K
  class space    used 10853K, committed 11136K, reserved 1048576K
}
Event: 30.541 GC heap before
{Heap before GC invocations=39 (full 0):
 garbage-first heap   total 120832K, used 96662K [0x0000000700000000, 0x0000000800000000)
  region size 2048K, 16 young (32768K), 1 survivors (2048K)
 Metaspace       used 81178K, committed 81856K, reserved 1179648K
  class space    used 10970K, committed 11264K, reserved 1048576K
}
Event: 30.552 GC heap after
{Heap after GC invocations=40 (full 0):
 garbage-first heap   total 120832K, used 69051K [0x0000000700000000, 0x0000000800000000)
  region size 2048K, 2 young (4096K), 2 survivors (4096K)
 Metaspace       used 81178K, committed 81856K, reserved 1179648K
  class space    used 10970K, committed 11264K, reserved 1048576K
}
Event: 31.332 GC heap before
{Heap before GC invocations=41 (full 0):
 garbage-first heap   total 131072K, used 95675K [0x0000000700000000, 0x0000000800000000)
  region size 2048K, 15 young (30720K), 2 survivors (4096K)
 Metaspace       used 81483K, committed 82112K, reserved 1179648K
  class space    used 10988K, committed 11264K, reserved 1048576K
}
Event: 31.342 GC heap after
{Heap after GC invocations=42 (full 0):
 garbage-first heap   total 131072K, used 70613K [0x0000000700000000, 0x0000000800000000)
  region size 2048K, 1 young (2048K), 1 survivors (2048K)
 Metaspace       used 81483K, committed 82112K, reserved 1179648K
  class space    used 10988K, committed 11264K, reserved 1048576K
}
Event: 32.126 GC heap before
{Heap before GC invocations=42 (full 0):
 garbage-first heap   total 131072K, used 105429K [0x0000000700000000, 0x0000000800000000)
  region size 2048K, 18 young (36864K), 1 survivors (2048K)
 Metaspace       used 83468K, committed 84096K, reserved 1179648K
  class space    used 11264K, committed 11520K, reserved 1048576K
}
Event: 32.130 GC heap after
{Heap after GC invocations=43 (full 0):
 garbage-first heap   total 131072K, used 71189K [0x0000000700000000, 0x0000000800000000)
  region size 2048K, 1 young (2048K), 1 survivors (2048K)
 Metaspace       used 83468K, committed 84096K, reserved 1179648K
  class space    used 11264K, committed 11520K, reserved 1048576K
}
Event: 32.940 GC heap before
{Heap before GC invocations=44 (full 0):
 garbage-first heap   total 131072K, used 103957K [0x0000000700000000, 0x0000000800000000)
  region size 2048K, 18 young (36864K), 1 survivors (2048K)
 Metaspace       used 83916K, committed 84544K, reserved 1179648K
  class space    used 11329K, committed 11584K, reserved 1048576K
}
Event: 32.954 GC heap after
{Heap after GC invocations=45 (full 0):
 garbage-first heap   total 131072K, used 74303K [0x0000000700000000, 0x0000000800000000)
  region size 2048K, 3 young (6144K), 3 survivors (6144K)
 Metaspace       used 83916K, committed 84544K, reserved 1179648K
  class space    used 11329K, committed 11584K, reserved 1048576K
}
Event: 33.834 GC heap before
{Heap before GC invocations=45 (full 0):
 garbage-first heap   total 131072K, used 107071K [0x0000000700000000, 0x0000000800000000)
  region size 2048K, 19 young (38912K), 3 survivors (6144K)
 Metaspace       used 87366K, committed 88000K, reserved 1179648K
  class space    used 11977K, committed 12224K, reserved 1048576K
}
Event: 33.846 GC heap after
{Heap after GC invocations=46 (full 0):
 garbage-first heap   total 157696K, used 76307K [0x0000000700000000, 0x0000000800000000)
  region size 2048K, 2 young (4096K), 2 survivors (4096K)
 Metaspace       used 87366K, committed 88000K, reserved 1179648K
  class space    used 11977K, committed 12224K, reserved 1048576K
}
Event: 35.530 GC heap before
{Heap before GC invocations=47 (full 0):
 garbage-first heap   total 157696K, used 125459K [0x0000000700000000, 0x0000000800000000)
  region size 2048K, 26 young (53248K), 2 survivors (4096K)
 Metaspace       used 90356K, committed 91072K, reserved 1179648K
  class space    used 12423K, committed 12736K, reserved 1048576K
}
Event: 35.543 GC heap after
{Heap after GC invocations=48 (full 0):
 garbage-first heap   total 157696K, used 80900K [0x0000000700000000, 0x0000000800000000)
  region size 2048K, 4 young (8192K), 4 survivors (8192K)
 Metaspace       used 90356K, committed 91072K, reserved 1179648K
  class space    used 12423K, committed 12736K, reserved 1048576K
}
Event: 36.844 GC heap before
{Heap before GC invocations=48 (full 0):
 garbage-first heap   total 157696K, used 125956K [0x0000000700000000, 0x0000000800000000)
  region size 2048K, 26 young (53248K), 4 survivors (8192K)
 Metaspace       used 93887K, committed 94592K, reserved 1179648K
  class space    used 12986K, committed 13312K, reserved 1048576K
}
Event: 36.862 GC heap after
{Heap after GC invocations=49 (full 0):
 garbage-first heap   total 157696K, used 85088K [0x0000000700000000, 0x0000000800000000)
  region size 2048K, 3 young (6144K), 3 survivors (6144K)
 Metaspace       used 93887K, committed 94592K, reserved 1179648K
  class space    used 12986K, committed 13312K, reserved 1048576K
}
Event: 38.450 GC heap before
{Heap before GC invocations=50 (full 0):
 garbage-first heap   total 157696K, used 126048K [0x0000000700000000, 0x0000000800000000)
  region size 2048K, 23 young (47104K), 3 survivors (6144K)
 Metaspace       used 97777K, committed 98496K, reserved 1179648K
  class space    used 13485K, committed 13760K, reserved 1048576K
}
Event: 38.464 GC heap after
{Heap after GC invocations=51 (full 0):
 garbage-first heap   total 157696K, used 89341K [0x0000000700000000, 0x0000000800000000)
  region size 2048K, 3 young (6144K), 3 survivors (6144K)
 Metaspace       used 97777K, committed 98496K, reserved 1179648K
  class space    used 13485K, committed 13760K, reserved 1048576K
}

Dll operation events (2 events):
Event: 0.012 Loaded shared library C:\Program Files\Android\Android Studio\jbr\bin\java.dll
Event: 1.004 Loaded shared library C:\Program Files\Android\Android Studio\jbr\bin\verify.dll

Deoptimization events (20 events):
Event: 46.867 Thread 0x000001cd34e5b6f0 Uncommon trap: trap_request=0xffffffde fr.pc=0x000001cd10f1e04c relative=0x00000000000032ac
Event: 46.867 Thread 0x000001cd34e5b6f0 Uncommon trap: reason=class_check action=maybe_recompile pc=0x000001cd10f1e04c method=org.gradle.internal.logging.sink.OutputEventTransformer.onOutput(Lorg/gradle/internal/logging/events/OutputEvent;)V @ 225 c2
Event: 46.867 Thread 0x000001cd34e5b6f0 DEOPT PACKING pc=0x000001cd10f1e04c sp=0x00000087b36fe8f0
Event: 46.867 Thread 0x000001cd34e5b6f0 DEOPT UNPACKING pc=0x000001cd107869a3 sp=0x00000087b36fe8e8 mode 2
Event: 46.868 Thread 0x000001cd34e5b6f0 Uncommon trap: trap_request=0xffffffc6 fr.pc=0x000001cd10f69bc8 relative=0x00000000000002e8
Event: 46.868 Thread 0x000001cd34e5b6f0 Uncommon trap: reason=bimorphic_or_optimized_type_check action=maybe_recompile pc=0x000001cd10f69bc8 method=org.gradle.internal.logging.sink.OutputEventRenderer.onOutput(Lorg/gradle/internal/logging/events/OutputEvent;)V @ 1 c2
Event: 46.868 Thread 0x000001cd34e5b6f0 DEOPT PACKING pc=0x000001cd10f69bc8 sp=0x00000087b36fe9e0
Event: 46.868 Thread 0x000001cd34e5b6f0 DEOPT UNPACKING pc=0x000001cd107869a3 sp=0x00000087b36fe988 mode 2
Event: 46.868 Thread 0x000001cd34e5b6f0 Uncommon trap: trap_request=0xffffffde fr.pc=0x000001cd10f1e04c relative=0x00000000000032ac
Event: 46.868 Thread 0x000001cd34e5b6f0 Uncommon trap: reason=class_check action=maybe_recompile pc=0x000001cd10f1e04c method=org.gradle.internal.logging.sink.OutputEventTransformer.onOutput(Lorg/gradle/internal/logging/events/OutputEvent;)V @ 225 c2
Event: 46.868 Thread 0x000001cd34e5b6f0 DEOPT PACKING pc=0x000001cd10f1e04c sp=0x00000087b36fe8f0
Event: 46.868 Thread 0x000001cd34e5b6f0 DEOPT UNPACKING pc=0x000001cd107869a3 sp=0x00000087b36fe8e8 mode 2
Event: 46.868 Thread 0x000001cd34e5b6f0 Uncommon trap: trap_request=0xffffffc6 fr.pc=0x000001cd10f69bc8 relative=0x00000000000002e8
Event: 46.868 Thread 0x000001cd34e5b6f0 Uncommon trap: reason=bimorphic_or_optimized_type_check action=maybe_recompile pc=0x000001cd10f69bc8 method=org.gradle.internal.logging.sink.OutputEventRenderer.onOutput(Lorg/gradle/internal/logging/events/OutputEvent;)V @ 1 c2
Event: 46.868 Thread 0x000001cd34e5b6f0 DEOPT PACKING pc=0x000001cd10f69bc8 sp=0x00000087b36fe9e0
Event: 46.868 Thread 0x000001cd34e5b6f0 DEOPT UNPACKING pc=0x000001cd107869a3 sp=0x00000087b36fe988 mode 2
Event: 46.868 Thread 0x000001cd34e5b6f0 Uncommon trap: trap_request=0xffffffde fr.pc=0x000001cd10f1e04c relative=0x00000000000032ac
Event: 46.868 Thread 0x000001cd34e5b6f0 Uncommon trap: reason=class_check action=maybe_recompile pc=0x000001cd10f1e04c method=org.gradle.internal.logging.sink.OutputEventTransformer.onOutput(Lorg/gradle/internal/logging/events/OutputEvent;)V @ 225 c2
Event: 46.868 Thread 0x000001cd34e5b6f0 DEOPT PACKING pc=0x000001cd10f1e04c sp=0x00000087b36fe8f0
Event: 46.868 Thread 0x000001cd34e5b6f0 DEOPT UNPACKING pc=0x000001cd107869a3 sp=0x00000087b36fe8e8 mode 2

Classes unloaded (0 events):
No events

Classes redefined (0 events):
No events

Internal exceptions (20 events):
Event: 38.695 Thread 0x000001cd2d9b4970 Exception <a 'java/lang/ClassNotFoundException'{0x0000000709588c70}: org/gradle/process/internal/DefaultExecAction_DecoratedBeanInfo> (0x0000000709588c70) 
thrown [s\src\hotspot\share\classfile\systemDictionary.cpp, line 256]
Event: 38.696 Thread 0x000001cd2d9b4970 Exception <a 'java/lang/ClassNotFoundException'{0x0000000709599d90}: org/gradle/process/internal/DefaultExecActionBeanInfo> (0x0000000709599d90) 
thrown [s\src\hotspot\share\classfile\systemDictionary.cpp, line 256]
Event: 38.696 Thread 0x000001cd2d9b4970 Exception <a 'java/lang/ClassNotFoundException'{0x00000007095ab7d8}: org/gradle/process/internal/DefaultExecHandleBuilderBeanInfo> (0x00000007095ab7d8) 
thrown [s\src\hotspot\share\classfile\systemDictionary.cpp, line 256]
Event: 38.697 Thread 0x000001cd2d9b4970 Exception <a 'java/lang/ClassNotFoundException'{0x00000007095bda30}: org/gradle/process/internal/AbstractExecHandleBuilderBeanInfo> (0x00000007095bda30) 
thrown [s\src\hotspot\share\classfile\systemDictionary.cpp, line 256]
Event: 38.698 Thread 0x000001cd2d9b4970 Exception <a 'java/lang/ClassNotFoundException'{0x00000007095d0240}: org/gradle/process/internal/DefaultProcessForkOptionsBeanInfo> (0x00000007095d0240) 
thrown [s\src\hotspot\share\classfile\systemDictionary.cpp, line 256]
Event: 38.699 Thread 0x000001cd2d9b4970 Exception <a 'java/lang/ClassNotFoundException'{0x00000007095e2b10}: org/gradle/process/internal/DefaultProcessForkOptionsCustomizer> (0x00000007095e2b10) 
thrown [s\src\hotspot\share\classfile\systemDictionary.cpp, line 256]
Event: 38.701 Thread 0x000001cd2d9b4970 Exception <a 'java/lang/ClassNotFoundException'{0x00000007092028a0}: org/gradle/process/internal/AbstractExecHandleBuilderCustomizer> (0x00000007092028a0) 
thrown [s\src\hotspot\share\classfile\systemDictionary.cpp, line 256]
Event: 38.702 Thread 0x000001cd2d9b4970 Exception <a 'java/lang/ClassNotFoundException'{0x0000000709226d68}: org/gradle/process/internal/DefaultExecHandleBuilderCustomizer> (0x0000000709226d68) 
thrown [s\src\hotspot\share\classfile\systemDictionary.cpp, line 256]
Event: 38.704 Thread 0x000001cd2d9b4970 Exception <a 'java/lang/ClassNotFoundException'{0x0000000709266b00}: org/gradle/process/internal/DefaultExecActionCustomizer> (0x0000000709266b00) 
thrown [s\src\hotspot\share\classfile\systemDictionary.cpp, line 256]
Event: 38.705 Thread 0x000001cd2d9b4970 Exception <a 'java/lang/ClassNotFoundException'{0x0000000709281880}: org/gradle/process/internal/DefaultExecAction_DecoratedCustomizer> (0x0000000709281880) 
thrown [s\src\hotspot\share\classfile\systemDictionary.cpp, line 256]
Event: 38.708 Thread 0x000001cd2d9b4970 Exception <a 'java/lang/ClassNotFoundException'{0x00000007092ba208}: org/gradle/api/logging/LogLevelBeanInfo> (0x00000007092ba208) 
thrown [s\src\hotspot\share\classfile\systemDictionary.cpp, line 256]
Event: 38.708 Thread 0x000001cd2d9b4970 Exception <a 'java/lang/ClassNotFoundException'{0x00000007092ca400}: org/gradle/api/logging/LogLevelCustomizer> (0x00000007092ca400) 
thrown [s\src\hotspot\share\classfile\systemDictionary.cpp, line 256]
Event: 38.713 Thread 0x000001cd2d9b4970 Exception <a 'java/lang/ClassNotFoundException'{0x000000070930f830}: org/gradle/internal/logging/services/DefaultLoggingManagerBeanInfo> (0x000000070930f830) 
thrown [s\src\hotspot\share\classfile\systemDictionary.cpp, line 256]
Event: 38.714 Thread 0x000001cd2d9b4970 Exception <a 'java/lang/ClassNotFoundException'{0x00000007093204d0}: org/gradle/internal/logging/services/DefaultLoggingManagerCustomizer> (0x00000007093204d0) 
thrown [s\src\hotspot\share\classfile\systemDictionary.cpp, line 256]
Event: 38.719 Thread 0x000001cd2d9b4970 Exception <a 'java/lang/ClassNotFoundException'{0x0000000709351a60}: java/lang/BooleanBeanInfo> (0x0000000709351a60) 
thrown [s\src\hotspot\share\classfile\systemDictionary.cpp, line 256]
Event: 38.719 Thread 0x000001cd2d9b4970 Exception <a 'java/lang/ClassNotFoundException'{0x0000000709357990}: java/lang/BooleanCustomizer> (0x0000000709357990) 
thrown [s\src\hotspot\share\classfile\systemDictionary.cpp, line 256]
Event: 38.764 Thread 0x000001cd34e5c110 Exception <a 'java/lang/NoSuchMethodError'{0x00000007093bdad8}: 'void java.lang.invoke.DirectMethodHandle$Holder.invokeStatic(java.lang.Object, long)'> (0x00000007093bdad8) 
thrown [s\src\hotspot\share\interpreter\linkResolver.cpp, line 771]
Event: 38.765 Thread 0x000001cd34e5c110 Exception <a 'java/lang/NoSuchMethodError'{0x00000007093c2e40}: 'java.lang.Object java.lang.invoke.DirectMethodHandle$Holder.newInvokeSpecial(java.lang.Object, long)'> (0x00000007093c2e40) 
thrown [s\src\hotspot\share\interpreter\linkResolver.cpp, line 771]
Event: 38.767 Thread 0x000001cd34e5c110 Exception <a 'java/lang/NoSuchMethodError'{0x00000007093c9858}: 'java.lang.Object java.lang.invoke.DirectMethodHandle$Holder.invokeStatic(java.lang.Object, java.lang.Object, long, java.lang.Object)'> (0x00000007093c9858) 
thrown [s\src\hotspot\share\interpreter\linkResolver.cpp, line 771]
Event: 38.767 Thread 0x000001cd34e5c110 Exception <a 'java/lang/NoSuchMethodError'{0x00000007093cd030}: 'java.lang.Object java.lang.invoke.DirectMethodHandle$Holder.invokeStaticInit(java.lang.Object, java.lang.Object, long, java.lang.Object)'> (0x00000007093cd030) 
thrown [s\src\hotspot\share\interpreter\linkResolver.cpp, line 771]

VM Operations (20 events):
Event: 38.450 Executing VM operation: G1CollectForAllocation
Event: 38.465 Executing VM operation: G1CollectForAllocation done
Event: 38.649 Executing VM operation: HandshakeAllThreads
Event: 38.650 Executing VM operation: HandshakeAllThreads done
Event: 38.655 Executing VM operation: HandshakeAllThreads
Event: 38.655 Executing VM operation: HandshakeAllThreads done
Event: 38.656 Executing VM operation: HandshakeAllThreads
Event: 38.657 Executing VM operation: HandshakeAllThreads done
Event: 38.770 Executing VM operation: HandshakeAllThreads
Event: 38.770 Executing VM operation: HandshakeAllThreads done
Event: 39.782 Executing VM operation: Cleanup
Event: 39.782 Executing VM operation: Cleanup done
Event: 45.837 Executing VM operation: Cleanup
Event: 45.837 Executing VM operation: Cleanup done
Event: 46.737 Executing VM operation: HandshakeAllThreads
Event: 46.737 Executing VM operation: HandshakeAllThreads done
Event: 46.864 Executing VM operation: HandshakeAllThreads
Event: 46.864 Executing VM operation: HandshakeAllThreads done
Event: 46.864 Executing VM operation: Cleanup
Event: 46.864 Executing VM operation: Cleanup done

Events (20 events):
Event: 38.719 loading class java/lang/BooleanBeanInfo
Event: 38.719 loading class java/lang/BooleanBeanInfo done
Event: 38.719 loading class java/lang/BooleanCustomizer
Event: 38.719 loading class java/lang/BooleanCustomizer done
Event: 38.719 loading class java/lang/BooleanCustomizer
Event: 38.719 loading class java/lang/BooleanCustomizer done
Event: 38.730 Thread 0x000001cd34e5c110 Thread added: 0x000001cd34e5c110
Event: 38.734 loading class java/lang/ProcessImpl
Event: 38.735 loading class java/lang/ProcessImpl done
Event: 38.765 loading class java/lang/ProcessHandleImpl
Event: 38.766 loading class java/lang/ProcessHandleImpl done
Event: 38.768 loading class java/lang/ProcessImpl$2
Event: 38.768 loading class java/lang/ProcessImpl$2 done
Event: 38.768 loading class java/lang/Process$PipeInputStream
Event: 38.769 loading class java/lang/Process$PipeInputStream done
Event: 38.770 loading class jdk/internal/event/ProcessStartEvent
Event: 38.771 loading class jdk/internal/event/ProcessStartEvent done
Event: 38.772 Thread 0x000001cd34e5b6f0 Thread added: 0x000001cd34e5b6f0
Event: 38.773 Thread 0x000001cd34e607f0 Thread added: 0x000001cd34e607f0
Event: 41.171 Thread 0x000001cd2bbe3450 Thread exited: 0x000001cd2bbe3450


Dynamic libraries:
0x00007ff7a7b20000 - 0x00007ff7a7b2a000 	C:\Program Files\Android\Android Studio\jbr\bin\java.exe
0x00007ff8c52f0000 - 0x00007ff8c54e8000 	C:\Windows\SYSTEM32\ntdll.dll
0x00007ff8c49f0000 - 0x00007ff8c4ab1000 	C:\Windows\System32\KERNEL32.DLL
0x00007ff8c2ef0000 - 0x00007ff8c31ed000 	C:\Windows\System32\KERNELBASE.dll
0x00007ff8c2c30000 - 0x00007ff8c2d30000 	C:\Windows\System32\ucrtbase.dll
0x00007ff8bc110000 - 0x00007ff8bc127000 	C:\Program Files\Android\Android Studio\jbr\bin\jli.dll
0x00007ff8bbf60000 - 0x00007ff8bbf7b000 	C:\Program Files\Android\Android Studio\jbr\bin\VCRUNTIME140.dll
0x00007ff8c47b0000 - 0x00007ff8c494d000 	C:\Windows\System32\USER32.dll
0x00007ff8c29a0000 - 0x00007ff8c29c2000 	C:\Windows\System32\win32u.dll
0x00007ff8aad70000 - 0x00007ff8ab00a000 	C:\Windows\WinSxS\amd64_microsoft.windows.common-controls_6595b64144ccf1df_6.0.19041.4355_none_60b8b9eb71f62e16\COMCTL32.dll
0x00007ff8c4b30000 - 0x00007ff8c4b5b000 	C:\Windows\System32\GDI32.dll
0x00007ff8c4950000 - 0x00007ff8c49ee000 	C:\Windows\System32\msvcrt.dll
0x00007ff8c2d30000 - 0x00007ff8c2e47000 	C:\Windows\System32\gdi32full.dll
0x00007ff8c3280000 - 0x00007ff8c331d000 	C:\Windows\System32\msvcp_win.dll
0x00007ff8c4bc0000 - 0x00007ff8c4bef000 	C:\Windows\System32\IMM32.DLL
0x00007ff8bce20000 - 0x00007ff8bce2c000 	C:\Program Files\Android\Android Studio\jbr\bin\vcruntime140_1.dll
0x00007ff8abda0000 - 0x00007ff8abe2d000 	C:\Program Files\Android\Android Studio\jbr\bin\msvcp140.dll
0x00007ff876960000 - 0x00007ff8775e3000 	C:\Program Files\Android\Android Studio\jbr\bin\server\jvm.dll
0x00007ff8c3320000 - 0x00007ff8c33d0000 	C:\Windows\System32\ADVAPI32.dll
0x00007ff8c3be0000 - 0x00007ff8c3c80000 	C:\Windows\System32\sechost.dll
0x00007ff8c4bf0000 - 0x00007ff8c4d13000 	C:\Windows\System32\RPCRT4.dll
0x00007ff8c2ec0000 - 0x00007ff8c2ee7000 	C:\Windows\System32\bcrypt.dll
0x00007ff8c27f0000 - 0x00007ff8c283b000 	C:\Windows\SYSTEM32\POWRPROF.dll
0x00007ff8bf550000 - 0x00007ff8bf559000 	C:\Windows\SYSTEM32\WSOCK32.dll
0x00007ff8c4ac0000 - 0x00007ff8c4b2b000 	C:\Windows\System32\WS2_32.dll
0x00007ff8b2dc0000 - 0x00007ff8b2de7000 	C:\Windows\SYSTEM32\WINMM.dll
0x00007ff8b2c10000 - 0x00007ff8b2c1a000 	C:\Windows\SYSTEM32\VERSION.dll
0x00007ff8c27d0000 - 0x00007ff8c27e2000 	C:\Windows\SYSTEM32\UMPDC.dll
0x00007ff8c0820000 - 0x00007ff8c0832000 	C:\Windows\SYSTEM32\kernel.appcore.dll
0x00007ff8bc960000 - 0x00007ff8bc96a000 	C:\Program Files\Android\Android Studio\jbr\bin\jimage.dll
0x00007ff8a78b0000 - 0x00007ff8a7a94000 	C:\Windows\SYSTEM32\DBGHELP.DLL
0x00007ff8a8e70000 - 0x00007ff8a8ea4000 	C:\Windows\SYSTEM32\dbgcore.DLL
0x00007ff8c31f0000 - 0x00007ff8c3272000 	C:\Windows\System32\bcryptPrimitives.dll
0x00007ff8bb5d0000 - 0x00007ff8bb5f5000 	C:\Program Files\Android\Android Studio\jbr\bin\java.dll
0x00007ff8bbd70000 - 0x00007ff8bbd88000 	C:\Program Files\Android\Android Studio\jbr\bin\zip.dll
0x00007ff8c3ce0000 - 0x00007ff8c444f000 	C:\Windows\System32\SHELL32.dll
0x00007ff8c0a20000 - 0x00007ff8c11bf000 	C:\Windows\SYSTEM32\windows.storage.dll
0x00007ff8c4450000 - 0x00007ff8c47a3000 	C:\Windows\System32\combase.dll
0x00007ff8c22f0000 - 0x00007ff8c231e000 	C:\Windows\SYSTEM32\Wldp.dll
0x00007ff8c3920000 - 0x00007ff8c39ed000 	C:\Windows\System32\OLEAUT32.dll
0x00007ff8c3b30000 - 0x00007ff8c3bdd000 	C:\Windows\System32\SHCORE.dll
0x00007ff8c33d0000 - 0x00007ff8c3425000 	C:\Windows\System32\shlwapi.dll
0x00007ff8c28d0000 - 0x00007ff8c28f4000 	C:\Windows\SYSTEM32\profapi.dll
0x00007ff8bb5b0000 - 0x00007ff8bb5c9000 	C:\Program Files\Android\Android Studio\jbr\bin\net.dll
0x00007ff8bad10000 - 0x00007ff8bae1d000 	C:\Windows\SYSTEM32\WINHTTP.dll
0x00007ff8c2050000 - 0x00007ff8c20ba000 	C:\Windows\system32\mswsock.dll
0x00007ff8b17a0000 - 0x00007ff8b17b6000 	C:\Program Files\Android\Android Studio\jbr\bin\nio.dll
0x00007ff8bc3a0000 - 0x00007ff8bc3b0000 	C:\Program Files\Android\Android Studio\jbr\bin\verify.dll
0x00007ff8b02d0000 - 0x00007ff8b02f7000 	C:\Users\maged\.gradle\native\c067742578af261105cb4f569cf0c3c89f3d7b1fecec35dd04571415982c5e48\windows-amd64\native-platform.dll
0x00007ff8a6940000 - 0x00007ff8a6a84000 	C:\Users\maged\.gradle\native\38dada09dfb8b06ba9b0570ebf7e218e3eb74d4ef43ca46872605cf95ebc2f47\windows-amd64\native-platform-file-events.dll
0x00007ff8bbf50000 - 0x00007ff8bbf59000 	C:\Program Files\Android\Android Studio\jbr\bin\management.dll
0x00007ff8bbf20000 - 0x00007ff8bbf2b000 	C:\Program Files\Android\Android Studio\jbr\bin\management_ext.dll
0x00007ff8c3b20000 - 0x00007ff8c3b28000 	C:\Windows\System32\PSAPI.DLL
0x00007ff8c2250000 - 0x00007ff8c2268000 	C:\Windows\SYSTEM32\CRYPTSP.dll
0x00007ff8c1970000 - 0x00007ff8c19a4000 	C:\Windows\system32\rsaenh.dll
0x00007ff8c2840000 - 0x00007ff8c286e000 	C:\Windows\SYSTEM32\USERENV.dll
0x00007ff8c2240000 - 0x00007ff8c224c000 	C:\Windows\SYSTEM32\CRYPTBASE.dll
0x00007ff8c1d30000 - 0x00007ff8c1d6b000 	C:\Windows\SYSTEM32\IPHLPAPI.DLL
0x00007ff8c3a00000 - 0x00007ff8c3a08000 	C:\Windows\System32\NSI.dll
0x00007ff8bb600000 - 0x00007ff8bb617000 	C:\Windows\SYSTEM32\dhcpcsvc6.DLL
0x00007ff8bb8c0000 - 0x00007ff8bb8dd000 	C:\Windows\SYSTEM32\dhcpcsvc.DLL
0x00007ff8c1d70000 - 0x00007ff8c1e3a000 	C:\Windows\SYSTEM32\DNSAPI.dll
0x00007ff8b7d20000 - 0x00007ff8b7d29000 	C:\Program Files\Android\Android Studio\jbr\bin\extnet.dll
0x00007ff8bf500000 - 0x00007ff8bf507000 	C:\Windows\system32\wshunix.dll

dbghelp: loaded successfully - version: 4.0.5 - missing functions: none
symbol engine: initialized successfully - sym options: 0x614 - pdb path: .;C:\Program Files\Android\Android Studio\jbr\bin;C:\Windows\SYSTEM32;C:\Windows\WinSxS\amd64_microsoft.windows.common-controls_6595b64144ccf1df_6.0.19041.4355_none_60b8b9eb71f62e16;C:\Program Files\Android\Android Studio\jbr\bin\server;C:\Users\maged\.gradle\native\c067742578af261105cb4f569cf0c3c89f3d7b1fecec35dd04571415982c5e48\windows-amd64;C:\Users\maged\.gradle\native\38dada09dfb8b06ba9b0570ebf7e218e3eb74d4ef43ca46872605cf95ebc2f47\windows-amd64

VM Arguments:
jvm_args: -XX:+HeapDumpOnOutOfMemoryError --add-opens=java.base/java.util=ALL-UNNAMED --add-opens=java.base/java.lang=ALL-UNNAMED --add-opens=java.base/java.lang.invoke=ALL-UNNAMED --add-opens=java.prefs/java.util.prefs=ALL-UNNAMED --add-opens=java.base/java.nio.charset=ALL-UNNAMED --add-opens=java.base/java.net=ALL-UNNAMED --add-opens=java.base/java.util.concurrent.atomic=ALL-UNNAMED -Xmx4G -Dfile.encoding=windows-1252 -Duser.country=US -Duser.language=en -Duser.variant 
java_command: org.gradle.launcher.daemon.bootstrap.GradleDaemon 7.6.3
java_class_path (initial): C:\Users\maged\.gradle\wrapper\dists\gradle-7.6.3-all\aocdy2d2z8kodnny3rsumj8i8\gradle-7.6.3\lib\gradle-launcher-7.6.3.jar
Launcher Type: SUN_STANDARD

[Global flags]
     intx CICompilerCount                          = 3                                         {product} {ergonomic}
     uint ConcGCThreads                            = 1                                         {product} {ergonomic}
     uint G1ConcRefinementThreads                  = 4                                         {product} {ergonomic}
   size_t G1HeapRegionSize                         = 2097152                                   {product} {ergonomic}
    uintx GCDrainStackTargetSize                   = 64                                        {product} {ergonomic}
     bool HeapDumpOnOutOfMemoryError               = true                                   {manageable} {command line}
   size_t InitialHeapSize                          = 100663296                                 {product} {ergonomic}
   size_t MarkStackSize                            = 4194304                                   {product} {ergonomic}
   size_t MaxHeapSize                              = 4294967296                                {product} {command line}
   size_t MaxNewSize                               = 2575302656                                {product} {ergonomic}
   size_t MinHeapDeltaBytes                        = 2097152                                   {product} {ergonomic}
   size_t MinHeapSize                              = 8388608                                   {product} {ergonomic}
    uintx NonNMethodCodeHeapSize                   = 5832780                                {pd product} {ergonomic}
    uintx NonProfiledCodeHeapSize                  = 122912730                              {pd product} {ergonomic}
    uintx ProfiledCodeHeapSize                     = 122912730                              {pd product} {ergonomic}
    uintx ReservedCodeCacheSize                    = 251658240                              {pd product} {ergonomic}
     bool SegmentedCodeCache                       = true                                      {product} {ergonomic}
   size_t SoftMaxHeapSize                          = 4294967296                             {manageable} {ergonomic}
     bool UseCompressedClassPointers               = true                           {product lp64_product} {ergonomic}
     bool UseCompressedOops                        = true                           {product lp64_product} {ergonomic}
     bool UseG1GC                                  = true                                      {product} {ergonomic}
     bool UseLargePagesIndividualAllocation        = false                                  {pd product} {ergonomic}

Logging:
Log output configuration:
 #0: stdout all=warning uptime,level,tags
 #1: stderr all=off uptime,level,tags

Environment Variables:
JAVA_HOME=C:\Program Files\Android\Android Studio\jbr
CLASSPATH=D:\flutterApps\training\UIS_Personal-main\android\\gradle\wrapper\gradle-wrapper.jar
PATH=C:\Program Files\Android\Android Studio\jbr\bin;C:\src\flutter\bin\;C:\Program Files\Common Files\Oracle\Java\javapath;C:\Windows\system32;C:\Windows;C:\Windows\System32\Wbem;C:\Windows\System32\WindowsPowerShell\v1.0\;C:\Windows\System32\OpenSSH\;C:\Program Files\Git\cmd;C:\Program Files\nodejs\;C:\Users\maged\AppData\Local\Microsoft\WindowsApps;C:\src\flutter\bin;C:\src\flutter\bin;C:\Users\maged\AppData\Local\GitHubDesktop\bin;C:\Users\maged\AppData\Local\Pub\Cache\bin;C:\Users\maged\AppData\Roaming\npm;C:\Users\maged\AppData\Local\Programs\Microsoft VS Code\bin;C:\src\flutter\bin\mingit\cmd
USERNAME=maged
LANG=en_US.UTF-8
OS=Windows_NT
PROCESSOR_IDENTIFIER=Intel64 Family 6 Model 42 Stepping 7, GenuineIntel
TMP=C:\Users\maged\AppData\Local\Temp
TEMP=C:\Users\maged\AppData\Local\Temp



Periodic native trim disabled

JNI global refs:
JNI global refs: 26, weak refs: 5

JNI global refs memory usage: 843, weak refs: 841

OOME stack traces (most recent first):
Classloader memory used:
Loader org.gradle.internal.classloader.VisitableURLClassLoader                         : 4903K
Loader bootstrap                                                                       : 3013K
Loader org.gradle.internal.classloader.VisitableURLClassLoader                         : 2919K
Loader org.gradle.initialization.MixInLegacyTypesClassLoader                           : 1276K
Loader jdk.internal.loader.ClassLoaders$PlatformClassLoader                            : 65844B
Loader jdk.internal.reflect.DelegatingClassLoader                                      : 48290B
Loader jdk.internal.loader.ClassLoaders$AppClassLoader                                 : 26009B
Loader org.codehaus.groovy.runtime.callsite.CallSiteClassLoader                        : 25683B
Loader org.gradle.groovy.scripts.internal.DefaultScriptCompilationHandler$ScriptClassLoader: 22691B
Loader sun.reflect.misc.MethodUtil                                                     : 373B


[error occurred during error reporting (Classloader stats), id 0xe0000001, Out of Memory Error (s\src\hotspot\share\memory\arena.cpp:79)]


---------------  S Y S T E M  ---------------

OS:
 Windows 10 , 64 bit Build 19041 (10.0.19041.4717)
OS uptime: 0 days 1:55 hours

CPU: total 4 (initial active 4) (2 cores per cpu, 2 threads per core) family 6 model 42 stepping 7 microcode 0x2f, cx8, cmov, fxsr, ht, mmx, sse, sse2, sse3, ssse3, sse4.1, sse4.2, popcnt, tsc, tscinvbit, avx, aes, clmul, vzeroupper, clflush
Processor Information for all 4 processors :
  Max Mhz: 2301, Current Mhz: 2301, Mhz Limit: 2301

Memory: 4k page, system-wide physical 6051M (444M free)
TotalPageFile size 8099M (AvailPageFile size 1M)
current process WorkingSet (physical memory assigned to process): 384M, peak: 414M
current process commit charge ("private bytes"): 412M, peak: 443M

vm_info: OpenJDK 64-Bit Server VM (17.0.10+0--11572160) for windows-amd64 JRE (17.0.10+0--11572160), built on Mar 13 2024 23:56:38 by "androidbuild" with MS VC++ 16.10 / 16.11 (VS2019)

END.
