#
# There is insufficient memory for the Java Runtime Environment to continue.
# Native memory allocation (malloc) failed to allocate 54736 bytes for Chunk::new
# Possible reasons:
#   The system is out of physical RAM or swap space
#   The process is running with CompressedOops enabled, and the Java Heap may be blocking the growth of the native heap
# Possible solutions:
#   Reduce memory load on the system
#   Increase physical memory or swap space
#   Check if swap backing store is full
#   Decrease Java heap size (-Xmx/-Xms)
#   Decrease number of Java threads
#   Decrease Java thread stack sizes (-Xss)
#   Set larger code cache with -XX:ReservedCodeCacheSize=
#   JVM is running with Unscaled Compressed Oops mode in which the Java heap is
#     placed in the first 4GB address space. The Java Heap base address is the
#     maximum limit for the native heap growth. Please use -XX:HeapBaseMinAddress
#     to set the Java Heap base and to place the Java Heap above 4GB virtual address.
# This output file may be truncated or incomplete.
#
#  Out of Memory Error (arena.cpp:191), pid=5360, tid=2468
#
# JRE version: OpenJDK Runtime Environment (17.0.10) (build 17.0.10+0--11572160)
# Java VM: OpenJDK 64-Bit Server VM (17.0.10+0--11572160, mixed mode, tiered, compressed oops, compressed class ptrs, g1 gc, windows-amd64)
# No core dump will be written. Minidumps are not enabled by default on client versions of Windows
#

---------------  S U M M A R Y ------------

Command Line: -Dorg.gradle.appname=gradlew org.gradle.wrapper.GradleWrapperMain -q -Ptarget-platform=android-arm,android-arm64,android-x64 -Ptarget=lib\main.dart -Pbase-application-name=android.app.Application -Pdart-obfuscation=false -Ptrack-widget-creation=true -Ptree-shake-icons=true -Psplit-per-abi=true assembleRelease

Host: Intel(R) Core(TM) i5-2410M CPU @ 2.30GHz, 4 cores, 5G,  Windows 10 , 64 bit Build 19041 (10.0.19041.4717)
Time: Thu Sep  5 06:44:00 2024 Egypt Daylight Time elapsed time: 0.478493 seconds (0d 0h 0m 0s)

---------------  T H R E A D  ---------------

Current thread (0x000001f56d17d250):  JavaThread "C2 CompilerThread0" daemon [_thread_in_native, id=2468, stack(0x0000006b4fe00000,0x0000006b4ff00000)]


Current CompileTask:
C2:    478  250 %     4       java.util.zip.ZipCoder$UTF8ZipCoder::checkedHash @ 14 (91 bytes)

Stack: [0x0000006b4fe00000,0x0000006b4ff00000]
Native frames: (J=compiled Java code, j=interpreted, Vv=VM code, C=native code)
V  [jvm.dll+0x688e89]
V  [jvm.dll+0x84247a]
V  [jvm.dll+0x8440be]
V  [jvm.dll+0x844723]
V  [jvm.dll+0x24be0f]
V  [jvm.dll+0xac524]
V  [jvm.dll+0xacb6c]
V  [jvm.dll+0x36bd12]
V  [jvm.dll+0x33615a]
V  [jvm.dll+0x3355fa]
V  [jvm.dll+0x21daa1]
V  [jvm.dll+0x21cec1]
V  [jvm.dll+0x1a60ad]
V  [jvm.dll+0x22cd78]
V  [jvm.dll+0x22aeb0]
V  [jvm.dll+0x7f6917]
V  [jvm.dll+0x7f0d1a]
V  [jvm.dll+0x687d05]
C  [ucrtbase.dll+0x21bb2]
C  [KERNEL32.DLL+0x17374]
C  [ntdll.dll+0x4cc91]


---------------  P R O C E S S  ---------------

Threads class SMR info:
_java_thread_list=0x000001f56d2f4330, length=12, elements={
0x000001f554cd20a0, 0x000001f56cf08610, 0x000001f56cf0bc50, 0x000001f56cf2f550,
0x000001f56cf31030, 0x000001f56cf345a0, 0x000001f56d178810, 0x000001f56d17d250,
0x000001f56d17e4a0, 0x000001f56d17fe20, 0x000001f56d2e9160, 0x000001f56d301ea0
}

Java Threads: ( => current thread )
  0x000001f554cd20a0 JavaThread "main" [_thread_in_vm, id=5804, stack(0x0000006b4f100000,0x0000006b4f200000)]
  0x000001f56cf08610 JavaThread "Reference Handler" daemon [_thread_blocked, id=8092, stack(0x0000006b4f800000,0x0000006b4f900000)]
  0x000001f56cf0bc50 JavaThread "Finalizer" daemon [_thread_blocked, id=8768, stack(0x0000006b4f900000,0x0000006b4fa00000)]
  0x000001f56cf2f550 JavaThread "Signal Dispatcher" daemon [_thread_blocked, id=8868, stack(0x0000006b4fa00000,0x0000006b4fb00000)]
  0x000001f56cf31030 JavaThread "Attach Listener" daemon [_thread_blocked, id=3272, stack(0x0000006b4fb00000,0x0000006b4fc00000)]
  0x000001f56cf345a0 JavaThread "Service Thread" daemon [_thread_blocked, id=7068, stack(0x0000006b4fc00000,0x0000006b4fd00000)]
  0x000001f56d178810 JavaThread "Monitor Deflation Thread" daemon [_thread_blocked, id=8072, stack(0x0000006b4fd00000,0x0000006b4fe00000)]
=>0x000001f56d17d250 JavaThread "C2 CompilerThread0" daemon [_thread_in_native, id=2468, stack(0x0000006b4fe00000,0x0000006b4ff00000)]
  0x000001f56d17e4a0 JavaThread "C1 CompilerThread0" daemon [_thread_in_vm, id=3616, stack(0x0000006b4ff00000,0x0000006b50000000)]
  0x000001f56d17fe20 JavaThread "Sweeper thread" daemon [_thread_blocked, id=10640, stack(0x0000006b50000000,0x0000006b50100000)]
  0x000001f56d2e9160 JavaThread "Notification Thread" daemon [_thread_blocked, id=4612, stack(0x0000006b50100000,0x0000006b50200000)]
  0x000001f56d301ea0 JavaThread "Common-Cleaner" daemon [_thread_blocked, id=3092, stack(0x0000006b50300000,0x0000006b50400000)]

Other Threads:
  0x000001f56ce7ef90 VMThread "VM Thread" [stack: 0x0000006b4f700000,0x0000006b4f800000] [id=4572]
  0x000001f56d2ae130 WatcherThread [stack: 0x0000006b50200000,0x0000006b50300000] [id=6344]
  0x000001f554d1b150 GCTaskThread "GC Thread#0" [stack: 0x0000006b4f200000,0x0000006b4f300000] [id=8724]
  0x000001f554d27de0 ConcurrentGCThread "G1 Main Marker" [stack: 0x0000006b4f300000,0x0000006b4f400000] [id=8896]
  0x000001f554d28800 ConcurrentGCThread "G1 Conc#0" [stack: 0x0000006b4f400000,0x0000006b4f500000] [id=1888]
  0x000001f554d87b70 ConcurrentGCThread "G1 Refine#0" [stack: 0x0000006b4f500000,0x0000006b4f600000] [id=12192]
  0x000001f554d895b0 ConcurrentGCThread "G1 Service" [stack: 0x0000006b4f600000,0x0000006b4f700000] [id=9872]

Threads with active compile tasks:
C2 CompilerThread0      515  250 %     4       java.util.zip.ZipCoder$UTF8ZipCoder::checkedHash @ 14 (91 bytes)
C1 CompilerThread0      516  275       3       java.lang.String::replace (42 bytes)

VM state: not at safepoint (normal execution)

VM Mutex/Monitor currently owned by a thread:  ([mutex/lock_event])
[0x000001f552bf8e70] Metaspace_lock - owner thread: 0x000001f56d17e4a0
[0x000001f554cd04a0] MethodData_lock - owner thread: 0x000001f56d17e4a0

Heap address: 0x00000000a1600000, size: 1514 MB, Compressed Oops mode: 32-bit

CDS archive(s) not mapped
Compressed class space mapped at: 0x0000000100000000-0x0000000140000000, reserved size: 1073741824
Narrow klass base: 0x0000000000000000, Narrow klass shift: 3, Narrow klass range: 0x140000000

GC Precious Log:
 CPUs: 4 total, 4 available
 Memory: 6051M
 Large Page Support: Disabled
 NUMA Support: Disabled
 Compressed Oops: Enabled (32-bit)
 Heap Region Size: 1M
 Heap Min Capacity: 8M
 Heap Initial Capacity: 96M
 Heap Max Capacity: 1514M
 Pre-touch: Disabled
 Parallel Workers: 4
 Concurrent Workers: 1
 Concurrent Refinement Workers: 4
 Periodic GC: Disabled

Heap:
 garbage-first heap   total 98304K, used 3072K [0x00000000a1600000, 0x0000000100000000)
  region size 1024K, 4 young (4096K), 0 survivors (0K)
 Metaspace       used 7923K, committed 8000K, reserved 1114112K
  class space    used 698K, committed 768K, reserved 1048576K

Heap Regions: E=young(eden), S=young(survivor), O=old, HS=humongous(starts), HC=humongous(continues), CS=collection set, F=free, OA=open archive, CA=closed archive, TAMS=top-at-mark-start (previous, next)
|   0|0x00000000a1600000, 0x00000000a1600000, 0x00000000a1700000|  0%| F|  |TAMS 0x00000000a1600000, 0x00000000a1600000| Untracked 
|   1|0x00000000a1700000, 0x00000000a1700000, 0x00000000a1800000|  0%| F|  |TAMS 0x00000000a1700000, 0x00000000a1700000| Untracked 
|   2|0x00000000a1800000, 0x00000000a1800000, 0x00000000a1900000|  0%| F|  |TAMS 0x00000000a1800000, 0x00000000a1800000| Untracked 
|   3|0x00000000a1900000, 0x00000000a1900000, 0x00000000a1a00000|  0%| F|  |TAMS 0x00000000a1900000, 0x00000000a1900000| Untracked 
|   4|0x00000000a1a00000, 0x00000000a1a00000, 0x00000000a1b00000|  0%| F|  |TAMS 0x00000000a1a00000, 0x00000000a1a00000| Untracked 
|   5|0x00000000a1b00000, 0x00000000a1b00000, 0x00000000a1c00000|  0%| F|  |TAMS 0x00000000a1b00000, 0x00000000a1b00000| Untracked 
|   6|0x00000000a1c00000, 0x00000000a1c00000, 0x00000000a1d00000|  0%| F|  |TAMS 0x00000000a1c00000, 0x00000000a1c00000| Untracked 
|   7|0x00000000a1d00000, 0x00000000a1d00000, 0x00000000a1e00000|  0%| F|  |TAMS 0x00000000a1d00000, 0x00000000a1d00000| Untracked 
|   8|0x00000000a1e00000, 0x00000000a1e00000, 0x00000000a1f00000|  0%| F|  |TAMS 0x00000000a1e00000, 0x00000000a1e00000| Untracked 
|   9|0x00000000a1f00000, 0x00000000a1f00000, 0x00000000a2000000|  0%| F|  |TAMS 0x00000000a1f00000, 0x00000000a1f00000| Untracked 
|  10|0x00000000a2000000, 0x00000000a2000000, 0x00000000a2100000|  0%| F|  |TAMS 0x00000000a2000000, 0x00000000a2000000| Untracked 
|  11|0x00000000a2100000, 0x00000000a2100000, 0x00000000a2200000|  0%| F|  |TAMS 0x00000000a2100000, 0x00000000a2100000| Untracked 
|  12|0x00000000a2200000, 0x00000000a2200000, 0x00000000a2300000|  0%| F|  |TAMS 0x00000000a2200000, 0x00000000a2200000| Untracked 
|  13|0x00000000a2300000, 0x00000000a2300000, 0x00000000a2400000|  0%| F|  |TAMS 0x00000000a2300000, 0x00000000a2300000| Untracked 
|  14|0x00000000a2400000, 0x00000000a2400000, 0x00000000a2500000|  0%| F|  |TAMS 0x00000000a2400000, 0x00000000a2400000| Untracked 
|  15|0x00000000a2500000, 0x00000000a2500000, 0x00000000a2600000|  0%| F|  |TAMS 0x00000000a2500000, 0x00000000a2500000| Untracked 
|  16|0x00000000a2600000, 0x00000000a2600000, 0x00000000a2700000|  0%| F|  |TAMS 0x00000000a2600000, 0x00000000a2600000| Untracked 
|  17|0x00000000a2700000, 0x00000000a2700000, 0x00000000a2800000|  0%| F|  |TAMS 0x00000000a2700000, 0x00000000a2700000| Untracked 
|  18|0x00000000a2800000, 0x00000000a2800000, 0x00000000a2900000|  0%| F|  |TAMS 0x00000000a2800000, 0x00000000a2800000| Untracked 
|  19|0x00000000a2900000, 0x00000000a2900000, 0x00000000a2a00000|  0%| F|  |TAMS 0x00000000a2900000, 0x00000000a2900000| Untracked 
|  20|0x00000000a2a00000, 0x00000000a2a00000, 0x00000000a2b00000|  0%| F|  |TAMS 0x00000000a2a00000, 0x00000000a2a00000| Untracked 
|  21|0x00000000a2b00000, 0x00000000a2b00000, 0x00000000a2c00000|  0%| F|  |TAMS 0x00000000a2b00000, 0x00000000a2b00000| Untracked 
|  22|0x00000000a2c00000, 0x00000000a2c00000, 0x00000000a2d00000|  0%| F|  |TAMS 0x00000000a2c00000, 0x00000000a2c00000| Untracked 
|  23|0x00000000a2d00000, 0x00000000a2d00000, 0x00000000a2e00000|  0%| F|  |TAMS 0x00000000a2d00000, 0x00000000a2d00000| Untracked 
|  24|0x00000000a2e00000, 0x00000000a2e00000, 0x00000000a2f00000|  0%| F|  |TAMS 0x00000000a2e00000, 0x00000000a2e00000| Untracked 
|  25|0x00000000a2f00000, 0x00000000a2f00000, 0x00000000a3000000|  0%| F|  |TAMS 0x00000000a2f00000, 0x00000000a2f00000| Untracked 
|  26|0x00000000a3000000, 0x00000000a3000000, 0x00000000a3100000|  0%| F|  |TAMS 0x00000000a3000000, 0x00000000a3000000| Untracked 
|  27|0x00000000a3100000, 0x00000000a3100000, 0x00000000a3200000|  0%| F|  |TAMS 0x00000000a3100000, 0x00000000a3100000| Untracked 
|  28|0x00000000a3200000, 0x00000000a3200000, 0x00000000a3300000|  0%| F|  |TAMS 0x00000000a3200000, 0x00000000a3200000| Untracked 
|  29|0x00000000a3300000, 0x00000000a3300000, 0x00000000a3400000|  0%| F|  |TAMS 0x00000000a3300000, 0x00000000a3300000| Untracked 
|  30|0x00000000a3400000, 0x00000000a3400000, 0x00000000a3500000|  0%| F|  |TAMS 0x00000000a3400000, 0x00000000a3400000| Untracked 
|  31|0x00000000a3500000, 0x00000000a3500000, 0x00000000a3600000|  0%| F|  |TAMS 0x00000000a3500000, 0x00000000a3500000| Untracked 
|  32|0x00000000a3600000, 0x00000000a3600000, 0x00000000a3700000|  0%| F|  |TAMS 0x00000000a3600000, 0x00000000a3600000| Untracked 
|  33|0x00000000a3700000, 0x00000000a3700000, 0x00000000a3800000|  0%| F|  |TAMS 0x00000000a3700000, 0x00000000a3700000| Untracked 
|  34|0x00000000a3800000, 0x00000000a3800000, 0x00000000a3900000|  0%| F|  |TAMS 0x00000000a3800000, 0x00000000a3800000| Untracked 
|  35|0x00000000a3900000, 0x00000000a3900000, 0x00000000a3a00000|  0%| F|  |TAMS 0x00000000a3900000, 0x00000000a3900000| Untracked 
|  36|0x00000000a3a00000, 0x00000000a3a00000, 0x00000000a3b00000|  0%| F|  |TAMS 0x00000000a3a00000, 0x00000000a3a00000| Untracked 
|  37|0x00000000a3b00000, 0x00000000a3b00000, 0x00000000a3c00000|  0%| F|  |TAMS 0x00000000a3b00000, 0x00000000a3b00000| Untracked 
|  38|0x00000000a3c00000, 0x00000000a3c00000, 0x00000000a3d00000|  0%| F|  |TAMS 0x00000000a3c00000, 0x00000000a3c00000| Untracked 
|  39|0x00000000a3d00000, 0x00000000a3d00000, 0x00000000a3e00000|  0%| F|  |TAMS 0x00000000a3d00000, 0x00000000a3d00000| Untracked 
|  40|0x00000000a3e00000, 0x00000000a3e00000, 0x00000000a3f00000|  0%| F|  |TAMS 0x00000000a3e00000, 0x00000000a3e00000| Untracked 
|  41|0x00000000a3f00000, 0x00000000a3f00000, 0x00000000a4000000|  0%| F|  |TAMS 0x00000000a3f00000, 0x00000000a3f00000| Untracked 
|  42|0x00000000a4000000, 0x00000000a4000000, 0x00000000a4100000|  0%| F|  |TAMS 0x00000000a4000000, 0x00000000a4000000| Untracked 
|  43|0x00000000a4100000, 0x00000000a4100000, 0x00000000a4200000|  0%| F|  |TAMS 0x00000000a4100000, 0x00000000a4100000| Untracked 
|  44|0x00000000a4200000, 0x00000000a4200000, 0x00000000a4300000|  0%| F|  |TAMS 0x00000000a4200000, 0x00000000a4200000| Untracked 
|  45|0x00000000a4300000, 0x00000000a4300000, 0x00000000a4400000|  0%| F|  |TAMS 0x00000000a4300000, 0x00000000a4300000| Untracked 
|  46|0x00000000a4400000, 0x00000000a4400000, 0x00000000a4500000|  0%| F|  |TAMS 0x00000000a4400000, 0x00000000a4400000| Untracked 
|  47|0x00000000a4500000, 0x00000000a4500000, 0x00000000a4600000|  0%| F|  |TAMS 0x00000000a4500000, 0x00000000a4500000| Untracked 
|  48|0x00000000a4600000, 0x00000000a4600000, 0x00000000a4700000|  0%| F|  |TAMS 0x00000000a4600000, 0x00000000a4600000| Untracked 
|  49|0x00000000a4700000, 0x00000000a4700000, 0x00000000a4800000|  0%| F|  |TAMS 0x00000000a4700000, 0x00000000a4700000| Untracked 
|  50|0x00000000a4800000, 0x00000000a4800000, 0x00000000a4900000|  0%| F|  |TAMS 0x00000000a4800000, 0x00000000a4800000| Untracked 
|  51|0x00000000a4900000, 0x00000000a4900000, 0x00000000a4a00000|  0%| F|  |TAMS 0x00000000a4900000, 0x00000000a4900000| Untracked 
|  52|0x00000000a4a00000, 0x00000000a4a00000, 0x00000000a4b00000|  0%| F|  |TAMS 0x00000000a4a00000, 0x00000000a4a00000| Untracked 
|  53|0x00000000a4b00000, 0x00000000a4b00000, 0x00000000a4c00000|  0%| F|  |TAMS 0x00000000a4b00000, 0x00000000a4b00000| Untracked 
|  54|0x00000000a4c00000, 0x00000000a4c00000, 0x00000000a4d00000|  0%| F|  |TAMS 0x00000000a4c00000, 0x00000000a4c00000| Untracked 
|  55|0x00000000a4d00000, 0x00000000a4d00000, 0x00000000a4e00000|  0%| F|  |TAMS 0x00000000a4d00000, 0x00000000a4d00000| Untracked 
|  56|0x00000000a4e00000, 0x00000000a4e00000, 0x00000000a4f00000|  0%| F|  |TAMS 0x00000000a4e00000, 0x00000000a4e00000| Untracked 
|  57|0x00000000a4f00000, 0x00000000a4f00000, 0x00000000a5000000|  0%| F|  |TAMS 0x00000000a4f00000, 0x00000000a4f00000| Untracked 
|  58|0x00000000a5000000, 0x00000000a5000000, 0x00000000a5100000|  0%| F|  |TAMS 0x00000000a5000000, 0x00000000a5000000| Untracked 
|  59|0x00000000a5100000, 0x00000000a5100000, 0x00000000a5200000|  0%| F|  |TAMS 0x00000000a5100000, 0x00000000a5100000| Untracked 
|  60|0x00000000a5200000, 0x00000000a5200000, 0x00000000a5300000|  0%| F|  |TAMS 0x00000000a5200000, 0x00000000a5200000| Untracked 
|  61|0x00000000a5300000, 0x00000000a5300000, 0x00000000a5400000|  0%| F|  |TAMS 0x00000000a5300000, 0x00000000a5300000| Untracked 
|  62|0x00000000a5400000, 0x00000000a5400000, 0x00000000a5500000|  0%| F|  |TAMS 0x00000000a5400000, 0x00000000a5400000| Untracked 
|  63|0x00000000a5500000, 0x00000000a5500000, 0x00000000a5600000|  0%| F|  |TAMS 0x00000000a5500000, 0x00000000a5500000| Untracked 
|  64|0x00000000a5600000, 0x00000000a5600000, 0x00000000a5700000|  0%| F|  |TAMS 0x00000000a5600000, 0x00000000a5600000| Untracked 
|  65|0x00000000a5700000, 0x00000000a5700000, 0x00000000a5800000|  0%| F|  |TAMS 0x00000000a5700000, 0x00000000a5700000| Untracked 
|  66|0x00000000a5800000, 0x00000000a5800000, 0x00000000a5900000|  0%| F|  |TAMS 0x00000000a5800000, 0x00000000a5800000| Untracked 
|  67|0x00000000a5900000, 0x00000000a5900000, 0x00000000a5a00000|  0%| F|  |TAMS 0x00000000a5900000, 0x00000000a5900000| Untracked 
|  68|0x00000000a5a00000, 0x00000000a5a00000, 0x00000000a5b00000|  0%| F|  |TAMS 0x00000000a5a00000, 0x00000000a5a00000| Untracked 
|  69|0x00000000a5b00000, 0x00000000a5b00000, 0x00000000a5c00000|  0%| F|  |TAMS 0x00000000a5b00000, 0x00000000a5b00000| Untracked 
|  70|0x00000000a5c00000, 0x00000000a5c00000, 0x00000000a5d00000|  0%| F|  |TAMS 0x00000000a5c00000, 0x00000000a5c00000| Untracked 
|  71|0x00000000a5d00000, 0x00000000a5d00000, 0x00000000a5e00000|  0%| F|  |TAMS 0x00000000a5d00000, 0x00000000a5d00000| Untracked 
|  72|0x00000000a5e00000, 0x00000000a5e00000, 0x00000000a5f00000|  0%| F|  |TAMS 0x00000000a5e00000, 0x00000000a5e00000| Untracked 
|  73|0x00000000a5f00000, 0x00000000a5f00000, 0x00000000a6000000|  0%| F|  |TAMS 0x00000000a5f00000, 0x00000000a5f00000| Untracked 
|  74|0x00000000a6000000, 0x00000000a6000000, 0x00000000a6100000|  0%| F|  |TAMS 0x00000000a6000000, 0x00000000a6000000| Untracked 
|  75|0x00000000a6100000, 0x00000000a6100000, 0x00000000a6200000|  0%| F|  |TAMS 0x00000000a6100000, 0x00000000a6100000| Untracked 
|  76|0x00000000a6200000, 0x00000000a6200000, 0x00000000a6300000|  0%| F|  |TAMS 0x00000000a6200000, 0x00000000a6200000| Untracked 
|  77|0x00000000a6300000, 0x00000000a6300000, 0x00000000a6400000|  0%| F|  |TAMS 0x00000000a6300000, 0x00000000a6300000| Untracked 
|  78|0x00000000a6400000, 0x00000000a6400000, 0x00000000a6500000|  0%| F|  |TAMS 0x00000000a6400000, 0x00000000a6400000| Untracked 
|  79|0x00000000a6500000, 0x00000000a6500000, 0x00000000a6600000|  0%| F|  |TAMS 0x00000000a6500000, 0x00000000a6500000| Untracked 
|  80|0x00000000a6600000, 0x00000000a6600000, 0x00000000a6700000|  0%| F|  |TAMS 0x00000000a6600000, 0x00000000a6600000| Untracked 
|  81|0x00000000a6700000, 0x00000000a6700000, 0x00000000a6800000|  0%| F|  |TAMS 0x00000000a6700000, 0x00000000a6700000| Untracked 
|  82|0x00000000a6800000, 0x00000000a6800000, 0x00000000a6900000|  0%| F|  |TAMS 0x00000000a6800000, 0x00000000a6800000| Untracked 
|  83|0x00000000a6900000, 0x00000000a6900000, 0x00000000a6a00000|  0%| F|  |TAMS 0x00000000a6900000, 0x00000000a6900000| Untracked 
|  84|0x00000000a6a00000, 0x00000000a6a00000, 0x00000000a6b00000|  0%| F|  |TAMS 0x00000000a6a00000, 0x00000000a6a00000| Untracked 
|  85|0x00000000a6b00000, 0x00000000a6b00000, 0x00000000a6c00000|  0%| F|  |TAMS 0x00000000a6b00000, 0x00000000a6b00000| Untracked 
|  86|0x00000000a6c00000, 0x00000000a6c00000, 0x00000000a6d00000|  0%| F|  |TAMS 0x00000000a6c00000, 0x00000000a6c00000| Untracked 
|  87|0x00000000a6d00000, 0x00000000a6d00000, 0x00000000a6e00000|  0%| F|  |TAMS 0x00000000a6d00000, 0x00000000a6d00000| Untracked 
|  88|0x00000000a6e00000, 0x00000000a6e00000, 0x00000000a6f00000|  0%| F|  |TAMS 0x00000000a6e00000, 0x00000000a6e00000| Untracked 
|  89|0x00000000a6f00000, 0x00000000a6f00000, 0x00000000a7000000|  0%| F|  |TAMS 0x00000000a6f00000, 0x00000000a6f00000| Untracked 
|  90|0x00000000a7000000, 0x00000000a7000000, 0x00000000a7100000|  0%| F|  |TAMS 0x00000000a7000000, 0x00000000a7000000| Untracked 
|  91|0x00000000a7100000, 0x00000000a7100000, 0x00000000a7200000|  0%| F|  |TAMS 0x00000000a7100000, 0x00000000a7100000| Untracked 
|  92|0x00000000a7200000, 0x00000000a7247078, 0x00000000a7300000| 27%| E|  |TAMS 0x00000000a7200000, 0x00000000a7200000| Complete 
|  93|0x00000000a7300000, 0x00000000a7400000, 0x00000000a7400000|100%| E|CS|TAMS 0x00000000a7300000, 0x00000000a7300000| Complete 
|  94|0x00000000a7400000, 0x00000000a7500000, 0x00000000a7500000|100%| E|CS|TAMS 0x00000000a7400000, 0x00000000a7400000| Complete 
|  95|0x00000000a7500000, 0x00000000a7600000, 0x00000000a7600000|100%| E|CS|TAMS 0x00000000a7500000, 0x00000000a7500000| Complete 

Card table byte_map: [0x000001f5674b0000,0x000001f5677b0000] _byte_map_base: 0x000001f566fa5000

Marking Bits (Prev, Next): (CMBitMap*) 0x000001f554d1b770, (CMBitMap*) 0x000001f554d1b7b0
 Prev Bits: [0x000001f567ab0000, 0x000001f569258000)
 Next Bits: [0x000001f569260000, 0x000001f56aa08000)

Polling page: 0x000001f552ae0000

Metaspace:

Usage:
  Non-class:      7.05 MB used.
      Class:    698.94 KB used.
       Both:      7.74 MB used.

Virtual space:
  Non-class space:       64.00 MB reserved,       7.06 MB ( 11%) committed,  1 nodes.
      Class space:        1.00 GB reserved,     768.00 KB ( <1%) committed,  1 nodes.
             Both:        1.06 GB reserved,       7.81 MB ( <1%) committed. 

Chunk freelists:
   Non-Class:  8.44 MB
       Class:  15.22 MB
        Both:  23.66 MB

MaxMetaspaceSize: unlimited
CompressedClassSpaceSize: 1.00 GB
Initial GC threshold: 21.00 MB
Current GC threshold: 21.00 MB
CDS: off
MetaspaceReclaimPolicy: balanced
 - commit_granule_bytes: 65536.
 - commit_granule_words: 8192.
 - virtual_space_node_default_size: 8388608.
 - enlarge_chunks_in_place: 1.
 - new_chunks_are_fully_committed: 0.
 - uncommit_free_chunks: 1.
 - use_allocation_guard: 0.
 - handle_deallocations: 1.


Internal statistics:

num_allocs_failed_limit: 0.
num_arena_births: 10.
num_arena_deaths: 0.
num_vsnodes_births: 2.
num_vsnodes_deaths: 0.
num_space_committed: 125.
num_space_uncommitted: 0.
num_chunks_returned_to_freelist: 0.
num_chunks_taken_from_freelist: 41.
num_chunk_merges: 0.
num_chunk_splits: 18.
num_chunks_enlarged: 14.
num_inconsistent_stats: 0.

CodeHeap 'non-profiled nmethods': size=120000Kb used=63Kb max_used=63Kb free=119937Kb
 bounds [0x000001f55fc80000, 0x000001f55fef0000, 0x000001f5671b0000]
CodeHeap 'profiled nmethods': size=120000Kb used=353Kb max_used=353Kb free=119646Kb
 bounds [0x000001f5581b0000, 0x000001f558420000, 0x000001f55f6e0000]
CodeHeap 'non-nmethods': size=5760Kb used=1122Kb max_used=1127Kb free=4637Kb
 bounds [0x000001f55f6e0000, 0x000001f55f950000, 0x000001f55fc80000]
 total_blobs=676 nmethods=270 adapters=319
 compilation: enabled
              stopped_count=0, restarted_count=0
 full_count=0

Compilation events (20 events):
Event: 0.464 Thread 0x000001f56d17e4a0 nmethod 242 0x000001f5581fd710 code [0x000001f5581fd8a0, 0x000001f5581fda58]
Event: 0.464 Thread 0x000001f56d17e4a0  243       3       java.util.zip.ZipUtils::CENCOM (9 bytes)
Event: 0.464 Thread 0x000001f56d17e4a0 nmethod 243 0x000001f5581fdb90 code [0x000001f5581fdd20, 0x000001f5581fded8]
Event: 0.464 Thread 0x000001f56d17e4a0  244   !   3       java.util.zip.ZipFile$Source::checkAndAddEntry (262 bytes)
Event: 0.466 Thread 0x000001f56d17e4a0 nmethod 244 0x000001f5581fe010 code [0x000001f5581fe3c0, 0x000001f5581ffa48]
Event: 0.466 Thread 0x000001f56d17e4a0  245       3       java.util.zip.ZipUtils::CENSIG (8 bytes)
Event: 0.466 Thread 0x000001f56d17e4a0 nmethod 245 0x000001f558200710 code [0x000001f5582008c0, 0x000001f558200b98]
Event: 0.466 Thread 0x000001f56d17e4a0  248       1       java.net.URL::getProtocol (5 bytes)
Event: 0.466 Thread 0x000001f56d17e4a0 nmethod 248 0x000001f55fc8e410 code [0x000001f55fc8e5a0, 0x000001f55fc8e678]
Event: 0.466 Thread 0x000001f56d17e4a0  246       3       java.util.zip.ZipFile$Source::isMetaName (141 bytes)
Event: 0.467 Thread 0x000001f56d17e4a0 nmethod 246 0x000001f558200d10 code [0x000001f558200ec0, 0x000001f5582013d8]
Event: 0.467 Thread 0x000001f56d17e4a0  249       3       java.lang.String::startsWith (138 bytes)
Event: 0.467 Thread 0x000001f56d17e4a0 nmethod 249 0x000001f558201590 code [0x000001f5582017a0, 0x000001f558202038]
Event: 0.467 Thread 0x000001f56d17e4a0  247       3       java.util.zip.ZipFile$Source::nextEntryPos (22 bytes)
Event: 0.468 Thread 0x000001f56d17e4a0 nmethod 247 0x000001f558202310 code [0x000001f5582024c0, 0x000001f5582027f8]
Event: 0.471 Thread 0x000001f56d17d250  250 %     4       java.util.zip.ZipCoder$UTF8ZipCoder::checkedHash @ 14 (91 bytes)
Event: 0.472 Thread 0x000001f56d17e4a0  251       3       java.lang.StringLatin1::toLowerCase (186 bytes)
Event: 0.474 Thread 0x000001f56d17e4a0 nmethod 251 0x000001f558202990 code [0x000001f558202c00, 0x000001f558203738]
Event: 0.474 Thread 0x000001f56d17e4a0  252       3       java.lang.Character::toLowerCase (9 bytes)
Event: 0.474 Thread 0x000001f56d17e4a0 nmethod 252 0x000001f558203b10 code [0x000001f558203cc0, 0x000001f558203eb8]

GC Heap History (0 events):
No events

Dll operation events (2 events):
Event: 0.011 Loaded shared library C:\Program Files\Android\Android Studio\jbr\bin\java.dll
Event: 0.249 Loaded shared library C:\Program Files\Android\Android Studio\jbr\bin\verify.dll

Deoptimization events (0 events):
No events

Classes unloaded (0 events):
No events

Classes redefined (0 events):
No events

Internal exceptions (0 events):
No events

VM Operations (2 events):
Event: 0.242 Executing VM operation: HandshakeAllThreads
Event: 0.242 Executing VM operation: HandshakeAllThreads done

Events (20 events):
Event: 0.468 loading class java/io/FilePermission$1
Event: 0.468 loading class jdk/internal/access/JavaIOFilePermissionAccess
Event: 0.468 loading class jdk/internal/access/JavaIOFilePermissionAccess done
Event: 0.468 loading class java/io/FilePermission$1 done
Event: 0.468 loading class sun/security/util/FilePermCompat
Event: 0.468 loading class sun/security/util/FilePermCompat done
Event: 0.468 loading class sun/security/util/SecurityProperties
Event: 0.468 loading class sun/security/util/SecurityProperties done
Event: 0.468 loading class java/io/FilePermissionCollection
Event: 0.468 loading class java/io/FilePermissionCollection done
Event: 0.468 loading class java/util/Vector
Event: 0.469 loading class java/util/Vector done
Event: 0.469 loading class java/io/FilePermissionCollection$1
Event: 0.469 loading class java/io/FilePermissionCollection$1 done
Event: 0.469 loading class jdk/internal/reflect/NativeMethodAccessorImpl
Event: 0.469 loading class jdk/internal/reflect/NativeMethodAccessorImpl done
Event: 0.469 loading class jdk/internal/reflect/DelegatingMethodAccessorImpl
Event: 0.469 loading class jdk/internal/reflect/DelegatingMethodAccessorImpl done
Event: 0.470 loading class sun/security/util/ManifestEntryVerifier
Event: 0.470 loading class sun/security/util/ManifestEntryVerifier done


Dynamic libraries:
0x00007ff70a280000 - 0x00007ff70a28a000 	C:\Program Files\Android\Android Studio\jbr\bin\java.exe
0x00007ffe35fb0000 - 0x00007ffe361a8000 	C:\Windows\SYSTEM32\ntdll.dll
0x00007ffe347a0000 - 0x00007ffe34861000 	C:\Windows\System32\KERNEL32.DLL
0x00007ffe33960000 - 0x00007ffe33c5d000 	C:\Windows\System32\KERNELBASE.dll
0x00007ffe33830000 - 0x00007ffe33930000 	C:\Windows\System32\ucrtbase.dll
0x00007ffe2a3d0000 - 0x00007ffe2a3e7000 	C:\Program Files\Android\Android Studio\jbr\bin\jli.dll
0x00007ffe2a3b0000 - 0x00007ffe2a3cb000 	C:\Program Files\Android\Android Studio\jbr\bin\VCRUNTIME140.dll
0x00007ffe34e30000 - 0x00007ffe34fcd000 	C:\Windows\System32\USER32.dll
0x00007ffe33930000 - 0x00007ffe33952000 	C:\Windows\System32\win32u.dll
0x00007ffe1c770000 - 0x00007ffe1ca0a000 	C:\Windows\WinSxS\amd64_microsoft.windows.common-controls_6595b64144ccf1df_6.0.19041.4355_none_60b8b9eb71f62e16\COMCTL32.dll
0x00007ffe35d00000 - 0x00007ffe35d2b000 	C:\Windows\System32\GDI32.dll
0x00007ffe35260000 - 0x00007ffe352fe000 	C:\Windows\System32\msvcrt.dll
0x00007ffe33710000 - 0x00007ffe33827000 	C:\Windows\System32\gdi32full.dll
0x00007ffe33ef0000 - 0x00007ffe33f8d000 	C:\Windows\System32\msvcp_win.dll
0x00007ffe350a0000 - 0x00007ffe350cf000 	C:\Windows\System32\IMM32.DLL
0x00007ffe2c870000 - 0x00007ffe2c87c000 	C:\Program Files\Android\Android Studio\jbr\bin\vcruntime140_1.dll
0x00007ffe198a0000 - 0x00007ffe1992d000 	C:\Program Files\Android\Android Studio\jbr\bin\msvcp140.dll
0x00007ffdef6c0000 - 0x00007ffdf0343000 	C:\Program Files\Android\Android Studio\jbr\bin\server\jvm.dll
0x00007ffe35300000 - 0x00007ffe353b0000 	C:\Windows\System32\ADVAPI32.dll
0x00007ffe34700000 - 0x00007ffe347a0000 	C:\Windows\System32\sechost.dll
0x00007ffe353b0000 - 0x00007ffe354d3000 	C:\Windows\System32\RPCRT4.dll
0x00007ffe33ec0000 - 0x00007ffe33ee7000 	C:\Windows\System32\bcrypt.dll
0x00007ffe334b0000 - 0x00007ffe334fb000 	C:\Windows\SYSTEM32\POWRPROF.dll
0x00007ffe2fc50000 - 0x00007ffe2fc59000 	C:\Windows\SYSTEM32\WSOCK32.dll
0x00007ffe35f00000 - 0x00007ffe35f6b000 	C:\Windows\System32\WS2_32.dll
0x00007ffe24a20000 - 0x00007ffe24a47000 	C:\Windows\SYSTEM32\WINMM.dll
0x00007ffe245f0000 - 0x00007ffe245fa000 	C:\Windows\SYSTEM32\VERSION.dll
0x00007ffe33490000 - 0x00007ffe334a2000 	C:\Windows\SYSTEM32\UMPDC.dll
0x00007ffe314e0000 - 0x00007ffe314f2000 	C:\Windows\SYSTEM32\kernel.appcore.dll
0x00007ffe2a130000 - 0x00007ffe2a13a000 	C:\Program Files\Android\Android Studio\jbr\bin\jimage.dll
0x00007ffe18570000 - 0x00007ffe18754000 	C:\Windows\SYSTEM32\DBGHELP.DLL
0x00007ffe19ad0000 - 0x00007ffe19b04000 	C:\Windows\SYSTEM32\dbgcore.DLL
0x00007ffe33c60000 - 0x00007ffe33ce2000 	C:\Windows\System32\bcryptPrimitives.dll
0x00007ffe1cca0000 - 0x00007ffe1ccc5000 	C:\Program Files\Android\Android Studio\jbr\bin\java.dll
0x00007ffe1cea0000 - 0x00007ffe1ceb8000 	C:\Program Files\Android\Android Studio\jbr\bin\zip.dll
0x00007ffe35590000 - 0x00007ffe35cff000 	C:\Windows\System32\SHELL32.dll
0x00007ffe316e0000 - 0x00007ffe31e7f000 	C:\Windows\SYSTEM32\windows.storage.dll
0x00007ffe34ad0000 - 0x00007ffe34e23000 	C:\Windows\System32\combase.dll
0x00007ffe32fb0000 - 0x00007ffe32fde000 	C:\Windows\SYSTEM32\Wldp.dll
0x00007ffe34460000 - 0x00007ffe3452d000 	C:\Windows\System32\OLEAUT32.dll
0x00007ffe351b0000 - 0x00007ffe3525d000 	C:\Windows\System32\SHCORE.dll
0x00007ffe35030000 - 0x00007ffe35085000 	C:\Windows\System32\shlwapi.dll
0x00007ffe33590000 - 0x00007ffe335b4000 	C:\Windows\SYSTEM32\profapi.dll
0x00007ffe1c620000 - 0x00007ffe1c639000 	C:\Program Files\Android\Android Studio\jbr\bin\net.dll
0x00007ffe2b9b0000 - 0x00007ffe2babd000 	C:\Windows\SYSTEM32\WINHTTP.dll
0x00007ffe32d10000 - 0x00007ffe32d7a000 	C:\Windows\system32\mswsock.dll
0x00007ffe1c3e0000 - 0x00007ffe1c3f6000 	C:\Program Files\Android\Android Studio\jbr\bin\nio.dll
0x00007ffe2a050000 - 0x00007ffe2a060000 	C:\Program Files\Android\Android Studio\jbr\bin\verify.dll

dbghelp: loaded successfully - version: 4.0.5 - missing functions: none
symbol engine: initialized successfully - sym options: 0x614 - pdb path: .;C:\Program Files\Android\Android Studio\jbr\bin;C:\Windows\SYSTEM32;C:\Windows\WinSxS\amd64_microsoft.windows.common-controls_6595b64144ccf1df_6.0.19041.4355_none_60b8b9eb71f62e16;C:\Program Files\Android\Android Studio\jbr\bin\server

VM Arguments:
jvm_args: -Dorg.gradle.appname=gradlew 
java_command: org.gradle.wrapper.GradleWrapperMain -q -Ptarget-platform=android-arm,android-arm64,android-x64 -Ptarget=lib\main.dart -Pbase-application-name=android.app.Application -Pdart-obfuscation=false -Ptrack-widget-creation=true -Ptree-shake-icons=true -Psplit-per-abi=true assembleRelease
java_class_path (initial): D:\flutterApps\training\UIS_Personal-main\android\\gradle\wrapper\gradle-wrapper.jar
Launcher Type: SUN_STANDARD

[Global flags]
     intx CICompilerCount                          = 3                                         {product} {ergonomic}
     uint ConcGCThreads                            = 1                                         {product} {ergonomic}
     uint G1ConcRefinementThreads                  = 4                                         {product} {ergonomic}
   size_t G1HeapRegionSize                         = 1048576                                   {product} {ergonomic}
    uintx GCDrainStackTargetSize                   = 64                                        {product} {ergonomic}
   size_t InitialHeapSize                          = 100663296                                 {product} {ergonomic}
   size_t MarkStackSize                            = 4194304                                   {product} {ergonomic}
   size_t MaxHeapSize                              = 1587544064                                {product} {ergonomic}
   size_t MaxNewSize                               = 952107008                                 {product} {ergonomic}
   size_t MinHeapDeltaBytes                        = 1048576                                   {product} {ergonomic}
   size_t MinHeapSize                              = 8388608                                   {product} {ergonomic}
    uintx NonNMethodCodeHeapSize                   = 5832780                                {pd product} {ergonomic}
    uintx NonProfiledCodeHeapSize                  = 122912730                              {pd product} {ergonomic}
    uintx ProfiledCodeHeapSize                     = 122912730                              {pd product} {ergonomic}
    uintx ReservedCodeCacheSize                    = 251658240                              {pd product} {ergonomic}
     bool SegmentedCodeCache                       = true                                      {product} {ergonomic}
   size_t SoftMaxHeapSize                          = 1587544064                             {manageable} {ergonomic}
     bool UseCompressedClassPointers               = true                           {product lp64_product} {ergonomic}
     bool UseCompressedOops                        = true                           {product lp64_product} {ergonomic}
     bool UseG1GC                                  = true                                      {product} {ergonomic}
     bool UseLargePagesIndividualAllocation        = false                                  {pd product} {ergonomic}

Logging:
Log output configuration:
 #0: stdout all=warning uptime,level,tags
 #1: stderr all=off uptime,level,tags

Environment Variables:
JAVA_HOME=C:\Program Files\Android\Android Studio\jbr
CLASSPATH=D:\flutterApps\training\UIS_Personal-main\android\\gradle\wrapper\gradle-wrapper.jar
PATH=C:\Program Files\Android\Android Studio\jbr\bin;C:\src\flutter\bin\;C:\Program Files\Common Files\Oracle\Java\javapath;C:\Windows\system32;C:\Windows;C:\Windows\System32\Wbem;C:\Windows\System32\WindowsPowerShell\v1.0\;C:\Windows\System32\OpenSSH\;C:\Program Files\Git\cmd;C:\Program Files\nodejs\;C:\Users\maged\AppData\Local\Microsoft\WindowsApps;C:\src\flutter\bin;C:\src\flutter\bin;C:\Users\maged\AppData\Local\GitHubDesktop\bin;C:\Users\maged\AppData\Local\Pub\Cache\bin;C:\Users\maged\AppData\Roaming\npm;C:\Users\maged\AppData\Local\Programs\Microsoft VS Code\bin;C:\src\flutter\bin\mingit\cmd
USERNAME=maged
LANG=en_US.UTF-8
OS=Windows_NT
PROCESSOR_IDENTIFIER=Intel64 Family 6 Model 42 Stepping 7, GenuineIntel
TMP=C:\Users\maged\AppData\Local\Temp
TEMP=C:\Users\maged\AppData\Local\Temp



Periodic native trim disabled

JNI global refs:
JNI global refs: 7, weak refs: 0

JNI global refs memory usage: 843, weak refs: 209

OOME stack traces (most recent first):
Classloader memory used:
